#-----------------------------------------------------------
# Vivado v2023.2 (64-bit)
# SW Build 4029153 on Fri Oct 13 20:13:54 MDT 2023
# IP Build 4028589 on Sat Oct 14 00:45:43 MDT 2023
# SharedData Build 4025554 on Tue Oct 10 17:18:54 MDT 2023
# Start of session at: Fri Jan  9 20:27:05 2026
# Process ID: 164171
# Current directory: /home/brett/Documents/FX_Correlator/pfb/hls_pfb/hls_pfb/hls/.autopilot/db/ip_tmp
# Command line: vivado  -notrace -log vivado.log -mode batch -source run_vivado_gen_ip.tcl
# Log file: /home/brett/Documents/FX_Correlator/pfb/hls_pfb/hls_pfb/hls/.autopilot/db/ip_tmp/vivado.log
# Journal file: /home/brett/Documents/FX_Correlator/pfb/hls_pfb/hls_pfb/hls/.autopilot/db/ip_tmp/vivado.jou
# Running On: brett-System-Product-Name, OS: Linux, CPU Frequency: 5212.337 MHz, CPU Physical cores: 16, Host memory: 64928 MB
#-----------------------------------------------------------
source run_vivado_gen_ip.tcl -notrace
INFO: [IP_Flow 19-234] Refreshing IP repositories
INFO: [IP_Flow 19-1704] No user IP repositories specified
INFO: [IP_Flow 19-2313] Loaded Vivado IP repository '/tools/Xilinx/Vivado/2023.2/data/ip'.
WARNING: [IP_Flow 19-3374] An attempt to modify the value of disabled parameter 'memory_options_hybrid' from 'false' to '0' has been ignored for IP 'pfb_multichannel_fft_syn_config1_6_core_ip'
INFO: [IP_Flow 19-1686] Generating 'Synthesis' target for IP 'pfb_multichannel_fft_syn_config1_6_core_ip'...
INFO: [IP_Flow 19-1686] Generating 'Simulation' target for IP 'pfb_multichannel_fft_syn_config1_6_core_ip'...
WARNING: [IP_Flow 19-3374] An attempt to modify the value of disabled parameter 'memory_options_hybrid' from 'false' to '0' has been ignored for IP 'pfb_multichannel_fft_syn_config1_4_core_ip'
INFO: [IP_Flow 19-1686] Generating 'Synthesis' target for IP 'pfb_multichannel_fft_syn_config1_4_core_ip'...
INFO: [IP_Flow 19-1686] Generating 'Simulation' target for IP 'pfb_multichannel_fft_syn_config1_4_core_ip'...
WARNING: [IP_Flow 19-3374] An attempt to modify the value of disabled parameter 'memory_options_hybrid' from 'false' to '0' has been ignored for IP 'pfb_multichannel_fft_syn_config1_5_core_ip'
INFO: [IP_Flow 19-1686] Generating 'Synthesis' target for IP 'pfb_multichannel_fft_syn_config1_5_core_ip'...
INFO: [IP_Flow 19-1686] Generating 'Simulation' target for IP 'pfb_multichannel_fft_syn_config1_5_core_ip'...
WARNING: [IP_Flow 19-3374] An attempt to modify the value of disabled parameter 'memory_options_hybrid' from 'false' to '0' has been ignored for IP 'pfb_multichannel_fft_syn_config1_s_core_ip'
INFO: [IP_Flow 19-1686] Generating 'Synthesis' target for IP 'pfb_multichannel_fft_syn_config1_s_core_ip'...
INFO: [IP_Flow 19-1686] Generating 'Simulation' target for IP 'pfb_multichannel_fft_syn_config1_s_core_ip'...
INFO: [Common 17-206] Exiting Vivado at Fri Jan  9 20:27:16 2026...
