

================================================================
== Vitis HLS Report for 'compute_pfb'
================================================================
* Date:           Thu Jan  8 20:12:42 2026

* Version:        2023.2 (Build 4023990 on Oct 11 2023)
* Project:        hls_pfb
* Solution:       hls (Vivado IP Flow Target)
* Product family: zynq
* Target device:  xc7z045-ffg900-2


================================================================
== Performance Estimates
================================================================
+ Timing: 
    * Summary: 
    +--------+----------+----------+------------+
    |  Clock |  Target  | Estimated| Uncertainty|
    +--------+----------+----------+------------+
    |ap_clk  |  10.00 ns|  7.300 ns|     2.70 ns|
    +--------+----------+----------+------------+

+ Latency: 
    * Summary: 
    +---------+---------+-----------+-----------+------+------+---------+
    |  Latency (cycles) |   Latency (absolute)  |   Interval  | Pipeline|
    |   min   |   max   |    min    |    max    |  min |  max |   Type  |
    +---------+---------+-----------+-----------+------+------+---------+
    |     1034|     5204|  10.340 us|  52.040 us|  1034|  5204|       no|
    +---------+---------+-----------+-----------+------+------+---------+

    + Detail: 
        * Instance: 
        N/A

        * Loop: 
        N/A

============================================================
+ Verbose Summary: Synthesis Manager
============================================================
InlineROM: 1
ExposeGlobal: 0
============================================================
+ Verbose Summary: CDFG Model
============================================================
IsTopModel: 0
ResetActiveHigh: 1
IsCombinational: 2
IsDatapathOnly: 0
HasWiredReturn: 1
HasMFsm: 0
HasVarLatency: 1
IsPipeline: 0
IsRtlPipelined: 0
IsInstanceOverlapped: 0
IsDontTouch: 0
HasImplIP: 0
IsGatedGlobalClock: 0


============================================================
+ Verbose Summary: Schedule
============================================================
* Number of FSM states : 75
* Pipeline : 0
* Dataflow Pipeline: 0

* FSM state transitions: 
1 --> 2 73 
2 --> 3 
3 --> 4 
4 --> 5 
5 --> 6 
6 --> 7 
7 --> 8 
8 --> 9 
9 --> 10 
10 --> 11 
11 --> 12 
12 --> 13 
13 --> 14 
14 --> 15 
15 --> 16 
16 --> 17 
17 --> 18 
18 --> 19 
19 --> 20 
20 --> 21 
21 --> 22 
22 --> 23 
23 --> 24 
24 --> 25 
25 --> 26 
26 --> 27 
27 --> 28 
28 --> 29 
29 --> 30 
30 --> 31 
31 --> 32 
32 --> 33 
33 --> 34 
34 --> 35 
35 --> 36 
36 --> 37 
37 --> 38 
38 --> 39 
39 --> 40 
40 --> 41 
41 --> 42 
42 --> 43 
43 --> 44 
44 --> 45 
45 --> 46 
46 --> 47 
47 --> 48 
48 --> 49 
49 --> 50 
50 --> 51 
51 --> 52 
52 --> 53 
53 --> 54 
54 --> 55 
55 --> 56 
56 --> 57 
57 --> 58 
58 --> 59 
59 --> 60 
60 --> 61 
61 --> 62 
62 --> 63 
63 --> 64 
64 --> 65 
65 --> 66 
66 --> 67 
67 --> 68 
68 --> 69 
69 --> 70 
70 --> 71 
71 --> 72 
72 --> 73 
73 --> 74 
74 --> 75 
75 --> 

* FSM state operations: 

State 1 <SV = 0> <Delay = 7.30>
ST_1 : Operation 76 [1/1] (0.00ns)   --->   "%specinterface_ln0 = specinterface void @_ssdm_op_SpecInterface, i128 %stream_compute_to_write, void @empty_2, i32 0, i32 0, void @empty_6, i32 0, i32 0, void @empty_6, void @empty_6, void @empty_6, i32 0, i32 0, i32 0, i32 0, void @empty_6, void @empty_6, i32 4294967295, i32 0"   --->   Operation 76 'specinterface' 'specinterface_ln0' <Predicate = true> <Delay = 0.00>
ST_1 : Operation 77 [1/1] (0.00ns)   --->   "%specinterface_ln0 = specinterface void @_ssdm_op_SpecInterface, i128 %stream_read_to_compute, void @empty_2, i32 0, i32 0, void @empty_6, i32 0, i32 0, void @empty_6, void @empty_6, void @empty_6, i32 0, i32 0, i32 0, i32 0, void @empty_6, void @empty_6, i32 4294967295, i32 0"   --->   Operation 77 'specinterface' 'specinterface_ln0' <Predicate = true> <Delay = 0.00>
ST_1 : Operation 78 [1/1] (0.00ns)   --->   "%specinterface_ln0 = specinterface void @_ssdm_op_SpecInterface, i16 %gmem, void @empty, i32 0, i32 0, void @empty_6, i32 64, i32 4096, void @empty_5, void @empty_4, void @empty_6, i32 16, i32 16, i32 16, i32 16, void @empty_6, void @empty_6, i32 4294967295, i32 0"   --->   Operation 78 'specinterface' 'specinterface_ln0' <Predicate = true> <Delay = 0.00>
ST_1 : Operation 79 [1/1] (0.00ns)   --->   "%specinterface_ln31 = specinterface void @_ssdm_op_SpecInterface, i32 0, void @empty_10, i32 0, i32 0, void @empty_6, i32 0, i32 0, void @empty_6, void @empty_6, void @empty_6, i32 0, i32 0, i32 0, i32 0, void @empty_6, void @empty_6, i32 4294967295, i32 0" [/home/brett/Documents/FX_Correlator/pfb/hls_pfb/pfb.cpp:31]   --->   Operation 79 'specinterface' 'specinterface_ln31' <Predicate = true> <Delay = 0.00>
ST_1 : Operation 80 [1/1] (0.00ns)   --->   "%coeff_read = read i64 @_ssdm_op_Read.ap_auto.i64, i64 %coeff" [/home/brett/Documents/FX_Correlator/pfb/hls_pfb/pfb.cpp:31]   --->   Operation 80 'read' 'coeff_read' <Predicate = true> <Delay = 0.00>
ST_1 : Operation 81 [1/1] (0.00ns)   --->   "%specmemcore_ln41 = specmemcore void @_ssdm_op_SpecMemCore, i16 %compute_pfb_stream_stream_ap_fixed_16_1_5_3_0_const_branch_memory_24, i64 666, i64 18, i64 18446744073709551615" [/home/brett/Documents/FX_Correlator/pfb/hls_pfb/pfb.cpp:41]   --->   Operation 81 'specmemcore' 'specmemcore_ln41' <Predicate = true> <Delay = 0.00>
ST_1 : Operation 82 [1/1] (0.00ns)   --->   "%specmemcore_ln41 = specmemcore void @_ssdm_op_SpecMemCore, i16 %compute_pfb_stream_stream_ap_fixed_16_1_5_3_0_const_branch_memory_25, i64 666, i64 18, i64 18446744073709551615" [/home/brett/Documents/FX_Correlator/pfb/hls_pfb/pfb.cpp:41]   --->   Operation 82 'specmemcore' 'specmemcore_ln41' <Predicate = true> <Delay = 0.00>
ST_1 : Operation 83 [1/1] (0.00ns)   --->   "%specmemcore_ln41 = specmemcore void @_ssdm_op_SpecMemCore, i16 %compute_pfb_stream_stream_ap_fixed_16_1_5_3_0_const_branch_memory_26, i64 666, i64 18, i64 18446744073709551615" [/home/brett/Documents/FX_Correlator/pfb/hls_pfb/pfb.cpp:41]   --->   Operation 83 'specmemcore' 'specmemcore_ln41' <Predicate = true> <Delay = 0.00>
ST_1 : Operation 84 [1/1] (0.00ns)   --->   "%specmemcore_ln41 = specmemcore void @_ssdm_op_SpecMemCore, i16 %compute_pfb_stream_stream_ap_fixed_16_1_5_3_0_const_branch_memory_27, i64 666, i64 18, i64 18446744073709551615" [/home/brett/Documents/FX_Correlator/pfb/hls_pfb/pfb.cpp:41]   --->   Operation 84 'specmemcore' 'specmemcore_ln41' <Predicate = true> <Delay = 0.00>
ST_1 : Operation 85 [1/1] (0.00ns)   --->   "%specmemcore_ln41 = specmemcore void @_ssdm_op_SpecMemCore, i16 %compute_pfb_stream_stream_ap_fixed_16_1_5_3_0_const_branch_memory_28, i64 666, i64 18, i64 18446744073709551615" [/home/brett/Documents/FX_Correlator/pfb/hls_pfb/pfb.cpp:41]   --->   Operation 85 'specmemcore' 'specmemcore_ln41' <Predicate = true> <Delay = 0.00>
ST_1 : Operation 86 [1/1] (0.00ns)   --->   "%specmemcore_ln41 = specmemcore void @_ssdm_op_SpecMemCore, i16 %compute_pfb_stream_stream_ap_fixed_16_1_5_3_0_const_branch_memory_29, i64 666, i64 18, i64 18446744073709551615" [/home/brett/Documents/FX_Correlator/pfb/hls_pfb/pfb.cpp:41]   --->   Operation 86 'specmemcore' 'specmemcore_ln41' <Predicate = true> <Delay = 0.00>
ST_1 : Operation 87 [1/1] (0.00ns)   --->   "%specmemcore_ln41 = specmemcore void @_ssdm_op_SpecMemCore, i16 %compute_pfb_stream_stream_ap_fixed_16_1_5_3_0_const_branch_memory, i64 666, i64 18, i64 18446744073709551615" [/home/brett/Documents/FX_Correlator/pfb/hls_pfb/pfb.cpp:41]   --->   Operation 87 'specmemcore' 'specmemcore_ln41' <Predicate = true> <Delay = 0.00>
ST_1 : Operation 88 [1/1] (0.00ns)   --->   "%specmemcore_ln41 = specmemcore void @_ssdm_op_SpecMemCore, i16 %compute_pfb_stream_stream_ap_fixed_16_1_5_3_0_const_branch_memory_1, i64 666, i64 18, i64 18446744073709551615" [/home/brett/Documents/FX_Correlator/pfb/hls_pfb/pfb.cpp:41]   --->   Operation 88 'specmemcore' 'specmemcore_ln41' <Predicate = true> <Delay = 0.00>
ST_1 : Operation 89 [1/1] (0.00ns)   --->   "%specmemcore_ln41 = specmemcore void @_ssdm_op_SpecMemCore, i16 %compute_pfb_stream_stream_ap_fixed_16_1_5_3_0_const_branch_memory_2, i64 666, i64 18, i64 18446744073709551615" [/home/brett/Documents/FX_Correlator/pfb/hls_pfb/pfb.cpp:41]   --->   Operation 89 'specmemcore' 'specmemcore_ln41' <Predicate = true> <Delay = 0.00>
ST_1 : Operation 90 [1/1] (0.00ns)   --->   "%specmemcore_ln41 = specmemcore void @_ssdm_op_SpecMemCore, i16 %compute_pfb_stream_stream_ap_fixed_16_1_5_3_0_const_branch_memory_3, i64 666, i64 18, i64 18446744073709551615" [/home/brett/Documents/FX_Correlator/pfb/hls_pfb/pfb.cpp:41]   --->   Operation 90 'specmemcore' 'specmemcore_ln41' <Predicate = true> <Delay = 0.00>
ST_1 : Operation 91 [1/1] (0.00ns)   --->   "%specmemcore_ln41 = specmemcore void @_ssdm_op_SpecMemCore, i16 %compute_pfb_stream_stream_ap_fixed_16_1_5_3_0_const_branch_memory_4, i64 666, i64 18, i64 18446744073709551615" [/home/brett/Documents/FX_Correlator/pfb/hls_pfb/pfb.cpp:41]   --->   Operation 91 'specmemcore' 'specmemcore_ln41' <Predicate = true> <Delay = 0.00>
ST_1 : Operation 92 [1/1] (0.00ns)   --->   "%specmemcore_ln41 = specmemcore void @_ssdm_op_SpecMemCore, i16 %compute_pfb_stream_stream_ap_fixed_16_1_5_3_0_const_branch_memory_5, i64 666, i64 18, i64 18446744073709551615" [/home/brett/Documents/FX_Correlator/pfb/hls_pfb/pfb.cpp:41]   --->   Operation 92 'specmemcore' 'specmemcore_ln41' <Predicate = true> <Delay = 0.00>
ST_1 : Operation 93 [1/1] (0.00ns)   --->   "%specmemcore_ln41 = specmemcore void @_ssdm_op_SpecMemCore, i16 %compute_pfb_stream_stream_ap_fixed_16_1_5_3_0_const_branch_memory_8, i64 666, i64 18, i64 18446744073709551615" [/home/brett/Documents/FX_Correlator/pfb/hls_pfb/pfb.cpp:41]   --->   Operation 93 'specmemcore' 'specmemcore_ln41' <Predicate = true> <Delay = 0.00>
ST_1 : Operation 94 [1/1] (0.00ns)   --->   "%specmemcore_ln41 = specmemcore void @_ssdm_op_SpecMemCore, i16 %compute_pfb_stream_stream_ap_fixed_16_1_5_3_0_const_branch_memory_19, i64 666, i64 18, i64 18446744073709551615" [/home/brett/Documents/FX_Correlator/pfb/hls_pfb/pfb.cpp:41]   --->   Operation 94 'specmemcore' 'specmemcore_ln41' <Predicate = true> <Delay = 0.00>
ST_1 : Operation 95 [1/1] (0.00ns)   --->   "%specmemcore_ln41 = specmemcore void @_ssdm_op_SpecMemCore, i16 %compute_pfb_stream_stream_ap_fixed_16_1_5_3_0_const_branch_memory_30, i64 666, i64 18, i64 18446744073709551615" [/home/brett/Documents/FX_Correlator/pfb/hls_pfb/pfb.cpp:41]   --->   Operation 95 'specmemcore' 'specmemcore_ln41' <Predicate = true> <Delay = 0.00>
ST_1 : Operation 96 [1/1] (0.00ns)   --->   "%specmemcore_ln41 = specmemcore void @_ssdm_op_SpecMemCore, i16 %compute_pfb_stream_stream_ap_fixed_16_1_5_3_0_const_branch_memory_31, i64 666, i64 18, i64 18446744073709551615" [/home/brett/Documents/FX_Correlator/pfb/hls_pfb/pfb.cpp:41]   --->   Operation 96 'specmemcore' 'specmemcore_ln41' <Predicate = true> <Delay = 0.00>
ST_1 : Operation 97 [1/1] (0.00ns)   --->   "%specmemcore_ln41 = specmemcore void @_ssdm_op_SpecMemCore, i16 %compute_pfb_stream_stream_ap_fixed_16_1_5_3_0_const_branch_memory_6, i64 666, i64 18, i64 18446744073709551615" [/home/brett/Documents/FX_Correlator/pfb/hls_pfb/pfb.cpp:41]   --->   Operation 97 'specmemcore' 'specmemcore_ln41' <Predicate = true> <Delay = 0.00>
ST_1 : Operation 98 [1/1] (0.00ns)   --->   "%specmemcore_ln41 = specmemcore void @_ssdm_op_SpecMemCore, i16 %compute_pfb_stream_stream_ap_fixed_16_1_5_3_0_const_branch_memory_7, i64 666, i64 18, i64 18446744073709551615" [/home/brett/Documents/FX_Correlator/pfb/hls_pfb/pfb.cpp:41]   --->   Operation 98 'specmemcore' 'specmemcore_ln41' <Predicate = true> <Delay = 0.00>
ST_1 : Operation 99 [1/1] (0.00ns)   --->   "%specmemcore_ln41 = specmemcore void @_ssdm_op_SpecMemCore, i16 %compute_pfb_stream_stream_ap_fixed_16_1_5_3_0_const_branch_memory_9, i64 666, i64 18, i64 18446744073709551615" [/home/brett/Documents/FX_Correlator/pfb/hls_pfb/pfb.cpp:41]   --->   Operation 99 'specmemcore' 'specmemcore_ln41' <Predicate = true> <Delay = 0.00>
ST_1 : Operation 100 [1/1] (0.00ns)   --->   "%specmemcore_ln41 = specmemcore void @_ssdm_op_SpecMemCore, i16 %compute_pfb_stream_stream_ap_fixed_16_1_5_3_0_const_branch_memory_10, i64 666, i64 18, i64 18446744073709551615" [/home/brett/Documents/FX_Correlator/pfb/hls_pfb/pfb.cpp:41]   --->   Operation 100 'specmemcore' 'specmemcore_ln41' <Predicate = true> <Delay = 0.00>
ST_1 : Operation 101 [1/1] (0.00ns)   --->   "%specmemcore_ln41 = specmemcore void @_ssdm_op_SpecMemCore, i16 %compute_pfb_stream_stream_ap_fixed_16_1_5_3_0_const_branch_memory_11, i64 666, i64 18, i64 18446744073709551615" [/home/brett/Documents/FX_Correlator/pfb/hls_pfb/pfb.cpp:41]   --->   Operation 101 'specmemcore' 'specmemcore_ln41' <Predicate = true> <Delay = 0.00>
ST_1 : Operation 102 [1/1] (0.00ns)   --->   "%specmemcore_ln41 = specmemcore void @_ssdm_op_SpecMemCore, i16 %compute_pfb_stream_stream_ap_fixed_16_1_5_3_0_const_branch_memory_12, i64 666, i64 18, i64 18446744073709551615" [/home/brett/Documents/FX_Correlator/pfb/hls_pfb/pfb.cpp:41]   --->   Operation 102 'specmemcore' 'specmemcore_ln41' <Predicate = true> <Delay = 0.00>
ST_1 : Operation 103 [1/1] (0.00ns)   --->   "%specmemcore_ln41 = specmemcore void @_ssdm_op_SpecMemCore, i16 %compute_pfb_stream_stream_ap_fixed_16_1_5_3_0_const_branch_memory_13, i64 666, i64 18, i64 18446744073709551615" [/home/brett/Documents/FX_Correlator/pfb/hls_pfb/pfb.cpp:41]   --->   Operation 103 'specmemcore' 'specmemcore_ln41' <Predicate = true> <Delay = 0.00>
ST_1 : Operation 104 [1/1] (0.00ns)   --->   "%specmemcore_ln41 = specmemcore void @_ssdm_op_SpecMemCore, i16 %compute_pfb_stream_stream_ap_fixed_16_1_5_3_0_const_branch_memory_14, i64 666, i64 18, i64 18446744073709551615" [/home/brett/Documents/FX_Correlator/pfb/hls_pfb/pfb.cpp:41]   --->   Operation 104 'specmemcore' 'specmemcore_ln41' <Predicate = true> <Delay = 0.00>
ST_1 : Operation 105 [1/1] (0.00ns)   --->   "%specmemcore_ln41 = specmemcore void @_ssdm_op_SpecMemCore, i16 %compute_pfb_stream_stream_ap_fixed_16_1_5_3_0_const_branch_memory_15, i64 666, i64 18, i64 18446744073709551615" [/home/brett/Documents/FX_Correlator/pfb/hls_pfb/pfb.cpp:41]   --->   Operation 105 'specmemcore' 'specmemcore_ln41' <Predicate = true> <Delay = 0.00>
ST_1 : Operation 106 [1/1] (0.00ns)   --->   "%specmemcore_ln41 = specmemcore void @_ssdm_op_SpecMemCore, i16 %compute_pfb_stream_stream_ap_fixed_16_1_5_3_0_const_branch_memory_16, i64 666, i64 18, i64 18446744073709551615" [/home/brett/Documents/FX_Correlator/pfb/hls_pfb/pfb.cpp:41]   --->   Operation 106 'specmemcore' 'specmemcore_ln41' <Predicate = true> <Delay = 0.00>
ST_1 : Operation 107 [1/1] (0.00ns)   --->   "%specmemcore_ln41 = specmemcore void @_ssdm_op_SpecMemCore, i16 %compute_pfb_stream_stream_ap_fixed_16_1_5_3_0_const_branch_memory_17, i64 666, i64 18, i64 18446744073709551615" [/home/brett/Documents/FX_Correlator/pfb/hls_pfb/pfb.cpp:41]   --->   Operation 107 'specmemcore' 'specmemcore_ln41' <Predicate = true> <Delay = 0.00>
ST_1 : Operation 108 [1/1] (0.00ns)   --->   "%specmemcore_ln41 = specmemcore void @_ssdm_op_SpecMemCore, i16 %compute_pfb_stream_stream_ap_fixed_16_1_5_3_0_const_branch_memory_18, i64 666, i64 18, i64 18446744073709551615" [/home/brett/Documents/FX_Correlator/pfb/hls_pfb/pfb.cpp:41]   --->   Operation 108 'specmemcore' 'specmemcore_ln41' <Predicate = true> <Delay = 0.00>
ST_1 : Operation 109 [1/1] (0.00ns)   --->   "%specmemcore_ln41 = specmemcore void @_ssdm_op_SpecMemCore, i16 %compute_pfb_stream_stream_ap_fixed_16_1_5_3_0_const_branch_memory_20, i64 666, i64 18, i64 18446744073709551615" [/home/brett/Documents/FX_Correlator/pfb/hls_pfb/pfb.cpp:41]   --->   Operation 109 'specmemcore' 'specmemcore_ln41' <Predicate = true> <Delay = 0.00>
ST_1 : Operation 110 [1/1] (0.00ns)   --->   "%specmemcore_ln41 = specmemcore void @_ssdm_op_SpecMemCore, i16 %compute_pfb_stream_stream_ap_fixed_16_1_5_3_0_const_branch_memory_21, i64 666, i64 18, i64 18446744073709551615" [/home/brett/Documents/FX_Correlator/pfb/hls_pfb/pfb.cpp:41]   --->   Operation 110 'specmemcore' 'specmemcore_ln41' <Predicate = true> <Delay = 0.00>
ST_1 : Operation 111 [1/1] (0.00ns)   --->   "%specmemcore_ln41 = specmemcore void @_ssdm_op_SpecMemCore, i16 %compute_pfb_stream_stream_ap_fixed_16_1_5_3_0_const_branch_memory_22, i64 666, i64 18, i64 18446744073709551615" [/home/brett/Documents/FX_Correlator/pfb/hls_pfb/pfb.cpp:41]   --->   Operation 111 'specmemcore' 'specmemcore_ln41' <Predicate = true> <Delay = 0.00>
ST_1 : Operation 112 [1/1] (0.00ns)   --->   "%specmemcore_ln41 = specmemcore void @_ssdm_op_SpecMemCore, i16 %compute_pfb_stream_stream_ap_fixed_16_1_5_3_0_const_branch_memory_23, i64 666, i64 18, i64 18446744073709551615" [/home/brett/Documents/FX_Correlator/pfb/hls_pfb/pfb.cpp:41]   --->   Operation 112 'specmemcore' 'specmemcore_ln41' <Predicate = true> <Delay = 0.00>
ST_1 : Operation 113 [1/1] (0.00ns)   --->   "%coeff_loaded_load = load i1 %coeff_loaded" [/home/brett/Documents/FX_Correlator/pfb/hls_pfb/pfb.cpp:48]   --->   Operation 113 'load' 'coeff_loaded_load' <Predicate = true> <Delay = 0.00>
ST_1 : Operation 114 [1/1] (0.00ns)   --->   "%br_ln48 = br i1 %coeff_loaded_load, void %load_coeffs, void %compute_loop" [/home/brett/Documents/FX_Correlator/pfb/hls_pfb/pfb.cpp:48]   --->   Operation 114 'br' 'br_ln48' <Predicate = true> <Delay = 0.00>
ST_1 : Operation 115 [1/1] (0.00ns)   --->   "%trunc_ln = partselect i63 @_ssdm_op_PartSelect.i63.i64.i32.i32, i64 %coeff_read, i32 1, i32 63" [/home/brett/Documents/FX_Correlator/pfb/hls_pfb/pfb.cpp:49]   --->   Operation 115 'partselect' 'trunc_ln' <Predicate = (!coeff_loaded_load)> <Delay = 0.00>
ST_1 : Operation 116 [1/1] (0.00ns)   --->   "%sext_ln49 = sext i63 %trunc_ln" [/home/brett/Documents/FX_Correlator/pfb/hls_pfb/pfb.cpp:49]   --->   Operation 116 'sext' 'sext_ln49' <Predicate = (!coeff_loaded_load)> <Delay = 0.00>
ST_1 : Operation 117 [1/1] (0.00ns)   --->   "%gmem_addr = getelementptr i16 %gmem, i64 %sext_ln49" [/home/brett/Documents/FX_Correlator/pfb/hls_pfb/pfb.cpp:49]   --->   Operation 117 'getelementptr' 'gmem_addr' <Predicate = (!coeff_loaded_load)> <Delay = 0.00>
ST_1 : Operation 118 [71/71] (7.30ns)   --->   "%empty = readreq i1 @_ssdm_op_ReadReq.m_axi.p1i16, i16 %gmem_addr, i32 4096" [/home/brett/Documents/FX_Correlator/pfb/hls_pfb/pfb.cpp:49]   --->   Operation 118 'readreq' 'empty' <Predicate = (!coeff_loaded_load)> <Delay = 7.30> <CoreInst = "m_axi">   --->   Core 113 'm_axi' <Latency = 0> <II = 1> <Delay = 1.00> <Adapter> <Opcode : 'read' 'write' 'readreq' 'writereq' 'writeresp'>

State 2 <SV = 1> <Delay = 7.30>
ST_2 : Operation 119 [70/71] (7.30ns)   --->   "%empty = readreq i1 @_ssdm_op_ReadReq.m_axi.p1i16, i16 %gmem_addr, i32 4096" [/home/brett/Documents/FX_Correlator/pfb/hls_pfb/pfb.cpp:49]   --->   Operation 119 'readreq' 'empty' <Predicate = true> <Delay = 7.30> <CoreInst = "m_axi">   --->   Core 113 'm_axi' <Latency = 0> <II = 1> <Delay = 1.00> <Adapter> <Opcode : 'read' 'write' 'readreq' 'writereq' 'writeresp'>

State 3 <SV = 2> <Delay = 7.30>
ST_3 : Operation 120 [69/71] (7.30ns)   --->   "%empty = readreq i1 @_ssdm_op_ReadReq.m_axi.p1i16, i16 %gmem_addr, i32 4096" [/home/brett/Documents/FX_Correlator/pfb/hls_pfb/pfb.cpp:49]   --->   Operation 120 'readreq' 'empty' <Predicate = true> <Delay = 7.30> <CoreInst = "m_axi">   --->   Core 113 'm_axi' <Latency = 0> <II = 1> <Delay = 1.00> <Adapter> <Opcode : 'read' 'write' 'readreq' 'writereq' 'writeresp'>

State 4 <SV = 3> <Delay = 7.30>
ST_4 : Operation 121 [68/71] (7.30ns)   --->   "%empty = readreq i1 @_ssdm_op_ReadReq.m_axi.p1i16, i16 %gmem_addr, i32 4096" [/home/brett/Documents/FX_Correlator/pfb/hls_pfb/pfb.cpp:49]   --->   Operation 121 'readreq' 'empty' <Predicate = true> <Delay = 7.30> <CoreInst = "m_axi">   --->   Core 113 'm_axi' <Latency = 0> <II = 1> <Delay = 1.00> <Adapter> <Opcode : 'read' 'write' 'readreq' 'writereq' 'writeresp'>

State 5 <SV = 4> <Delay = 7.30>
ST_5 : Operation 122 [67/71] (7.30ns)   --->   "%empty = readreq i1 @_ssdm_op_ReadReq.m_axi.p1i16, i16 %gmem_addr, i32 4096" [/home/brett/Documents/FX_Correlator/pfb/hls_pfb/pfb.cpp:49]   --->   Operation 122 'readreq' 'empty' <Predicate = true> <Delay = 7.30> <CoreInst = "m_axi">   --->   Core 113 'm_axi' <Latency = 0> <II = 1> <Delay = 1.00> <Adapter> <Opcode : 'read' 'write' 'readreq' 'writereq' 'writeresp'>

State 6 <SV = 5> <Delay = 7.30>
ST_6 : Operation 123 [66/71] (7.30ns)   --->   "%empty = readreq i1 @_ssdm_op_ReadReq.m_axi.p1i16, i16 %gmem_addr, i32 4096" [/home/brett/Documents/FX_Correlator/pfb/hls_pfb/pfb.cpp:49]   --->   Operation 123 'readreq' 'empty' <Predicate = true> <Delay = 7.30> <CoreInst = "m_axi">   --->   Core 113 'm_axi' <Latency = 0> <II = 1> <Delay = 1.00> <Adapter> <Opcode : 'read' 'write' 'readreq' 'writereq' 'writeresp'>

State 7 <SV = 6> <Delay = 7.30>
ST_7 : Operation 124 [65/71] (7.30ns)   --->   "%empty = readreq i1 @_ssdm_op_ReadReq.m_axi.p1i16, i16 %gmem_addr, i32 4096" [/home/brett/Documents/FX_Correlator/pfb/hls_pfb/pfb.cpp:49]   --->   Operation 124 'readreq' 'empty' <Predicate = true> <Delay = 7.30> <CoreInst = "m_axi">   --->   Core 113 'm_axi' <Latency = 0> <II = 1> <Delay = 1.00> <Adapter> <Opcode : 'read' 'write' 'readreq' 'writereq' 'writeresp'>

State 8 <SV = 7> <Delay = 7.30>
ST_8 : Operation 125 [64/71] (7.30ns)   --->   "%empty = readreq i1 @_ssdm_op_ReadReq.m_axi.p1i16, i16 %gmem_addr, i32 4096" [/home/brett/Documents/FX_Correlator/pfb/hls_pfb/pfb.cpp:49]   --->   Operation 125 'readreq' 'empty' <Predicate = true> <Delay = 7.30> <CoreInst = "m_axi">   --->   Core 113 'm_axi' <Latency = 0> <II = 1> <Delay = 1.00> <Adapter> <Opcode : 'read' 'write' 'readreq' 'writereq' 'writeresp'>

State 9 <SV = 8> <Delay = 7.30>
ST_9 : Operation 126 [63/71] (7.30ns)   --->   "%empty = readreq i1 @_ssdm_op_ReadReq.m_axi.p1i16, i16 %gmem_addr, i32 4096" [/home/brett/Documents/FX_Correlator/pfb/hls_pfb/pfb.cpp:49]   --->   Operation 126 'readreq' 'empty' <Predicate = true> <Delay = 7.30> <CoreInst = "m_axi">   --->   Core 113 'm_axi' <Latency = 0> <II = 1> <Delay = 1.00> <Adapter> <Opcode : 'read' 'write' 'readreq' 'writereq' 'writeresp'>

State 10 <SV = 9> <Delay = 7.30>
ST_10 : Operation 127 [62/71] (7.30ns)   --->   "%empty = readreq i1 @_ssdm_op_ReadReq.m_axi.p1i16, i16 %gmem_addr, i32 4096" [/home/brett/Documents/FX_Correlator/pfb/hls_pfb/pfb.cpp:49]   --->   Operation 127 'readreq' 'empty' <Predicate = true> <Delay = 7.30> <CoreInst = "m_axi">   --->   Core 113 'm_axi' <Latency = 0> <II = 1> <Delay = 1.00> <Adapter> <Opcode : 'read' 'write' 'readreq' 'writereq' 'writeresp'>

State 11 <SV = 10> <Delay = 7.30>
ST_11 : Operation 128 [61/71] (7.30ns)   --->   "%empty = readreq i1 @_ssdm_op_ReadReq.m_axi.p1i16, i16 %gmem_addr, i32 4096" [/home/brett/Documents/FX_Correlator/pfb/hls_pfb/pfb.cpp:49]   --->   Operation 128 'readreq' 'empty' <Predicate = true> <Delay = 7.30> <CoreInst = "m_axi">   --->   Core 113 'm_axi' <Latency = 0> <II = 1> <Delay = 1.00> <Adapter> <Opcode : 'read' 'write' 'readreq' 'writereq' 'writeresp'>

State 12 <SV = 11> <Delay = 7.30>
ST_12 : Operation 129 [60/71] (7.30ns)   --->   "%empty = readreq i1 @_ssdm_op_ReadReq.m_axi.p1i16, i16 %gmem_addr, i32 4096" [/home/brett/Documents/FX_Correlator/pfb/hls_pfb/pfb.cpp:49]   --->   Operation 129 'readreq' 'empty' <Predicate = true> <Delay = 7.30> <CoreInst = "m_axi">   --->   Core 113 'm_axi' <Latency = 0> <II = 1> <Delay = 1.00> <Adapter> <Opcode : 'read' 'write' 'readreq' 'writereq' 'writeresp'>

State 13 <SV = 12> <Delay = 7.30>
ST_13 : Operation 130 [59/71] (7.30ns)   --->   "%empty = readreq i1 @_ssdm_op_ReadReq.m_axi.p1i16, i16 %gmem_addr, i32 4096" [/home/brett/Documents/FX_Correlator/pfb/hls_pfb/pfb.cpp:49]   --->   Operation 130 'readreq' 'empty' <Predicate = true> <Delay = 7.30> <CoreInst = "m_axi">   --->   Core 113 'm_axi' <Latency = 0> <II = 1> <Delay = 1.00> <Adapter> <Opcode : 'read' 'write' 'readreq' 'writereq' 'writeresp'>

State 14 <SV = 13> <Delay = 7.30>
ST_14 : Operation 131 [58/71] (7.30ns)   --->   "%empty = readreq i1 @_ssdm_op_ReadReq.m_axi.p1i16, i16 %gmem_addr, i32 4096" [/home/brett/Documents/FX_Correlator/pfb/hls_pfb/pfb.cpp:49]   --->   Operation 131 'readreq' 'empty' <Predicate = true> <Delay = 7.30> <CoreInst = "m_axi">   --->   Core 113 'm_axi' <Latency = 0> <II = 1> <Delay = 1.00> <Adapter> <Opcode : 'read' 'write' 'readreq' 'writereq' 'writeresp'>

State 15 <SV = 14> <Delay = 7.30>
ST_15 : Operation 132 [57/71] (7.30ns)   --->   "%empty = readreq i1 @_ssdm_op_ReadReq.m_axi.p1i16, i16 %gmem_addr, i32 4096" [/home/brett/Documents/FX_Correlator/pfb/hls_pfb/pfb.cpp:49]   --->   Operation 132 'readreq' 'empty' <Predicate = true> <Delay = 7.30> <CoreInst = "m_axi">   --->   Core 113 'm_axi' <Latency = 0> <II = 1> <Delay = 1.00> <Adapter> <Opcode : 'read' 'write' 'readreq' 'writereq' 'writeresp'>

State 16 <SV = 15> <Delay = 7.30>
ST_16 : Operation 133 [56/71] (7.30ns)   --->   "%empty = readreq i1 @_ssdm_op_ReadReq.m_axi.p1i16, i16 %gmem_addr, i32 4096" [/home/brett/Documents/FX_Correlator/pfb/hls_pfb/pfb.cpp:49]   --->   Operation 133 'readreq' 'empty' <Predicate = true> <Delay = 7.30> <CoreInst = "m_axi">   --->   Core 113 'm_axi' <Latency = 0> <II = 1> <Delay = 1.00> <Adapter> <Opcode : 'read' 'write' 'readreq' 'writereq' 'writeresp'>

State 17 <SV = 16> <Delay = 7.30>
ST_17 : Operation 134 [55/71] (7.30ns)   --->   "%empty = readreq i1 @_ssdm_op_ReadReq.m_axi.p1i16, i16 %gmem_addr, i32 4096" [/home/brett/Documents/FX_Correlator/pfb/hls_pfb/pfb.cpp:49]   --->   Operation 134 'readreq' 'empty' <Predicate = true> <Delay = 7.30> <CoreInst = "m_axi">   --->   Core 113 'm_axi' <Latency = 0> <II = 1> <Delay = 1.00> <Adapter> <Opcode : 'read' 'write' 'readreq' 'writereq' 'writeresp'>

State 18 <SV = 17> <Delay = 7.30>
ST_18 : Operation 135 [54/71] (7.30ns)   --->   "%empty = readreq i1 @_ssdm_op_ReadReq.m_axi.p1i16, i16 %gmem_addr, i32 4096" [/home/brett/Documents/FX_Correlator/pfb/hls_pfb/pfb.cpp:49]   --->   Operation 135 'readreq' 'empty' <Predicate = true> <Delay = 7.30> <CoreInst = "m_axi">   --->   Core 113 'm_axi' <Latency = 0> <II = 1> <Delay = 1.00> <Adapter> <Opcode : 'read' 'write' 'readreq' 'writereq' 'writeresp'>

State 19 <SV = 18> <Delay = 7.30>
ST_19 : Operation 136 [53/71] (7.30ns)   --->   "%empty = readreq i1 @_ssdm_op_ReadReq.m_axi.p1i16, i16 %gmem_addr, i32 4096" [/home/brett/Documents/FX_Correlator/pfb/hls_pfb/pfb.cpp:49]   --->   Operation 136 'readreq' 'empty' <Predicate = true> <Delay = 7.30> <CoreInst = "m_axi">   --->   Core 113 'm_axi' <Latency = 0> <II = 1> <Delay = 1.00> <Adapter> <Opcode : 'read' 'write' 'readreq' 'writereq' 'writeresp'>

State 20 <SV = 19> <Delay = 7.30>
ST_20 : Operation 137 [52/71] (7.30ns)   --->   "%empty = readreq i1 @_ssdm_op_ReadReq.m_axi.p1i16, i16 %gmem_addr, i32 4096" [/home/brett/Documents/FX_Correlator/pfb/hls_pfb/pfb.cpp:49]   --->   Operation 137 'readreq' 'empty' <Predicate = true> <Delay = 7.30> <CoreInst = "m_axi">   --->   Core 113 'm_axi' <Latency = 0> <II = 1> <Delay = 1.00> <Adapter> <Opcode : 'read' 'write' 'readreq' 'writereq' 'writeresp'>

State 21 <SV = 20> <Delay = 7.30>
ST_21 : Operation 138 [51/71] (7.30ns)   --->   "%empty = readreq i1 @_ssdm_op_ReadReq.m_axi.p1i16, i16 %gmem_addr, i32 4096" [/home/brett/Documents/FX_Correlator/pfb/hls_pfb/pfb.cpp:49]   --->   Operation 138 'readreq' 'empty' <Predicate = true> <Delay = 7.30> <CoreInst = "m_axi">   --->   Core 113 'm_axi' <Latency = 0> <II = 1> <Delay = 1.00> <Adapter> <Opcode : 'read' 'write' 'readreq' 'writereq' 'writeresp'>

State 22 <SV = 21> <Delay = 7.30>
ST_22 : Operation 139 [50/71] (7.30ns)   --->   "%empty = readreq i1 @_ssdm_op_ReadReq.m_axi.p1i16, i16 %gmem_addr, i32 4096" [/home/brett/Documents/FX_Correlator/pfb/hls_pfb/pfb.cpp:49]   --->   Operation 139 'readreq' 'empty' <Predicate = true> <Delay = 7.30> <CoreInst = "m_axi">   --->   Core 113 'm_axi' <Latency = 0> <II = 1> <Delay = 1.00> <Adapter> <Opcode : 'read' 'write' 'readreq' 'writereq' 'writeresp'>

State 23 <SV = 22> <Delay = 7.30>
ST_23 : Operation 140 [49/71] (7.30ns)   --->   "%empty = readreq i1 @_ssdm_op_ReadReq.m_axi.p1i16, i16 %gmem_addr, i32 4096" [/home/brett/Documents/FX_Correlator/pfb/hls_pfb/pfb.cpp:49]   --->   Operation 140 'readreq' 'empty' <Predicate = true> <Delay = 7.30> <CoreInst = "m_axi">   --->   Core 113 'm_axi' <Latency = 0> <II = 1> <Delay = 1.00> <Adapter> <Opcode : 'read' 'write' 'readreq' 'writereq' 'writeresp'>

State 24 <SV = 23> <Delay = 7.30>
ST_24 : Operation 141 [48/71] (7.30ns)   --->   "%empty = readreq i1 @_ssdm_op_ReadReq.m_axi.p1i16, i16 %gmem_addr, i32 4096" [/home/brett/Documents/FX_Correlator/pfb/hls_pfb/pfb.cpp:49]   --->   Operation 141 'readreq' 'empty' <Predicate = true> <Delay = 7.30> <CoreInst = "m_axi">   --->   Core 113 'm_axi' <Latency = 0> <II = 1> <Delay = 1.00> <Adapter> <Opcode : 'read' 'write' 'readreq' 'writereq' 'writeresp'>

State 25 <SV = 24> <Delay = 7.30>
ST_25 : Operation 142 [47/71] (7.30ns)   --->   "%empty = readreq i1 @_ssdm_op_ReadReq.m_axi.p1i16, i16 %gmem_addr, i32 4096" [/home/brett/Documents/FX_Correlator/pfb/hls_pfb/pfb.cpp:49]   --->   Operation 142 'readreq' 'empty' <Predicate = true> <Delay = 7.30> <CoreInst = "m_axi">   --->   Core 113 'm_axi' <Latency = 0> <II = 1> <Delay = 1.00> <Adapter> <Opcode : 'read' 'write' 'readreq' 'writereq' 'writeresp'>

State 26 <SV = 25> <Delay = 7.30>
ST_26 : Operation 143 [46/71] (7.30ns)   --->   "%empty = readreq i1 @_ssdm_op_ReadReq.m_axi.p1i16, i16 %gmem_addr, i32 4096" [/home/brett/Documents/FX_Correlator/pfb/hls_pfb/pfb.cpp:49]   --->   Operation 143 'readreq' 'empty' <Predicate = true> <Delay = 7.30> <CoreInst = "m_axi">   --->   Core 113 'm_axi' <Latency = 0> <II = 1> <Delay = 1.00> <Adapter> <Opcode : 'read' 'write' 'readreq' 'writereq' 'writeresp'>

State 27 <SV = 26> <Delay = 7.30>
ST_27 : Operation 144 [45/71] (7.30ns)   --->   "%empty = readreq i1 @_ssdm_op_ReadReq.m_axi.p1i16, i16 %gmem_addr, i32 4096" [/home/brett/Documents/FX_Correlator/pfb/hls_pfb/pfb.cpp:49]   --->   Operation 144 'readreq' 'empty' <Predicate = true> <Delay = 7.30> <CoreInst = "m_axi">   --->   Core 113 'm_axi' <Latency = 0> <II = 1> <Delay = 1.00> <Adapter> <Opcode : 'read' 'write' 'readreq' 'writereq' 'writeresp'>

State 28 <SV = 27> <Delay = 7.30>
ST_28 : Operation 145 [44/71] (7.30ns)   --->   "%empty = readreq i1 @_ssdm_op_ReadReq.m_axi.p1i16, i16 %gmem_addr, i32 4096" [/home/brett/Documents/FX_Correlator/pfb/hls_pfb/pfb.cpp:49]   --->   Operation 145 'readreq' 'empty' <Predicate = true> <Delay = 7.30> <CoreInst = "m_axi">   --->   Core 113 'm_axi' <Latency = 0> <II = 1> <Delay = 1.00> <Adapter> <Opcode : 'read' 'write' 'readreq' 'writereq' 'writeresp'>

State 29 <SV = 28> <Delay = 7.30>
ST_29 : Operation 146 [43/71] (7.30ns)   --->   "%empty = readreq i1 @_ssdm_op_ReadReq.m_axi.p1i16, i16 %gmem_addr, i32 4096" [/home/brett/Documents/FX_Correlator/pfb/hls_pfb/pfb.cpp:49]   --->   Operation 146 'readreq' 'empty' <Predicate = true> <Delay = 7.30> <CoreInst = "m_axi">   --->   Core 113 'm_axi' <Latency = 0> <II = 1> <Delay = 1.00> <Adapter> <Opcode : 'read' 'write' 'readreq' 'writereq' 'writeresp'>

State 30 <SV = 29> <Delay = 7.30>
ST_30 : Operation 147 [42/71] (7.30ns)   --->   "%empty = readreq i1 @_ssdm_op_ReadReq.m_axi.p1i16, i16 %gmem_addr, i32 4096" [/home/brett/Documents/FX_Correlator/pfb/hls_pfb/pfb.cpp:49]   --->   Operation 147 'readreq' 'empty' <Predicate = true> <Delay = 7.30> <CoreInst = "m_axi">   --->   Core 113 'm_axi' <Latency = 0> <II = 1> <Delay = 1.00> <Adapter> <Opcode : 'read' 'write' 'readreq' 'writereq' 'writeresp'>

State 31 <SV = 30> <Delay = 7.30>
ST_31 : Operation 148 [41/71] (7.30ns)   --->   "%empty = readreq i1 @_ssdm_op_ReadReq.m_axi.p1i16, i16 %gmem_addr, i32 4096" [/home/brett/Documents/FX_Correlator/pfb/hls_pfb/pfb.cpp:49]   --->   Operation 148 'readreq' 'empty' <Predicate = true> <Delay = 7.30> <CoreInst = "m_axi">   --->   Core 113 'm_axi' <Latency = 0> <II = 1> <Delay = 1.00> <Adapter> <Opcode : 'read' 'write' 'readreq' 'writereq' 'writeresp'>

State 32 <SV = 31> <Delay = 7.30>
ST_32 : Operation 149 [40/71] (7.30ns)   --->   "%empty = readreq i1 @_ssdm_op_ReadReq.m_axi.p1i16, i16 %gmem_addr, i32 4096" [/home/brett/Documents/FX_Correlator/pfb/hls_pfb/pfb.cpp:49]   --->   Operation 149 'readreq' 'empty' <Predicate = true> <Delay = 7.30> <CoreInst = "m_axi">   --->   Core 113 'm_axi' <Latency = 0> <II = 1> <Delay = 1.00> <Adapter> <Opcode : 'read' 'write' 'readreq' 'writereq' 'writeresp'>

State 33 <SV = 32> <Delay = 7.30>
ST_33 : Operation 150 [39/71] (7.30ns)   --->   "%empty = readreq i1 @_ssdm_op_ReadReq.m_axi.p1i16, i16 %gmem_addr, i32 4096" [/home/brett/Documents/FX_Correlator/pfb/hls_pfb/pfb.cpp:49]   --->   Operation 150 'readreq' 'empty' <Predicate = true> <Delay = 7.30> <CoreInst = "m_axi">   --->   Core 113 'm_axi' <Latency = 0> <II = 1> <Delay = 1.00> <Adapter> <Opcode : 'read' 'write' 'readreq' 'writereq' 'writeresp'>

State 34 <SV = 33> <Delay = 7.30>
ST_34 : Operation 151 [38/71] (7.30ns)   --->   "%empty = readreq i1 @_ssdm_op_ReadReq.m_axi.p1i16, i16 %gmem_addr, i32 4096" [/home/brett/Documents/FX_Correlator/pfb/hls_pfb/pfb.cpp:49]   --->   Operation 151 'readreq' 'empty' <Predicate = true> <Delay = 7.30> <CoreInst = "m_axi">   --->   Core 113 'm_axi' <Latency = 0> <II = 1> <Delay = 1.00> <Adapter> <Opcode : 'read' 'write' 'readreq' 'writereq' 'writeresp'>

State 35 <SV = 34> <Delay = 7.30>
ST_35 : Operation 152 [37/71] (7.30ns)   --->   "%empty = readreq i1 @_ssdm_op_ReadReq.m_axi.p1i16, i16 %gmem_addr, i32 4096" [/home/brett/Documents/FX_Correlator/pfb/hls_pfb/pfb.cpp:49]   --->   Operation 152 'readreq' 'empty' <Predicate = true> <Delay = 7.30> <CoreInst = "m_axi">   --->   Core 113 'm_axi' <Latency = 0> <II = 1> <Delay = 1.00> <Adapter> <Opcode : 'read' 'write' 'readreq' 'writereq' 'writeresp'>

State 36 <SV = 35> <Delay = 7.30>
ST_36 : Operation 153 [36/71] (7.30ns)   --->   "%empty = readreq i1 @_ssdm_op_ReadReq.m_axi.p1i16, i16 %gmem_addr, i32 4096" [/home/brett/Documents/FX_Correlator/pfb/hls_pfb/pfb.cpp:49]   --->   Operation 153 'readreq' 'empty' <Predicate = true> <Delay = 7.30> <CoreInst = "m_axi">   --->   Core 113 'm_axi' <Latency = 0> <II = 1> <Delay = 1.00> <Adapter> <Opcode : 'read' 'write' 'readreq' 'writereq' 'writeresp'>

State 37 <SV = 36> <Delay = 7.30>
ST_37 : Operation 154 [35/71] (7.30ns)   --->   "%empty = readreq i1 @_ssdm_op_ReadReq.m_axi.p1i16, i16 %gmem_addr, i32 4096" [/home/brett/Documents/FX_Correlator/pfb/hls_pfb/pfb.cpp:49]   --->   Operation 154 'readreq' 'empty' <Predicate = true> <Delay = 7.30> <CoreInst = "m_axi">   --->   Core 113 'm_axi' <Latency = 0> <II = 1> <Delay = 1.00> <Adapter> <Opcode : 'read' 'write' 'readreq' 'writereq' 'writeresp'>

State 38 <SV = 37> <Delay = 7.30>
ST_38 : Operation 155 [34/71] (7.30ns)   --->   "%empty = readreq i1 @_ssdm_op_ReadReq.m_axi.p1i16, i16 %gmem_addr, i32 4096" [/home/brett/Documents/FX_Correlator/pfb/hls_pfb/pfb.cpp:49]   --->   Operation 155 'readreq' 'empty' <Predicate = true> <Delay = 7.30> <CoreInst = "m_axi">   --->   Core 113 'm_axi' <Latency = 0> <II = 1> <Delay = 1.00> <Adapter> <Opcode : 'read' 'write' 'readreq' 'writereq' 'writeresp'>

State 39 <SV = 38> <Delay = 7.30>
ST_39 : Operation 156 [33/71] (7.30ns)   --->   "%empty = readreq i1 @_ssdm_op_ReadReq.m_axi.p1i16, i16 %gmem_addr, i32 4096" [/home/brett/Documents/FX_Correlator/pfb/hls_pfb/pfb.cpp:49]   --->   Operation 156 'readreq' 'empty' <Predicate = true> <Delay = 7.30> <CoreInst = "m_axi">   --->   Core 113 'm_axi' <Latency = 0> <II = 1> <Delay = 1.00> <Adapter> <Opcode : 'read' 'write' 'readreq' 'writereq' 'writeresp'>

State 40 <SV = 39> <Delay = 7.30>
ST_40 : Operation 157 [32/71] (7.30ns)   --->   "%empty = readreq i1 @_ssdm_op_ReadReq.m_axi.p1i16, i16 %gmem_addr, i32 4096" [/home/brett/Documents/FX_Correlator/pfb/hls_pfb/pfb.cpp:49]   --->   Operation 157 'readreq' 'empty' <Predicate = true> <Delay = 7.30> <CoreInst = "m_axi">   --->   Core 113 'm_axi' <Latency = 0> <II = 1> <Delay = 1.00> <Adapter> <Opcode : 'read' 'write' 'readreq' 'writereq' 'writeresp'>

State 41 <SV = 40> <Delay = 7.30>
ST_41 : Operation 158 [31/71] (7.30ns)   --->   "%empty = readreq i1 @_ssdm_op_ReadReq.m_axi.p1i16, i16 %gmem_addr, i32 4096" [/home/brett/Documents/FX_Correlator/pfb/hls_pfb/pfb.cpp:49]   --->   Operation 158 'readreq' 'empty' <Predicate = true> <Delay = 7.30> <CoreInst = "m_axi">   --->   Core 113 'm_axi' <Latency = 0> <II = 1> <Delay = 1.00> <Adapter> <Opcode : 'read' 'write' 'readreq' 'writereq' 'writeresp'>

State 42 <SV = 41> <Delay = 7.30>
ST_42 : Operation 159 [30/71] (7.30ns)   --->   "%empty = readreq i1 @_ssdm_op_ReadReq.m_axi.p1i16, i16 %gmem_addr, i32 4096" [/home/brett/Documents/FX_Correlator/pfb/hls_pfb/pfb.cpp:49]   --->   Operation 159 'readreq' 'empty' <Predicate = true> <Delay = 7.30> <CoreInst = "m_axi">   --->   Core 113 'm_axi' <Latency = 0> <II = 1> <Delay = 1.00> <Adapter> <Opcode : 'read' 'write' 'readreq' 'writereq' 'writeresp'>

State 43 <SV = 42> <Delay = 7.30>
ST_43 : Operation 160 [29/71] (7.30ns)   --->   "%empty = readreq i1 @_ssdm_op_ReadReq.m_axi.p1i16, i16 %gmem_addr, i32 4096" [/home/brett/Documents/FX_Correlator/pfb/hls_pfb/pfb.cpp:49]   --->   Operation 160 'readreq' 'empty' <Predicate = true> <Delay = 7.30> <CoreInst = "m_axi">   --->   Core 113 'm_axi' <Latency = 0> <II = 1> <Delay = 1.00> <Adapter> <Opcode : 'read' 'write' 'readreq' 'writereq' 'writeresp'>

State 44 <SV = 43> <Delay = 7.30>
ST_44 : Operation 161 [28/71] (7.30ns)   --->   "%empty = readreq i1 @_ssdm_op_ReadReq.m_axi.p1i16, i16 %gmem_addr, i32 4096" [/home/brett/Documents/FX_Correlator/pfb/hls_pfb/pfb.cpp:49]   --->   Operation 161 'readreq' 'empty' <Predicate = true> <Delay = 7.30> <CoreInst = "m_axi">   --->   Core 113 'm_axi' <Latency = 0> <II = 1> <Delay = 1.00> <Adapter> <Opcode : 'read' 'write' 'readreq' 'writereq' 'writeresp'>

State 45 <SV = 44> <Delay = 7.30>
ST_45 : Operation 162 [27/71] (7.30ns)   --->   "%empty = readreq i1 @_ssdm_op_ReadReq.m_axi.p1i16, i16 %gmem_addr, i32 4096" [/home/brett/Documents/FX_Correlator/pfb/hls_pfb/pfb.cpp:49]   --->   Operation 162 'readreq' 'empty' <Predicate = true> <Delay = 7.30> <CoreInst = "m_axi">   --->   Core 113 'm_axi' <Latency = 0> <II = 1> <Delay = 1.00> <Adapter> <Opcode : 'read' 'write' 'readreq' 'writereq' 'writeresp'>

State 46 <SV = 45> <Delay = 7.30>
ST_46 : Operation 163 [26/71] (7.30ns)   --->   "%empty = readreq i1 @_ssdm_op_ReadReq.m_axi.p1i16, i16 %gmem_addr, i32 4096" [/home/brett/Documents/FX_Correlator/pfb/hls_pfb/pfb.cpp:49]   --->   Operation 163 'readreq' 'empty' <Predicate = true> <Delay = 7.30> <CoreInst = "m_axi">   --->   Core 113 'm_axi' <Latency = 0> <II = 1> <Delay = 1.00> <Adapter> <Opcode : 'read' 'write' 'readreq' 'writereq' 'writeresp'>

State 47 <SV = 46> <Delay = 7.30>
ST_47 : Operation 164 [25/71] (7.30ns)   --->   "%empty = readreq i1 @_ssdm_op_ReadReq.m_axi.p1i16, i16 %gmem_addr, i32 4096" [/home/brett/Documents/FX_Correlator/pfb/hls_pfb/pfb.cpp:49]   --->   Operation 164 'readreq' 'empty' <Predicate = true> <Delay = 7.30> <CoreInst = "m_axi">   --->   Core 113 'm_axi' <Latency = 0> <II = 1> <Delay = 1.00> <Adapter> <Opcode : 'read' 'write' 'readreq' 'writereq' 'writeresp'>

State 48 <SV = 47> <Delay = 7.30>
ST_48 : Operation 165 [24/71] (7.30ns)   --->   "%empty = readreq i1 @_ssdm_op_ReadReq.m_axi.p1i16, i16 %gmem_addr, i32 4096" [/home/brett/Documents/FX_Correlator/pfb/hls_pfb/pfb.cpp:49]   --->   Operation 165 'readreq' 'empty' <Predicate = true> <Delay = 7.30> <CoreInst = "m_axi">   --->   Core 113 'm_axi' <Latency = 0> <II = 1> <Delay = 1.00> <Adapter> <Opcode : 'read' 'write' 'readreq' 'writereq' 'writeresp'>

State 49 <SV = 48> <Delay = 7.30>
ST_49 : Operation 166 [23/71] (7.30ns)   --->   "%empty = readreq i1 @_ssdm_op_ReadReq.m_axi.p1i16, i16 %gmem_addr, i32 4096" [/home/brett/Documents/FX_Correlator/pfb/hls_pfb/pfb.cpp:49]   --->   Operation 166 'readreq' 'empty' <Predicate = true> <Delay = 7.30> <CoreInst = "m_axi">   --->   Core 113 'm_axi' <Latency = 0> <II = 1> <Delay = 1.00> <Adapter> <Opcode : 'read' 'write' 'readreq' 'writereq' 'writeresp'>

State 50 <SV = 49> <Delay = 7.30>
ST_50 : Operation 167 [22/71] (7.30ns)   --->   "%empty = readreq i1 @_ssdm_op_ReadReq.m_axi.p1i16, i16 %gmem_addr, i32 4096" [/home/brett/Documents/FX_Correlator/pfb/hls_pfb/pfb.cpp:49]   --->   Operation 167 'readreq' 'empty' <Predicate = true> <Delay = 7.30> <CoreInst = "m_axi">   --->   Core 113 'm_axi' <Latency = 0> <II = 1> <Delay = 1.00> <Adapter> <Opcode : 'read' 'write' 'readreq' 'writereq' 'writeresp'>

State 51 <SV = 50> <Delay = 7.30>
ST_51 : Operation 168 [21/71] (7.30ns)   --->   "%empty = readreq i1 @_ssdm_op_ReadReq.m_axi.p1i16, i16 %gmem_addr, i32 4096" [/home/brett/Documents/FX_Correlator/pfb/hls_pfb/pfb.cpp:49]   --->   Operation 168 'readreq' 'empty' <Predicate = true> <Delay = 7.30> <CoreInst = "m_axi">   --->   Core 113 'm_axi' <Latency = 0> <II = 1> <Delay = 1.00> <Adapter> <Opcode : 'read' 'write' 'readreq' 'writereq' 'writeresp'>

State 52 <SV = 51> <Delay = 7.30>
ST_52 : Operation 169 [20/71] (7.30ns)   --->   "%empty = readreq i1 @_ssdm_op_ReadReq.m_axi.p1i16, i16 %gmem_addr, i32 4096" [/home/brett/Documents/FX_Correlator/pfb/hls_pfb/pfb.cpp:49]   --->   Operation 169 'readreq' 'empty' <Predicate = true> <Delay = 7.30> <CoreInst = "m_axi">   --->   Core 113 'm_axi' <Latency = 0> <II = 1> <Delay = 1.00> <Adapter> <Opcode : 'read' 'write' 'readreq' 'writereq' 'writeresp'>

State 53 <SV = 52> <Delay = 7.30>
ST_53 : Operation 170 [19/71] (7.30ns)   --->   "%empty = readreq i1 @_ssdm_op_ReadReq.m_axi.p1i16, i16 %gmem_addr, i32 4096" [/home/brett/Documents/FX_Correlator/pfb/hls_pfb/pfb.cpp:49]   --->   Operation 170 'readreq' 'empty' <Predicate = true> <Delay = 7.30> <CoreInst = "m_axi">   --->   Core 113 'm_axi' <Latency = 0> <II = 1> <Delay = 1.00> <Adapter> <Opcode : 'read' 'write' 'readreq' 'writereq' 'writeresp'>

State 54 <SV = 53> <Delay = 7.30>
ST_54 : Operation 171 [18/71] (7.30ns)   --->   "%empty = readreq i1 @_ssdm_op_ReadReq.m_axi.p1i16, i16 %gmem_addr, i32 4096" [/home/brett/Documents/FX_Correlator/pfb/hls_pfb/pfb.cpp:49]   --->   Operation 171 'readreq' 'empty' <Predicate = true> <Delay = 7.30> <CoreInst = "m_axi">   --->   Core 113 'm_axi' <Latency = 0> <II = 1> <Delay = 1.00> <Adapter> <Opcode : 'read' 'write' 'readreq' 'writereq' 'writeresp'>

State 55 <SV = 54> <Delay = 7.30>
ST_55 : Operation 172 [17/71] (7.30ns)   --->   "%empty = readreq i1 @_ssdm_op_ReadReq.m_axi.p1i16, i16 %gmem_addr, i32 4096" [/home/brett/Documents/FX_Correlator/pfb/hls_pfb/pfb.cpp:49]   --->   Operation 172 'readreq' 'empty' <Predicate = true> <Delay = 7.30> <CoreInst = "m_axi">   --->   Core 113 'm_axi' <Latency = 0> <II = 1> <Delay = 1.00> <Adapter> <Opcode : 'read' 'write' 'readreq' 'writereq' 'writeresp'>

State 56 <SV = 55> <Delay = 7.30>
ST_56 : Operation 173 [16/71] (7.30ns)   --->   "%empty = readreq i1 @_ssdm_op_ReadReq.m_axi.p1i16, i16 %gmem_addr, i32 4096" [/home/brett/Documents/FX_Correlator/pfb/hls_pfb/pfb.cpp:49]   --->   Operation 173 'readreq' 'empty' <Predicate = true> <Delay = 7.30> <CoreInst = "m_axi">   --->   Core 113 'm_axi' <Latency = 0> <II = 1> <Delay = 1.00> <Adapter> <Opcode : 'read' 'write' 'readreq' 'writereq' 'writeresp'>

State 57 <SV = 56> <Delay = 7.30>
ST_57 : Operation 174 [15/71] (7.30ns)   --->   "%empty = readreq i1 @_ssdm_op_ReadReq.m_axi.p1i16, i16 %gmem_addr, i32 4096" [/home/brett/Documents/FX_Correlator/pfb/hls_pfb/pfb.cpp:49]   --->   Operation 174 'readreq' 'empty' <Predicate = true> <Delay = 7.30> <CoreInst = "m_axi">   --->   Core 113 'm_axi' <Latency = 0> <II = 1> <Delay = 1.00> <Adapter> <Opcode : 'read' 'write' 'readreq' 'writereq' 'writeresp'>

State 58 <SV = 57> <Delay = 7.30>
ST_58 : Operation 175 [14/71] (7.30ns)   --->   "%empty = readreq i1 @_ssdm_op_ReadReq.m_axi.p1i16, i16 %gmem_addr, i32 4096" [/home/brett/Documents/FX_Correlator/pfb/hls_pfb/pfb.cpp:49]   --->   Operation 175 'readreq' 'empty' <Predicate = true> <Delay = 7.30> <CoreInst = "m_axi">   --->   Core 113 'm_axi' <Latency = 0> <II = 1> <Delay = 1.00> <Adapter> <Opcode : 'read' 'write' 'readreq' 'writereq' 'writeresp'>

State 59 <SV = 58> <Delay = 7.30>
ST_59 : Operation 176 [13/71] (7.30ns)   --->   "%empty = readreq i1 @_ssdm_op_ReadReq.m_axi.p1i16, i16 %gmem_addr, i32 4096" [/home/brett/Documents/FX_Correlator/pfb/hls_pfb/pfb.cpp:49]   --->   Operation 176 'readreq' 'empty' <Predicate = true> <Delay = 7.30> <CoreInst = "m_axi">   --->   Core 113 'm_axi' <Latency = 0> <II = 1> <Delay = 1.00> <Adapter> <Opcode : 'read' 'write' 'readreq' 'writereq' 'writeresp'>

State 60 <SV = 59> <Delay = 7.30>
ST_60 : Operation 177 [12/71] (7.30ns)   --->   "%empty = readreq i1 @_ssdm_op_ReadReq.m_axi.p1i16, i16 %gmem_addr, i32 4096" [/home/brett/Documents/FX_Correlator/pfb/hls_pfb/pfb.cpp:49]   --->   Operation 177 'readreq' 'empty' <Predicate = true> <Delay = 7.30> <CoreInst = "m_axi">   --->   Core 113 'm_axi' <Latency = 0> <II = 1> <Delay = 1.00> <Adapter> <Opcode : 'read' 'write' 'readreq' 'writereq' 'writeresp'>

State 61 <SV = 60> <Delay = 7.30>
ST_61 : Operation 178 [11/71] (7.30ns)   --->   "%empty = readreq i1 @_ssdm_op_ReadReq.m_axi.p1i16, i16 %gmem_addr, i32 4096" [/home/brett/Documents/FX_Correlator/pfb/hls_pfb/pfb.cpp:49]   --->   Operation 178 'readreq' 'empty' <Predicate = true> <Delay = 7.30> <CoreInst = "m_axi">   --->   Core 113 'm_axi' <Latency = 0> <II = 1> <Delay = 1.00> <Adapter> <Opcode : 'read' 'write' 'readreq' 'writereq' 'writeresp'>

State 62 <SV = 61> <Delay = 7.30>
ST_62 : Operation 179 [10/71] (7.30ns)   --->   "%empty = readreq i1 @_ssdm_op_ReadReq.m_axi.p1i16, i16 %gmem_addr, i32 4096" [/home/brett/Documents/FX_Correlator/pfb/hls_pfb/pfb.cpp:49]   --->   Operation 179 'readreq' 'empty' <Predicate = true> <Delay = 7.30> <CoreInst = "m_axi">   --->   Core 113 'm_axi' <Latency = 0> <II = 1> <Delay = 1.00> <Adapter> <Opcode : 'read' 'write' 'readreq' 'writereq' 'writeresp'>

State 63 <SV = 62> <Delay = 7.30>
ST_63 : Operation 180 [9/71] (7.30ns)   --->   "%empty = readreq i1 @_ssdm_op_ReadReq.m_axi.p1i16, i16 %gmem_addr, i32 4096" [/home/brett/Documents/FX_Correlator/pfb/hls_pfb/pfb.cpp:49]   --->   Operation 180 'readreq' 'empty' <Predicate = true> <Delay = 7.30> <CoreInst = "m_axi">   --->   Core 113 'm_axi' <Latency = 0> <II = 1> <Delay = 1.00> <Adapter> <Opcode : 'read' 'write' 'readreq' 'writereq' 'writeresp'>

State 64 <SV = 63> <Delay = 7.30>
ST_64 : Operation 181 [8/71] (7.30ns)   --->   "%empty = readreq i1 @_ssdm_op_ReadReq.m_axi.p1i16, i16 %gmem_addr, i32 4096" [/home/brett/Documents/FX_Correlator/pfb/hls_pfb/pfb.cpp:49]   --->   Operation 181 'readreq' 'empty' <Predicate = true> <Delay = 7.30> <CoreInst = "m_axi">   --->   Core 113 'm_axi' <Latency = 0> <II = 1> <Delay = 1.00> <Adapter> <Opcode : 'read' 'write' 'readreq' 'writereq' 'writeresp'>

State 65 <SV = 64> <Delay = 7.30>
ST_65 : Operation 182 [7/71] (7.30ns)   --->   "%empty = readreq i1 @_ssdm_op_ReadReq.m_axi.p1i16, i16 %gmem_addr, i32 4096" [/home/brett/Documents/FX_Correlator/pfb/hls_pfb/pfb.cpp:49]   --->   Operation 182 'readreq' 'empty' <Predicate = true> <Delay = 7.30> <CoreInst = "m_axi">   --->   Core 113 'm_axi' <Latency = 0> <II = 1> <Delay = 1.00> <Adapter> <Opcode : 'read' 'write' 'readreq' 'writereq' 'writeresp'>

State 66 <SV = 65> <Delay = 7.30>
ST_66 : Operation 183 [6/71] (7.30ns)   --->   "%empty = readreq i1 @_ssdm_op_ReadReq.m_axi.p1i16, i16 %gmem_addr, i32 4096" [/home/brett/Documents/FX_Correlator/pfb/hls_pfb/pfb.cpp:49]   --->   Operation 183 'readreq' 'empty' <Predicate = true> <Delay = 7.30> <CoreInst = "m_axi">   --->   Core 113 'm_axi' <Latency = 0> <II = 1> <Delay = 1.00> <Adapter> <Opcode : 'read' 'write' 'readreq' 'writereq' 'writeresp'>

State 67 <SV = 66> <Delay = 7.30>
ST_67 : Operation 184 [5/71] (7.30ns)   --->   "%empty = readreq i1 @_ssdm_op_ReadReq.m_axi.p1i16, i16 %gmem_addr, i32 4096" [/home/brett/Documents/FX_Correlator/pfb/hls_pfb/pfb.cpp:49]   --->   Operation 184 'readreq' 'empty' <Predicate = true> <Delay = 7.30> <CoreInst = "m_axi">   --->   Core 113 'm_axi' <Latency = 0> <II = 1> <Delay = 1.00> <Adapter> <Opcode : 'read' 'write' 'readreq' 'writereq' 'writeresp'>

State 68 <SV = 67> <Delay = 7.30>
ST_68 : Operation 185 [4/71] (7.30ns)   --->   "%empty = readreq i1 @_ssdm_op_ReadReq.m_axi.p1i16, i16 %gmem_addr, i32 4096" [/home/brett/Documents/FX_Correlator/pfb/hls_pfb/pfb.cpp:49]   --->   Operation 185 'readreq' 'empty' <Predicate = true> <Delay = 7.30> <CoreInst = "m_axi">   --->   Core 113 'm_axi' <Latency = 0> <II = 1> <Delay = 1.00> <Adapter> <Opcode : 'read' 'write' 'readreq' 'writereq' 'writeresp'>

State 69 <SV = 68> <Delay = 7.30>
ST_69 : Operation 186 [3/71] (7.30ns)   --->   "%empty = readreq i1 @_ssdm_op_ReadReq.m_axi.p1i16, i16 %gmem_addr, i32 4096" [/home/brett/Documents/FX_Correlator/pfb/hls_pfb/pfb.cpp:49]   --->   Operation 186 'readreq' 'empty' <Predicate = true> <Delay = 7.30> <CoreInst = "m_axi">   --->   Core 113 'm_axi' <Latency = 0> <II = 1> <Delay = 1.00> <Adapter> <Opcode : 'read' 'write' 'readreq' 'writereq' 'writeresp'>

State 70 <SV = 69> <Delay = 7.30>
ST_70 : Operation 187 [2/71] (7.30ns)   --->   "%empty = readreq i1 @_ssdm_op_ReadReq.m_axi.p1i16, i16 %gmem_addr, i32 4096" [/home/brett/Documents/FX_Correlator/pfb/hls_pfb/pfb.cpp:49]   --->   Operation 187 'readreq' 'empty' <Predicate = true> <Delay = 7.30> <CoreInst = "m_axi">   --->   Core 113 'm_axi' <Latency = 0> <II = 1> <Delay = 1.00> <Adapter> <Opcode : 'read' 'write' 'readreq' 'writereq' 'writeresp'>

State 71 <SV = 70> <Delay = 7.30>
ST_71 : Operation 188 [1/71] (7.30ns)   --->   "%empty = readreq i1 @_ssdm_op_ReadReq.m_axi.p1i16, i16 %gmem_addr, i32 4096" [/home/brett/Documents/FX_Correlator/pfb/hls_pfb/pfb.cpp:49]   --->   Operation 188 'readreq' 'empty' <Predicate = true> <Delay = 7.30> <CoreInst = "m_axi">   --->   Core 113 'm_axi' <Latency = 0> <II = 1> <Delay = 1.00> <Adapter> <Opcode : 'read' 'write' 'readreq' 'writereq' 'writeresp'>

State 72 <SV = 71> <Delay = 0.00>
ST_72 : Operation 189 [2/2] (0.00ns)   --->   "%call_ln49 = call void @compute_pfb_Pipeline_load_coeffs, i16 %gmem, i63 %trunc_ln, i16 %compute_pfb_stream_stream_ap_fixed_16_1_5_3_0_const_local_coeffs_4, i16 %compute_pfb_stream_stream_ap_fixed_16_1_5_3_0_const_local_coeffs_3, i16 %compute_pfb_stream_stream_ap_fixed_16_1_5_3_0_const_local_coeffs_2, i16 %compute_pfb_stream_stream_ap_fixed_16_1_5_3_0_const_local_coeffs_1, i16 %compute_pfb_stream_stream_ap_fixed_16_1_5_3_0_const_local_coeffs" [/home/brett/Documents/FX_Correlator/pfb/hls_pfb/pfb.cpp:49]   --->   Operation 189 'call' 'call_ln49' <Predicate = true> <Delay = 0.00> <CoreType = "Generic">   --->   Core 0 '' <Latency = 0> <II = 1> <Delay = 1.00> <Generic> <Opcode : >

State 73 <SV = 72> <Delay = 0.00>
ST_73 : Operation 190 [1/2] (0.00ns)   --->   "%call_ln49 = call void @compute_pfb_Pipeline_load_coeffs, i16 %gmem, i63 %trunc_ln, i16 %compute_pfb_stream_stream_ap_fixed_16_1_5_3_0_const_local_coeffs_4, i16 %compute_pfb_stream_stream_ap_fixed_16_1_5_3_0_const_local_coeffs_3, i16 %compute_pfb_stream_stream_ap_fixed_16_1_5_3_0_const_local_coeffs_2, i16 %compute_pfb_stream_stream_ap_fixed_16_1_5_3_0_const_local_coeffs_1, i16 %compute_pfb_stream_stream_ap_fixed_16_1_5_3_0_const_local_coeffs" [/home/brett/Documents/FX_Correlator/pfb/hls_pfb/pfb.cpp:49]   --->   Operation 190 'call' 'call_ln49' <Predicate = (!coeff_loaded_load)> <Delay = 0.00> <CoreType = "Generic">   --->   Core 0 '' <Latency = 0> <II = 1> <Delay = 1.00> <Generic> <Opcode : >
ST_73 : Operation 191 [1/1] (0.00ns)   --->   "%store_ln53 = store i1 1, i1 %coeff_loaded" [/home/brett/Documents/FX_Correlator/pfb/hls_pfb/pfb.cpp:53]   --->   Operation 191 'store' 'store_ln53' <Predicate = (!coeff_loaded_load)> <Delay = 0.00>
ST_73 : Operation 192 [1/1] (0.00ns)   --->   "%br_ln54 = br void %compute_loop" [/home/brett/Documents/FX_Correlator/pfb/hls_pfb/pfb.cpp:54]   --->   Operation 192 'br' 'br_ln54' <Predicate = (!coeff_loaded_load)> <Delay = 0.00>
ST_73 : Operation 193 [1/1] (0.00ns)   --->   "%empty_37 = wait i32 @_ssdm_op_Wait"   --->   Operation 193 'wait' 'empty_37' <Predicate = true> <Delay = 0.00>

State 74 <SV = 73> <Delay = 0.63>
ST_74 : Operation 194 [1/1] (0.00ns)   --->   "%write_bank_idx_load = load i2 %write_bank_idx"   --->   Operation 194 'load' 'write_bank_idx_load' <Predicate = true> <Delay = 0.00>
ST_74 : Operation 195 [2/2] (0.00ns)   --->   "%call_ln0 = call void @compute_pfb_Pipeline_compute_loop, i128 %stream_compute_to_write, i128 %stream_read_to_compute, i2 %write_bank_idx_load, i16 %compute_pfb_stream_stream_ap_fixed_16_1_5_3_0_const_branch_memory_31, i16 %compute_pfb_stream_stream_ap_fixed_16_1_5_3_0_const_branch_memory_5, i16 %compute_pfb_stream_stream_ap_fixed_16_1_5_3_0_const_branch_memory_1, i16 %compute_pfb_stream_stream_ap_fixed_16_1_5_3_0_const_branch_memory_27, i16 %compute_pfb_stream_stream_ap_fixed_16_1_5_3_0_const_branch_memory_23, i16 %compute_pfb_stream_stream_ap_fixed_16_1_5_3_0_const_branch_memory_18, i16 %compute_pfb_stream_stream_ap_fixed_16_1_5_3_0_const_branch_memory_14, i16 %compute_pfb_stream_stream_ap_fixed_16_1_5_3_0_const_branch_memory_10, i16 %compute_pfb_stream_stream_ap_fixed_16_1_5_3_0_const_local_coeffs_4, i16 %compute_pfb_stream_stream_ap_fixed_16_1_5_3_0_const_local_coeffs_3, i16 %compute_pfb_stream_stream_ap_fixed_16_1_5_3_0_const_local_coeffs_2, i16 %compute_pfb_stream_stream_ap_fixed_16_1_5_3_0_const_local_coeffs_1, i16 %compute_pfb_stream_stream_ap_fixed_16_1_5_3_0_const_local_coeffs, i16 %compute_pfb_stream_stream_ap_fixed_16_1_5_3_0_const_branch_memory_30, i16 %compute_pfb_stream_stream_ap_fixed_16_1_5_3_0_const_branch_memory_19, i16 %compute_pfb_stream_stream_ap_fixed_16_1_5_3_0_const_branch_memory_8, i16 %compute_pfb_stream_stream_ap_fixed_16_1_5_3_0_const_branch_memory_4, i16 %compute_pfb_stream_stream_ap_fixed_16_1_5_3_0_const_branch_memory_3, i16 %compute_pfb_stream_stream_ap_fixed_16_1_5_3_0_const_branch_memory_2, i16 %compute_pfb_stream_stream_ap_fixed_16_1_5_3_0_const_branch_memory, i16 %compute_pfb_stream_stream_ap_fixed_16_1_5_3_0_const_branch_memory_29, i16 %compute_pfb_stream_stream_ap_fixed_16_1_5_3_0_const_branch_memory_28, i16 %compute_pfb_stream_stream_ap_fixed_16_1_5_3_0_const_branch_memory_26, i16 %compute_pfb_stream_stream_ap_fixed_16_1_5_3_0_const_branch_memory_25, i16 %compute_pfb_stream_stream_ap_fixed_16_1_5_3_0_const_branch_memory_24, i16 %compute_pfb_stream_stream_ap_fixed_16_1_5_3_0_const_branch_memory_22, i16 %compute_pfb_stream_stream_ap_fixed_16_1_5_3_0_const_branch_memory_21, i16 %compute_pfb_stream_stream_ap_fixed_16_1_5_3_0_const_branch_memory_20, i16 %compute_pfb_stream_stream_ap_fixed_16_1_5_3_0_const_branch_memory_17, i16 %compute_pfb_stream_stream_ap_fixed_16_1_5_3_0_const_branch_memory_16, i16 %compute_pfb_stream_stream_ap_fixed_16_1_5_3_0_const_branch_memory_15, i16 %compute_pfb_stream_stream_ap_fixed_16_1_5_3_0_const_branch_memory_13, i16 %compute_pfb_stream_stream_ap_fixed_16_1_5_3_0_const_branch_memory_12, i16 %compute_pfb_stream_stream_ap_fixed_16_1_5_3_0_const_branch_memory_11, i16 %compute_pfb_stream_stream_ap_fixed_16_1_5_3_0_const_branch_memory_9, i16 %compute_pfb_stream_stream_ap_fixed_16_1_5_3_0_const_branch_memory_7, i16 %compute_pfb_stream_stream_ap_fixed_16_1_5_3_0_const_branch_memory_6"   --->   Operation 195 'call' 'call_ln0' <Predicate = true> <Delay = 0.00> <CoreType = "Generic">   --->   Core 0 '' <Latency = 0> <II = 1> <Delay = 1.00> <Generic> <Opcode : >
ST_74 : Operation 196 [1/1] (0.63ns)   --->   "%add_ln90 = add i2 %write_bank_idx_load, i2 1" [/home/brett/Documents/FX_Correlator/pfb/hls_pfb/pfb.cpp:90]   --->   Operation 196 'add' 'add_ln90' <Predicate = true> <Delay = 0.63> <CoreInst = "Adder">   --->   Core 1 'Adder' <Latency = 0> <II = 1> <Delay = 0.63> <FuncUnit> <Opcode : 'add' 'sub'> <InPorts = 2> <OutPorts = 1>
ST_74 : Operation 197 [1/1] (0.00ns)   --->   "%store_ln90 = store i2 %add_ln90, i2 %write_bank_idx" [/home/brett/Documents/FX_Correlator/pfb/hls_pfb/pfb.cpp:90]   --->   Operation 197 'store' 'store_ln90' <Predicate = true> <Delay = 0.00>

State 75 <SV = 74> <Delay = 0.00>
ST_75 : Operation 198 [1/2] (0.00ns)   --->   "%call_ln0 = call void @compute_pfb_Pipeline_compute_loop, i128 %stream_compute_to_write, i128 %stream_read_to_compute, i2 %write_bank_idx_load, i16 %compute_pfb_stream_stream_ap_fixed_16_1_5_3_0_const_branch_memory_31, i16 %compute_pfb_stream_stream_ap_fixed_16_1_5_3_0_const_branch_memory_5, i16 %compute_pfb_stream_stream_ap_fixed_16_1_5_3_0_const_branch_memory_1, i16 %compute_pfb_stream_stream_ap_fixed_16_1_5_3_0_const_branch_memory_27, i16 %compute_pfb_stream_stream_ap_fixed_16_1_5_3_0_const_branch_memory_23, i16 %compute_pfb_stream_stream_ap_fixed_16_1_5_3_0_const_branch_memory_18, i16 %compute_pfb_stream_stream_ap_fixed_16_1_5_3_0_const_branch_memory_14, i16 %compute_pfb_stream_stream_ap_fixed_16_1_5_3_0_const_branch_memory_10, i16 %compute_pfb_stream_stream_ap_fixed_16_1_5_3_0_const_local_coeffs_4, i16 %compute_pfb_stream_stream_ap_fixed_16_1_5_3_0_const_local_coeffs_3, i16 %compute_pfb_stream_stream_ap_fixed_16_1_5_3_0_const_local_coeffs_2, i16 %compute_pfb_stream_stream_ap_fixed_16_1_5_3_0_const_local_coeffs_1, i16 %compute_pfb_stream_stream_ap_fixed_16_1_5_3_0_const_local_coeffs, i16 %compute_pfb_stream_stream_ap_fixed_16_1_5_3_0_const_branch_memory_30, i16 %compute_pfb_stream_stream_ap_fixed_16_1_5_3_0_const_branch_memory_19, i16 %compute_pfb_stream_stream_ap_fixed_16_1_5_3_0_const_branch_memory_8, i16 %compute_pfb_stream_stream_ap_fixed_16_1_5_3_0_const_branch_memory_4, i16 %compute_pfb_stream_stream_ap_fixed_16_1_5_3_0_const_branch_memory_3, i16 %compute_pfb_stream_stream_ap_fixed_16_1_5_3_0_const_branch_memory_2, i16 %compute_pfb_stream_stream_ap_fixed_16_1_5_3_0_const_branch_memory, i16 %compute_pfb_stream_stream_ap_fixed_16_1_5_3_0_const_branch_memory_29, i16 %compute_pfb_stream_stream_ap_fixed_16_1_5_3_0_const_branch_memory_28, i16 %compute_pfb_stream_stream_ap_fixed_16_1_5_3_0_const_branch_memory_26, i16 %compute_pfb_stream_stream_ap_fixed_16_1_5_3_0_const_branch_memory_25, i16 %compute_pfb_stream_stream_ap_fixed_16_1_5_3_0_const_branch_memory_24, i16 %compute_pfb_stream_stream_ap_fixed_16_1_5_3_0_const_branch_memory_22, i16 %compute_pfb_stream_stream_ap_fixed_16_1_5_3_0_const_branch_memory_21, i16 %compute_pfb_stream_stream_ap_fixed_16_1_5_3_0_const_branch_memory_20, i16 %compute_pfb_stream_stream_ap_fixed_16_1_5_3_0_const_branch_memory_17, i16 %compute_pfb_stream_stream_ap_fixed_16_1_5_3_0_const_branch_memory_16, i16 %compute_pfb_stream_stream_ap_fixed_16_1_5_3_0_const_branch_memory_15, i16 %compute_pfb_stream_stream_ap_fixed_16_1_5_3_0_const_branch_memory_13, i16 %compute_pfb_stream_stream_ap_fixed_16_1_5_3_0_const_branch_memory_12, i16 %compute_pfb_stream_stream_ap_fixed_16_1_5_3_0_const_branch_memory_11, i16 %compute_pfb_stream_stream_ap_fixed_16_1_5_3_0_const_branch_memory_9, i16 %compute_pfb_stream_stream_ap_fixed_16_1_5_3_0_const_branch_memory_7, i16 %compute_pfb_stream_stream_ap_fixed_16_1_5_3_0_const_branch_memory_6"   --->   Operation 198 'call' 'call_ln0' <Predicate = true> <Delay = 0.00> <CoreType = "Generic">   --->   Core 0 '' <Latency = 0> <II = 1> <Delay = 1.00> <Generic> <Opcode : >
ST_75 : Operation 199 [1/1] (0.00ns)   --->   "%ret_ln91 = ret" [/home/brett/Documents/FX_Correlator/pfb/hls_pfb/pfb.cpp:91]   --->   Operation 199 'ret' 'ret_ln91' <Predicate = true> <Delay = 0.00>


============================================================
+ Verbose Summary: Timing violations
============================================================
Target clock period: 10.000ns, clock uncertainty: 2.700ns.

 <State 1>: 7.300ns
The critical path consists of the following:
	wire read operation ('coeff_read', /home/brett/Documents/FX_Correlator/pfb/hls_pfb/pfb.cpp:31) on port 'coeff' (/home/brett/Documents/FX_Correlator/pfb/hls_pfb/pfb.cpp:31) [48]  (0.000 ns)
	'getelementptr' operation 16 bit ('gmem_addr', /home/brett/Documents/FX_Correlator/pfb/hls_pfb/pfb.cpp:49) [86]  (0.000 ns)
	bus request operation ('empty', /home/brett/Documents/FX_Correlator/pfb/hls_pfb/pfb.cpp:49) on port 'gmem' (/home/brett/Documents/FX_Correlator/pfb/hls_pfb/pfb.cpp:49) [87]  (7.300 ns)

 <State 2>: 7.300ns
The critical path consists of the following:
	bus request operation ('empty', /home/brett/Documents/FX_Correlator/pfb/hls_pfb/pfb.cpp:49) on port 'gmem' (/home/brett/Documents/FX_Correlator/pfb/hls_pfb/pfb.cpp:49) [87]  (7.300 ns)

 <State 3>: 7.300ns
The critical path consists of the following:
	bus request operation ('empty', /home/brett/Documents/FX_Correlator/pfb/hls_pfb/pfb.cpp:49) on port 'gmem' (/home/brett/Documents/FX_Correlator/pfb/hls_pfb/pfb.cpp:49) [87]  (7.300 ns)

 <State 4>: 7.300ns
The critical path consists of the following:
	bus request operation ('empty', /home/brett/Documents/FX_Correlator/pfb/hls_pfb/pfb.cpp:49) on port 'gmem' (/home/brett/Documents/FX_Correlator/pfb/hls_pfb/pfb.cpp:49) [87]  (7.300 ns)

 <State 5>: 7.300ns
The critical path consists of the following:
	bus request operation ('empty', /home/brett/Documents/FX_Correlator/pfb/hls_pfb/pfb.cpp:49) on port 'gmem' (/home/brett/Documents/FX_Correlator/pfb/hls_pfb/pfb.cpp:49) [87]  (7.300 ns)

 <State 6>: 7.300ns
The critical path consists of the following:
	bus request operation ('empty', /home/brett/Documents/FX_Correlator/pfb/hls_pfb/pfb.cpp:49) on port 'gmem' (/home/brett/Documents/FX_Correlator/pfb/hls_pfb/pfb.cpp:49) [87]  (7.300 ns)

 <State 7>: 7.300ns
The critical path consists of the following:
	bus request operation ('empty', /home/brett/Documents/FX_Correlator/pfb/hls_pfb/pfb.cpp:49) on port 'gmem' (/home/brett/Documents/FX_Correlator/pfb/hls_pfb/pfb.cpp:49) [87]  (7.300 ns)

 <State 8>: 7.300ns
The critical path consists of the following:
	bus request operation ('empty', /home/brett/Documents/FX_Correlator/pfb/hls_pfb/pfb.cpp:49) on port 'gmem' (/home/brett/Documents/FX_Correlator/pfb/hls_pfb/pfb.cpp:49) [87]  (7.300 ns)

 <State 9>: 7.300ns
The critical path consists of the following:
	bus request operation ('empty', /home/brett/Documents/FX_Correlator/pfb/hls_pfb/pfb.cpp:49) on port 'gmem' (/home/brett/Documents/FX_Correlator/pfb/hls_pfb/pfb.cpp:49) [87]  (7.300 ns)

 <State 10>: 7.300ns
The critical path consists of the following:
	bus request operation ('empty', /home/brett/Documents/FX_Correlator/pfb/hls_pfb/pfb.cpp:49) on port 'gmem' (/home/brett/Documents/FX_Correlator/pfb/hls_pfb/pfb.cpp:49) [87]  (7.300 ns)

 <State 11>: 7.300ns
The critical path consists of the following:
	bus request operation ('empty', /home/brett/Documents/FX_Correlator/pfb/hls_pfb/pfb.cpp:49) on port 'gmem' (/home/brett/Documents/FX_Correlator/pfb/hls_pfb/pfb.cpp:49) [87]  (7.300 ns)

 <State 12>: 7.300ns
The critical path consists of the following:
	bus request operation ('empty', /home/brett/Documents/FX_Correlator/pfb/hls_pfb/pfb.cpp:49) on port 'gmem' (/home/brett/Documents/FX_Correlator/pfb/hls_pfb/pfb.cpp:49) [87]  (7.300 ns)

 <State 13>: 7.300ns
The critical path consists of the following:
	bus request operation ('empty', /home/brett/Documents/FX_Correlator/pfb/hls_pfb/pfb.cpp:49) on port 'gmem' (/home/brett/Documents/FX_Correlator/pfb/hls_pfb/pfb.cpp:49) [87]  (7.300 ns)

 <State 14>: 7.300ns
The critical path consists of the following:
	bus request operation ('empty', /home/brett/Documents/FX_Correlator/pfb/hls_pfb/pfb.cpp:49) on port 'gmem' (/home/brett/Documents/FX_Correlator/pfb/hls_pfb/pfb.cpp:49) [87]  (7.300 ns)

 <State 15>: 7.300ns
The critical path consists of the following:
	bus request operation ('empty', /home/brett/Documents/FX_Correlator/pfb/hls_pfb/pfb.cpp:49) on port 'gmem' (/home/brett/Documents/FX_Correlator/pfb/hls_pfb/pfb.cpp:49) [87]  (7.300 ns)

 <State 16>: 7.300ns
The critical path consists of the following:
	bus request operation ('empty', /home/brett/Documents/FX_Correlator/pfb/hls_pfb/pfb.cpp:49) on port 'gmem' (/home/brett/Documents/FX_Correlator/pfb/hls_pfb/pfb.cpp:49) [87]  (7.300 ns)

 <State 17>: 7.300ns
The critical path consists of the following:
	bus request operation ('empty', /home/brett/Documents/FX_Correlator/pfb/hls_pfb/pfb.cpp:49) on port 'gmem' (/home/brett/Documents/FX_Correlator/pfb/hls_pfb/pfb.cpp:49) [87]  (7.300 ns)

 <State 18>: 7.300ns
The critical path consists of the following:
	bus request operation ('empty', /home/brett/Documents/FX_Correlator/pfb/hls_pfb/pfb.cpp:49) on port 'gmem' (/home/brett/Documents/FX_Correlator/pfb/hls_pfb/pfb.cpp:49) [87]  (7.300 ns)

 <State 19>: 7.300ns
The critical path consists of the following:
	bus request operation ('empty', /home/brett/Documents/FX_Correlator/pfb/hls_pfb/pfb.cpp:49) on port 'gmem' (/home/brett/Documents/FX_Correlator/pfb/hls_pfb/pfb.cpp:49) [87]  (7.300 ns)

 <State 20>: 7.300ns
The critical path consists of the following:
	bus request operation ('empty', /home/brett/Documents/FX_Correlator/pfb/hls_pfb/pfb.cpp:49) on port 'gmem' (/home/brett/Documents/FX_Correlator/pfb/hls_pfb/pfb.cpp:49) [87]  (7.300 ns)

 <State 21>: 7.300ns
The critical path consists of the following:
	bus request operation ('empty', /home/brett/Documents/FX_Correlator/pfb/hls_pfb/pfb.cpp:49) on port 'gmem' (/home/brett/Documents/FX_Correlator/pfb/hls_pfb/pfb.cpp:49) [87]  (7.300 ns)

 <State 22>: 7.300ns
The critical path consists of the following:
	bus request operation ('empty', /home/brett/Documents/FX_Correlator/pfb/hls_pfb/pfb.cpp:49) on port 'gmem' (/home/brett/Documents/FX_Correlator/pfb/hls_pfb/pfb.cpp:49) [87]  (7.300 ns)

 <State 23>: 7.300ns
The critical path consists of the following:
	bus request operation ('empty', /home/brett/Documents/FX_Correlator/pfb/hls_pfb/pfb.cpp:49) on port 'gmem' (/home/brett/Documents/FX_Correlator/pfb/hls_pfb/pfb.cpp:49) [87]  (7.300 ns)

 <State 24>: 7.300ns
The critical path consists of the following:
	bus request operation ('empty', /home/brett/Documents/FX_Correlator/pfb/hls_pfb/pfb.cpp:49) on port 'gmem' (/home/brett/Documents/FX_Correlator/pfb/hls_pfb/pfb.cpp:49) [87]  (7.300 ns)

 <State 25>: 7.300ns
The critical path consists of the following:
	bus request operation ('empty', /home/brett/Documents/FX_Correlator/pfb/hls_pfb/pfb.cpp:49) on port 'gmem' (/home/brett/Documents/FX_Correlator/pfb/hls_pfb/pfb.cpp:49) [87]  (7.300 ns)

 <State 26>: 7.300ns
The critical path consists of the following:
	bus request operation ('empty', /home/brett/Documents/FX_Correlator/pfb/hls_pfb/pfb.cpp:49) on port 'gmem' (/home/brett/Documents/FX_Correlator/pfb/hls_pfb/pfb.cpp:49) [87]  (7.300 ns)

 <State 27>: 7.300ns
The critical path consists of the following:
	bus request operation ('empty', /home/brett/Documents/FX_Correlator/pfb/hls_pfb/pfb.cpp:49) on port 'gmem' (/home/brett/Documents/FX_Correlator/pfb/hls_pfb/pfb.cpp:49) [87]  (7.300 ns)

 <State 28>: 7.300ns
The critical path consists of the following:
	bus request operation ('empty', /home/brett/Documents/FX_Correlator/pfb/hls_pfb/pfb.cpp:49) on port 'gmem' (/home/brett/Documents/FX_Correlator/pfb/hls_pfb/pfb.cpp:49) [87]  (7.300 ns)

 <State 29>: 7.300ns
The critical path consists of the following:
	bus request operation ('empty', /home/brett/Documents/FX_Correlator/pfb/hls_pfb/pfb.cpp:49) on port 'gmem' (/home/brett/Documents/FX_Correlator/pfb/hls_pfb/pfb.cpp:49) [87]  (7.300 ns)

 <State 30>: 7.300ns
The critical path consists of the following:
	bus request operation ('empty', /home/brett/Documents/FX_Correlator/pfb/hls_pfb/pfb.cpp:49) on port 'gmem' (/home/brett/Documents/FX_Correlator/pfb/hls_pfb/pfb.cpp:49) [87]  (7.300 ns)

 <State 31>: 7.300ns
The critical path consists of the following:
	bus request operation ('empty', /home/brett/Documents/FX_Correlator/pfb/hls_pfb/pfb.cpp:49) on port 'gmem' (/home/brett/Documents/FX_Correlator/pfb/hls_pfb/pfb.cpp:49) [87]  (7.300 ns)

 <State 32>: 7.300ns
The critical path consists of the following:
	bus request operation ('empty', /home/brett/Documents/FX_Correlator/pfb/hls_pfb/pfb.cpp:49) on port 'gmem' (/home/brett/Documents/FX_Correlator/pfb/hls_pfb/pfb.cpp:49) [87]  (7.300 ns)

 <State 33>: 7.300ns
The critical path consists of the following:
	bus request operation ('empty', /home/brett/Documents/FX_Correlator/pfb/hls_pfb/pfb.cpp:49) on port 'gmem' (/home/brett/Documents/FX_Correlator/pfb/hls_pfb/pfb.cpp:49) [87]  (7.300 ns)

 <State 34>: 7.300ns
The critical path consists of the following:
	bus request operation ('empty', /home/brett/Documents/FX_Correlator/pfb/hls_pfb/pfb.cpp:49) on port 'gmem' (/home/brett/Documents/FX_Correlator/pfb/hls_pfb/pfb.cpp:49) [87]  (7.300 ns)

 <State 35>: 7.300ns
The critical path consists of the following:
	bus request operation ('empty', /home/brett/Documents/FX_Correlator/pfb/hls_pfb/pfb.cpp:49) on port 'gmem' (/home/brett/Documents/FX_Correlator/pfb/hls_pfb/pfb.cpp:49) [87]  (7.300 ns)

 <State 36>: 7.300ns
The critical path consists of the following:
	bus request operation ('empty', /home/brett/Documents/FX_Correlator/pfb/hls_pfb/pfb.cpp:49) on port 'gmem' (/home/brett/Documents/FX_Correlator/pfb/hls_pfb/pfb.cpp:49) [87]  (7.300 ns)

 <State 37>: 7.300ns
The critical path consists of the following:
	bus request operation ('empty', /home/brett/Documents/FX_Correlator/pfb/hls_pfb/pfb.cpp:49) on port 'gmem' (/home/brett/Documents/FX_Correlator/pfb/hls_pfb/pfb.cpp:49) [87]  (7.300 ns)

 <State 38>: 7.300ns
The critical path consists of the following:
	bus request operation ('empty', /home/brett/Documents/FX_Correlator/pfb/hls_pfb/pfb.cpp:49) on port 'gmem' (/home/brett/Documents/FX_Correlator/pfb/hls_pfb/pfb.cpp:49) [87]  (7.300 ns)

 <State 39>: 7.300ns
The critical path consists of the following:
	bus request operation ('empty', /home/brett/Documents/FX_Correlator/pfb/hls_pfb/pfb.cpp:49) on port 'gmem' (/home/brett/Documents/FX_Correlator/pfb/hls_pfb/pfb.cpp:49) [87]  (7.300 ns)

 <State 40>: 7.300ns
The critical path consists of the following:
	bus request operation ('empty', /home/brett/Documents/FX_Correlator/pfb/hls_pfb/pfb.cpp:49) on port 'gmem' (/home/brett/Documents/FX_Correlator/pfb/hls_pfb/pfb.cpp:49) [87]  (7.300 ns)

 <State 41>: 7.300ns
The critical path consists of the following:
	bus request operation ('empty', /home/brett/Documents/FX_Correlator/pfb/hls_pfb/pfb.cpp:49) on port 'gmem' (/home/brett/Documents/FX_Correlator/pfb/hls_pfb/pfb.cpp:49) [87]  (7.300 ns)

 <State 42>: 7.300ns
The critical path consists of the following:
	bus request operation ('empty', /home/brett/Documents/FX_Correlator/pfb/hls_pfb/pfb.cpp:49) on port 'gmem' (/home/brett/Documents/FX_Correlator/pfb/hls_pfb/pfb.cpp:49) [87]  (7.300 ns)

 <State 43>: 7.300ns
The critical path consists of the following:
	bus request operation ('empty', /home/brett/Documents/FX_Correlator/pfb/hls_pfb/pfb.cpp:49) on port 'gmem' (/home/brett/Documents/FX_Correlator/pfb/hls_pfb/pfb.cpp:49) [87]  (7.300 ns)

 <State 44>: 7.300ns
The critical path consists of the following:
	bus request operation ('empty', /home/brett/Documents/FX_Correlator/pfb/hls_pfb/pfb.cpp:49) on port 'gmem' (/home/brett/Documents/FX_Correlator/pfb/hls_pfb/pfb.cpp:49) [87]  (7.300 ns)

 <State 45>: 7.300ns
The critical path consists of the following:
	bus request operation ('empty', /home/brett/Documents/FX_Correlator/pfb/hls_pfb/pfb.cpp:49) on port 'gmem' (/home/brett/Documents/FX_Correlator/pfb/hls_pfb/pfb.cpp:49) [87]  (7.300 ns)

 <State 46>: 7.300ns
The critical path consists of the following:
	bus request operation ('empty', /home/brett/Documents/FX_Correlator/pfb/hls_pfb/pfb.cpp:49) on port 'gmem' (/home/brett/Documents/FX_Correlator/pfb/hls_pfb/pfb.cpp:49) [87]  (7.300 ns)

 <State 47>: 7.300ns
The critical path consists of the following:
	bus request operation ('empty', /home/brett/Documents/FX_Correlator/pfb/hls_pfb/pfb.cpp:49) on port 'gmem' (/home/brett/Documents/FX_Correlator/pfb/hls_pfb/pfb.cpp:49) [87]  (7.300 ns)

 <State 48>: 7.300ns
The critical path consists of the following:
	bus request operation ('empty', /home/brett/Documents/FX_Correlator/pfb/hls_pfb/pfb.cpp:49) on port 'gmem' (/home/brett/Documents/FX_Correlator/pfb/hls_pfb/pfb.cpp:49) [87]  (7.300 ns)

 <State 49>: 7.300ns
The critical path consists of the following:
	bus request operation ('empty', /home/brett/Documents/FX_Correlator/pfb/hls_pfb/pfb.cpp:49) on port 'gmem' (/home/brett/Documents/FX_Correlator/pfb/hls_pfb/pfb.cpp:49) [87]  (7.300 ns)

 <State 50>: 7.300ns
The critical path consists of the following:
	bus request operation ('empty', /home/brett/Documents/FX_Correlator/pfb/hls_pfb/pfb.cpp:49) on port 'gmem' (/home/brett/Documents/FX_Correlator/pfb/hls_pfb/pfb.cpp:49) [87]  (7.300 ns)

 <State 51>: 7.300ns
The critical path consists of the following:
	bus request operation ('empty', /home/brett/Documents/FX_Correlator/pfb/hls_pfb/pfb.cpp:49) on port 'gmem' (/home/brett/Documents/FX_Correlator/pfb/hls_pfb/pfb.cpp:49) [87]  (7.300 ns)

 <State 52>: 7.300ns
The critical path consists of the following:
	bus request operation ('empty', /home/brett/Documents/FX_Correlator/pfb/hls_pfb/pfb.cpp:49) on port 'gmem' (/home/brett/Documents/FX_Correlator/pfb/hls_pfb/pfb.cpp:49) [87]  (7.300 ns)

 <State 53>: 7.300ns
The critical path consists of the following:
	bus request operation ('empty', /home/brett/Documents/FX_Correlator/pfb/hls_pfb/pfb.cpp:49) on port 'gmem' (/home/brett/Documents/FX_Correlator/pfb/hls_pfb/pfb.cpp:49) [87]  (7.300 ns)

 <State 54>: 7.300ns
The critical path consists of the following:
	bus request operation ('empty', /home/brett/Documents/FX_Correlator/pfb/hls_pfb/pfb.cpp:49) on port 'gmem' (/home/brett/Documents/FX_Correlator/pfb/hls_pfb/pfb.cpp:49) [87]  (7.300 ns)

 <State 55>: 7.300ns
The critical path consists of the following:
	bus request operation ('empty', /home/brett/Documents/FX_Correlator/pfb/hls_pfb/pfb.cpp:49) on port 'gmem' (/home/brett/Documents/FX_Correlator/pfb/hls_pfb/pfb.cpp:49) [87]  (7.300 ns)

 <State 56>: 7.300ns
The critical path consists of the following:
	bus request operation ('empty', /home/brett/Documents/FX_Correlator/pfb/hls_pfb/pfb.cpp:49) on port 'gmem' (/home/brett/Documents/FX_Correlator/pfb/hls_pfb/pfb.cpp:49) [87]  (7.300 ns)

 <State 57>: 7.300ns
The critical path consists of the following:
	bus request operation ('empty', /home/brett/Documents/FX_Correlator/pfb/hls_pfb/pfb.cpp:49) on port 'gmem' (/home/brett/Documents/FX_Correlator/pfb/hls_pfb/pfb.cpp:49) [87]  (7.300 ns)

 <State 58>: 7.300ns
The critical path consists of the following:
	bus request operation ('empty', /home/brett/Documents/FX_Correlator/pfb/hls_pfb/pfb.cpp:49) on port 'gmem' (/home/brett/Documents/FX_Correlator/pfb/hls_pfb/pfb.cpp:49) [87]  (7.300 ns)

 <State 59>: 7.300ns
The critical path consists of the following:
	bus request operation ('empty', /home/brett/Documents/FX_Correlator/pfb/hls_pfb/pfb.cpp:49) on port 'gmem' (/home/brett/Documents/FX_Correlator/pfb/hls_pfb/pfb.cpp:49) [87]  (7.300 ns)

 <State 60>: 7.300ns
The critical path consists of the following:
	bus request operation ('empty', /home/brett/Documents/FX_Correlator/pfb/hls_pfb/pfb.cpp:49) on port 'gmem' (/home/brett/Documents/FX_Correlator/pfb/hls_pfb/pfb.cpp:49) [87]  (7.300 ns)

 <State 61>: 7.300ns
The critical path consists of the following:
	bus request operation ('empty', /home/brett/Documents/FX_Correlator/pfb/hls_pfb/pfb.cpp:49) on port 'gmem' (/home/brett/Documents/FX_Correlator/pfb/hls_pfb/pfb.cpp:49) [87]  (7.300 ns)

 <State 62>: 7.300ns
The critical path consists of the following:
	bus request operation ('empty', /home/brett/Documents/FX_Correlator/pfb/hls_pfb/pfb.cpp:49) on port 'gmem' (/home/brett/Documents/FX_Correlator/pfb/hls_pfb/pfb.cpp:49) [87]  (7.300 ns)

 <State 63>: 7.300ns
The critical path consists of the following:
	bus request operation ('empty', /home/brett/Documents/FX_Correlator/pfb/hls_pfb/pfb.cpp:49) on port 'gmem' (/home/brett/Documents/FX_Correlator/pfb/hls_pfb/pfb.cpp:49) [87]  (7.300 ns)

 <State 64>: 7.300ns
The critical path consists of the following:
	bus request operation ('empty', /home/brett/Documents/FX_Correlator/pfb/hls_pfb/pfb.cpp:49) on port 'gmem' (/home/brett/Documents/FX_Correlator/pfb/hls_pfb/pfb.cpp:49) [87]  (7.300 ns)

 <State 65>: 7.300ns
The critical path consists of the following:
	bus request operation ('empty', /home/brett/Documents/FX_Correlator/pfb/hls_pfb/pfb.cpp:49) on port 'gmem' (/home/brett/Documents/FX_Correlator/pfb/hls_pfb/pfb.cpp:49) [87]  (7.300 ns)

 <State 66>: 7.300ns
The critical path consists of the following:
	bus request operation ('empty', /home/brett/Documents/FX_Correlator/pfb/hls_pfb/pfb.cpp:49) on port 'gmem' (/home/brett/Documents/FX_Correlator/pfb/hls_pfb/pfb.cpp:49) [87]  (7.300 ns)

 <State 67>: 7.300ns
The critical path consists of the following:
	bus request operation ('empty', /home/brett/Documents/FX_Correlator/pfb/hls_pfb/pfb.cpp:49) on port 'gmem' (/home/brett/Documents/FX_Correlator/pfb/hls_pfb/pfb.cpp:49) [87]  (7.300 ns)

 <State 68>: 7.300ns
The critical path consists of the following:
	bus request operation ('empty', /home/brett/Documents/FX_Correlator/pfb/hls_pfb/pfb.cpp:49) on port 'gmem' (/home/brett/Documents/FX_Correlator/pfb/hls_pfb/pfb.cpp:49) [87]  (7.300 ns)

 <State 69>: 7.300ns
The critical path consists of the following:
	bus request operation ('empty', /home/brett/Documents/FX_Correlator/pfb/hls_pfb/pfb.cpp:49) on port 'gmem' (/home/brett/Documents/FX_Correlator/pfb/hls_pfb/pfb.cpp:49) [87]  (7.300 ns)

 <State 70>: 7.300ns
The critical path consists of the following:
	bus request operation ('empty', /home/brett/Documents/FX_Correlator/pfb/hls_pfb/pfb.cpp:49) on port 'gmem' (/home/brett/Documents/FX_Correlator/pfb/hls_pfb/pfb.cpp:49) [87]  (7.300 ns)

 <State 71>: 7.300ns
The critical path consists of the following:
	bus request operation ('empty', /home/brett/Documents/FX_Correlator/pfb/hls_pfb/pfb.cpp:49) on port 'gmem' (/home/brett/Documents/FX_Correlator/pfb/hls_pfb/pfb.cpp:49) [87]  (7.300 ns)

 <State 72>: 0.000ns
The critical path consists of the following:

 <State 73>: 0.000ns
The critical path consists of the following:

 <State 74>: 0.632ns
The critical path consists of the following:
	'load' operation 2 bit ('write_bank_idx_load') on static variable 'write_bank_idx' [92]  (0.000 ns)
	'add' operation 2 bit ('add_ln90', /home/brett/Documents/FX_Correlator/pfb/hls_pfb/pfb.cpp:90) [95]  (0.632 ns)

 <State 75>: 0.000ns
The critical path consists of the following:


============================================================
+ Verbose Summary: Binding
============================================================
N/A
* FSMD analyzer results:
  - Output states:
 - Input state : 
  - Chain level:
	State 1
	State 2
	State 3
	State 4
	State 5
	State 6
	State 7
	State 8
	State 9
	State 10
	State 11
	State 12
	State 13
	State 14
	State 15
	State 16
	State 17
	State 18
	State 19
	State 20
	State 21
	State 22
	State 23
	State 24
	State 25
	State 26
	State 27
	State 28
	State 29
	State 30
	State 31
	State 32
	State 33
	State 34
	State 35
	State 36
	State 37
	State 38
	State 39
	State 40
	State 41
	State 42
	State 43
	State 44
	State 45
	State 46
	State 47
	State 48
	State 49
	State 50
	State 51
	State 52
	State 53
	State 54
	State 55
	State 56
	State 57
	State 58
	State 59
	State 60
	State 61
	State 62
	State 63
	State 64
	State 65
	State 66
	State 67
	State 68
	State 69
	State 70
	State 71
	State 72
	State 73
	State 74
	State 75


============================================================
+ Verbose Summary: Datapath Resource usage 
============================================================
N/A
