

================================================================
== Vitis HLS Report for 'pfb_multichannel_decimator'
================================================================
* Date:           Thu Jan  8 20:12:43 2026

* Version:        2023.2 (Build 4023990 on Oct 11 2023)
* Project:        hls_pfb
* Solution:       hls (Vivado IP Flow Target)
* Product family: zynq
* Target device:  xc7z045-ffg900-2


================================================================
== Performance Estimates
================================================================
+ Timing: 
    * Summary: 
    +--------+----------+----------+------------+
    |  Clock |  Target  | Estimated| Uncertainty|
    +--------+----------+----------+------------+
    |ap_clk  |  10.00 ns|  7.300 ns|     2.70 ns|
    +--------+----------+----------+------------+

+ Latency: 
    * Summary: 
    +---------+---------+-----------+-----------+------+------+----------+
    |  Latency (cycles) |   Latency (absolute)  |   Interval  | Pipeline |
    |   min   |   max   |    min    |    max    |  min |  max |   Type   |
    +---------+---------+-----------+-----------+------+------+----------+
    |     1106|     5204|  11.060 us|  52.040 us|  1035|  5205|  dataflow|
    +---------+---------+-----------+-----------+------+------+----------+

    + Detail: 
        * Instance: 
        N/A

        * Loop: 
        N/A

============================================================
+ Verbose Summary: Synthesis Manager
============================================================
InlineROM: 1
ExposeGlobal: 0
============================================================
+ Verbose Summary: CDFG Model
============================================================
IsTopModel: 1
ResetActiveHigh: 1
IsCombinational: 2
IsDatapathOnly: 0
HasWiredReturn: 1
HasMFsm: 0
HasVarLatency: 1
IsPipeline: 0
IsRtlPipelined: 0
IsInstanceOverlapped: 0
IsDontTouch: 0
HasImplIP: 0
IsGatedGlobalClock: 0


============================================================
+ Verbose Summary: Schedule
============================================================
* Number of FSM states : 8
* Pipeline : 0
* Dataflow Pipeline: 1
  DF-Pipeline-0: Size = 8, States = { 1 2 3 4 5 6 7 8 }

* FSM state transitions: 
1 --> 2 
2 --> 3 
3 --> 4 
4 --> 5 
5 --> 6 
6 --> 7 
7 --> 8 
8 --> 

* FSM state operations: 

State 1 <SV = 0> <Delay = 0.00>
ST_1 : Operation 9 [1/1] (0.00ns)   --->   "%stream_read_to_compute = alloca i64 1"   --->   Operation 9 'alloca' 'stream_read_to_compute' <Predicate = true> <Delay = 0.00> <CoreInst = "FIFO">   --->   Core 78 'FIFO' <Latency = 0> <II = 1> <Delay = 3.33> <Storage> <Opcode : 'read' 'write' 'nbread' 'nbwrite'> <Ports = 0> <Width = 128> <Depth = 16> <FIFO>
ST_1 : Operation 10 [1/1] (0.00ns)   --->   "%stream_compute_to_write = alloca i64 1"   --->   Operation 10 'alloca' 'stream_compute_to_write' <Predicate = true> <Delay = 0.00> <CoreInst = "FIFO">   --->   Core 78 'FIFO' <Latency = 0> <II = 1> <Delay = 3.33> <Storage> <Opcode : 'read' 'write' 'nbread' 'nbwrite'> <Ports = 0> <Width = 128> <Depth = 16> <FIFO>

State 2 <SV = 1> <Delay = 0.00>
ST_2 : Operation 11 [2/2] (0.00ns)   --->   "%call_ln166 = call void @read_inputs, i16 %din_data_i0, i16 %din_data_q0, i16 %din_data_i1, i16 %din_data_q1, i16 %din_data_i2, i16 %din_data_q2, i16 %din_data_i3, i16 %din_data_q3, i128 %stream_read_to_compute" [/home/brett/Documents/FX_Correlator/pfb/hls_pfb/pfb.cpp:166]   --->   Operation 11 'call' 'call_ln166' <Predicate = true> <Delay = 0.00> <CoreType = "Generic">   --->   Core 0 '' <Latency = 0> <II = 1> <Delay = 1.00> <Generic> <Opcode : >

State 3 <SV = 2> <Delay = 1.00>
ST_3 : Operation 12 [1/1] (1.00ns)   --->   "%coeff_read = read i64 @_ssdm_op_Read.s_axilite.i64, i64 %coeff"   --->   Operation 12 'read' 'coeff_read' <Predicate = true> <Delay = 1.00> <CoreInst = "s_axilite">   --->   Core 114 's_axilite' <Latency = 0> <II = 1> <Delay = 1.00> <Adapter> <Opcode : 'read' 'write'>
ST_3 : Operation 13 [1/2] (0.00ns)   --->   "%call_ln166 = call void @read_inputs, i16 %din_data_i0, i16 %din_data_q0, i16 %din_data_i1, i16 %din_data_q1, i16 %din_data_i2, i16 %din_data_q2, i16 %din_data_i3, i16 %din_data_q3, i128 %stream_read_to_compute" [/home/brett/Documents/FX_Correlator/pfb/hls_pfb/pfb.cpp:166]   --->   Operation 13 'call' 'call_ln166' <Predicate = true> <Delay = 0.00> <CoreType = "Generic">   --->   Core 0 '' <Latency = 0> <II = 1> <Delay = 1.00> <Generic> <Opcode : >

State 4 <SV = 3> <Delay = 7.30>
ST_4 : Operation 14 [2/2] (7.30ns)   --->   "%call_ln172 = call void @compute_pfb, i128 %stream_read_to_compute, i128 %stream_compute_to_write, i16 %gmem, i64 %coeff_read, i1 %coeff_loaded, i16 %compute_pfb_stream_stream_ap_fixed_16_1_5_3_0_const_local_coeffs_4, i16 %compute_pfb_stream_stream_ap_fixed_16_1_5_3_0_const_local_coeffs_3, i16 %compute_pfb_stream_stream_ap_fixed_16_1_5_3_0_const_local_coeffs_2, i16 %compute_pfb_stream_stream_ap_fixed_16_1_5_3_0_const_local_coeffs_1, i16 %compute_pfb_stream_stream_ap_fixed_16_1_5_3_0_const_local_coeffs, i2 %write_bank_idx, i16 %compute_pfb_stream_stream_ap_fixed_16_1_5_3_0_const_branch_memory_31, i16 %compute_pfb_stream_stream_ap_fixed_16_1_5_3_0_const_branch_memory_5, i16 %compute_pfb_stream_stream_ap_fixed_16_1_5_3_0_const_branch_memory_1, i16 %compute_pfb_stream_stream_ap_fixed_16_1_5_3_0_const_branch_memory_27, i16 %compute_pfb_stream_stream_ap_fixed_16_1_5_3_0_const_branch_memory_23, i16 %compute_pfb_stream_stream_ap_fixed_16_1_5_3_0_const_branch_memory_18, i16 %compute_pfb_stream_stream_ap_fixed_16_1_5_3_0_const_branch_memory_14, i16 %compute_pfb_stream_stream_ap_fixed_16_1_5_3_0_const_branch_memory_10, i16 %compute_pfb_stream_stream_ap_fixed_16_1_5_3_0_const_branch_memory_30, i16 %compute_pfb_stream_stream_ap_fixed_16_1_5_3_0_const_branch_memory_19, i16 %compute_pfb_stream_stream_ap_fixed_16_1_5_3_0_const_branch_memory_8, i16 %compute_pfb_stream_stream_ap_fixed_16_1_5_3_0_const_branch_memory_4, i16 %compute_pfb_stream_stream_ap_fixed_16_1_5_3_0_const_branch_memory_3, i16 %compute_pfb_stream_stream_ap_fixed_16_1_5_3_0_const_branch_memory_2, i16 %compute_pfb_stream_stream_ap_fixed_16_1_5_3_0_const_branch_memory, i16 %compute_pfb_stream_stream_ap_fixed_16_1_5_3_0_const_branch_memory_29, i16 %compute_pfb_stream_stream_ap_fixed_16_1_5_3_0_const_branch_memory_28, i16 %compute_pfb_stream_stream_ap_fixed_16_1_5_3_0_const_branch_memory_26, i16 %compute_pfb_stream_stream_ap_fixed_16_1_5_3_0_const_branch_memory_25, i16 %compute_pfb_stream_stream_ap_fixed_16_1_5_3_0_const_branch_memory_24, i16 %compute_pfb_stream_stream_ap_fixed_16_1_5_3_0_const_branch_memory_22, i16 %compute_pfb_stream_stream_ap_fixed_16_1_5_3_0_const_branch_memory_21, i16 %compute_pfb_stream_stream_ap_fixed_16_1_5_3_0_const_branch_memory_20, i16 %compute_pfb_stream_stream_ap_fixed_16_1_5_3_0_const_branch_memory_17, i16 %compute_pfb_stream_stream_ap_fixed_16_1_5_3_0_const_branch_memory_16, i16 %compute_pfb_stream_stream_ap_fixed_16_1_5_3_0_const_branch_memory_15, i16 %compute_pfb_stream_stream_ap_fixed_16_1_5_3_0_const_branch_memory_13, i16 %compute_pfb_stream_stream_ap_fixed_16_1_5_3_0_const_branch_memory_12, i16 %compute_pfb_stream_stream_ap_fixed_16_1_5_3_0_const_branch_memory_11, i16 %compute_pfb_stream_stream_ap_fixed_16_1_5_3_0_const_branch_memory_9, i16 %compute_pfb_stream_stream_ap_fixed_16_1_5_3_0_const_branch_memory_7, i16 %compute_pfb_stream_stream_ap_fixed_16_1_5_3_0_const_branch_memory_6" [/home/brett/Documents/FX_Correlator/pfb/hls_pfb/pfb.cpp:172]   --->   Operation 14 'call' 'call_ln172' <Predicate = true> <Delay = 7.30> <CoreType = "Generic">   --->   Core 0 '' <Latency = 0> <II = 1> <Delay = 1.00> <Generic> <Opcode : >

State 5 <SV = 4> <Delay = 0.00>
ST_5 : Operation 15 [1/2] (0.00ns)   --->   "%call_ln172 = call void @compute_pfb, i128 %stream_read_to_compute, i128 %stream_compute_to_write, i16 %gmem, i64 %coeff_read, i1 %coeff_loaded, i16 %compute_pfb_stream_stream_ap_fixed_16_1_5_3_0_const_local_coeffs_4, i16 %compute_pfb_stream_stream_ap_fixed_16_1_5_3_0_const_local_coeffs_3, i16 %compute_pfb_stream_stream_ap_fixed_16_1_5_3_0_const_local_coeffs_2, i16 %compute_pfb_stream_stream_ap_fixed_16_1_5_3_0_const_local_coeffs_1, i16 %compute_pfb_stream_stream_ap_fixed_16_1_5_3_0_const_local_coeffs, i2 %write_bank_idx, i16 %compute_pfb_stream_stream_ap_fixed_16_1_5_3_0_const_branch_memory_31, i16 %compute_pfb_stream_stream_ap_fixed_16_1_5_3_0_const_branch_memory_5, i16 %compute_pfb_stream_stream_ap_fixed_16_1_5_3_0_const_branch_memory_1, i16 %compute_pfb_stream_stream_ap_fixed_16_1_5_3_0_const_branch_memory_27, i16 %compute_pfb_stream_stream_ap_fixed_16_1_5_3_0_const_branch_memory_23, i16 %compute_pfb_stream_stream_ap_fixed_16_1_5_3_0_const_branch_memory_18, i16 %compute_pfb_stream_stream_ap_fixed_16_1_5_3_0_const_branch_memory_14, i16 %compute_pfb_stream_stream_ap_fixed_16_1_5_3_0_const_branch_memory_10, i16 %compute_pfb_stream_stream_ap_fixed_16_1_5_3_0_const_branch_memory_30, i16 %compute_pfb_stream_stream_ap_fixed_16_1_5_3_0_const_branch_memory_19, i16 %compute_pfb_stream_stream_ap_fixed_16_1_5_3_0_const_branch_memory_8, i16 %compute_pfb_stream_stream_ap_fixed_16_1_5_3_0_const_branch_memory_4, i16 %compute_pfb_stream_stream_ap_fixed_16_1_5_3_0_const_branch_memory_3, i16 %compute_pfb_stream_stream_ap_fixed_16_1_5_3_0_const_branch_memory_2, i16 %compute_pfb_stream_stream_ap_fixed_16_1_5_3_0_const_branch_memory, i16 %compute_pfb_stream_stream_ap_fixed_16_1_5_3_0_const_branch_memory_29, i16 %compute_pfb_stream_stream_ap_fixed_16_1_5_3_0_const_branch_memory_28, i16 %compute_pfb_stream_stream_ap_fixed_16_1_5_3_0_const_branch_memory_26, i16 %compute_pfb_stream_stream_ap_fixed_16_1_5_3_0_const_branch_memory_25, i16 %compute_pfb_stream_stream_ap_fixed_16_1_5_3_0_const_branch_memory_24, i16 %compute_pfb_stream_stream_ap_fixed_16_1_5_3_0_const_branch_memory_22, i16 %compute_pfb_stream_stream_ap_fixed_16_1_5_3_0_const_branch_memory_21, i16 %compute_pfb_stream_stream_ap_fixed_16_1_5_3_0_const_branch_memory_20, i16 %compute_pfb_stream_stream_ap_fixed_16_1_5_3_0_const_branch_memory_17, i16 %compute_pfb_stream_stream_ap_fixed_16_1_5_3_0_const_branch_memory_16, i16 %compute_pfb_stream_stream_ap_fixed_16_1_5_3_0_const_branch_memory_15, i16 %compute_pfb_stream_stream_ap_fixed_16_1_5_3_0_const_branch_memory_13, i16 %compute_pfb_stream_stream_ap_fixed_16_1_5_3_0_const_branch_memory_12, i16 %compute_pfb_stream_stream_ap_fixed_16_1_5_3_0_const_branch_memory_11, i16 %compute_pfb_stream_stream_ap_fixed_16_1_5_3_0_const_branch_memory_9, i16 %compute_pfb_stream_stream_ap_fixed_16_1_5_3_0_const_branch_memory_7, i16 %compute_pfb_stream_stream_ap_fixed_16_1_5_3_0_const_branch_memory_6" [/home/brett/Documents/FX_Correlator/pfb/hls_pfb/pfb.cpp:172]   --->   Operation 15 'call' 'call_ln172' <Predicate = true> <Delay = 0.00> <CoreType = "Generic">   --->   Core 0 '' <Latency = 0> <II = 1> <Delay = 1.00> <Generic> <Opcode : >

State 6 <SV = 5> <Delay = 0.00>
ST_6 : Operation 16 [2/2] (0.00ns)   --->   "%call_ln178 = call void @write_outputs, i128 %stream_compute_to_write, i32 %dout_data_0, i32 %dout_data_1, i32 %dout_data_2, i32 %dout_data_3" [/home/brett/Documents/FX_Correlator/pfb/hls_pfb/pfb.cpp:178]   --->   Operation 16 'call' 'call_ln178' <Predicate = true> <Delay = 0.00> <CoreType = "Generic">   --->   Core 0 '' <Latency = 0> <II = 1> <Delay = 1.00> <Generic> <Opcode : >

State 7 <SV = 6> <Delay = 0.00>
ST_7 : Operation 17 [1/2] (0.00ns)   --->   "%call_ln178 = call void @write_outputs, i128 %stream_compute_to_write, i32 %dout_data_0, i32 %dout_data_1, i32 %dout_data_2, i32 %dout_data_3" [/home/brett/Documents/FX_Correlator/pfb/hls_pfb/pfb.cpp:178]   --->   Operation 17 'call' 'call_ln178' <Predicate = true> <Delay = 0.00> <CoreType = "Generic">   --->   Core 0 '' <Latency = 0> <II = 1> <Delay = 1.00> <Generic> <Opcode : >

State 8 <SV = 7> <Delay = 0.00>
ST_8 : Operation 18 [1/1] (0.00ns)   --->   "%specdataflowpipeline_ln158 = specdataflowpipeline void @_ssdm_op_SpecDataflowPipeline, i32 4294967295, i32 0, void @empty_6" [/home/brett/Documents/FX_Correlator/pfb/hls_pfb/pfb.cpp:158]   --->   Operation 18 'specdataflowpipeline' 'specdataflowpipeline_ln158' <Predicate = true> <Delay = 0.00>
ST_8 : Operation 19 [1/1] (0.00ns)   --->   "%spectopmodule_ln128 = spectopmodule void @_ssdm_op_SpecTopModule, void @empty_7" [/home/brett/Documents/FX_Correlator/pfb/hls_pfb/pfb.cpp:128]   --->   Operation 19 'spectopmodule' 'spectopmodule_ln128' <Predicate = true> <Delay = 0.00>
ST_8 : Operation 20 [1/1] (0.00ns)   --->   "%specinterface_ln0 = specinterface void @_ssdm_op_SpecInterface, i16 %gmem, void @empty, i32 0, i32 0, void @empty_6, i32 64, i32 4096, void @empty_5, void @empty_4, void @empty_6, i32 16, i32 16, i32 16, i32 16, void @empty_6, void @empty_6, i32 4294967295, i32 0"   --->   Operation 20 'specinterface' 'specinterface_ln0' <Predicate = true> <Delay = 0.00>
ST_8 : Operation 21 [1/1] (0.00ns)   --->   "%specbitsmap_ln0 = specbitsmap void @_ssdm_op_SpecBitsMap, i16 %gmem"   --->   Operation 21 'specbitsmap' 'specbitsmap_ln0' <Predicate = true> <Delay = 0.00>
ST_8 : Operation 22 [1/1] (0.00ns)   --->   "%specinterface_ln0 = specinterface void @_ssdm_op_SpecInterface, i16 %din_data_i0, void @empty_3, i32 1, i32 1, void @empty_13, i32 0, i32 0, void @empty_6, void @empty_6, void @empty_6, i32 0, i32 0, i32 0, i32 0, void @empty_6, void @empty_6, i32 4294967295, i32 0"   --->   Operation 22 'specinterface' 'specinterface_ln0' <Predicate = true> <Delay = 0.00>
ST_8 : Operation 23 [1/1] (0.00ns)   --->   "%specbitsmap_ln0 = specbitsmap void @_ssdm_op_SpecBitsMap, i16 %din_data_i0"   --->   Operation 23 'specbitsmap' 'specbitsmap_ln0' <Predicate = true> <Delay = 0.00>
ST_8 : Operation 24 [1/1] (0.00ns)   --->   "%specinterface_ln0 = specinterface void @_ssdm_op_SpecInterface, i16 %din_data_q0, void @empty_3, i32 1, i32 1, void @empty_13, i32 0, i32 0, void @empty_6, void @empty_6, void @empty_6, i32 0, i32 0, i32 0, i32 0, void @empty_6, void @empty_6, i32 4294967295, i32 0"   --->   Operation 24 'specinterface' 'specinterface_ln0' <Predicate = true> <Delay = 0.00>
ST_8 : Operation 25 [1/1] (0.00ns)   --->   "%specbitsmap_ln0 = specbitsmap void @_ssdm_op_SpecBitsMap, i16 %din_data_q0"   --->   Operation 25 'specbitsmap' 'specbitsmap_ln0' <Predicate = true> <Delay = 0.00>
ST_8 : Operation 26 [1/1] (0.00ns)   --->   "%specinterface_ln0 = specinterface void @_ssdm_op_SpecInterface, i16 %din_data_i1, void @empty_3, i32 1, i32 1, void @empty_13, i32 0, i32 0, void @empty_6, void @empty_6, void @empty_6, i32 0, i32 0, i32 0, i32 0, void @empty_6, void @empty_6, i32 4294967295, i32 0"   --->   Operation 26 'specinterface' 'specinterface_ln0' <Predicate = true> <Delay = 0.00>
ST_8 : Operation 27 [1/1] (0.00ns)   --->   "%specbitsmap_ln0 = specbitsmap void @_ssdm_op_SpecBitsMap, i16 %din_data_i1"   --->   Operation 27 'specbitsmap' 'specbitsmap_ln0' <Predicate = true> <Delay = 0.00>
ST_8 : Operation 28 [1/1] (0.00ns)   --->   "%specinterface_ln0 = specinterface void @_ssdm_op_SpecInterface, i16 %din_data_q1, void @empty_3, i32 1, i32 1, void @empty_13, i32 0, i32 0, void @empty_6, void @empty_6, void @empty_6, i32 0, i32 0, i32 0, i32 0, void @empty_6, void @empty_6, i32 4294967295, i32 0"   --->   Operation 28 'specinterface' 'specinterface_ln0' <Predicate = true> <Delay = 0.00>
ST_8 : Operation 29 [1/1] (0.00ns)   --->   "%specbitsmap_ln0 = specbitsmap void @_ssdm_op_SpecBitsMap, i16 %din_data_q1"   --->   Operation 29 'specbitsmap' 'specbitsmap_ln0' <Predicate = true> <Delay = 0.00>
ST_8 : Operation 30 [1/1] (0.00ns)   --->   "%specinterface_ln0 = specinterface void @_ssdm_op_SpecInterface, i16 %din_data_i2, void @empty_3, i32 1, i32 1, void @empty_13, i32 0, i32 0, void @empty_6, void @empty_6, void @empty_6, i32 0, i32 0, i32 0, i32 0, void @empty_6, void @empty_6, i32 4294967295, i32 0"   --->   Operation 30 'specinterface' 'specinterface_ln0' <Predicate = true> <Delay = 0.00>
ST_8 : Operation 31 [1/1] (0.00ns)   --->   "%specbitsmap_ln0 = specbitsmap void @_ssdm_op_SpecBitsMap, i16 %din_data_i2"   --->   Operation 31 'specbitsmap' 'specbitsmap_ln0' <Predicate = true> <Delay = 0.00>
ST_8 : Operation 32 [1/1] (0.00ns)   --->   "%specinterface_ln0 = specinterface void @_ssdm_op_SpecInterface, i16 %din_data_q2, void @empty_3, i32 1, i32 1, void @empty_13, i32 0, i32 0, void @empty_6, void @empty_6, void @empty_6, i32 0, i32 0, i32 0, i32 0, void @empty_6, void @empty_6, i32 4294967295, i32 0"   --->   Operation 32 'specinterface' 'specinterface_ln0' <Predicate = true> <Delay = 0.00>
ST_8 : Operation 33 [1/1] (0.00ns)   --->   "%specbitsmap_ln0 = specbitsmap void @_ssdm_op_SpecBitsMap, i16 %din_data_q2"   --->   Operation 33 'specbitsmap' 'specbitsmap_ln0' <Predicate = true> <Delay = 0.00>
ST_8 : Operation 34 [1/1] (0.00ns)   --->   "%specinterface_ln0 = specinterface void @_ssdm_op_SpecInterface, i16 %din_data_i3, void @empty_3, i32 1, i32 1, void @empty_13, i32 0, i32 0, void @empty_6, void @empty_6, void @empty_6, i32 0, i32 0, i32 0, i32 0, void @empty_6, void @empty_6, i32 4294967295, i32 0"   --->   Operation 34 'specinterface' 'specinterface_ln0' <Predicate = true> <Delay = 0.00>
ST_8 : Operation 35 [1/1] (0.00ns)   --->   "%specbitsmap_ln0 = specbitsmap void @_ssdm_op_SpecBitsMap, i16 %din_data_i3"   --->   Operation 35 'specbitsmap' 'specbitsmap_ln0' <Predicate = true> <Delay = 0.00>
ST_8 : Operation 36 [1/1] (0.00ns)   --->   "%specinterface_ln0 = specinterface void @_ssdm_op_SpecInterface, i16 %din_data_q3, void @empty_3, i32 1, i32 1, void @empty_13, i32 0, i32 0, void @empty_6, void @empty_6, void @empty_6, i32 0, i32 0, i32 0, i32 0, void @empty_6, void @empty_6, i32 4294967295, i32 0"   --->   Operation 36 'specinterface' 'specinterface_ln0' <Predicate = true> <Delay = 0.00>
ST_8 : Operation 37 [1/1] (0.00ns)   --->   "%specbitsmap_ln0 = specbitsmap void @_ssdm_op_SpecBitsMap, i16 %din_data_q3"   --->   Operation 37 'specbitsmap' 'specbitsmap_ln0' <Predicate = true> <Delay = 0.00>
ST_8 : Operation 38 [1/1] (0.00ns)   --->   "%specinterface_ln0 = specinterface void @_ssdm_op_SpecInterface, i32 %dout_data_0, void @empty_3, i32 1, i32 1, void @empty_13, i32 0, i32 0, void @empty_6, void @empty_6, void @empty_6, i32 0, i32 0, i32 0, i32 0, void @empty_6, void @empty_6, i32 4294967295, i32 0"   --->   Operation 38 'specinterface' 'specinterface_ln0' <Predicate = true> <Delay = 0.00>
ST_8 : Operation 39 [1/1] (0.00ns)   --->   "%specbitsmap_ln0 = specbitsmap void @_ssdm_op_SpecBitsMap, i32 %dout_data_0"   --->   Operation 39 'specbitsmap' 'specbitsmap_ln0' <Predicate = true> <Delay = 0.00>
ST_8 : Operation 40 [1/1] (0.00ns)   --->   "%specinterface_ln0 = specinterface void @_ssdm_op_SpecInterface, i32 %dout_data_1, void @empty_3, i32 1, i32 1, void @empty_13, i32 0, i32 0, void @empty_6, void @empty_6, void @empty_6, i32 0, i32 0, i32 0, i32 0, void @empty_6, void @empty_6, i32 4294967295, i32 0"   --->   Operation 40 'specinterface' 'specinterface_ln0' <Predicate = true> <Delay = 0.00>
ST_8 : Operation 41 [1/1] (0.00ns)   --->   "%specbitsmap_ln0 = specbitsmap void @_ssdm_op_SpecBitsMap, i32 %dout_data_1"   --->   Operation 41 'specbitsmap' 'specbitsmap_ln0' <Predicate = true> <Delay = 0.00>
ST_8 : Operation 42 [1/1] (0.00ns)   --->   "%specinterface_ln0 = specinterface void @_ssdm_op_SpecInterface, i32 %dout_data_2, void @empty_3, i32 1, i32 1, void @empty_13, i32 0, i32 0, void @empty_6, void @empty_6, void @empty_6, i32 0, i32 0, i32 0, i32 0, void @empty_6, void @empty_6, i32 4294967295, i32 0"   --->   Operation 42 'specinterface' 'specinterface_ln0' <Predicate = true> <Delay = 0.00>
ST_8 : Operation 43 [1/1] (0.00ns)   --->   "%specbitsmap_ln0 = specbitsmap void @_ssdm_op_SpecBitsMap, i32 %dout_data_2"   --->   Operation 43 'specbitsmap' 'specbitsmap_ln0' <Predicate = true> <Delay = 0.00>
ST_8 : Operation 44 [1/1] (0.00ns)   --->   "%specinterface_ln0 = specinterface void @_ssdm_op_SpecInterface, i32 %dout_data_3, void @empty_3, i32 1, i32 1, void @empty_13, i32 0, i32 0, void @empty_6, void @empty_6, void @empty_6, i32 0, i32 0, i32 0, i32 0, void @empty_6, void @empty_6, i32 4294967295, i32 0"   --->   Operation 44 'specinterface' 'specinterface_ln0' <Predicate = true> <Delay = 0.00>
ST_8 : Operation 45 [1/1] (0.00ns)   --->   "%specbitsmap_ln0 = specbitsmap void @_ssdm_op_SpecBitsMap, i32 %dout_data_3"   --->   Operation 45 'specbitsmap' 'specbitsmap_ln0' <Predicate = true> <Delay = 0.00>
ST_8 : Operation 46 [1/1] (0.00ns)   --->   "%specinterface_ln0 = specinterface void @_ssdm_op_SpecInterface, i64 %coeff, void @empty_1, i32 0, i32 0, void @empty_6, i32 0, i32 0, void @empty_17, void @empty_8, void @empty_6, i32 0, i32 0, i32 0, i32 0, void @empty_6, void @empty_16, i32 4294967295, i32 0"   --->   Operation 46 'specinterface' 'specinterface_ln0' <Predicate = true> <Delay = 0.00>
ST_8 : Operation 47 [1/1] (0.00ns)   --->   "%specinterface_ln0 = specinterface void @_ssdm_op_SpecInterface, i64 %coeff, void @empty_0, i32 0, i32 0, void @empty_6, i32 0, i32 0, void @empty_6, void @empty_6, void @empty_6, i32 0, i32 0, i32 0, i32 0, void @empty_6, void @empty_16, i32 4294967295, i32 0"   --->   Operation 47 'specinterface' 'specinterface_ln0' <Predicate = true> <Delay = 0.00>
ST_8 : Operation 48 [1/1] (0.00ns)   --->   "%specinterface_ln0 = specinterface void @_ssdm_op_SpecInterface, i32 0, void @empty_1, i32 0, i32 0, void @empty_6, i32 0, i32 0, void @empty_14, void @empty_6, void @empty_6, i32 0, i32 0, i32 0, i32 0, void @empty_6, void @empty_6, i32 4294967295, i32 0"   --->   Operation 48 'specinterface' 'specinterface_ln0' <Predicate = true> <Delay = 0.00>
ST_8 : Operation 49 [1/1] (0.00ns)   --->   "%empty = specchannel i32 @_ssdm_op_SpecChannel, void @stream_read_to_compute_str, i32 1, void @p_str, void @p_str, i32 16, i32 16, i128 %stream_read_to_compute, i128 %stream_read_to_compute"   --->   Operation 49 'specchannel' 'empty' <Predicate = true> <Delay = 0.00>
ST_8 : Operation 50 [1/1] (0.00ns)   --->   "%specinterface_ln0 = specinterface void @_ssdm_op_SpecInterface, i128 %stream_read_to_compute, void @empty_2, i32 0, i32 0, void @empty_6, i32 0, i32 0, void @empty_6, void @empty_6, void @empty_6, i32 0, i32 0, i32 0, i32 0, void @empty_6, void @empty_6, i32 4294967295, i32 0"   --->   Operation 50 'specinterface' 'specinterface_ln0' <Predicate = true> <Delay = 0.00>
ST_8 : Operation 51 [1/1] (0.00ns)   --->   "%empty_36 = specchannel i32 @_ssdm_op_SpecChannel, void @stream_compute_to_write_str, i32 1, void @p_str, void @p_str, i32 16, i32 16, i128 %stream_compute_to_write, i128 %stream_compute_to_write"   --->   Operation 51 'specchannel' 'empty_36' <Predicate = true> <Delay = 0.00>
ST_8 : Operation 52 [1/1] (0.00ns)   --->   "%specinterface_ln0 = specinterface void @_ssdm_op_SpecInterface, i128 %stream_compute_to_write, void @empty_2, i32 0, i32 0, void @empty_6, i32 0, i32 0, void @empty_6, void @empty_6, void @empty_6, i32 0, i32 0, i32 0, i32 0, void @empty_6, void @empty_6, i32 4294967295, i32 0"   --->   Operation 52 'specinterface' 'specinterface_ln0' <Predicate = true> <Delay = 0.00>
ST_8 : Operation 53 [1/1] (0.00ns)   --->   "%ret_ln182 = ret" [/home/brett/Documents/FX_Correlator/pfb/hls_pfb/pfb.cpp:182]   --->   Operation 53 'ret' 'ret_ln182' <Predicate = true> <Delay = 0.00>


============================================================
+ Verbose Summary: Timing violations
============================================================
Target clock period: 10.000ns, clock uncertainty: 2.700ns.

 <State 1>: 0.000ns
The critical path consists of the following:

 <State 2>: 0.000ns
The critical path consists of the following:

 <State 3>: 1.000ns
The critical path consists of the following:
	s_axi read operation ('coeff_read') on port 'coeff' [85]  (1.000 ns)

 <State 4>: 7.300ns
The critical path consists of the following:
	'call' operation 0 bit ('call_ln172', /home/brett/Documents/FX_Correlator/pfb/hls_pfb/pfb.cpp:172) to 'compute_pfb' [93]  (7.300 ns)

 <State 5>: 0.000ns
The critical path consists of the following:

 <State 6>: 0.000ns
The critical path consists of the following:

 <State 7>: 0.000ns
The critical path consists of the following:

 <State 8>: 0.000ns
The critical path consists of the following:


============================================================
+ Verbose Summary: Binding
============================================================
N/A
* FSMD analyzer results:
  - Output states:
 - Input state : 
  - Chain level:
	State 1
	State 2
	State 3
	State 4
	State 5
	State 6
	State 7
	State 8


============================================================
+ Verbose Summary: Datapath Resource usage 
============================================================
N/A
