

================================================================
== Vitis HLS Report for 'unpack_Pipeline_unpack_loop'
================================================================
* Date:           Sat Jan 10 15:28:39 2026

* Version:        2023.2 (Build 4023990 on Oct 11 2023)
* Project:        hls_pfb
* Solution:       hls (Vivado IP Flow Target)
* Product family: zynq
* Target device:  xc7z045-ffg900-2


================================================================
== Performance Estimates
================================================================
+ Timing: 
    * Summary: 
    +--------+----------+----------+------------+
    |  Clock |  Target  | Estimated| Uncertainty|
    +--------+----------+----------+------------+
    |ap_clk  |  10.00 ns|  6.751 ns|     2.70 ns|
    +--------+----------+----------+------------+

+ Latency: 
    * Summary: 
    +---------+---------+-----------+-----------+------+------+---------+
    |  Latency (cycles) |   Latency (absolute)  |   Interval  | Pipeline|
    |   min   |   max   |    min    |    max    |  min |  max |   Type  |
    +---------+---------+-----------+-----------+------+------+---------+
    |     1026|     1026|  10.260 us|  10.260 us|  1026|  1026|       no|
    +---------+---------+-----------+-----------+------+------+---------+

    + Detail: 
        * Instance: 
        N/A

        * Loop: 
        +---------------+---------+---------+----------+-----------+-----------+------+----------+
        |               |  Latency (cycles) | Iteration|  Initiation Interval  | Trip |          |
        |   Loop Name   |   min   |   max   |  Latency |  achieved |   target  | Count| Pipelined|
        +---------------+---------+---------+----------+-----------+-----------+------+----------+
        |- unpack_loop  |     1024|     1024|         2|          1|          1|  1024|       yes|
        +---------------+---------+---------+----------+-----------+-----------+------+----------+

============================================================
+ Verbose Summary: Synthesis Manager
============================================================
InlineROM: 1
ExposeGlobal: 0
============================================================
+ Verbose Summary: CDFG Model
============================================================
IsTopModel: 0
ResetActiveHigh: 1
IsCombinational: 0
IsDatapathOnly: 0
HasWiredReturn: 1
HasMFsm: 2
HasVarLatency: 1
IsPipeline: 0
IsRtlPipelined: 0
IsInstanceOverlapped: 0
IsDontTouch: 0
HasImplIP: 0
IsGatedGlobalClock: 0

+ Individual pipeline summary: 
  * Pipeline-0: initiation interval (II) = 1, depth = 2


============================================================
+ Verbose Summary: Schedule
============================================================
* Number of FSM states : 2
* Pipeline : 1
  Pipeline-0 : II = 1, D = 2, States = { 1 2 }
* Dataflow Pipeline: 0

* FSM state transitions: 
1 --> 2 
2 --> 

* FSM state operations: 

State 1 <SV = 0> <Delay = 4.07>
ST_1 : Operation 5 [1/1] (0.00ns)   --->   "%i = alloca i32 1" [/home/brett/Documents/FX_Correlator/pfb/hls_pfb/pfb_io.cpp:84]   --->   Operation 5 'alloca' 'i' <Predicate = true> <Delay = 0.00>
ST_1 : Operation 6 [1/1] (0.00ns)   --->   "%specinterface_ln0 = specinterface void @_ssdm_op_SpecInterface, i128 %stream_compute_to_fft, void @empty_8, i32 0, i32 0, void @empty_18, i32 0, i32 0, void @empty_18, void @empty_18, void @empty_18, i32 0, i32 0, i32 0, i32 0, void @empty_18, void @empty_18, i32 4294967295, i32 0"   --->   Operation 6 'specinterface' 'specinterface_ln0' <Predicate = true> <Delay = 0.00>
ST_1 : Operation 7 [1/1] (0.00ns)   --->   "%specinterface_ln0 = specinterface void @_ssdm_op_SpecInterface, i32 %ch0_in, void @empty_8, i32 0, i32 0, void @empty_18, i32 0, i32 0, void @empty_18, void @empty_18, void @empty_18, i32 0, i32 0, i32 0, i32 0, void @empty_18, void @empty_18, i32 4294967295, i32 0"   --->   Operation 7 'specinterface' 'specinterface_ln0' <Predicate = true> <Delay = 0.00>
ST_1 : Operation 8 [1/1] (0.00ns)   --->   "%specinterface_ln0 = specinterface void @_ssdm_op_SpecInterface, i32 %ch1_in, void @empty_8, i32 0, i32 0, void @empty_18, i32 0, i32 0, void @empty_18, void @empty_18, void @empty_18, i32 0, i32 0, i32 0, i32 0, void @empty_18, void @empty_18, i32 4294967295, i32 0"   --->   Operation 8 'specinterface' 'specinterface_ln0' <Predicate = true> <Delay = 0.00>
ST_1 : Operation 9 [1/1] (0.00ns)   --->   "%specinterface_ln0 = specinterface void @_ssdm_op_SpecInterface, i32 %ch2_in, void @empty_8, i32 0, i32 0, void @empty_18, i32 0, i32 0, void @empty_18, void @empty_18, void @empty_18, i32 0, i32 0, i32 0, i32 0, void @empty_18, void @empty_18, i32 4294967295, i32 0"   --->   Operation 9 'specinterface' 'specinterface_ln0' <Predicate = true> <Delay = 0.00>
ST_1 : Operation 10 [1/1] (0.00ns)   --->   "%specinterface_ln0 = specinterface void @_ssdm_op_SpecInterface, i32 %ch3_in, void @empty_8, i32 0, i32 0, void @empty_18, i32 0, i32 0, void @empty_18, void @empty_18, void @empty_18, i32 0, i32 0, i32 0, i32 0, void @empty_18, void @empty_18, i32 4294967295, i32 0"   --->   Operation 10 'specinterface' 'specinterface_ln0' <Predicate = true> <Delay = 0.00>
ST_1 : Operation 11 [1/1] (1.29ns)   --->   "%store_ln84 = store i11 0, i11 %i" [/home/brett/Documents/FX_Correlator/pfb/hls_pfb/pfb_io.cpp:84]   --->   Operation 11 'store' 'store_ln84' <Predicate = true> <Delay = 1.29>
ST_1 : Operation 12 [1/1] (0.00ns)   --->   "%br_ln0 = br void %for.body"   --->   Operation 12 'br' 'br_ln0' <Predicate = true> <Delay = 0.00>
ST_1 : Operation 13 [1/1] (0.00ns)   --->   "%i_3 = load i11 %i" [/home/brett/Documents/FX_Correlator/pfb/hls_pfb/pfb_io.cpp:84]   --->   Operation 13 'load' 'i_3' <Predicate = true> <Delay = 0.00>
ST_1 : Operation 14 [1/1] (1.48ns)   --->   "%icmp_ln84 = icmp_eq  i11 %i_3, i11 1024" [/home/brett/Documents/FX_Correlator/pfb/hls_pfb/pfb_io.cpp:84]   --->   Operation 14 'icmp' 'icmp_ln84' <Predicate = true> <Delay = 1.48> <CoreInst = "Cmp">   --->   Core 9 'Cmp' <Latency = 0> <II = 1> <Delay = 1.48> <FuncUnit> <Opcode : 'icmp'> <InPorts = 2> <OutPorts = 1>
ST_1 : Operation 15 [1/1] (1.48ns)   --->   "%i_4 = add i11 %i_3, i11 1" [/home/brett/Documents/FX_Correlator/pfb/hls_pfb/pfb_io.cpp:84]   --->   Operation 15 'add' 'i_4' <Predicate = true> <Delay = 1.48> <CoreInst = "Adder">   --->   Core 1 'Adder' <Latency = 0> <II = 1> <Delay = 1.48> <FuncUnit> <Opcode : 'add' 'sub'> <InPorts = 2> <OutPorts = 1>
ST_1 : Operation 16 [1/1] (0.00ns)   --->   "%br_ln84 = br i1 %icmp_ln84, void %for.body.split, void %for.end.exitStub" [/home/brett/Documents/FX_Correlator/pfb/hls_pfb/pfb_io.cpp:84]   --->   Operation 16 'br' 'br_ln84' <Predicate = true> <Delay = 0.00>
ST_1 : Operation 17 [1/1] (1.29ns)   --->   "%store_ln84 = store i11 %i_4, i11 %i" [/home/brett/Documents/FX_Correlator/pfb/hls_pfb/pfb_io.cpp:84]   --->   Operation 17 'store' 'store_ln84' <Predicate = (!icmp_ln84)> <Delay = 1.29>
ST_1 : Operation 31 [1/1] (0.00ns)   --->   "%ret_ln0 = ret"   --->   Operation 31 'ret' 'ret_ln0' <Predicate = (icmp_ln84)> <Delay = 0.00>

State 2 <SV = 1> <Delay = 6.75>
ST_2 : Operation 18 [1/1] (0.00ns)   --->   "%specpipeline_ln85 = specpipeline void @_ssdm_op_SpecPipeline, i32 1, i32 0, i32 0, i32 0, void @empty_18" [/home/brett/Documents/FX_Correlator/pfb/hls_pfb/pfb_io.cpp:85]   --->   Operation 18 'specpipeline' 'specpipeline_ln85' <Predicate = true> <Delay = 0.00>
ST_2 : Operation 19 [1/1] (0.00ns)   --->   "%speclooptripcount_ln84 = speclooptripcount void @_ssdm_op_SpecLoopTripCount, i64 1024, i64 1024, i64 1024" [/home/brett/Documents/FX_Correlator/pfb/hls_pfb/pfb_io.cpp:84]   --->   Operation 19 'speclooptripcount' 'speclooptripcount_ln84' <Predicate = true> <Delay = 0.00>
ST_2 : Operation 20 [1/1] (0.00ns)   --->   "%specloopname_ln84 = specloopname void @_ssdm_op_SpecLoopName, void @empty_6" [/home/brett/Documents/FX_Correlator/pfb/hls_pfb/pfb_io.cpp:84]   --->   Operation 20 'specloopname' 'specloopname_ln84' <Predicate = true> <Delay = 0.00>
ST_2 : Operation 21 [1/1] (3.33ns)   --->   "%stream_compute_to_fft_read = read i128 @_ssdm_op_Read.ap_fifo.volatile.i128P0A, i128 %stream_compute_to_fft" [/home/brett/Documents/FX_Correlator/pfb/hls_pfb/pfb_io.cpp:86]   --->   Operation 21 'read' 'stream_compute_to_fft_read' <Predicate = true> <Delay = 3.33> <CoreInst = "FIFO">   --->   Core 78 'FIFO' <Latency = 0> <II = 1> <Delay = 3.33> <Storage> <Opcode : 'read' 'write' 'nbread' 'nbwrite'> <Ports = 0> <Width = 128> <Depth = 16> <FIFO>
ST_2 : Operation 22 [1/1] (0.00ns)   --->   "%p_0 = partselect i32 @_ssdm_op_PartSelect.i32.i128.i32.i32, i128 %stream_compute_to_fft_read, i32 96, i32 127" [/home/brett/Documents/FX_Correlator/pfb/hls_pfb/pfb_io.cpp:86]   --->   Operation 22 'partselect' 'p_0' <Predicate = true> <Delay = 0.00>
ST_2 : Operation 23 [1/1] (0.00ns)   --->   "%trunc_ln88 = trunc i128 %stream_compute_to_fft_read" [/home/brett/Documents/FX_Correlator/pfb/hls_pfb/pfb_io.cpp:88]   --->   Operation 23 'trunc' 'trunc_ln88' <Predicate = true> <Delay = 0.00>
ST_2 : Operation 24 [1/1] (3.41ns)   --->   "%write_ln88 = write void @_ssdm_op_Write.ap_fifo.volatile.i32P0A, i32 %ch0_in, i32 %trunc_ln88" [/home/brett/Documents/FX_Correlator/pfb/hls_pfb/pfb_io.cpp:88]   --->   Operation 24 'write' 'write_ln88' <Predicate = true> <Delay = 3.41> <CoreInst = "FIFO">   --->   Core 78 'FIFO' <Latency = 0> <II = 1> <Delay = 3.41> <Storage> <Opcode : 'read' 'write' 'nbread' 'nbwrite'> <Ports = 0> <Width = 32> <Depth = 1024> <FIFO>
ST_2 : Operation 25 [1/1] (0.00ns)   --->   "%p_s = partselect i32 @_ssdm_op_PartSelect.i32.i128.i32.i32, i128 %stream_compute_to_fft_read, i32 32, i32 63" [/home/brett/Documents/FX_Correlator/pfb/hls_pfb/pfb_io.cpp:89]   --->   Operation 25 'partselect' 'p_s' <Predicate = true> <Delay = 0.00>
ST_2 : Operation 26 [1/1] (3.41ns)   --->   "%write_ln89 = write void @_ssdm_op_Write.ap_fifo.volatile.i32P0A, i32 %ch1_in, i32 %p_s" [/home/brett/Documents/FX_Correlator/pfb/hls_pfb/pfb_io.cpp:89]   --->   Operation 26 'write' 'write_ln89' <Predicate = true> <Delay = 3.41> <CoreInst = "FIFO">   --->   Core 78 'FIFO' <Latency = 0> <II = 1> <Delay = 3.41> <Storage> <Opcode : 'read' 'write' 'nbread' 'nbwrite'> <Ports = 0> <Width = 32> <Depth = 1024> <FIFO>
ST_2 : Operation 27 [1/1] (0.00ns)   --->   "%p_1 = partselect i32 @_ssdm_op_PartSelect.i32.i128.i32.i32, i128 %stream_compute_to_fft_read, i32 64, i32 95" [/home/brett/Documents/FX_Correlator/pfb/hls_pfb/pfb_io.cpp:90]   --->   Operation 27 'partselect' 'p_1' <Predicate = true> <Delay = 0.00>
ST_2 : Operation 28 [1/1] (3.41ns)   --->   "%write_ln90 = write void @_ssdm_op_Write.ap_fifo.volatile.i32P0A, i32 %ch2_in, i32 %p_1" [/home/brett/Documents/FX_Correlator/pfb/hls_pfb/pfb_io.cpp:90]   --->   Operation 28 'write' 'write_ln90' <Predicate = true> <Delay = 3.41> <CoreInst = "FIFO">   --->   Core 78 'FIFO' <Latency = 0> <II = 1> <Delay = 3.41> <Storage> <Opcode : 'read' 'write' 'nbread' 'nbwrite'> <Ports = 0> <Width = 32> <Depth = 1024> <FIFO>
ST_2 : Operation 29 [1/1] (3.41ns)   --->   "%write_ln91 = write void @_ssdm_op_Write.ap_fifo.volatile.i32P0A, i32 %ch3_in, i32 %p_0" [/home/brett/Documents/FX_Correlator/pfb/hls_pfb/pfb_io.cpp:91]   --->   Operation 29 'write' 'write_ln91' <Predicate = true> <Delay = 3.41> <CoreInst = "FIFO">   --->   Core 78 'FIFO' <Latency = 0> <II = 1> <Delay = 3.41> <Storage> <Opcode : 'read' 'write' 'nbread' 'nbwrite'> <Ports = 0> <Width = 32> <Depth = 1024> <FIFO>
ST_2 : Operation 30 [1/1] (0.00ns)   --->   "%br_ln84 = br void %for.body" [/home/brett/Documents/FX_Correlator/pfb/hls_pfb/pfb_io.cpp:84]   --->   Operation 30 'br' 'br_ln84' <Predicate = true> <Delay = 0.00>


============================================================
+ Verbose Summary: Binding
============================================================
STG Binding: 
---------------- STG Properties BEGIN ----------------
- Is combinational: 0
- Is one-state seq: 0
- Is datapath-only: 0
- Is pipelined: 0
- Is top level: 0
Port [ Return ] is wired: 1; IO mode=ap_ctrl_hs:ce=0
Port [ stream_compute_to_fft]:  wired=1; compound=1; hidden=0; nouse=0; global=0; static=0; extern=0; dir=0; type=3; pingpong=0; private_global=0; IO mode=ap_fifo:ce=0
Port [ ch0_in]:  wired=1; compound=1; hidden=0; nouse=0; global=0; static=0; extern=0; dir=1; type=3; pingpong=0; private_global=0; IO mode=ap_fifo:ce=0
Port [ ch1_in]:  wired=1; compound=1; hidden=0; nouse=0; global=0; static=0; extern=0; dir=1; type=3; pingpong=0; private_global=0; IO mode=ap_fifo:ce=0
Port [ ch2_in]:  wired=1; compound=1; hidden=0; nouse=0; global=0; static=0; extern=0; dir=1; type=3; pingpong=0; private_global=0; IO mode=ap_fifo:ce=0
Port [ ch3_in]:  wired=1; compound=1; hidden=0; nouse=0; global=0; static=0; extern=0; dir=1; type=3; pingpong=0; private_global=0; IO mode=ap_fifo:ce=0
---------------- STG Properties END ------------------

---------------- Datapath Model BEGIN ----------------

<LifeTime>
<method=bitvector/>
i                          (alloca           ) [ 010]
specinterface_ln0          (specinterface    ) [ 000]
specinterface_ln0          (specinterface    ) [ 000]
specinterface_ln0          (specinterface    ) [ 000]
specinterface_ln0          (specinterface    ) [ 000]
specinterface_ln0          (specinterface    ) [ 000]
store_ln84                 (store            ) [ 000]
br_ln0                     (br               ) [ 000]
i_3                        (load             ) [ 000]
icmp_ln84                  (icmp             ) [ 010]
i_4                        (add              ) [ 000]
br_ln84                    (br               ) [ 000]
store_ln84                 (store            ) [ 000]
specpipeline_ln85          (specpipeline     ) [ 000]
speclooptripcount_ln84     (speclooptripcount) [ 000]
specloopname_ln84          (specloopname     ) [ 000]
stream_compute_to_fft_read (read             ) [ 000]
p_0                        (partselect       ) [ 000]
trunc_ln88                 (trunc            ) [ 000]
write_ln88                 (write            ) [ 000]
p_s                        (partselect       ) [ 000]
write_ln89                 (write            ) [ 000]
p_1                        (partselect       ) [ 000]
write_ln90                 (write            ) [ 000]
write_ln91                 (write            ) [ 000]
br_ln84                    (br               ) [ 000]
ret_ln0                    (ret              ) [ 000]
</LifeTime>

<model>

<comp_list>
<comp id="0" class="1000" name="stream_compute_to_fft">
<pin_list>
<pin id="1" dir="1" index="0" bw="1" slack="0"/>
</pin_list>
<bind>
<StgValue><ssdm name="stream_compute_to_fft"/></StgValue>
</bind>
</comp>

<comp id="2" class="1000" name="ch0_in">
<pin_list>
<pin id="3" dir="1" index="0" bw="1" slack="0"/>
</pin_list>
<bind>
<StgValue><ssdm name="ch0_in"/></StgValue>
</bind>
</comp>

<comp id="4" class="1000" name="ch1_in">
<pin_list>
<pin id="5" dir="1" index="0" bw="1" slack="0"/>
</pin_list>
<bind>
<StgValue><ssdm name="ch1_in"/></StgValue>
</bind>
</comp>

<comp id="6" class="1000" name="ch2_in">
<pin_list>
<pin id="7" dir="1" index="0" bw="1" slack="0"/>
</pin_list>
<bind>
<StgValue><ssdm name="ch2_in"/></StgValue>
</bind>
</comp>

<comp id="8" class="1000" name="ch3_in">
<pin_list>
<pin id="9" dir="1" index="0" bw="1" slack="0"/>
</pin_list>
<bind>
<StgValue><ssdm name="ch3_in"/></StgValue>
</bind>
</comp>

<comp id="10" class="1001" name="const_10">
<pin_list>
<pin id="11" dir="1" index="0" bw="1" slack="0"/>
</pin_list>
<bind>
<StgValue><ssdm name=""/></StgValue>
</bind>
</comp>

<comp id="12" class="1001" name="const_12">
<pin_list>
<pin id="13" dir="1" index="0" bw="1" slack="2147483647"/>
</pin_list>
<bind>
<StgValue><ssdm name="_ssdm_op_SpecInterface"/></StgValue>
</bind>
</comp>

<comp id="14" class="1001" name="const_14">
<pin_list>
<pin id="15" dir="1" index="0" bw="1" slack="2147483647"/>
</pin_list>
<bind>
<StgValue><ssdm name="empty_8"/></StgValue>
</bind>
</comp>

<comp id="16" class="1001" name="const_16">
<pin_list>
<pin id="17" dir="1" index="0" bw="1" slack="2147483647"/>
</pin_list>
<bind>
<StgValue><ssdm name=""/></StgValue>
</bind>
</comp>

<comp id="18" class="1001" name="const_18">
<pin_list>
<pin id="19" dir="1" index="0" bw="1" slack="2147483647"/>
</pin_list>
<bind>
<StgValue><ssdm name="empty_18"/></StgValue>
</bind>
</comp>

<comp id="20" class="1001" name="const_20">
<pin_list>
<pin id="21" dir="1" index="0" bw="1" slack="2147483647"/>
</pin_list>
<bind>
<StgValue><ssdm name=""/></StgValue>
</bind>
</comp>

<comp id="22" class="1001" name="const_22">
<pin_list>
<pin id="23" dir="1" index="0" bw="1" slack="0"/>
</pin_list>
<bind>
<StgValue><ssdm name=""/></StgValue>
</bind>
</comp>

<comp id="24" class="1001" name="const_24">
<pin_list>
<pin id="25" dir="1" index="0" bw="1" slack="0"/>
</pin_list>
<bind>
<StgValue><ssdm name=""/></StgValue>
</bind>
</comp>

<comp id="26" class="1001" name="const_26">
<pin_list>
<pin id="27" dir="1" index="0" bw="1" slack="0"/>
</pin_list>
<bind>
<StgValue><ssdm name=""/></StgValue>
</bind>
</comp>

<comp id="28" class="1001" name="const_28">
<pin_list>
<pin id="29" dir="1" index="0" bw="1" slack="2147483647"/>
</pin_list>
<bind>
<StgValue><ssdm name="_ssdm_op_SpecPipeline"/></StgValue>
</bind>
</comp>

<comp id="30" class="1001" name="const_30">
<pin_list>
<pin id="31" dir="1" index="0" bw="1" slack="2147483647"/>
</pin_list>
<bind>
<StgValue><ssdm name="_ssdm_op_SpecLoopTripCount"/></StgValue>
</bind>
</comp>

<comp id="32" class="1001" name="const_32">
<pin_list>
<pin id="33" dir="1" index="0" bw="1" slack="2147483647"/>
</pin_list>
<bind>
<StgValue><ssdm name=""/></StgValue>
</bind>
</comp>

<comp id="34" class="1001" name="const_34">
<pin_list>
<pin id="35" dir="1" index="0" bw="1" slack="2147483647"/>
</pin_list>
<bind>
<StgValue><ssdm name="_ssdm_op_SpecLoopName"/></StgValue>
</bind>
</comp>

<comp id="36" class="1001" name="const_36">
<pin_list>
<pin id="37" dir="1" index="0" bw="1" slack="2147483647"/>
</pin_list>
<bind>
<StgValue><ssdm name="empty_6"/></StgValue>
</bind>
</comp>

<comp id="38" class="1001" name="const_38">
<pin_list>
<pin id="39" dir="1" index="0" bw="1" slack="0"/>
</pin_list>
<bind>
<StgValue><ssdm name="_ssdm_op_Read.ap_fifo.volatile.i128P0A"/></StgValue>
</bind>
</comp>

<comp id="40" class="1001" name="const_40">
<pin_list>
<pin id="41" dir="1" index="0" bw="1" slack="0"/>
</pin_list>
<bind>
<StgValue><ssdm name="_ssdm_op_PartSelect.i32.i128.i32.i32"/></StgValue>
</bind>
</comp>

<comp id="42" class="1001" name="const_42">
<pin_list>
<pin id="43" dir="1" index="0" bw="1" slack="0"/>
</pin_list>
<bind>
<StgValue><ssdm name=""/></StgValue>
</bind>
</comp>

<comp id="44" class="1001" name="const_44">
<pin_list>
<pin id="45" dir="1" index="0" bw="1" slack="0"/>
</pin_list>
<bind>
<StgValue><ssdm name=""/></StgValue>
</bind>
</comp>

<comp id="46" class="1001" name="const_46">
<pin_list>
<pin id="47" dir="1" index="0" bw="1" slack="0"/>
</pin_list>
<bind>
<StgValue><ssdm name="_ssdm_op_Write.ap_fifo.volatile.i32P0A"/></StgValue>
</bind>
</comp>

<comp id="48" class="1001" name="const_48">
<pin_list>
<pin id="49" dir="1" index="0" bw="1" slack="0"/>
</pin_list>
<bind>
<StgValue><ssdm name=""/></StgValue>
</bind>
</comp>

<comp id="50" class="1001" name="const_50">
<pin_list>
<pin id="51" dir="1" index="0" bw="1" slack="0"/>
</pin_list>
<bind>
<StgValue><ssdm name=""/></StgValue>
</bind>
</comp>

<comp id="52" class="1001" name="const_52">
<pin_list>
<pin id="53" dir="1" index="0" bw="1" slack="0"/>
</pin_list>
<bind>
<StgValue><ssdm name=""/></StgValue>
</bind>
</comp>

<comp id="54" class="1001" name="const_54">
<pin_list>
<pin id="55" dir="1" index="0" bw="1" slack="0"/>
</pin_list>
<bind>
<StgValue><ssdm name=""/></StgValue>
</bind>
</comp>

<comp id="56" class="1004" name="i_fu_56">
<pin_list>
<pin id="57" dir="0" index="0" bw="1" slack="0"/>
<pin id="58" dir="1" index="1" bw="11" slack="0"/>
</pin_list>
<bind>
<opcode="alloca(26) " fcode="alloca"/>
<opset="i/1 "/>
</bind>
</comp>

<comp id="60" class="1004" name="stream_compute_to_fft_read_read_fu_60">
<pin_list>
<pin id="61" dir="0" index="0" bw="128" slack="0"/>
<pin id="62" dir="0" index="1" bw="128" slack="0"/>
<pin id="63" dir="1" index="2" bw="128" slack="0"/>
</pin_list>
<bind>
<opcode="read(1150) " fcode="read"/>
<opset="stream_compute_to_fft_read/2 "/>
</bind>
</comp>

<comp id="66" class="1004" name="write_ln88_write_fu_66">
<pin_list>
<pin id="67" dir="0" index="0" bw="0" slack="0"/>
<pin id="68" dir="0" index="1" bw="32" slack="0"/>
<pin id="69" dir="0" index="2" bw="32" slack="0"/>
<pin id="70" dir="1" index="3" bw="0" slack="2147483647"/>
</pin_list>
<bind>
<opcode="write(1151) " fcode="write"/>
<opset="write_ln88/2 "/>
</bind>
</comp>

<comp id="73" class="1004" name="write_ln89_write_fu_73">
<pin_list>
<pin id="74" dir="0" index="0" bw="0" slack="0"/>
<pin id="75" dir="0" index="1" bw="32" slack="0"/>
<pin id="76" dir="0" index="2" bw="32" slack="0"/>
<pin id="77" dir="1" index="3" bw="0" slack="2147483647"/>
</pin_list>
<bind>
<opcode="write(1151) " fcode="write"/>
<opset="write_ln89/2 "/>
</bind>
</comp>

<comp id="80" class="1004" name="write_ln90_write_fu_80">
<pin_list>
<pin id="81" dir="0" index="0" bw="0" slack="0"/>
<pin id="82" dir="0" index="1" bw="32" slack="0"/>
<pin id="83" dir="0" index="2" bw="32" slack="0"/>
<pin id="84" dir="1" index="3" bw="0" slack="2147483647"/>
</pin_list>
<bind>
<opcode="write(1151) " fcode="write"/>
<opset="write_ln90/2 "/>
</bind>
</comp>

<comp id="87" class="1004" name="write_ln91_write_fu_87">
<pin_list>
<pin id="88" dir="0" index="0" bw="0" slack="0"/>
<pin id="89" dir="0" index="1" bw="32" slack="0"/>
<pin id="90" dir="0" index="2" bw="32" slack="0"/>
<pin id="91" dir="1" index="3" bw="0" slack="2147483647"/>
</pin_list>
<bind>
<opcode="write(1151) " fcode="write"/>
<opset="write_ln91/2 "/>
</bind>
</comp>

<comp id="94" class="1004" name="store_ln84_store_fu_94">
<pin_list>
<pin id="95" dir="0" index="0" bw="1" slack="0"/>
<pin id="96" dir="0" index="1" bw="11" slack="0"/>
<pin id="97" dir="1" index="2" bw="0" slack="2147483647"/>
</pin_list>
<bind>
<opcode="store(28) " fcode="store"/>
<opset="store_ln84/1 "/>
</bind>
</comp>

<comp id="99" class="1004" name="i_3_load_fu_99">
<pin_list>
<pin id="100" dir="0" index="0" bw="11" slack="0"/>
<pin id="101" dir="1" index="1" bw="11" slack="0"/>
</pin_list>
<bind>
<opcode="load(27) " fcode="load"/>
<opset="i_3/1 "/>
</bind>
</comp>

<comp id="102" class="1004" name="icmp_ln84_fu_102">
<pin_list>
<pin id="103" dir="0" index="0" bw="11" slack="0"/>
<pin id="104" dir="0" index="1" bw="11" slack="0"/>
<pin id="105" dir="1" index="2" bw="1" slack="2147483647"/>
</pin_list>
<bind>
<opcode="icmp(45) " fcode="icmp"/>
<opset="icmp_ln84/1 "/>
</bind>
</comp>

<comp id="108" class="1004" name="i_4_fu_108">
<pin_list>
<pin id="109" dir="0" index="0" bw="11" slack="0"/>
<pin id="110" dir="0" index="1" bw="1" slack="0"/>
<pin id="111" dir="1" index="2" bw="11" slack="0"/>
</pin_list>
<bind>
<opcode="add(8) " fcode="add"/>
<opset="i_4/1 "/>
</bind>
</comp>

<comp id="114" class="1004" name="store_ln84_store_fu_114">
<pin_list>
<pin id="115" dir="0" index="0" bw="11" slack="0"/>
<pin id="116" dir="0" index="1" bw="11" slack="0"/>
<pin id="117" dir="1" index="2" bw="0" slack="2147483647"/>
</pin_list>
<bind>
<opcode="store(28) " fcode="store"/>
<opset="store_ln84/1 "/>
</bind>
</comp>

<comp id="119" class="1004" name="p_0_fu_119">
<pin_list>
<pin id="120" dir="0" index="0" bw="32" slack="0"/>
<pin id="121" dir="0" index="1" bw="128" slack="0"/>
<pin id="122" dir="0" index="2" bw="8" slack="0"/>
<pin id="123" dir="0" index="3" bw="8" slack="0"/>
<pin id="124" dir="1" index="4" bw="32" slack="0"/>
</pin_list>
<bind>
<opcode="partselect(1002) " fcode="partselect"/>
<opset="p_0/2 "/>
</bind>
</comp>

<comp id="130" class="1004" name="trunc_ln88_fu_130">
<pin_list>
<pin id="131" dir="0" index="0" bw="128" slack="0"/>
<pin id="132" dir="1" index="1" bw="32" slack="0"/>
</pin_list>
<bind>
<opcode="trunc(33) " fcode="trunc"/>
<opset="trunc_ln88/2 "/>
</bind>
</comp>

<comp id="135" class="1004" name="p_s_fu_135">
<pin_list>
<pin id="136" dir="0" index="0" bw="32" slack="0"/>
<pin id="137" dir="0" index="1" bw="128" slack="0"/>
<pin id="138" dir="0" index="2" bw="7" slack="0"/>
<pin id="139" dir="0" index="3" bw="7" slack="0"/>
<pin id="140" dir="1" index="4" bw="32" slack="0"/>
</pin_list>
<bind>
<opcode="partselect(1002) " fcode="partselect"/>
<opset="p_s/2 "/>
</bind>
</comp>

<comp id="146" class="1004" name="p_1_fu_146">
<pin_list>
<pin id="147" dir="0" index="0" bw="32" slack="0"/>
<pin id="148" dir="0" index="1" bw="128" slack="0"/>
<pin id="149" dir="0" index="2" bw="8" slack="0"/>
<pin id="150" dir="0" index="3" bw="8" slack="0"/>
<pin id="151" dir="1" index="4" bw="32" slack="0"/>
</pin_list>
<bind>
<opcode="partselect(1002) " fcode="partselect"/>
<opset="p_1/2 "/>
</bind>
</comp>

<comp id="157" class="1005" name="i_reg_157">
<pin_list>
<pin id="158" dir="0" index="0" bw="11" slack="0"/>
<pin id="159" dir="1" index="1" bw="11" slack="0"/>
</pin_list>
<bind>
<opset="i "/>
</bind>
</comp>

</comp_list>

<net_list>
<net id="59"><net_src comp="10" pin="0"/><net_sink comp="56" pin=0"/></net>

<net id="64"><net_src comp="38" pin="0"/><net_sink comp="60" pin=0"/></net>

<net id="65"><net_src comp="0" pin="0"/><net_sink comp="60" pin=1"/></net>

<net id="71"><net_src comp="46" pin="0"/><net_sink comp="66" pin=0"/></net>

<net id="72"><net_src comp="2" pin="0"/><net_sink comp="66" pin=1"/></net>

<net id="78"><net_src comp="46" pin="0"/><net_sink comp="73" pin=0"/></net>

<net id="79"><net_src comp="4" pin="0"/><net_sink comp="73" pin=1"/></net>

<net id="85"><net_src comp="46" pin="0"/><net_sink comp="80" pin=0"/></net>

<net id="86"><net_src comp="6" pin="0"/><net_sink comp="80" pin=1"/></net>

<net id="92"><net_src comp="46" pin="0"/><net_sink comp="87" pin=0"/></net>

<net id="93"><net_src comp="8" pin="0"/><net_sink comp="87" pin=1"/></net>

<net id="98"><net_src comp="22" pin="0"/><net_sink comp="94" pin=0"/></net>

<net id="106"><net_src comp="99" pin="1"/><net_sink comp="102" pin=0"/></net>

<net id="107"><net_src comp="24" pin="0"/><net_sink comp="102" pin=1"/></net>

<net id="112"><net_src comp="99" pin="1"/><net_sink comp="108" pin=0"/></net>

<net id="113"><net_src comp="26" pin="0"/><net_sink comp="108" pin=1"/></net>

<net id="118"><net_src comp="108" pin="2"/><net_sink comp="114" pin=0"/></net>

<net id="125"><net_src comp="40" pin="0"/><net_sink comp="119" pin=0"/></net>

<net id="126"><net_src comp="60" pin="2"/><net_sink comp="119" pin=1"/></net>

<net id="127"><net_src comp="42" pin="0"/><net_sink comp="119" pin=2"/></net>

<net id="128"><net_src comp="44" pin="0"/><net_sink comp="119" pin=3"/></net>

<net id="129"><net_src comp="119" pin="4"/><net_sink comp="87" pin=2"/></net>

<net id="133"><net_src comp="60" pin="2"/><net_sink comp="130" pin=0"/></net>

<net id="134"><net_src comp="130" pin="1"/><net_sink comp="66" pin=2"/></net>

<net id="141"><net_src comp="40" pin="0"/><net_sink comp="135" pin=0"/></net>

<net id="142"><net_src comp="60" pin="2"/><net_sink comp="135" pin=1"/></net>

<net id="143"><net_src comp="48" pin="0"/><net_sink comp="135" pin=2"/></net>

<net id="144"><net_src comp="50" pin="0"/><net_sink comp="135" pin=3"/></net>

<net id="145"><net_src comp="135" pin="4"/><net_sink comp="73" pin=2"/></net>

<net id="152"><net_src comp="40" pin="0"/><net_sink comp="146" pin=0"/></net>

<net id="153"><net_src comp="60" pin="2"/><net_sink comp="146" pin=1"/></net>

<net id="154"><net_src comp="52" pin="0"/><net_sink comp="146" pin=2"/></net>

<net id="155"><net_src comp="54" pin="0"/><net_sink comp="146" pin=3"/></net>

<net id="156"><net_src comp="146" pin="4"/><net_sink comp="80" pin=2"/></net>

<net id="160"><net_src comp="56" pin="1"/><net_sink comp="157" pin=0"/></net>

<net id="161"><net_src comp="157" pin="1"/><net_sink comp="94" pin=1"/></net>

<net id="162"><net_src comp="157" pin="1"/><net_sink comp="99" pin=0"/></net>

<net id="163"><net_src comp="157" pin="1"/><net_sink comp="114" pin=1"/></net>

</net_list>

</model> 
---------------- Datapath Model END ------------------

* FSMD analyzer results:
  - Output states:
	Port: ch0_in | {2 }
	Port: ch1_in | {2 }
	Port: ch2_in | {2 }
	Port: ch3_in | {2 }
 - Input state : 
	Port: unpack_Pipeline_unpack_loop : stream_compute_to_fft | {2 }
  - Chain level:
	State 1
		store_ln84 : 1
		i_3 : 1
		icmp_ln84 : 2
		i_4 : 2
		br_ln84 : 3
		store_ln84 : 3
	State 2
		write_ln88 : 1
		write_ln89 : 1
		write_ln90 : 1
		write_ln91 : 1


============================================================
+ Verbose Summary: Datapath Resource usage 
============================================================

* Functional unit list:
|----------|---------------------------------------|---------|---------|
| Operation|            Functional Unit            |    FF   |   LUT   |
|----------|---------------------------------------|---------|---------|
|   icmp   |            icmp_ln84_fu_102           |    0    |    11   |
|----------|---------------------------------------|---------|---------|
|    add   |               i_4_fu_108              |    0    |    11   |
|----------|---------------------------------------|---------|---------|
|   read   | stream_compute_to_fft_read_read_fu_60 |    0    |    0    |
|----------|---------------------------------------|---------|---------|
|          |         write_ln88_write_fu_66        |    0    |    0    |
|   write  |         write_ln89_write_fu_73        |    0    |    0    |
|          |         write_ln90_write_fu_80        |    0    |    0    |
|          |         write_ln91_write_fu_87        |    0    |    0    |
|----------|---------------------------------------|---------|---------|
|          |               p_0_fu_119              |    0    |    0    |
|partselect|               p_s_fu_135              |    0    |    0    |
|          |               p_1_fu_146              |    0    |    0    |
|----------|---------------------------------------|---------|---------|
|   trunc  |           trunc_ln88_fu_130           |    0    |    0    |
|----------|---------------------------------------|---------|---------|
|   Total  |                                       |    0    |    22   |
|----------|---------------------------------------|---------|---------|

Memories:
N/A

* Register list:
+---------+--------+
|         |   FF   |
+---------+--------+
|i_reg_157|   11   |
+---------+--------+
|  Total  |   11   |
+---------+--------+

* Multiplexer (MUX) list: 
|--------|------|------|------|--------|
|  Comp  |  Pin | Size |  BW  | S x BW |
|--------|------|------|------|--------|
|  Total |      |      |      |    0   |
|--------|------|------|------|--------|



* Summary:
+-----------+--------+--------+
|           |   FF   |   LUT  |
+-----------+--------+--------+
|  Function |    0   |   22   |
|   Memory  |    -   |    -   |
|Multiplexer|    -   |    -   |
|  Register |   11   |    -   |
+-----------+--------+--------+
|   Total   |   11   |   22   |
+-----------+--------+--------+
