

================================================================
== Vitis HLS Report for 'write_outputs'
================================================================
* Date:           Sat Jan 10 15:28:41 2026

* Version:        2023.2 (Build 4023990 on Oct 11 2023)
* Project:        hls_pfb
* Solution:       hls (Vivado IP Flow Target)
* Product family: zynq
* Target device:  xc7z045-ffg900-2


================================================================
== Performance Estimates
================================================================
+ Timing: 
    * Summary: 
    +--------+----------+----------+------------+
    |  Clock |  Target  | Estimated| Uncertainty|
    +--------+----------+----------+------------+
    |ap_clk  |  10.00 ns|  4.333 ns|     2.70 ns|
    +--------+----------+----------+------------+

+ Latency: 
    * Summary: 
    +---------+---------+-----------+-----------+------+------+---------+
    |  Latency (cycles) |   Latency (absolute)  |   Interval  | Pipeline|
    |   min   |   max   |    min    |    max    |  min |  max |   Type  |
    +---------+---------+-----------+-----------+------+------+---------+
    |     1028|     1028|  10.280 us|  10.280 us|  1028|  1028|       no|
    +---------+---------+-----------+-----------+------+------+---------+

    + Detail: 
        * Instance: 
        +---------------------------------------------+-----------------------------------+---------+---------+-----------+-----------+------+------+---------+
        |                                             |                                   |  Latency (cycles) |   Latency (absolute)  |   Interval  | Pipeline|
        |                   Instance                  |               Module              |   min   |   max   |    min    |    max    |  min |  max |   Type  |
        +---------------------------------------------+-----------------------------------+---------+---------+-----------+-----------+------+------+---------+
        |grp_write_outputs_Pipeline_write_loop_fu_34  |write_outputs_Pipeline_write_loop  |     1026|     1026|  10.260 us|  10.260 us|  1026|  1026|       no|
        +---------------------------------------------+-----------------------------------+---------+---------+-----------+-----------+------+------+---------+

        * Loop: 
        N/A

============================================================
+ Verbose Summary: Synthesis Manager
============================================================
InlineROM: 1
ExposeGlobal: 0
============================================================
+ Verbose Summary: CDFG Model
============================================================
IsTopModel: 0
ResetActiveHigh: 1
IsCombinational: 2
IsDatapathOnly: 0
HasWiredReturn: 1
HasMFsm: 0
HasVarLatency: 1
IsPipeline: 0
IsRtlPipelined: 0
IsInstanceOverlapped: 0
IsDontTouch: 0
HasImplIP: 0
IsGatedGlobalClock: 0


============================================================
+ Verbose Summary: Schedule
============================================================
* Number of FSM states : 3
* Pipeline : 0
* Dataflow Pipeline: 0

* FSM state transitions: 
1 --> 2 
2 --> 3 
3 --> 

* FSM state operations: 

State 1 <SV = 0> <Delay = 1.89>
ST_1 : Operation 4 [1/1] (0.00ns)   --->   "%dummy_state_load = load i32 %dummy_state" [/home/brett/Documents/FX_Correlator/pfb/hls_pfb/pfb_io.cpp:45]   --->   Operation 4 'load' 'dummy_state_load' <Predicate = true> <Delay = 0.00>
ST_1 : Operation 5 [1/1] (1.89ns)   --->   "%add_ln45 = add i32 %dummy_state_load, i32 1" [/home/brett/Documents/FX_Correlator/pfb/hls_pfb/pfb_io.cpp:45]   --->   Operation 5 'add' 'add_ln45' <Predicate = true> <Delay = 1.89> <CoreInst = "Adder">   --->   Core 1 'Adder' <Latency = 0> <II = 1> <Delay = 1.89> <FuncUnit> <Opcode : 'add' 'sub'> <InPorts = 2> <OutPorts = 1>
ST_1 : Operation 6 [1/1] (0.00ns)   --->   "%store_ln45 = store i32 %add_ln45, i32 %dummy_state" [/home/brett/Documents/FX_Correlator/pfb/hls_pfb/pfb_io.cpp:45]   --->   Operation 6 'store' 'store_ln45' <Predicate = true> <Delay = 0.00>
ST_1 : Operation 7 [1/1] (0.00ns)   --->   "%empty = wait i32 @_ssdm_op_Wait"   --->   Operation 7 'wait' 'empty' <Predicate = true> <Delay = 0.00>
ST_1 : Operation 8 [2/2] (0.00ns)   --->   "%call_ln0 = call void @write_outputs_Pipeline_write_loop, i128 %stream_fft_to_write, i32 %dout_data_0, i32 %dout_data_1, i32 %dout_data_2, i32 %dout_data_3"   --->   Operation 8 'call' 'call_ln0' <Predicate = true> <Delay = 0.00> <CoreType = "Generic">   --->   Core 0 '' <Latency = 0> <II = 1> <Delay = 1.00> <Generic> <Opcode : >

State 2 <SV = 1> <Delay = 4.33>
ST_2 : Operation 9 [1/2] (4.33ns)   --->   "%call_ln0 = call void @write_outputs_Pipeline_write_loop, i128 %stream_fft_to_write, i32 %dout_data_0, i32 %dout_data_1, i32 %dout_data_2, i32 %dout_data_3"   --->   Operation 9 'call' 'call_ln0' <Predicate = true> <Delay = 4.33> <CoreType = "Generic">   --->   Core 0 '' <Latency = 0> <II = 1> <Delay = 1.00> <Generic> <Opcode : >

State 3 <SV = 2> <Delay = 0.00>
ST_3 : Operation 10 [1/1] (0.00ns)   --->   "%specinterface_ln0 = specinterface void @_ssdm_op_SpecInterface, i128 %stream_fft_to_write, void @empty_8, i32 0, i32 0, void @empty_18, i32 0, i32 0, void @empty_18, void @empty_18, void @empty_18, i32 0, i32 0, i32 0, i32 0, void @empty_18, void @empty_18, i32 4294967295, i32 0"   --->   Operation 10 'specinterface' 'specinterface_ln0' <Predicate = true> <Delay = 0.00>
ST_3 : Operation 11 [1/1] (0.00ns)   --->   "%specinterface_ln0 = specinterface void @_ssdm_op_SpecInterface, i32 %dout_data_3, void @empty_15, i32 1, i32 1, void @empty_14, i32 0, i32 0, void @empty_18, void @empty_18, void @empty_18, i32 0, i32 0, i32 0, i32 0, void @empty_18, void @empty_18, i32 4294967295, i32 0"   --->   Operation 11 'specinterface' 'specinterface_ln0' <Predicate = true> <Delay = 0.00>
ST_3 : Operation 12 [1/1] (0.00ns)   --->   "%specinterface_ln0 = specinterface void @_ssdm_op_SpecInterface, i32 %dout_data_2, void @empty_15, i32 1, i32 1, void @empty_14, i32 0, i32 0, void @empty_18, void @empty_18, void @empty_18, i32 0, i32 0, i32 0, i32 0, void @empty_18, void @empty_18, i32 4294967295, i32 0"   --->   Operation 12 'specinterface' 'specinterface_ln0' <Predicate = true> <Delay = 0.00>
ST_3 : Operation 13 [1/1] (0.00ns)   --->   "%specinterface_ln0 = specinterface void @_ssdm_op_SpecInterface, i32 %dout_data_1, void @empty_15, i32 1, i32 1, void @empty_14, i32 0, i32 0, void @empty_18, void @empty_18, void @empty_18, i32 0, i32 0, i32 0, i32 0, void @empty_18, void @empty_18, i32 4294967295, i32 0"   --->   Operation 13 'specinterface' 'specinterface_ln0' <Predicate = true> <Delay = 0.00>
ST_3 : Operation 14 [1/1] (0.00ns)   --->   "%specinterface_ln0 = specinterface void @_ssdm_op_SpecInterface, i32 %dout_data_0, void @empty_15, i32 1, i32 1, void @empty_14, i32 0, i32 0, void @empty_18, void @empty_18, void @empty_18, i32 0, i32 0, i32 0, i32 0, void @empty_18, void @empty_18, i32 4294967295, i32 0"   --->   Operation 14 'specinterface' 'specinterface_ln0' <Predicate = true> <Delay = 0.00>
ST_3 : Operation 15 [1/1] (0.00ns)   --->   "%specinterface_ln33 = specinterface void @_ssdm_op_SpecInterface, i32 0, void @empty_7, i32 0, i32 0, void @empty_18, i32 0, i32 0, void @empty_18, void @empty_18, void @empty_18, i32 0, i32 0, i32 0, i32 0, void @empty_18, void @empty_18, i32 4294967295, i32 0" [/home/brett/Documents/FX_Correlator/pfb/hls_pfb/pfb_io.cpp:33]   --->   Operation 15 'specinterface' 'specinterface_ln33' <Predicate = true> <Delay = 0.00>
ST_3 : Operation 16 [1/1] (0.00ns)   --->   "%ret_ln68 = ret" [/home/brett/Documents/FX_Correlator/pfb/hls_pfb/pfb_io.cpp:68]   --->   Operation 16 'ret' 'ret_ln68' <Predicate = true> <Delay = 0.00>


============================================================
+ Verbose Summary: Binding
============================================================
STG Binding: 
---------------- STG Properties BEGIN ----------------
- Is combinational: 0
- Is one-state seq: 0
- Is datapath-only: 0
- Is pipelined: 0
- Is top level: 0
Port [ Return ] is wired: 1; IO mode=ap_ctrl_hs:ce=0
Port [ stream_fft_to_write]:  wired=1; compound=1; hidden=0; nouse=0; global=0; static=0; extern=0; dir=0; type=3; pingpong=0; private_global=0; IO mode=ap_fifo:ce=0
Port [ dout_data_0]:  wired=1; compound=1; hidden=0; nouse=0; global=0; static=0; extern=0; dir=1; type=0; pingpong=0; private_global=0; IO mode=axis:ce=0
Port [ dout_data_1]:  wired=1; compound=1; hidden=0; nouse=0; global=0; static=0; extern=0; dir=1; type=0; pingpong=0; private_global=0; IO mode=axis:ce=0
Port [ dout_data_2]:  wired=1; compound=1; hidden=0; nouse=0; global=0; static=0; extern=0; dir=1; type=0; pingpong=0; private_global=0; IO mode=axis:ce=0
Port [ dout_data_3]:  wired=1; compound=1; hidden=0; nouse=0; global=0; static=0; extern=0; dir=1; type=0; pingpong=0; private_global=0; IO mode=axis:ce=0
Port [ dummy_state]:  wired=0; compound=0; hidden=1; nouse=0; global=1; static=1; extern=0; dir=2; type=0; pingpong=0; private_global=1; IO mode=ap_ovld:ce=0
---------------- STG Properties END ------------------

---------------- Datapath Model BEGIN ----------------

<LifeTime>
<method=bitvector/>
dummy_state_load   (load         ) [ 0000]
add_ln45           (add          ) [ 0000]
store_ln45         (store        ) [ 0000]
empty              (wait         ) [ 0000]
call_ln0           (call         ) [ 0000]
specinterface_ln0  (specinterface) [ 0000]
specinterface_ln0  (specinterface) [ 0000]
specinterface_ln0  (specinterface) [ 0000]
specinterface_ln0  (specinterface) [ 0000]
specinterface_ln0  (specinterface) [ 0000]
specinterface_ln33 (specinterface) [ 0000]
ret_ln68           (ret          ) [ 0000]
</LifeTime>

<model>

<comp_list>
<comp id="0" class="1000" name="stream_fft_to_write">
<pin_list>
<pin id="1" dir="1" index="0" bw="1" slack="0"/>
</pin_list>
<bind>
<StgValue><ssdm name="stream_fft_to_write"/></StgValue>
</bind>
</comp>

<comp id="2" class="1000" name="dout_data_0">
<pin_list>
<pin id="3" dir="1" index="0" bw="1" slack="0"/>
</pin_list>
<bind>
<StgValue><ssdm name="dout_data_0"/></StgValue>
</bind>
</comp>

<comp id="4" class="1000" name="dout_data_1">
<pin_list>
<pin id="5" dir="1" index="0" bw="1" slack="0"/>
</pin_list>
<bind>
<StgValue><ssdm name="dout_data_1"/></StgValue>
</bind>
</comp>

<comp id="6" class="1000" name="dout_data_2">
<pin_list>
<pin id="7" dir="1" index="0" bw="1" slack="0"/>
</pin_list>
<bind>
<StgValue><ssdm name="dout_data_2"/></StgValue>
</bind>
</comp>

<comp id="8" class="1000" name="dout_data_3">
<pin_list>
<pin id="9" dir="1" index="0" bw="1" slack="0"/>
</pin_list>
<bind>
<StgValue><ssdm name="dout_data_3"/></StgValue>
</bind>
</comp>

<comp id="10" class="1000" name="dummy_state">
<pin_list>
<pin id="11" dir="1" index="0" bw="1" slack="0"/>
</pin_list>
<bind>
<StgValue><ssdm name="dummy_state"/></StgValue>
</bind>
</comp>

<comp id="12" class="1001" name="const_12">
<pin_list>
<pin id="13" dir="1" index="0" bw="1" slack="0"/>
</pin_list>
<bind>
<StgValue><ssdm name=""/></StgValue>
</bind>
</comp>

<comp id="14" class="1001" name="const_14">
<pin_list>
<pin id="15" dir="1" index="0" bw="1" slack="2147483647"/>
</pin_list>
<bind>
<StgValue><ssdm name="_ssdm_op_Wait"/></StgValue>
</bind>
</comp>

<comp id="16" class="1001" name="const_16">
<pin_list>
<pin id="17" dir="1" index="0" bw="1" slack="0"/>
</pin_list>
<bind>
<StgValue><ssdm name="write_outputs_Pipeline_write_loop"/></StgValue>
</bind>
</comp>

<comp id="18" class="1001" name="const_18">
<pin_list>
<pin id="19" dir="1" index="0" bw="1" slack="2147483647"/>
</pin_list>
<bind>
<StgValue><ssdm name="_ssdm_op_SpecInterface"/></StgValue>
</bind>
</comp>

<comp id="20" class="1001" name="const_20">
<pin_list>
<pin id="21" dir="1" index="0" bw="1" slack="2147483647"/>
</pin_list>
<bind>
<StgValue><ssdm name="empty_8"/></StgValue>
</bind>
</comp>

<comp id="22" class="1001" name="const_22">
<pin_list>
<pin id="23" dir="1" index="0" bw="1" slack="2147483647"/>
</pin_list>
<bind>
<StgValue><ssdm name=""/></StgValue>
</bind>
</comp>

<comp id="24" class="1001" name="const_24">
<pin_list>
<pin id="25" dir="1" index="0" bw="1" slack="2147483647"/>
</pin_list>
<bind>
<StgValue><ssdm name="empty_18"/></StgValue>
</bind>
</comp>

<comp id="26" class="1001" name="const_26">
<pin_list>
<pin id="27" dir="1" index="0" bw="1" slack="2147483647"/>
</pin_list>
<bind>
<StgValue><ssdm name=""/></StgValue>
</bind>
</comp>

<comp id="28" class="1001" name="const_28">
<pin_list>
<pin id="29" dir="1" index="0" bw="1" slack="2147483647"/>
</pin_list>
<bind>
<StgValue><ssdm name="empty_15"/></StgValue>
</bind>
</comp>

<comp id="30" class="1001" name="const_30">
<pin_list>
<pin id="31" dir="1" index="0" bw="1" slack="2147483647"/>
</pin_list>
<bind>
<StgValue><ssdm name="empty_14"/></StgValue>
</bind>
</comp>

<comp id="32" class="1001" name="const_32">
<pin_list>
<pin id="33" dir="1" index="0" bw="1" slack="2147483647"/>
</pin_list>
<bind>
<StgValue><ssdm name="empty_7"/></StgValue>
</bind>
</comp>

<comp id="34" class="1004" name="grp_write_outputs_Pipeline_write_loop_fu_34">
<pin_list>
<pin id="35" dir="0" index="0" bw="0" slack="0"/>
<pin id="36" dir="0" index="1" bw="128" slack="0"/>
<pin id="37" dir="0" index="2" bw="32" slack="0"/>
<pin id="38" dir="0" index="3" bw="32" slack="0"/>
<pin id="39" dir="0" index="4" bw="32" slack="0"/>
<pin id="40" dir="0" index="5" bw="32" slack="0"/>
<pin id="41" dir="1" index="6" bw="0" slack="2147483647"/>
</pin_list>
<bind>
<opcode="call(48) " fcode="call"/>
<opset="call_ln0/1 "/>
</bind>
</comp>

<comp id="48" class="1004" name="dummy_state_load_load_fu_48">
<pin_list>
<pin id="49" dir="0" index="0" bw="32" slack="0"/>
<pin id="50" dir="1" index="1" bw="32" slack="0"/>
</pin_list>
<bind>
<opcode="load(27) " fcode="load"/>
<opset="dummy_state_load/1 "/>
</bind>
</comp>

<comp id="52" class="1004" name="add_ln45_fu_52">
<pin_list>
<pin id="53" dir="0" index="0" bw="32" slack="0"/>
<pin id="54" dir="0" index="1" bw="1" slack="0"/>
<pin id="55" dir="1" index="2" bw="32" slack="0"/>
</pin_list>
<bind>
<opcode="add(8) " fcode="add"/>
<opset="add_ln45/1 "/>
</bind>
</comp>

<comp id="58" class="1004" name="store_ln45_store_fu_58">
<pin_list>
<pin id="59" dir="0" index="0" bw="32" slack="0"/>
<pin id="60" dir="0" index="1" bw="32" slack="0"/>
<pin id="61" dir="1" index="2" bw="0" slack="2147483647"/>
</pin_list>
<bind>
<opcode="store(28) " fcode="store"/>
<opset="store_ln45/1 "/>
</bind>
</comp>

</comp_list>

<net_list>
<net id="42"><net_src comp="16" pin="0"/><net_sink comp="34" pin=0"/></net>

<net id="43"><net_src comp="0" pin="0"/><net_sink comp="34" pin=1"/></net>

<net id="44"><net_src comp="2" pin="0"/><net_sink comp="34" pin=2"/></net>

<net id="45"><net_src comp="4" pin="0"/><net_sink comp="34" pin=3"/></net>

<net id="46"><net_src comp="6" pin="0"/><net_sink comp="34" pin=4"/></net>

<net id="47"><net_src comp="8" pin="0"/><net_sink comp="34" pin=5"/></net>

<net id="51"><net_src comp="10" pin="0"/><net_sink comp="48" pin=0"/></net>

<net id="56"><net_src comp="48" pin="1"/><net_sink comp="52" pin=0"/></net>

<net id="57"><net_src comp="12" pin="0"/><net_sink comp="52" pin=1"/></net>

<net id="62"><net_src comp="52" pin="2"/><net_sink comp="58" pin=0"/></net>

<net id="63"><net_src comp="10" pin="0"/><net_sink comp="58" pin=1"/></net>

</net_list>

</model> 
---------------- Datapath Model END ------------------

* FSMD analyzer results:
  - Output states:
	Port: dout_data_0 | {1 2 }
	Port: dout_data_1 | {1 2 }
	Port: dout_data_2 | {1 2 }
	Port: dout_data_3 | {1 2 }
	Port: dummy_state | {1 }
 - Input state : 
	Port: write_outputs : stream_fft_to_write | {1 2 }
	Port: write_outputs : dummy_state | {1 }
  - Chain level:
	State 1
		add_ln45 : 1
		store_ln45 : 2
	State 2
	State 3


============================================================
+ Verbose Summary: Datapath Resource usage 
============================================================

* Functional unit list:
|----------|---------------------------------------------|---------|---------|
| Operation|               Functional Unit               |    FF   |   LUT   |
|----------|---------------------------------------------|---------|---------|
|   call   | grp_write_outputs_Pipeline_write_loop_fu_34 |    11   |    22   |
|----------|---------------------------------------------|---------|---------|
|    add   |                add_ln45_fu_52               |    0    |    32   |
|----------|---------------------------------------------|---------|---------|
|   Total  |                                             |    11   |    54   |
|----------|---------------------------------------------|---------|---------|

Memories:
N/A

* Register list:
N/A

* Multiplexer (MUX) list: 
|--------|------|------|------|--------|
|  Comp  |  Pin | Size |  BW  | S x BW |
|--------|------|------|------|--------|
|  Total |      |      |      |    0   |
|--------|------|------|------|--------|



* Summary:
+-----------+--------+--------+
|           |   FF   |   LUT  |
+-----------+--------+--------+
|  Function |   11   |   54   |
|   Memory  |    -   |    -   |
|Multiplexer|    -   |    -   |
|  Register |    -   |    -   |
+-----------+--------+--------+
|   Total   |   11   |   54   |
+-----------+--------+--------+
