Fri Jan  9 19:06:45 2026: Running xcd server. This server was built by gradle.
Fri Jan  9 19:06:45 2026: Server was asked to start on port: '43461'
Fri Jan  9 19:06:45 2026: Server is using token UUID: '856b24cb-9db8-44f1-82f8-05eca19b7f13'
Fri Jan  9 19:06:45 2026: SESSION_MGR: creating session with session uuid: '6d04a3e9-ade5-4ab9-8d63-1f78fcd2ec76' and name 'default'
Fri Jan  9 19:06:45 2026: Attempting to start server on port '43461'
Fri Jan  9 19:06:45 2026: XCD main fifo: created main fifo '/tmp/xcdmain856b24cb-9db8-44f1-82f8-05eca19b7f13', fd read = 13
Fri Jan  9 19:06:45 2026: Running Dispatch Server
Fri Jan  9 19:06:45 2026: Version 2.2.0
Fri Jan  9 19:06:47 2026: Dispatch Server: Accepted socket connection from client
Fri Jan  9 19:06:47 2026: Starting Socket connection
Fri Jan  9 19:06:47 2026: EXCHANGE_TOKEN received, server token: 856b24cb-9db8-44f1-82f8-05eca19b7f13, passed token: 856b24cb-9db8-44f1-82f8-05eca19b7f13
Fri Jan  9 19:06:47 2026: DISPATCH_HANDLER: Adding handler from function makeHandler in library libxv_system_diagram
Fri Jan  9 19:06:47 2026: SESSION_MGR: creating session with session uuid: 'b4932357-6d24-47e4-8aa5-bc1e119d1335' and name 'v++_compile_hls_pfb'
Fri Jan  9 19:06:47 2026: KERNEL_SVC: creating session with uuid: 'b4932357-6d24-47e4-8aa5-bc1e119d1335' and name 'v++_compile_hls_pfb'
Fri Jan  9 19:06:47 2026: GUIDANCE_SMGR: creating guidance session with uuid: 'b4932357-6d24-47e4-8aa5-bc1e119d1335' and name 'v++_compile_hls_pfb'
Fri Jan  9 19:06:47 2026: SYSTEM_DIAGRAM: creating session with uuid: 'b4932357-6d24-47e4-8aa5-bc1e119d1335' and name 'v++_compile_hls_pfb'
Fri Jan  9 19:06:49 2026: Dispatch Server: Accepted socket connection from client
Fri Jan  9 19:06:49 2026: Starting Socket connection
Fri Jan  9 19:07:13 2026: SESSION_MGR: closing session for UUID 'b4932357-6d24-47e4-8aa5-bc1e119d1335' with name 'v++_compile_hls_pfb'
Fri Jan  9 19:07:13 2026: KERNEL_SVC: closing session for UUID 'b4932357-6d24-47e4-8aa5-bc1e119d1335' with name 'v++_compile_hls_pfb'
Fri Jan  9 19:07:13 2026: GUIDANCE_SMGR: closing session for UUID 'b4932357-6d24-47e4-8aa5-bc1e119d1335' with name 'v++_compile_hls_pfb'
Fri Jan  9 19:07:13 2026: SYSTEM_DIAGRAM: closing session for UUID 'b4932357-6d24-47e4-8aa5-bc1e119d1335' with name 'v++_compile_hls_pfb'
Fri Jan  9 19:07:13 2026: STOP_SERVER received, server token: 856b24cb-9db8-44f1-82f8-05eca19b7f13, passed token: 856b24cb-9db8-44f1-82f8-05eca19b7f13
Fri Jan  9 19:07:13 2026: Socket received request to stop server.
Fri Jan  9 19:07:13 2026: Dispatch Server: do_await_stop
Fri Jan  9 19:07:13 2026: Dispatch Server: stopping mainFifo_
Fri Jan  9 19:07:13 2026: XCD main fifo: Stopping
Fri Jan  9 19:07:13 2026: XCD main fifo: do_read error code: Operation canceled
Fri Jan  9 19:07:13 2026: XCD main fifo: bytes_transferred: 0
Fri Jan  9 19:07:13 2026: SERVER: destructor for server bound to port 43461
Fri Jan  9 19:07:13 2026: XCD main fifo: Good unlink of /tmp/xcdmain856b24cb-9db8-44f1-82f8-05eca19b7f13
Fri Jan  9 19:07:13 2026: Server exiting with status 0.
Fri Jan  9 19:07:13 2026: Closing log file.
Fri Jan  9 19:11:09 2026: Running xcd server. This server was built by gradle.
Fri Jan  9 19:11:09 2026: Server was asked to start on port: '33641'
Fri Jan  9 19:11:09 2026: Server is using token UUID: '940aab53-4299-49b8-8791-294e1b4da201'
Fri Jan  9 19:11:09 2026: SESSION_MGR: creating session with session uuid: '6d04a3e9-ade5-4ab9-8d63-1f78fcd2ec76' and name 'default'
Fri Jan  9 19:11:09 2026: Attempting to start server on port '33641'
Fri Jan  9 19:11:09 2026: XCD main fifo: created main fifo '/tmp/xcdmain940aab53-4299-49b8-8791-294e1b4da201', fd read = 13
Fri Jan  9 19:11:09 2026: Running Dispatch Server
Fri Jan  9 19:11:09 2026: Version 2.2.0
Fri Jan  9 19:11:11 2026: Dispatch Server: Accepted socket connection from client
Fri Jan  9 19:11:11 2026: Starting Socket connection
Fri Jan  9 19:11:11 2026: EXCHANGE_TOKEN received, server token: 940aab53-4299-49b8-8791-294e1b4da201, passed token: 940aab53-4299-49b8-8791-294e1b4da201
Fri Jan  9 19:11:11 2026: DISPATCH_HANDLER: Adding handler from function makeHandler in library libxv_system_diagram
Fri Jan  9 19:11:11 2026: SESSION_MGR: creating session with session uuid: '856f156b-b03e-4ec3-81fa-94b9a3bcdf03' and name 'vitis-run_compile_hls_pfb'
Fri Jan  9 19:11:11 2026: KERNEL_SVC: creating session with uuid: '856f156b-b03e-4ec3-81fa-94b9a3bcdf03' and name 'vitis-run_compile_hls_pfb'
Fri Jan  9 19:11:11 2026: GUIDANCE_SMGR: creating guidance session with uuid: '856f156b-b03e-4ec3-81fa-94b9a3bcdf03' and name 'vitis-run_compile_hls_pfb'
Fri Jan  9 19:11:11 2026: SYSTEM_DIAGRAM: creating session with uuid: '856f156b-b03e-4ec3-81fa-94b9a3bcdf03' and name 'vitis-run_compile_hls_pfb'
Fri Jan  9 19:11:12 2026: Dispatch Server: Accepted socket connection from client
Fri Jan  9 19:11:12 2026: Starting Socket connection
Fri Jan  9 19:12:44 2026: SESSION_MGR: closing session for UUID '856f156b-b03e-4ec3-81fa-94b9a3bcdf03' with name 'vitis-run_compile_hls_pfb'
Fri Jan  9 19:12:44 2026: KERNEL_SVC: closing session for UUID '856f156b-b03e-4ec3-81fa-94b9a3bcdf03' with name 'vitis-run_compile_hls_pfb'
Fri Jan  9 19:12:44 2026: GUIDANCE_SMGR: closing session for UUID '856f156b-b03e-4ec3-81fa-94b9a3bcdf03' with name 'vitis-run_compile_hls_pfb'
Fri Jan  9 19:12:44 2026: SYSTEM_DIAGRAM: closing session for UUID '856f156b-b03e-4ec3-81fa-94b9a3bcdf03' with name 'vitis-run_compile_hls_pfb'
Fri Jan  9 19:12:44 2026: STOP_SERVER received, server token: 940aab53-4299-49b8-8791-294e1b4da201, passed token: 940aab53-4299-49b8-8791-294e1b4da201
Fri Jan  9 19:12:44 2026: Socket received request to stop server.
Fri Jan  9 19:12:44 2026: Dispatch Server: do_await_stop
Fri Jan  9 19:12:44 2026: Dispatch Server: stopping mainFifo_
Fri Jan  9 19:12:44 2026: XCD main fifo: Stopping
Fri Jan  9 19:12:44 2026: XCD main fifo: do_read error code: Operation canceled
Fri Jan  9 19:12:44 2026: XCD main fifo: bytes_transferred: 0
Fri Jan  9 19:12:44 2026: SERVER: destructor for server bound to port 33641
Fri Jan  9 19:12:44 2026: XCD main fifo: Good unlink of /tmp/xcdmain940aab53-4299-49b8-8791-294e1b4da201
Fri Jan  9 19:12:44 2026: Server exiting with status 0.
Fri Jan  9 19:12:44 2026: Closing log file.
Fri Jan  9 19:17:33 2026: Running xcd server. This server was built by gradle.
Fri Jan  9 19:17:33 2026: Server was asked to start on port: '45863'
Fri Jan  9 19:17:33 2026: Server is using token UUID: '144cf8a3-437e-4e29-9d33-d92ac3db3ad7'
Fri Jan  9 19:17:33 2026: SESSION_MGR: creating session with session uuid: '6d04a3e9-ade5-4ab9-8d63-1f78fcd2ec76' and name 'default'
Fri Jan  9 19:17:33 2026: Attempting to start server on port '45863'
Fri Jan  9 19:17:33 2026: XCD main fifo: created main fifo '/tmp/xcdmain144cf8a3-437e-4e29-9d33-d92ac3db3ad7', fd read = 13
Fri Jan  9 19:17:33 2026: Running Dispatch Server
Fri Jan  9 19:17:33 2026: Version 2.2.0
Fri Jan  9 19:17:35 2026: Dispatch Server: Accepted socket connection from client
Fri Jan  9 19:17:35 2026: Starting Socket connection
Fri Jan  9 19:17:35 2026: EXCHANGE_TOKEN received, server token: 144cf8a3-437e-4e29-9d33-d92ac3db3ad7, passed token: 144cf8a3-437e-4e29-9d33-d92ac3db3ad7
Fri Jan  9 19:17:35 2026: DISPATCH_HANDLER: Adding handler from function makeHandler in library libxv_system_diagram
Fri Jan  9 19:17:35 2026: SESSION_MGR: creating session with session uuid: 'd49e21d0-39fb-4196-8889-a792ef5c1cfc' and name 'vitis-run_compile_hls_pfb'
Fri Jan  9 19:17:35 2026: KERNEL_SVC: creating session with uuid: 'd49e21d0-39fb-4196-8889-a792ef5c1cfc' and name 'vitis-run_compile_hls_pfb'
Fri Jan  9 19:17:35 2026: GUIDANCE_SMGR: creating guidance session with uuid: 'd49e21d0-39fb-4196-8889-a792ef5c1cfc' and name 'vitis-run_compile_hls_pfb'
Fri Jan  9 19:17:35 2026: SYSTEM_DIAGRAM: creating session with uuid: 'd49e21d0-39fb-4196-8889-a792ef5c1cfc' and name 'vitis-run_compile_hls_pfb'
Fri Jan  9 19:17:36 2026: Dispatch Server: Accepted socket connection from client
Fri Jan  9 19:17:36 2026: Starting Socket connection
Fri Jan  9 19:19:07 2026: SESSION_MGR: closing session for UUID 'd49e21d0-39fb-4196-8889-a792ef5c1cfc' with name 'vitis-run_compile_hls_pfb'
Fri Jan  9 19:19:07 2026: KERNEL_SVC: closing session for UUID 'd49e21d0-39fb-4196-8889-a792ef5c1cfc' with name 'vitis-run_compile_hls_pfb'
Fri Jan  9 19:19:07 2026: GUIDANCE_SMGR: closing session for UUID 'd49e21d0-39fb-4196-8889-a792ef5c1cfc' with name 'vitis-run_compile_hls_pfb'
Fri Jan  9 19:19:07 2026: SYSTEM_DIAGRAM: closing session for UUID 'd49e21d0-39fb-4196-8889-a792ef5c1cfc' with name 'vitis-run_compile_hls_pfb'
Fri Jan  9 19:19:07 2026: STOP_SERVER received, server token: 144cf8a3-437e-4e29-9d33-d92ac3db3ad7, passed token: 144cf8a3-437e-4e29-9d33-d92ac3db3ad7
Fri Jan  9 19:19:07 2026: Socket received request to stop server.
Fri Jan  9 19:19:07 2026: Dispatch Server: do_await_stop
Fri Jan  9 19:19:07 2026: Dispatch Server: stopping mainFifo_
Fri Jan  9 19:19:07 2026: XCD main fifo: Stopping
Fri Jan  9 19:19:07 2026: XCD main fifo: do_read error code: Operation canceled
Fri Jan  9 19:19:07 2026: XCD main fifo: bytes_transferred: 0
Fri Jan  9 19:19:07 2026: SERVER: destructor for server bound to port 45863
Fri Jan  9 19:19:07 2026: XCD main fifo: Good unlink of /tmp/xcdmain144cf8a3-437e-4e29-9d33-d92ac3db3ad7
Fri Jan  9 19:19:07 2026: Server exiting with status 0.
Fri Jan  9 19:19:07 2026: Closing log file.
Fri Jan  9 19:27:13 2026: Running xcd server. This server was built by gradle.
Fri Jan  9 19:27:13 2026: Server was asked to start on port: '34379'
Fri Jan  9 19:27:13 2026: Server is using token UUID: '4c287b1b-ccc9-494d-a006-7dea7cca7ca4'
Fri Jan  9 19:27:13 2026: SESSION_MGR: creating session with session uuid: '6d04a3e9-ade5-4ab9-8d63-1f78fcd2ec76' and name 'default'
Fri Jan  9 19:27:13 2026: Attempting to start server on port '34379'
Fri Jan  9 19:27:13 2026: XCD main fifo: created main fifo '/tmp/xcdmain4c287b1b-ccc9-494d-a006-7dea7cca7ca4', fd read = 13
Fri Jan  9 19:27:13 2026: Running Dispatch Server
Fri Jan  9 19:27:13 2026: Version 2.2.0
Fri Jan  9 19:27:15 2026: Dispatch Server: Accepted socket connection from client
Fri Jan  9 19:27:15 2026: Starting Socket connection
Fri Jan  9 19:27:15 2026: EXCHANGE_TOKEN received, server token: 4c287b1b-ccc9-494d-a006-7dea7cca7ca4, passed token: 4c287b1b-ccc9-494d-a006-7dea7cca7ca4
Fri Jan  9 19:27:15 2026: DISPATCH_HANDLER: Adding handler from function makeHandler in library libxv_system_diagram
Fri Jan  9 19:27:15 2026: SESSION_MGR: creating session with session uuid: '5c41e7b2-669f-45fc-9100-b08715c2cc5d' and name 'vitis-run_compile_hls_pfb'
Fri Jan  9 19:27:15 2026: KERNEL_SVC: creating session with uuid: '5c41e7b2-669f-45fc-9100-b08715c2cc5d' and name 'vitis-run_compile_hls_pfb'
Fri Jan  9 19:27:15 2026: GUIDANCE_SMGR: creating guidance session with uuid: '5c41e7b2-669f-45fc-9100-b08715c2cc5d' and name 'vitis-run_compile_hls_pfb'
Fri Jan  9 19:27:15 2026: SYSTEM_DIAGRAM: creating session with uuid: '5c41e7b2-669f-45fc-9100-b08715c2cc5d' and name 'vitis-run_compile_hls_pfb'
Fri Jan  9 19:27:17 2026: Dispatch Server: Accepted socket connection from client
Fri Jan  9 19:27:17 2026: Starting Socket connection
Fri Jan  9 19:27:21 2026: SESSION_MGR: closing session for UUID '5c41e7b2-669f-45fc-9100-b08715c2cc5d' with name 'vitis-run_compile_hls_pfb'
Fri Jan  9 19:27:21 2026: KERNEL_SVC: closing session for UUID '5c41e7b2-669f-45fc-9100-b08715c2cc5d' with name 'vitis-run_compile_hls_pfb'
Fri Jan  9 19:27:21 2026: GUIDANCE_SMGR: closing session for UUID '5c41e7b2-669f-45fc-9100-b08715c2cc5d' with name 'vitis-run_compile_hls_pfb'
Fri Jan  9 19:27:21 2026: SYSTEM_DIAGRAM: closing session for UUID '5c41e7b2-669f-45fc-9100-b08715c2cc5d' with name 'vitis-run_compile_hls_pfb'
Fri Jan  9 19:27:21 2026: STOP_SERVER received, server token: 4c287b1b-ccc9-494d-a006-7dea7cca7ca4, passed token: 4c287b1b-ccc9-494d-a006-7dea7cca7ca4
Fri Jan  9 19:27:21 2026: Socket received request to stop server.
Fri Jan  9 19:27:21 2026: Dispatch Server: do_await_stop
Fri Jan  9 19:27:21 2026: Dispatch Server: stopping mainFifo_
Fri Jan  9 19:27:21 2026: XCD main fifo: Stopping
Fri Jan  9 19:27:21 2026: XCD main fifo: do_read error code: Operation canceled
Fri Jan  9 19:27:21 2026: XCD main fifo: bytes_transferred: 0
Fri Jan  9 19:27:21 2026: SERVER: destructor for server bound to port 34379
Fri Jan  9 19:27:21 2026: XCD main fifo: Good unlink of /tmp/xcdmain4c287b1b-ccc9-494d-a006-7dea7cca7ca4
Fri Jan  9 19:27:21 2026: Server exiting with status 0.
Fri Jan  9 19:27:21 2026: Closing log file.
Fri Jan  9 19:28:02 2026: Running xcd server. This server was built by gradle.
Fri Jan  9 19:28:02 2026: Server was asked to start on port: '41737'
Fri Jan  9 19:28:02 2026: Server is using token UUID: '99ae4b54-8ba7-420d-a42d-f4a25dc7d327'
Fri Jan  9 19:28:02 2026: SESSION_MGR: creating session with session uuid: '6d04a3e9-ade5-4ab9-8d63-1f78fcd2ec76' and name 'default'
Fri Jan  9 19:28:02 2026: Attempting to start server on port '41737'
Fri Jan  9 19:28:02 2026: XCD main fifo: created main fifo '/tmp/xcdmain99ae4b54-8ba7-420d-a42d-f4a25dc7d327', fd read = 13
Fri Jan  9 19:28:02 2026: Running Dispatch Server
Fri Jan  9 19:28:02 2026: Version 2.2.0
Fri Jan  9 19:28:04 2026: Dispatch Server: Accepted socket connection from client
Fri Jan  9 19:28:04 2026: Starting Socket connection
Fri Jan  9 19:28:04 2026: EXCHANGE_TOKEN received, server token: 99ae4b54-8ba7-420d-a42d-f4a25dc7d327, passed token: 99ae4b54-8ba7-420d-a42d-f4a25dc7d327
Fri Jan  9 19:28:04 2026: DISPATCH_HANDLER: Adding handler from function makeHandler in library libxv_system_diagram
Fri Jan  9 19:28:04 2026: SESSION_MGR: creating session with session uuid: 'ea84d468-d05f-41ba-a6df-cb260c014979' and name 'vitis-run_compile_hls_pfb'
Fri Jan  9 19:28:04 2026: KERNEL_SVC: creating session with uuid: 'ea84d468-d05f-41ba-a6df-cb260c014979' and name 'vitis-run_compile_hls_pfb'
Fri Jan  9 19:28:04 2026: GUIDANCE_SMGR: creating guidance session with uuid: 'ea84d468-d05f-41ba-a6df-cb260c014979' and name 'vitis-run_compile_hls_pfb'
Fri Jan  9 19:28:04 2026: SYSTEM_DIAGRAM: creating session with uuid: 'ea84d468-d05f-41ba-a6df-cb260c014979' and name 'vitis-run_compile_hls_pfb'
Fri Jan  9 19:28:06 2026: Dispatch Server: Accepted socket connection from client
Fri Jan  9 19:28:06 2026: Starting Socket connection
Fri Jan  9 19:28:10 2026: SESSION_MGR: closing session for UUID 'ea84d468-d05f-41ba-a6df-cb260c014979' with name 'vitis-run_compile_hls_pfb'
Fri Jan  9 19:28:10 2026: KERNEL_SVC: closing session for UUID 'ea84d468-d05f-41ba-a6df-cb260c014979' with name 'vitis-run_compile_hls_pfb'
Fri Jan  9 19:28:10 2026: GUIDANCE_SMGR: closing session for UUID 'ea84d468-d05f-41ba-a6df-cb260c014979' with name 'vitis-run_compile_hls_pfb'
Fri Jan  9 19:28:10 2026: SYSTEM_DIAGRAM: closing session for UUID 'ea84d468-d05f-41ba-a6df-cb260c014979' with name 'vitis-run_compile_hls_pfb'
Fri Jan  9 19:28:10 2026: STOP_SERVER received, server token: 99ae4b54-8ba7-420d-a42d-f4a25dc7d327, passed token: 99ae4b54-8ba7-420d-a42d-f4a25dc7d327
Fri Jan  9 19:28:10 2026: Socket received request to stop server.
Fri Jan  9 19:28:10 2026: Dispatch Server: do_await_stop
Fri Jan  9 19:28:10 2026: Dispatch Server: stopping mainFifo_
Fri Jan  9 19:28:10 2026: XCD main fifo: Stopping
Fri Jan  9 19:28:10 2026: XCD main fifo: do_read error code: Operation canceled
Fri Jan  9 19:28:10 2026: XCD main fifo: bytes_transferred: 0
Fri Jan  9 19:28:10 2026: SERVER: destructor for server bound to port 41737
Fri Jan  9 19:28:10 2026: XCD main fifo: Good unlink of /tmp/xcdmain99ae4b54-8ba7-420d-a42d-f4a25dc7d327
Fri Jan  9 19:28:10 2026: Server exiting with status 0.
Fri Jan  9 19:28:10 2026: Closing log file.
Fri Jan  9 19:28:15 2026: Running xcd server. This server was built by gradle.
Fri Jan  9 19:28:15 2026: Server was asked to start on port: '42183'
Fri Jan  9 19:28:15 2026: Server is using token UUID: '7592ba46-4cf9-4769-b7ab-4388522528dc'
Fri Jan  9 19:28:15 2026: SESSION_MGR: creating session with session uuid: '6d04a3e9-ade5-4ab9-8d63-1f78fcd2ec76' and name 'default'
Fri Jan  9 19:28:15 2026: Attempting to start server on port '42183'
Fri Jan  9 19:28:15 2026: XCD main fifo: created main fifo '/tmp/xcdmain7592ba46-4cf9-4769-b7ab-4388522528dc', fd read = 13
Fri Jan  9 19:28:15 2026: Running Dispatch Server
Fri Jan  9 19:28:15 2026: Version 2.2.0
Fri Jan  9 19:28:17 2026: Dispatch Server: Accepted socket connection from client
Fri Jan  9 19:28:17 2026: Starting Socket connection
Fri Jan  9 19:28:17 2026: EXCHANGE_TOKEN received, server token: 7592ba46-4cf9-4769-b7ab-4388522528dc, passed token: 7592ba46-4cf9-4769-b7ab-4388522528dc
Fri Jan  9 19:28:17 2026: DISPATCH_HANDLER: Adding handler from function makeHandler in library libxv_system_diagram
Fri Jan  9 19:28:17 2026: SESSION_MGR: creating session with session uuid: 'c3058f56-4c75-4e16-aff2-653ac272b9dc' and name 'vitis-run_compile_hls_pfb'
Fri Jan  9 19:28:17 2026: KERNEL_SVC: creating session with uuid: 'c3058f56-4c75-4e16-aff2-653ac272b9dc' and name 'vitis-run_compile_hls_pfb'
Fri Jan  9 19:28:17 2026: GUIDANCE_SMGR: creating guidance session with uuid: 'c3058f56-4c75-4e16-aff2-653ac272b9dc' and name 'vitis-run_compile_hls_pfb'
Fri Jan  9 19:28:17 2026: SYSTEM_DIAGRAM: creating session with uuid: 'c3058f56-4c75-4e16-aff2-653ac272b9dc' and name 'vitis-run_compile_hls_pfb'
Fri Jan  9 19:28:18 2026: Dispatch Server: Accepted socket connection from client
Fri Jan  9 19:28:18 2026: Starting Socket connection
Fri Jan  9 19:29:49 2026: SESSION_MGR: closing session for UUID 'c3058f56-4c75-4e16-aff2-653ac272b9dc' with name 'vitis-run_compile_hls_pfb'
Fri Jan  9 19:29:49 2026: KERNEL_SVC: closing session for UUID 'c3058f56-4c75-4e16-aff2-653ac272b9dc' with name 'vitis-run_compile_hls_pfb'
Fri Jan  9 19:29:49 2026: GUIDANCE_SMGR: closing session for UUID 'c3058f56-4c75-4e16-aff2-653ac272b9dc' with name 'vitis-run_compile_hls_pfb'
Fri Jan  9 19:29:49 2026: SYSTEM_DIAGRAM: closing session for UUID 'c3058f56-4c75-4e16-aff2-653ac272b9dc' with name 'vitis-run_compile_hls_pfb'
Fri Jan  9 19:29:49 2026: STOP_SERVER received, server token: 7592ba46-4cf9-4769-b7ab-4388522528dc, passed token: 7592ba46-4cf9-4769-b7ab-4388522528dc
Fri Jan  9 19:29:49 2026: Socket received request to stop server.
Fri Jan  9 19:29:49 2026: Dispatch Server: do_await_stop
Fri Jan  9 19:29:49 2026: Dispatch Server: stopping mainFifo_
Fri Jan  9 19:29:49 2026: XCD main fifo: Stopping
Fri Jan  9 19:29:49 2026: XCD main fifo: do_read error code: Operation canceled
Fri Jan  9 19:29:49 2026: XCD main fifo: bytes_transferred: 0
Fri Jan  9 19:29:49 2026: SERVER: destructor for server bound to port 42183
Fri Jan  9 19:29:49 2026: XCD main fifo: Good unlink of /tmp/xcdmain7592ba46-4cf9-4769-b7ab-4388522528dc
Fri Jan  9 19:29:49 2026: Server exiting with status 0.
Fri Jan  9 19:29:49 2026: Closing log file.
Fri Jan  9 19:34:22 2026: Running xcd server. This server was built by gradle.
Fri Jan  9 19:34:22 2026: Server was asked to start on port: '36965'
Fri Jan  9 19:34:22 2026: Server is using token UUID: '7154992d-7a73-495a-b5c4-a5b9e099612c'
Fri Jan  9 19:34:22 2026: SESSION_MGR: creating session with session uuid: '6d04a3e9-ade5-4ab9-8d63-1f78fcd2ec76' and name 'default'
Fri Jan  9 19:34:22 2026: Attempting to start server on port '36965'
Fri Jan  9 19:34:22 2026: XCD main fifo: created main fifo '/tmp/xcdmain7154992d-7a73-495a-b5c4-a5b9e099612c', fd read = 13
Fri Jan  9 19:34:22 2026: Running Dispatch Server
Fri Jan  9 19:34:22 2026: Version 2.2.0
Fri Jan  9 19:34:24 2026: Dispatch Server: Accepted socket connection from client
Fri Jan  9 19:34:24 2026: Starting Socket connection
Fri Jan  9 19:34:24 2026: EXCHANGE_TOKEN received, server token: 7154992d-7a73-495a-b5c4-a5b9e099612c, passed token: 7154992d-7a73-495a-b5c4-a5b9e099612c
Fri Jan  9 19:34:24 2026: DISPATCH_HANDLER: Adding handler from function makeHandler in library libxv_system_diagram
Fri Jan  9 19:34:24 2026: SESSION_MGR: creating session with session uuid: 'a6a209a4-760c-46bd-bfe6-1d2aa0def869' and name 'v++_compile_hls_pfb'
Fri Jan  9 19:34:24 2026: KERNEL_SVC: creating session with uuid: 'a6a209a4-760c-46bd-bfe6-1d2aa0def869' and name 'v++_compile_hls_pfb'
Fri Jan  9 19:34:24 2026: GUIDANCE_SMGR: creating guidance session with uuid: 'a6a209a4-760c-46bd-bfe6-1d2aa0def869' and name 'v++_compile_hls_pfb'
Fri Jan  9 19:34:24 2026: SYSTEM_DIAGRAM: creating session with uuid: 'a6a209a4-760c-46bd-bfe6-1d2aa0def869' and name 'v++_compile_hls_pfb'
Fri Jan  9 19:34:26 2026: Dispatch Server: Accepted socket connection from client
Fri Jan  9 19:34:26 2026: Starting Socket connection
Fri Jan  9 19:34:50 2026: SESSION_MGR: closing session for UUID 'a6a209a4-760c-46bd-bfe6-1d2aa0def869' with name 'v++_compile_hls_pfb'
Fri Jan  9 19:34:50 2026: KERNEL_SVC: closing session for UUID 'a6a209a4-760c-46bd-bfe6-1d2aa0def869' with name 'v++_compile_hls_pfb'
Fri Jan  9 19:34:50 2026: GUIDANCE_SMGR: closing session for UUID 'a6a209a4-760c-46bd-bfe6-1d2aa0def869' with name 'v++_compile_hls_pfb'
Fri Jan  9 19:34:50 2026: SYSTEM_DIAGRAM: closing session for UUID 'a6a209a4-760c-46bd-bfe6-1d2aa0def869' with name 'v++_compile_hls_pfb'
Fri Jan  9 19:34:50 2026: STOP_SERVER received, server token: 7154992d-7a73-495a-b5c4-a5b9e099612c, passed token: 7154992d-7a73-495a-b5c4-a5b9e099612c
Fri Jan  9 19:34:50 2026: Socket received request to stop server.
Fri Jan  9 19:34:50 2026: Dispatch Server: do_await_stop
Fri Jan  9 19:34:50 2026: Dispatch Server: stopping mainFifo_
Fri Jan  9 19:34:50 2026: XCD main fifo: Stopping
Fri Jan  9 19:34:50 2026: XCD main fifo: do_read error code: Operation canceled
Fri Jan  9 19:34:50 2026: XCD main fifo: bytes_transferred: 0
Fri Jan  9 19:34:50 2026: SERVER: destructor for server bound to port 36965
Fri Jan  9 19:34:50 2026: XCD main fifo: Good unlink of /tmp/xcdmain7154992d-7a73-495a-b5c4-a5b9e099612c
Fri Jan  9 19:34:50 2026: Server exiting with status 0.
Fri Jan  9 19:34:50 2026: Closing log file.
Fri Jan  9 19:35:59 2026: Running xcd server. This server was built by gradle.
Fri Jan  9 19:35:59 2026: Server was asked to start on port: '46573'
Fri Jan  9 19:35:59 2026: Server is using token UUID: 'd28df850-d90e-4b66-bb50-bdf7ffc7bc1e'
Fri Jan  9 19:35:59 2026: SESSION_MGR: creating session with session uuid: '6d04a3e9-ade5-4ab9-8d63-1f78fcd2ec76' and name 'default'
Fri Jan  9 19:35:59 2026: Attempting to start server on port '46573'
Fri Jan  9 19:35:59 2026: XCD main fifo: created main fifo '/tmp/xcdmaind28df850-d90e-4b66-bb50-bdf7ffc7bc1e', fd read = 13
Fri Jan  9 19:35:59 2026: Running Dispatch Server
Fri Jan  9 19:35:59 2026: Version 2.2.0
Fri Jan  9 19:36:01 2026: Dispatch Server: Accepted socket connection from client
Fri Jan  9 19:36:01 2026: Starting Socket connection
Fri Jan  9 19:36:01 2026: EXCHANGE_TOKEN received, server token: d28df850-d90e-4b66-bb50-bdf7ffc7bc1e, passed token: d28df850-d90e-4b66-bb50-bdf7ffc7bc1e
Fri Jan  9 19:36:01 2026: DISPATCH_HANDLER: Adding handler from function makeHandler in library libxv_system_diagram
Fri Jan  9 19:36:01 2026: SESSION_MGR: creating session with session uuid: 'e28897ee-60a5-4026-907a-6e1716682905' and name 'vitis-run_compile_hls_pfb'
Fri Jan  9 19:36:01 2026: KERNEL_SVC: creating session with uuid: 'e28897ee-60a5-4026-907a-6e1716682905' and name 'vitis-run_compile_hls_pfb'
Fri Jan  9 19:36:01 2026: GUIDANCE_SMGR: creating guidance session with uuid: 'e28897ee-60a5-4026-907a-6e1716682905' and name 'vitis-run_compile_hls_pfb'
Fri Jan  9 19:36:01 2026: SYSTEM_DIAGRAM: creating session with uuid: 'e28897ee-60a5-4026-907a-6e1716682905' and name 'vitis-run_compile_hls_pfb'
Fri Jan  9 19:36:02 2026: Dispatch Server: Accepted socket connection from client
Fri Jan  9 19:36:02 2026: Starting Socket connection
Fri Jan  9 19:37:35 2026: SESSION_MGR: closing session for UUID 'e28897ee-60a5-4026-907a-6e1716682905' with name 'vitis-run_compile_hls_pfb'
Fri Jan  9 19:37:35 2026: KERNEL_SVC: closing session for UUID 'e28897ee-60a5-4026-907a-6e1716682905' with name 'vitis-run_compile_hls_pfb'
Fri Jan  9 19:37:35 2026: GUIDANCE_SMGR: closing session for UUID 'e28897ee-60a5-4026-907a-6e1716682905' with name 'vitis-run_compile_hls_pfb'
Fri Jan  9 19:37:35 2026: SYSTEM_DIAGRAM: closing session for UUID 'e28897ee-60a5-4026-907a-6e1716682905' with name 'vitis-run_compile_hls_pfb'
Fri Jan  9 19:37:35 2026: STOP_SERVER received, server token: d28df850-d90e-4b66-bb50-bdf7ffc7bc1e, passed token: d28df850-d90e-4b66-bb50-bdf7ffc7bc1e
Fri Jan  9 19:37:35 2026: Socket received request to stop server.
Fri Jan  9 19:37:35 2026: Dispatch Server: do_await_stop
Fri Jan  9 19:37:35 2026: Dispatch Server: stopping mainFifo_
Fri Jan  9 19:37:35 2026: XCD main fifo: Stopping
Fri Jan  9 19:37:35 2026: XCD main fifo: do_read error code: Operation canceled
Fri Jan  9 19:37:35 2026: XCD main fifo: bytes_transferred: 0
Fri Jan  9 19:37:35 2026: SERVER: destructor for server bound to port 46573
Fri Jan  9 19:37:35 2026: XCD main fifo: Good unlink of /tmp/xcdmaind28df850-d90e-4b66-bb50-bdf7ffc7bc1e
Fri Jan  9 19:37:35 2026: Server exiting with status 0.
Fri Jan  9 19:37:35 2026: Closing log file.
Fri Jan  9 19:41:24 2026: Running xcd server. This server was built by gradle.
Fri Jan  9 19:41:24 2026: Server was asked to start on port: '43181'
Fri Jan  9 19:41:24 2026: Server is using token UUID: '94b2f064-bd65-43a8-8cec-8cf5b0210038'
Fri Jan  9 19:41:24 2026: SESSION_MGR: creating session with session uuid: '6d04a3e9-ade5-4ab9-8d63-1f78fcd2ec76' and name 'default'
Fri Jan  9 19:41:24 2026: Attempting to start server on port '43181'
Fri Jan  9 19:41:24 2026: XCD main fifo: created main fifo '/tmp/xcdmain94b2f064-bd65-43a8-8cec-8cf5b0210038', fd read = 13
Fri Jan  9 19:41:24 2026: Running Dispatch Server
Fri Jan  9 19:41:24 2026: Version 2.2.0
Fri Jan  9 19:41:26 2026: Dispatch Server: Accepted socket connection from client
Fri Jan  9 19:41:26 2026: Starting Socket connection
Fri Jan  9 19:41:26 2026: EXCHANGE_TOKEN received, server token: 94b2f064-bd65-43a8-8cec-8cf5b0210038, passed token: 94b2f064-bd65-43a8-8cec-8cf5b0210038
Fri Jan  9 19:41:26 2026: DISPATCH_HANDLER: Adding handler from function makeHandler in library libxv_system_diagram
Fri Jan  9 19:41:26 2026: SESSION_MGR: creating session with session uuid: 'badc1d78-53e3-4301-b20d-9d600c509df6' and name 'vitis-run_compile_hls_pfb'
Fri Jan  9 19:41:26 2026: KERNEL_SVC: creating session with uuid: 'badc1d78-53e3-4301-b20d-9d600c509df6' and name 'vitis-run_compile_hls_pfb'
Fri Jan  9 19:41:26 2026: GUIDANCE_SMGR: creating guidance session with uuid: 'badc1d78-53e3-4301-b20d-9d600c509df6' and name 'vitis-run_compile_hls_pfb'
Fri Jan  9 19:41:26 2026: SYSTEM_DIAGRAM: creating session with uuid: 'badc1d78-53e3-4301-b20d-9d600c509df6' and name 'vitis-run_compile_hls_pfb'
Fri Jan  9 19:41:27 2026: Dispatch Server: Accepted socket connection from client
Fri Jan  9 19:41:27 2026: Starting Socket connection
Fri Jan  9 19:43:00 2026: SESSION_MGR: closing session for UUID 'badc1d78-53e3-4301-b20d-9d600c509df6' with name 'vitis-run_compile_hls_pfb'
Fri Jan  9 19:43:00 2026: KERNEL_SVC: closing session for UUID 'badc1d78-53e3-4301-b20d-9d600c509df6' with name 'vitis-run_compile_hls_pfb'
Fri Jan  9 19:43:00 2026: GUIDANCE_SMGR: closing session for UUID 'badc1d78-53e3-4301-b20d-9d600c509df6' with name 'vitis-run_compile_hls_pfb'
Fri Jan  9 19:43:00 2026: SYSTEM_DIAGRAM: closing session for UUID 'badc1d78-53e3-4301-b20d-9d600c509df6' with name 'vitis-run_compile_hls_pfb'
Fri Jan  9 19:43:00 2026: STOP_SERVER received, server token: 94b2f064-bd65-43a8-8cec-8cf5b0210038, passed token: 94b2f064-bd65-43a8-8cec-8cf5b0210038
Fri Jan  9 19:43:00 2026: Socket received request to stop server.
Fri Jan  9 19:43:00 2026: Dispatch Server: do_await_stop
Fri Jan  9 19:43:00 2026: Dispatch Server: stopping mainFifo_
Fri Jan  9 19:43:00 2026: XCD main fifo: Stopping
Fri Jan  9 19:43:00 2026: XCD main fifo: do_read error code: Operation canceled
Fri Jan  9 19:43:00 2026: XCD main fifo: bytes_transferred: 0
Fri Jan  9 19:43:00 2026: SERVER: destructor for server bound to port 43181
Fri Jan  9 19:43:00 2026: XCD main fifo: Good unlink of /tmp/xcdmain94b2f064-bd65-43a8-8cec-8cf5b0210038
Fri Jan  9 19:43:00 2026: Server exiting with status 0.
Fri Jan  9 19:43:00 2026: Closing log file.
Fri Jan  9 19:44:09 2026: Running xcd server. This server was built by gradle.
Fri Jan  9 19:44:09 2026: Server was asked to start on port: '39215'
Fri Jan  9 19:44:09 2026: Server is using token UUID: '79ccf836-3259-48e2-9023-0aba30409b73'
Fri Jan  9 19:44:09 2026: SESSION_MGR: creating session with session uuid: '6d04a3e9-ade5-4ab9-8d63-1f78fcd2ec76' and name 'default'
Fri Jan  9 19:44:09 2026: Attempting to start server on port '39215'
Fri Jan  9 19:44:09 2026: XCD main fifo: created main fifo '/tmp/xcdmain79ccf836-3259-48e2-9023-0aba30409b73', fd read = 13
Fri Jan  9 19:44:09 2026: Running Dispatch Server
Fri Jan  9 19:44:09 2026: Version 2.2.0
Fri Jan  9 19:44:11 2026: Dispatch Server: Accepted socket connection from client
Fri Jan  9 19:44:11 2026: Starting Socket connection
Fri Jan  9 19:44:11 2026: EXCHANGE_TOKEN received, server token: 79ccf836-3259-48e2-9023-0aba30409b73, passed token: 79ccf836-3259-48e2-9023-0aba30409b73
Fri Jan  9 19:44:11 2026: DISPATCH_HANDLER: Adding handler from function makeHandler in library libxv_system_diagram
Fri Jan  9 19:44:11 2026: SESSION_MGR: creating session with session uuid: '26d41521-ea58-4ce3-9bd5-40ec3c597fdc' and name 'vitis-run_compile_hls_pfb'
Fri Jan  9 19:44:11 2026: KERNEL_SVC: creating session with uuid: '26d41521-ea58-4ce3-9bd5-40ec3c597fdc' and name 'vitis-run_compile_hls_pfb'
Fri Jan  9 19:44:11 2026: GUIDANCE_SMGR: creating guidance session with uuid: '26d41521-ea58-4ce3-9bd5-40ec3c597fdc' and name 'vitis-run_compile_hls_pfb'
Fri Jan  9 19:44:11 2026: SYSTEM_DIAGRAM: creating session with uuid: '26d41521-ea58-4ce3-9bd5-40ec3c597fdc' and name 'vitis-run_compile_hls_pfb'
Fri Jan  9 19:44:12 2026: Dispatch Server: Accepted socket connection from client
Fri Jan  9 19:44:12 2026: Starting Socket connection
Fri Jan  9 19:45:45 2026: SESSION_MGR: closing session for UUID '26d41521-ea58-4ce3-9bd5-40ec3c597fdc' with name 'vitis-run_compile_hls_pfb'
Fri Jan  9 19:45:45 2026: KERNEL_SVC: closing session for UUID '26d41521-ea58-4ce3-9bd5-40ec3c597fdc' with name 'vitis-run_compile_hls_pfb'
Fri Jan  9 19:45:45 2026: GUIDANCE_SMGR: closing session for UUID '26d41521-ea58-4ce3-9bd5-40ec3c597fdc' with name 'vitis-run_compile_hls_pfb'
Fri Jan  9 19:45:45 2026: SYSTEM_DIAGRAM: closing session for UUID '26d41521-ea58-4ce3-9bd5-40ec3c597fdc' with name 'vitis-run_compile_hls_pfb'
Fri Jan  9 19:45:45 2026: STOP_SERVER received, server token: 79ccf836-3259-48e2-9023-0aba30409b73, passed token: 79ccf836-3259-48e2-9023-0aba30409b73
Fri Jan  9 19:45:45 2026: Socket received request to stop server.
Fri Jan  9 19:45:45 2026: Dispatch Server: do_await_stop
Fri Jan  9 19:45:45 2026: Dispatch Server: stopping mainFifo_
Fri Jan  9 19:45:45 2026: XCD main fifo: Stopping
Fri Jan  9 19:45:45 2026: XCD main fifo: do_read error code: Operation canceled
Fri Jan  9 19:45:45 2026: XCD main fifo: bytes_transferred: 0
Fri Jan  9 19:45:45 2026: SERVER: destructor for server bound to port 39215
Fri Jan  9 19:45:45 2026: XCD main fifo: Good unlink of /tmp/xcdmain79ccf836-3259-48e2-9023-0aba30409b73
Fri Jan  9 19:45:45 2026: Server exiting with status 0.
Fri Jan  9 19:45:45 2026: Closing log file.
Fri Jan  9 19:59:24 2026: Running xcd server. This server was built by gradle.
Fri Jan  9 19:59:24 2026: Server was asked to start on port: '38969'
Fri Jan  9 19:59:24 2026: Server is using token UUID: '45434fee-f8cf-47ac-800a-c6db3583ca42'
Fri Jan  9 19:59:24 2026: SESSION_MGR: creating session with session uuid: '6d04a3e9-ade5-4ab9-8d63-1f78fcd2ec76' and name 'default'
Fri Jan  9 19:59:24 2026: Attempting to start server on port '38969'
Fri Jan  9 19:59:24 2026: XCD main fifo: created main fifo '/tmp/xcdmain45434fee-f8cf-47ac-800a-c6db3583ca42', fd read = 13
Fri Jan  9 19:59:24 2026: Running Dispatch Server
Fri Jan  9 19:59:24 2026: Version 2.2.0
Fri Jan  9 19:59:26 2026: Dispatch Server: Accepted socket connection from client
Fri Jan  9 19:59:26 2026: Starting Socket connection
Fri Jan  9 19:59:26 2026: EXCHANGE_TOKEN received, server token: 45434fee-f8cf-47ac-800a-c6db3583ca42, passed token: 45434fee-f8cf-47ac-800a-c6db3583ca42
Fri Jan  9 19:59:26 2026: DISPATCH_HANDLER: Adding handler from function makeHandler in library libxv_system_diagram
Fri Jan  9 19:59:26 2026: SESSION_MGR: creating session with session uuid: '2ce50d1b-243b-44c0-85cf-11e78deb8b4d' and name 'vitis-run_compile_hls_pfb'
Fri Jan  9 19:59:26 2026: KERNEL_SVC: creating session with uuid: '2ce50d1b-243b-44c0-85cf-11e78deb8b4d' and name 'vitis-run_compile_hls_pfb'
Fri Jan  9 19:59:26 2026: GUIDANCE_SMGR: creating guidance session with uuid: '2ce50d1b-243b-44c0-85cf-11e78deb8b4d' and name 'vitis-run_compile_hls_pfb'
Fri Jan  9 19:59:26 2026: SYSTEM_DIAGRAM: creating session with uuid: '2ce50d1b-243b-44c0-85cf-11e78deb8b4d' and name 'vitis-run_compile_hls_pfb'
Fri Jan  9 19:59:27 2026: Dispatch Server: Accepted socket connection from client
Fri Jan  9 19:59:27 2026: Starting Socket connection
Fri Jan  9 20:01:00 2026: SESSION_MGR: closing session for UUID '2ce50d1b-243b-44c0-85cf-11e78deb8b4d' with name 'vitis-run_compile_hls_pfb'
Fri Jan  9 20:01:00 2026: KERNEL_SVC: closing session for UUID '2ce50d1b-243b-44c0-85cf-11e78deb8b4d' with name 'vitis-run_compile_hls_pfb'
Fri Jan  9 20:01:00 2026: GUIDANCE_SMGR: closing session for UUID '2ce50d1b-243b-44c0-85cf-11e78deb8b4d' with name 'vitis-run_compile_hls_pfb'
Fri Jan  9 20:01:00 2026: SYSTEM_DIAGRAM: closing session for UUID '2ce50d1b-243b-44c0-85cf-11e78deb8b4d' with name 'vitis-run_compile_hls_pfb'
Fri Jan  9 20:01:00 2026: STOP_SERVER received, server token: 45434fee-f8cf-47ac-800a-c6db3583ca42, passed token: 45434fee-f8cf-47ac-800a-c6db3583ca42
Fri Jan  9 20:01:00 2026: Socket received request to stop server.
Fri Jan  9 20:01:00 2026: Dispatch Server: do_await_stop
Fri Jan  9 20:01:00 2026: Dispatch Server: stopping mainFifo_
Fri Jan  9 20:01:00 2026: XCD main fifo: Stopping
Fri Jan  9 20:01:00 2026: XCD main fifo: do_read error code: Operation canceled
Fri Jan  9 20:01:00 2026: XCD main fifo: bytes_transferred: 0
Fri Jan  9 20:01:00 2026: SERVER: destructor for server bound to port 38969
Fri Jan  9 20:01:00 2026: XCD main fifo: Good unlink of /tmp/xcdmain45434fee-f8cf-47ac-800a-c6db3583ca42
Fri Jan  9 20:01:00 2026: Server exiting with status 0.
Fri Jan  9 20:01:00 2026: Closing log file.
Fri Jan  9 20:07:50 2026: Running xcd server. This server was built by gradle.
Fri Jan  9 20:07:50 2026: Server was asked to start on port: '37297'
Fri Jan  9 20:07:50 2026: Server is using token UUID: '39cb9480-ac72-4dac-8e7f-9bb40d0804fe'
Fri Jan  9 20:07:50 2026: SESSION_MGR: creating session with session uuid: '6d04a3e9-ade5-4ab9-8d63-1f78fcd2ec76' and name 'default'
Fri Jan  9 20:07:50 2026: Attempting to start server on port '37297'
Fri Jan  9 20:07:50 2026: XCD main fifo: created main fifo '/tmp/xcdmain39cb9480-ac72-4dac-8e7f-9bb40d0804fe', fd read = 13
Fri Jan  9 20:07:50 2026: Running Dispatch Server
Fri Jan  9 20:07:50 2026: Version 2.2.0
Fri Jan  9 20:07:52 2026: Dispatch Server: Accepted socket connection from client
Fri Jan  9 20:07:52 2026: Starting Socket connection
Fri Jan  9 20:07:52 2026: EXCHANGE_TOKEN received, server token: 39cb9480-ac72-4dac-8e7f-9bb40d0804fe, passed token: 39cb9480-ac72-4dac-8e7f-9bb40d0804fe
Fri Jan  9 20:07:52 2026: DISPATCH_HANDLER: Adding handler from function makeHandler in library libxv_system_diagram
Fri Jan  9 20:07:52 2026: SESSION_MGR: creating session with session uuid: '3f16bc57-608f-4af4-89c1-89f2b61bd067' and name 'vitis-run_compile_hls_pfb'
Fri Jan  9 20:07:52 2026: KERNEL_SVC: creating session with uuid: '3f16bc57-608f-4af4-89c1-89f2b61bd067' and name 'vitis-run_compile_hls_pfb'
Fri Jan  9 20:07:52 2026: GUIDANCE_SMGR: creating guidance session with uuid: '3f16bc57-608f-4af4-89c1-89f2b61bd067' and name 'vitis-run_compile_hls_pfb'
Fri Jan  9 20:07:52 2026: SYSTEM_DIAGRAM: creating session with uuid: '3f16bc57-608f-4af4-89c1-89f2b61bd067' and name 'vitis-run_compile_hls_pfb'
Fri Jan  9 20:07:53 2026: Dispatch Server: Accepted socket connection from client
Fri Jan  9 20:07:53 2026: Starting Socket connection
Fri Jan  9 20:09:26 2026: SESSION_MGR: closing session for UUID '3f16bc57-608f-4af4-89c1-89f2b61bd067' with name 'vitis-run_compile_hls_pfb'
Fri Jan  9 20:09:26 2026: KERNEL_SVC: closing session for UUID '3f16bc57-608f-4af4-89c1-89f2b61bd067' with name 'vitis-run_compile_hls_pfb'
Fri Jan  9 20:09:26 2026: GUIDANCE_SMGR: closing session for UUID '3f16bc57-608f-4af4-89c1-89f2b61bd067' with name 'vitis-run_compile_hls_pfb'
Fri Jan  9 20:09:26 2026: SYSTEM_DIAGRAM: closing session for UUID '3f16bc57-608f-4af4-89c1-89f2b61bd067' with name 'vitis-run_compile_hls_pfb'
Fri Jan  9 20:09:26 2026: STOP_SERVER received, server token: 39cb9480-ac72-4dac-8e7f-9bb40d0804fe, passed token: 39cb9480-ac72-4dac-8e7f-9bb40d0804fe
Fri Jan  9 20:09:26 2026: Socket received request to stop server.
Fri Jan  9 20:09:26 2026: Dispatch Server: do_await_stop
Fri Jan  9 20:09:26 2026: Dispatch Server: stopping mainFifo_
Fri Jan  9 20:09:26 2026: XCD main fifo: Stopping
Fri Jan  9 20:09:26 2026: XCD main fifo: do_read error code: Operation canceled
Fri Jan  9 20:09:26 2026: XCD main fifo: bytes_transferred: 0
Fri Jan  9 20:09:26 2026: SERVER: destructor for server bound to port 37297
Fri Jan  9 20:09:26 2026: XCD main fifo: Good unlink of /tmp/xcdmain39cb9480-ac72-4dac-8e7f-9bb40d0804fe
Fri Jan  9 20:09:26 2026: Server exiting with status 0.
Fri Jan  9 20:09:26 2026: Closing log file.
Fri Jan  9 20:11:22 2026: Running xcd server. This server was built by gradle.
Fri Jan  9 20:11:22 2026: Server was asked to start on port: '41787'
Fri Jan  9 20:11:22 2026: Server is using token UUID: '1c23a54e-70ae-4e55-bfe9-e89446540030'
Fri Jan  9 20:11:22 2026: SESSION_MGR: creating session with session uuid: '6d04a3e9-ade5-4ab9-8d63-1f78fcd2ec76' and name 'default'
Fri Jan  9 20:11:22 2026: Attempting to start server on port '41787'
Fri Jan  9 20:11:22 2026: XCD main fifo: created main fifo '/tmp/xcdmain1c23a54e-70ae-4e55-bfe9-e89446540030', fd read = 13
Fri Jan  9 20:11:22 2026: Running Dispatch Server
Fri Jan  9 20:11:22 2026: Version 2.2.0
Fri Jan  9 20:11:24 2026: Dispatch Server: Accepted socket connection from client
Fri Jan  9 20:11:24 2026: Starting Socket connection
Fri Jan  9 20:11:24 2026: EXCHANGE_TOKEN received, server token: 1c23a54e-70ae-4e55-bfe9-e89446540030, passed token: 1c23a54e-70ae-4e55-bfe9-e89446540030
Fri Jan  9 20:11:24 2026: DISPATCH_HANDLER: Adding handler from function makeHandler in library libxv_system_diagram
Fri Jan  9 20:11:24 2026: SESSION_MGR: creating session with session uuid: 'e019a73d-af83-44a1-ac3a-621e36924fcb' and name 'vitis-run_compile_hls_pfb'
Fri Jan  9 20:11:24 2026: KERNEL_SVC: creating session with uuid: 'e019a73d-af83-44a1-ac3a-621e36924fcb' and name 'vitis-run_compile_hls_pfb'
Fri Jan  9 20:11:24 2026: GUIDANCE_SMGR: creating guidance session with uuid: 'e019a73d-af83-44a1-ac3a-621e36924fcb' and name 'vitis-run_compile_hls_pfb'
Fri Jan  9 20:11:24 2026: SYSTEM_DIAGRAM: creating session with uuid: 'e019a73d-af83-44a1-ac3a-621e36924fcb' and name 'vitis-run_compile_hls_pfb'
Fri Jan  9 20:11:25 2026: Dispatch Server: Accepted socket connection from client
Fri Jan  9 20:11:25 2026: Starting Socket connection
Fri Jan  9 20:11:36 2026: SESSION_MGR: closing session for UUID 'e019a73d-af83-44a1-ac3a-621e36924fcb' with name 'vitis-run_compile_hls_pfb'
Fri Jan  9 20:11:36 2026: KERNEL_SVC: closing session for UUID 'e019a73d-af83-44a1-ac3a-621e36924fcb' with name 'vitis-run_compile_hls_pfb'
Fri Jan  9 20:11:36 2026: GUIDANCE_SMGR: closing session for UUID 'e019a73d-af83-44a1-ac3a-621e36924fcb' with name 'vitis-run_compile_hls_pfb'
Fri Jan  9 20:11:36 2026: SYSTEM_DIAGRAM: closing session for UUID 'e019a73d-af83-44a1-ac3a-621e36924fcb' with name 'vitis-run_compile_hls_pfb'
Fri Jan  9 20:11:36 2026: STOP_SERVER received, server token: 1c23a54e-70ae-4e55-bfe9-e89446540030, passed token: 1c23a54e-70ae-4e55-bfe9-e89446540030
Fri Jan  9 20:11:36 2026: Socket received request to stop server.
Fri Jan  9 20:11:36 2026: Dispatch Server: do_await_stop
Fri Jan  9 20:11:36 2026: Dispatch Server: stopping mainFifo_
Fri Jan  9 20:11:36 2026: XCD main fifo: Stopping
Fri Jan  9 20:11:36 2026: XCD main fifo: do_read error code: Operation canceled
Fri Jan  9 20:11:36 2026: XCD main fifo: bytes_transferred: 0
Fri Jan  9 20:11:36 2026: SERVER: destructor for server bound to port 41787
Fri Jan  9 20:11:36 2026: XCD main fifo: Good unlink of /tmp/xcdmain1c23a54e-70ae-4e55-bfe9-e89446540030
Fri Jan  9 20:11:36 2026: Server exiting with status 0.
Fri Jan  9 20:11:36 2026: Closing log file.
Fri Jan  9 20:12:27 2026: Running xcd server. This server was built by gradle.
Fri Jan  9 20:12:27 2026: Server was asked to start on port: '38689'
Fri Jan  9 20:12:27 2026: Server is using token UUID: '7f43b980-3a81-4810-ad3d-0034130274bc'
Fri Jan  9 20:12:27 2026: SESSION_MGR: creating session with session uuid: '6d04a3e9-ade5-4ab9-8d63-1f78fcd2ec76' and name 'default'
Fri Jan  9 20:12:27 2026: Attempting to start server on port '38689'
Fri Jan  9 20:12:27 2026: XCD main fifo: created main fifo '/tmp/xcdmain7f43b980-3a81-4810-ad3d-0034130274bc', fd read = 13
Fri Jan  9 20:12:27 2026: Running Dispatch Server
Fri Jan  9 20:12:27 2026: Version 2.2.0
Fri Jan  9 20:12:30 2026: Dispatch Server: Accepted socket connection from client
Fri Jan  9 20:12:30 2026: Starting Socket connection
Fri Jan  9 20:12:30 2026: EXCHANGE_TOKEN received, server token: 7f43b980-3a81-4810-ad3d-0034130274bc, passed token: 7f43b980-3a81-4810-ad3d-0034130274bc
Fri Jan  9 20:12:30 2026: DISPATCH_HANDLER: Adding handler from function makeHandler in library libxv_system_diagram
Fri Jan  9 20:12:30 2026: SESSION_MGR: creating session with session uuid: '25a95ca4-67da-4759-b183-d1216d39fa0d' and name 'vitis-run_compile_hls_pfb'
Fri Jan  9 20:12:30 2026: KERNEL_SVC: creating session with uuid: '25a95ca4-67da-4759-b183-d1216d39fa0d' and name 'vitis-run_compile_hls_pfb'
Fri Jan  9 20:12:30 2026: GUIDANCE_SMGR: creating guidance session with uuid: '25a95ca4-67da-4759-b183-d1216d39fa0d' and name 'vitis-run_compile_hls_pfb'
Fri Jan  9 20:12:30 2026: SYSTEM_DIAGRAM: creating session with uuid: '25a95ca4-67da-4759-b183-d1216d39fa0d' and name 'vitis-run_compile_hls_pfb'
Fri Jan  9 20:12:31 2026: Dispatch Server: Accepted socket connection from client
Fri Jan  9 20:12:31 2026: Starting Socket connection
Fri Jan  9 20:14:03 2026: SESSION_MGR: closing session for UUID '25a95ca4-67da-4759-b183-d1216d39fa0d' with name 'vitis-run_compile_hls_pfb'
Fri Jan  9 20:14:03 2026: KERNEL_SVC: closing session for UUID '25a95ca4-67da-4759-b183-d1216d39fa0d' with name 'vitis-run_compile_hls_pfb'
Fri Jan  9 20:14:03 2026: GUIDANCE_SMGR: closing session for UUID '25a95ca4-67da-4759-b183-d1216d39fa0d' with name 'vitis-run_compile_hls_pfb'
Fri Jan  9 20:14:03 2026: SYSTEM_DIAGRAM: closing session for UUID '25a95ca4-67da-4759-b183-d1216d39fa0d' with name 'vitis-run_compile_hls_pfb'
Fri Jan  9 20:14:03 2026: STOP_SERVER received, server token: 7f43b980-3a81-4810-ad3d-0034130274bc, passed token: 7f43b980-3a81-4810-ad3d-0034130274bc
Fri Jan  9 20:14:03 2026: Socket received request to stop server.
Fri Jan  9 20:14:03 2026: Dispatch Server: do_await_stop
Fri Jan  9 20:14:03 2026: Dispatch Server: stopping mainFifo_
Fri Jan  9 20:14:03 2026: XCD main fifo: Stopping
Fri Jan  9 20:14:03 2026: XCD main fifo: do_read error code: Operation canceled
Fri Jan  9 20:14:03 2026: XCD main fifo: bytes_transferred: 0
Fri Jan  9 20:14:03 2026: SERVER: destructor for server bound to port 38689
Fri Jan  9 20:14:03 2026: XCD main fifo: Good unlink of /tmp/xcdmain7f43b980-3a81-4810-ad3d-0034130274bc
Fri Jan  9 20:14:03 2026: Server exiting with status 0.
Fri Jan  9 20:14:03 2026: Closing log file.
Fri Jan  9 20:26:48 2026: Running xcd server. This server was built by gradle.
Fri Jan  9 20:26:48 2026: Server was asked to start on port: '34617'
Fri Jan  9 20:26:48 2026: Server is using token UUID: 'b1ccc351-0b05-4160-bd90-a0943c9f7a92'
Fri Jan  9 20:26:48 2026: SESSION_MGR: creating session with session uuid: '6d04a3e9-ade5-4ab9-8d63-1f78fcd2ec76' and name 'default'
Fri Jan  9 20:26:48 2026: Attempting to start server on port '34617'
Fri Jan  9 20:26:48 2026: XCD main fifo: created main fifo '/tmp/xcdmainb1ccc351-0b05-4160-bd90-a0943c9f7a92', fd read = 13
Fri Jan  9 20:26:48 2026: Running Dispatch Server
Fri Jan  9 20:26:48 2026: Version 2.2.0
Fri Jan  9 20:26:50 2026: Dispatch Server: Accepted socket connection from client
Fri Jan  9 20:26:50 2026: Starting Socket connection
Fri Jan  9 20:26:50 2026: EXCHANGE_TOKEN received, server token: b1ccc351-0b05-4160-bd90-a0943c9f7a92, passed token: b1ccc351-0b05-4160-bd90-a0943c9f7a92
Fri Jan  9 20:26:50 2026: DISPATCH_HANDLER: Adding handler from function makeHandler in library libxv_system_diagram
Fri Jan  9 20:26:50 2026: SESSION_MGR: creating session with session uuid: 'b7861b0e-8a21-4ce0-8d9c-03d07154ac52' and name 'vitis-run_compile_hls_pfb'
Fri Jan  9 20:26:50 2026: KERNEL_SVC: creating session with uuid: 'b7861b0e-8a21-4ce0-8d9c-03d07154ac52' and name 'vitis-run_compile_hls_pfb'
Fri Jan  9 20:26:50 2026: GUIDANCE_SMGR: creating guidance session with uuid: 'b7861b0e-8a21-4ce0-8d9c-03d07154ac52' and name 'vitis-run_compile_hls_pfb'
Fri Jan  9 20:26:50 2026: SYSTEM_DIAGRAM: creating session with uuid: 'b7861b0e-8a21-4ce0-8d9c-03d07154ac52' and name 'vitis-run_compile_hls_pfb'
Fri Jan  9 20:26:52 2026: Dispatch Server: Accepted socket connection from client
Fri Jan  9 20:26:52 2026: Starting Socket connection
Fri Jan  9 20:28:24 2026: SESSION_MGR: closing session for UUID 'b7861b0e-8a21-4ce0-8d9c-03d07154ac52' with name 'vitis-run_compile_hls_pfb'
Fri Jan  9 20:28:24 2026: KERNEL_SVC: closing session for UUID 'b7861b0e-8a21-4ce0-8d9c-03d07154ac52' with name 'vitis-run_compile_hls_pfb'
Fri Jan  9 20:28:24 2026: GUIDANCE_SMGR: closing session for UUID 'b7861b0e-8a21-4ce0-8d9c-03d07154ac52' with name 'vitis-run_compile_hls_pfb'
Fri Jan  9 20:28:24 2026: SYSTEM_DIAGRAM: closing session for UUID 'b7861b0e-8a21-4ce0-8d9c-03d07154ac52' with name 'vitis-run_compile_hls_pfb'
Fri Jan  9 20:28:24 2026: STOP_SERVER received, server token: b1ccc351-0b05-4160-bd90-a0943c9f7a92, passed token: b1ccc351-0b05-4160-bd90-a0943c9f7a92
Fri Jan  9 20:28:24 2026: Socket received request to stop server.
Fri Jan  9 20:28:24 2026: Dispatch Server: do_await_stop
Fri Jan  9 20:28:24 2026: Dispatch Server: stopping mainFifo_
Fri Jan  9 20:28:24 2026: XCD main fifo: Stopping
Fri Jan  9 20:28:24 2026: XCD main fifo: do_read error code: Operation canceled
Fri Jan  9 20:28:24 2026: XCD main fifo: bytes_transferred: 0
Fri Jan  9 20:28:24 2026: SERVER: destructor for server bound to port 34617
Fri Jan  9 20:28:24 2026: XCD main fifo: Good unlink of /tmp/xcdmainb1ccc351-0b05-4160-bd90-a0943c9f7a92
Fri Jan  9 20:28:24 2026: Server exiting with status 0.
Fri Jan  9 20:28:24 2026: Closing log file.
Fri Jan  9 21:14:47 2026: Running xcd server. This server was built by gradle.
Fri Jan  9 21:14:47 2026: Server was asked to start on port: '32933'
Fri Jan  9 21:14:47 2026: Server is using token UUID: '72502647-17c0-492b-afe4-047bf2f13557'
Fri Jan  9 21:14:47 2026: SESSION_MGR: creating session with session uuid: '6d04a3e9-ade5-4ab9-8d63-1f78fcd2ec76' and name 'default'
Fri Jan  9 21:14:47 2026: Attempting to start server on port '32933'
Fri Jan  9 21:14:47 2026: XCD main fifo: created main fifo '/tmp/xcdmain72502647-17c0-492b-afe4-047bf2f13557', fd read = 13
Fri Jan  9 21:14:47 2026: Running Dispatch Server
Fri Jan  9 21:14:47 2026: Version 2.2.0
Fri Jan  9 21:14:49 2026: Dispatch Server: Accepted socket connection from client
Fri Jan  9 21:14:49 2026: Starting Socket connection
Fri Jan  9 21:14:49 2026: EXCHANGE_TOKEN received, server token: 72502647-17c0-492b-afe4-047bf2f13557, passed token: 72502647-17c0-492b-afe4-047bf2f13557
Fri Jan  9 21:14:49 2026: DISPATCH_HANDLER: Adding handler from function makeHandler in library libxv_system_diagram
Fri Jan  9 21:14:49 2026: SESSION_MGR: creating session with session uuid: '9e3c217d-c4a1-4b40-a91e-5d339a43f888' and name 'vitis-run_compile_hls_pfb'
Fri Jan  9 21:14:49 2026: KERNEL_SVC: creating session with uuid: '9e3c217d-c4a1-4b40-a91e-5d339a43f888' and name 'vitis-run_compile_hls_pfb'
Fri Jan  9 21:14:49 2026: GUIDANCE_SMGR: creating guidance session with uuid: '9e3c217d-c4a1-4b40-a91e-5d339a43f888' and name 'vitis-run_compile_hls_pfb'
Fri Jan  9 21:14:49 2026: SYSTEM_DIAGRAM: creating session with uuid: '9e3c217d-c4a1-4b40-a91e-5d339a43f888' and name 'vitis-run_compile_hls_pfb'
Fri Jan  9 21:14:50 2026: Dispatch Server: Accepted socket connection from client
Fri Jan  9 21:14:50 2026: Starting Socket connection
Fri Jan  9 21:14:56 2026: SESSION_MGR: closing session for UUID '9e3c217d-c4a1-4b40-a91e-5d339a43f888' with name 'vitis-run_compile_hls_pfb'
Fri Jan  9 21:14:56 2026: KERNEL_SVC: closing session for UUID '9e3c217d-c4a1-4b40-a91e-5d339a43f888' with name 'vitis-run_compile_hls_pfb'
Fri Jan  9 21:14:56 2026: GUIDANCE_SMGR: closing session for UUID '9e3c217d-c4a1-4b40-a91e-5d339a43f888' with name 'vitis-run_compile_hls_pfb'
Fri Jan  9 21:14:56 2026: SYSTEM_DIAGRAM: closing session for UUID '9e3c217d-c4a1-4b40-a91e-5d339a43f888' with name 'vitis-run_compile_hls_pfb'
Fri Jan  9 21:14:56 2026: STOP_SERVER received, server token: 72502647-17c0-492b-afe4-047bf2f13557, passed token: 72502647-17c0-492b-afe4-047bf2f13557
Fri Jan  9 21:14:56 2026: Socket received request to stop server.
Fri Jan  9 21:14:56 2026: Dispatch Server: do_await_stop
Fri Jan  9 21:14:56 2026: Dispatch Server: stopping mainFifo_
Fri Jan  9 21:14:56 2026: XCD main fifo: Stopping
Fri Jan  9 21:14:56 2026: XCD main fifo: do_read error code: Operation canceled
Fri Jan  9 21:14:56 2026: XCD main fifo: bytes_transferred: 0
Fri Jan  9 21:14:56 2026: SERVER: destructor for server bound to port 32933
Fri Jan  9 21:14:56 2026: XCD main fifo: Good unlink of /tmp/xcdmain72502647-17c0-492b-afe4-047bf2f13557
Fri Jan  9 21:14:56 2026: Server exiting with status 0.
Fri Jan  9 21:14:56 2026: Closing log file.
