Vivado Simulator v2023.2
Copyright 1986-2022 Xilinx, Inc. All Rights Reserved.
Copyright 2022-2023 Advanced Micro Devices, Inc. All Rights Reserved.
Running: /tools/Xilinx/Vivado/2023.2/bin/unwrapped/lnx64.o/xelab xil_defaultlib.apatb_pfb_multichannel_decimator_top glbl -Oenable_linking_all_libraries -prj pfb_multichannel_decimator.prj -L smartconnect_v1_0 -L axi_protocol_checker_v1_1_12 -L axi_protocol_checker_v1_1_13 -L axis_protocol_checker_v1_1_11 -L axis_protocol_checker_v1_1_12 -L xil_defaultlib -L unisims_ver -L xpm -L floating_point_v7_1_16 -L floating_point_v7_0_21 --lib ieee_proposed=./ieee_proposed -s pfb_multichannel_decimator 
Multi-threading is on. Using 14 slave threads.
WARNING: [XSIM 43-3431] One or more environment variables have been detected which affect the operation of the C compiler. These are typically not set in standard installations and are not tested by AMD, however they may be appropriate for your system, so the flow will attempt to continue.  If errors occur, try running xelab with the "-mt off -v 1" switches to see more information from the C compiler. The following environment variables have been detected:
INFO: [VRFC 10-2263] Analyzing SystemVerilog file "/home/brett/Documents/FX_Correlator/pfb/hls_pfb/hls_pfb/hls/sim/verilog/glbl.v" into library work
INFO: [VRFC 10-311] analyzing module glbl
INFO: [VRFC 10-2263] Analyzing SystemVerilog file "/home/brett/Documents/FX_Correlator/pfb/hls_pfb/hls_pfb/hls/sim/verilog/pfb_multichannel_decimator_regslice_both.v" into library xil_defaultlib
INFO: [VRFC 10-311] analyzing module pfb_multichannel_decimator_regslice_both
INFO: [VRFC 10-311] analyzing module pfb_multichannel_decimator_regslice_both_w1
INFO: [VRFC 10-2263] Analyzing SystemVerilog file "/home/brett/Documents/FX_Correlator/pfb/hls_pfb/hls_pfb/hls/sim/verilog/pfb_multichannel_decimator_sparsemux_11_3_16_1_1.v" into library xil_defaultlib
INFO: [VRFC 10-311] analyzing module pfb_multichannel_decimator_sparsemux_11_3_16_1_1
INFO: [VRFC 10-2263] Analyzing SystemVerilog file "/home/brett/Documents/FX_Correlator/pfb/hls_pfb/hls_pfb/hls/sim/verilog/AESL_axi_s_dout_data_0.v" into library xil_defaultlib
INFO: [VRFC 10-311] analyzing module AESL_axi_s_dout_data_0
INFO: [VRFC 10-2263] Analyzing SystemVerilog file "/home/brett/Documents/FX_Correlator/pfb/hls_pfb/hls_pfb/hls/sim/verilog/AESL_axi_s_din_data_q2.v" into library xil_defaultlib
INFO: [VRFC 10-311] analyzing module AESL_axi_s_din_data_q2
INFO: [VRFC 10-2263] Analyzing SystemVerilog file "/home/brett/Documents/FX_Correlator/pfb/hls_pfb/hls_pfb/hls/sim/verilog/AESL_deadlock_kernel_monitor_top.v" into library xil_defaultlib
INFO: [VRFC 10-311] analyzing module AESL_deadlock_kernel_monitor_top
INFO: [VRFC 10-2263] Analyzing SystemVerilog file "/home/brett/Documents/FX_Correlator/pfb/hls_pfb/hls_pfb/hls/sim/verilog/AESL_axi_s_dout_data_2.v" into library xil_defaultlib
INFO: [VRFC 10-311] analyzing module AESL_axi_s_dout_data_2
INFO: [VRFC 10-2263] Analyzing SystemVerilog file "/home/brett/Documents/FX_Correlator/pfb/hls_pfb/hls_pfb/hls/sim/verilog/pfb_multichannel_decimator_sparsemux_9_2_16_1_1.v" into library xil_defaultlib
INFO: [VRFC 10-311] analyzing module pfb_multichannel_decimator_sparsemux_9_2_16_1_1
INFO: [VRFC 10-2263] Analyzing SystemVerilog file "/home/brett/Documents/FX_Correlator/pfb/hls_pfb/hls_pfb/hls/sim/verilog/AESL_axi_s_din_data_i1.v" into library xil_defaultlib
INFO: [VRFC 10-311] analyzing module AESL_axi_s_din_data_i1
INFO: [VRFC 10-2263] Analyzing SystemVerilog file "/home/brett/Documents/FX_Correlator/pfb/hls_pfb/hls_pfb/hls/sim/verilog/pfb_multichannel_decimator_mul_12ns_14ns_25_1_1.v" into library xil_defaultlib
INFO: [VRFC 10-311] analyzing module pfb_multichannel_decimator_mul_12ns_14ns_25_1_1
INFO: [VRFC 10-2263] Analyzing SystemVerilog file "/home/brett/Documents/FX_Correlator/pfb/hls_pfb/hls_pfb/hls/sim/verilog/pfb_multichannel_decimator.autotb.v" into library xil_defaultlib
INFO: [VRFC 10-311] analyzing module apatb_pfb_multichannel_decimator_top
INFO: [VRFC 10-2263] Analyzing SystemVerilog file "/home/brett/Documents/FX_Correlator/pfb/hls_pfb/hls_pfb/hls/sim/verilog/pfb_multichannel_decimator_mul_16s_16s_31_1_1.v" into library xil_defaultlib
INFO: [VRFC 10-311] analyzing module pfb_multichannel_decimator_mul_16s_16s_31_1_1
INFO: [VRFC 10-2263] Analyzing SystemVerilog file "/home/brett/Documents/FX_Correlator/pfb/hls_pfb/hls_pfb/hls/sim/verilog/pfb_multichannel_decimator_compute_pfb_Pipeline_load_coeffs.v" into library xil_defaultlib
INFO: [VRFC 10-311] analyzing module pfb_multichannel_decimator_compute_pfb_Pipeline_load_coeffs
INFO: [VRFC 10-2263] Analyzing SystemVerilog file "/home/brett/Documents/FX_Correlator/pfb/hls_pfb/hls_pfb/hls/sim/verilog/AESL_deadlock_report_unit.v" into library xil_defaultlib
INFO: [VRFC 10-311] analyzing module AESL_deadlock_report_unit
INFO: [VRFC 10-2263] Analyzing SystemVerilog file "/home/brett/Documents/FX_Correlator/pfb/hls_pfb/hls_pfb/hls/sim/verilog/AESL_axi_slave_control_r.v" into library xil_defaultlib
INFO: [VRFC 10-311] analyzing module AESL_axi_slave_control_r
INFO: [VRFC 10-2263] Analyzing SystemVerilog file "/home/brett/Documents/FX_Correlator/pfb/hls_pfb/hls_pfb/hls/sim/verilog/AESL_axi_slave_control.v" into library xil_defaultlib
INFO: [VRFC 10-311] analyzing module AESL_axi_slave_control
INFO: [VRFC 10-2263] Analyzing SystemVerilog file "/home/brett/Documents/FX_Correlator/pfb/hls_pfb/hls_pfb/hls/sim/verilog/AESL_deadlock_detection_unit.v" into library xil_defaultlib
INFO: [VRFC 10-311] analyzing module AESL_deadlock_detect_unit
INFO: [VRFC 10-2263] Analyzing SystemVerilog file "/home/brett/Documents/FX_Correlator/pfb/hls_pfb/hls_pfb/hls/sim/verilog/pfb_multichannel_decimator_fifo_w128_d16_A.v" into library xil_defaultlib
INFO: [VRFC 10-311] analyzing module pfb_multichannel_decimator_fifo_w128_d16_A
INFO: [VRFC 10-311] analyzing module pfb_multichannel_decimator_fifo_w128_d16_A_ram
INFO: [VRFC 10-2263] Analyzing SystemVerilog file "/home/brett/Documents/FX_Correlator/pfb/hls_pfb/hls_pfb/hls/sim/verilog/pfb_multichannel_decimator_compute_pfb.v" into library xil_defaultlib
INFO: [VRFC 10-311] analyzing module pfb_multichannel_decimator_compute_pfb
INFO: [VRFC 10-2263] Analyzing SystemVerilog file "/home/brett/Documents/FX_Correlator/pfb/hls_pfb/hls_pfb/hls/sim/verilog/AESL_axi_s_din_data_q1.v" into library xil_defaultlib
INFO: [VRFC 10-311] analyzing module AESL_axi_s_din_data_q1
INFO: [VRFC 10-2263] Analyzing SystemVerilog file "/home/brett/Documents/FX_Correlator/pfb/hls_pfb/hls_pfb/hls/sim/verilog/AESL_deadlock_detector.v" into library xil_defaultlib
INFO: [VRFC 10-311] analyzing module AESL_deadlock_detector
INFO: [VRFC 10-2263] Analyzing SystemVerilog file "/home/brett/Documents/FX_Correlator/pfb/hls_pfb/hls_pfb/hls/sim/verilog/AESL_axi_s_din_data_q0.v" into library xil_defaultlib
INFO: [VRFC 10-311] analyzing module AESL_axi_s_din_data_q0
INFO: [VRFC 10-2263] Analyzing SystemVerilog file "/home/brett/Documents/FX_Correlator/pfb/hls_pfb/hls_pfb/hls/sim/verilog/pfb_multichannel_decimator_compute_pfb_Pipeline_compute_loop_compute_pfb_stream_stream_ap_fixed_16_1_5_3bkb.v" into library xil_defaultlib
INFO: [VRFC 10-311] analyzing module pfb_multichannel_decimator_compute_pfb_Pipeline_compute_loop_compute_pfb_stream_stream_ap_fixed_16_1_5_3bkb
INFO: [VRFC 10-2263] Analyzing SystemVerilog file "/home/brett/Documents/FX_Correlator/pfb/hls_pfb/hls_pfb/hls/sim/verilog/pfb_multichannel_decimator_mul_11ns_13ns_23_1_1.v" into library xil_defaultlib
INFO: [VRFC 10-311] analyzing module pfb_multichannel_decimator_mul_11ns_13ns_23_1_1
INFO: [VRFC 10-2263] Analyzing SystemVerilog file "/home/brett/Documents/FX_Correlator/pfb/hls_pfb/hls_pfb/hls/sim/verilog/pfb_multichannel_decimator_control_r_s_axi.v" into library xil_defaultlib
INFO: [VRFC 10-311] analyzing module pfb_multichannel_decimator_control_r_s_axi
INFO: [VRFC 10-2263] Analyzing SystemVerilog file "/home/brett/Documents/FX_Correlator/pfb/hls_pfb/hls_pfb/hls/sim/verilog/pfb_multichannel_decimator_read_inputs.v" into library xil_defaultlib
INFO: [VRFC 10-311] analyzing module pfb_multichannel_decimator_read_inputs
INFO: [VRFC 10-2263] Analyzing SystemVerilog file "/home/brett/Documents/FX_Correlator/pfb/hls_pfb/hls_pfb/hls/sim/verilog/AESL_axi_s_dout_data_1.v" into library xil_defaultlib
INFO: [VRFC 10-311] analyzing module AESL_axi_s_dout_data_1
INFO: [VRFC 10-2263] Analyzing SystemVerilog file "/home/brett/Documents/FX_Correlator/pfb/hls_pfb/hls_pfb/hls/sim/verilog/AESL_deadlock_idx0_monitor.v" into library xil_defaultlib
INFO: [VRFC 10-311] analyzing module AESL_deadlock_idx0_monitor
INFO: [VRFC 10-2263] Analyzing SystemVerilog file "/home/brett/Documents/FX_Correlator/pfb/hls_pfb/hls_pfb/hls/sim/verilog/AESL_fifo.v" into library xil_defaultlib
INFO: [VRFC 10-311] analyzing module fifo
INFO: [VRFC 10-2263] Analyzing SystemVerilog file "/home/brett/Documents/FX_Correlator/pfb/hls_pfb/hls_pfb/hls/sim/verilog/pfb_multichannel_decimator_compute_pfb_Pipeline_compute_loop.v" into library xil_defaultlib
INFO: [VRFC 10-311] analyzing module pfb_multichannel_decimator_compute_pfb_Pipeline_compute_loop
INFO: [VRFC 10-2263] Analyzing SystemVerilog file "/home/brett/Documents/FX_Correlator/pfb/hls_pfb/hls_pfb/hls/sim/verilog/pfb_multichannel_decimator_gmem_m_axi.v" into library xil_defaultlib
INFO: [VRFC 10-311] analyzing module pfb_multichannel_decimator_gmem_m_axi
INFO: [VRFC 10-311] analyzing module pfb_multichannel_decimator_gmem_m_axi_load
INFO: [VRFC 10-311] analyzing module pfb_multichannel_decimator_gmem_m_axi_store
INFO: [VRFC 10-311] analyzing module pfb_multichannel_decimator_gmem_m_axi_read
INFO: [VRFC 10-311] analyzing module pfb_multichannel_decimator_gmem_m_axi_write
INFO: [VRFC 10-311] analyzing module pfb_multichannel_decimator_gmem_m_axi_burst_converter
INFO: [VRFC 10-311] analyzing module pfb_multichannel_decimator_gmem_m_axi_throttle
INFO: [VRFC 10-311] analyzing module pfb_multichannel_decimator_gmem_m_axi_reg_slice
INFO: [VRFC 10-311] analyzing module pfb_multichannel_decimator_gmem_m_axi_fifo
INFO: [VRFC 10-311] analyzing module pfb_multichannel_decimator_gmem_m_axi_srl
INFO: [VRFC 10-311] analyzing module pfb_multichannel_decimator_gmem_m_axi_mem
INFO: [VRFC 10-2263] Analyzing SystemVerilog file "/home/brett/Documents/FX_Correlator/pfb/hls_pfb/hls_pfb/hls/sim/verilog/AESL_axi_s_din_data_i2.v" into library xil_defaultlib
INFO: [VRFC 10-311] analyzing module AESL_axi_s_din_data_i2
INFO: [VRFC 10-2263] Analyzing SystemVerilog file "/home/brett/Documents/FX_Correlator/pfb/hls_pfb/hls_pfb/hls/sim/verilog/pfb_multichannel_decimator_write_outputs.v" into library xil_defaultlib
INFO: [VRFC 10-311] analyzing module pfb_multichannel_decimator_write_outputs
INFO: [VRFC 10-2263] Analyzing SystemVerilog file "/home/brett/Documents/FX_Correlator/pfb/hls_pfb/hls_pfb/hls/sim/verilog/AESL_axi_s_din_data_i3.v" into library xil_defaultlib
INFO: [VRFC 10-311] analyzing module AESL_axi_s_din_data_i3
INFO: [VRFC 10-2263] Analyzing SystemVerilog file "/home/brett/Documents/FX_Correlator/pfb/hls_pfb/hls_pfb/hls/sim/verilog/pfb_multichannel_decimator_mac_muladd_16s_16s_31s_31_4_1.v" into library xil_defaultlib
INFO: [VRFC 10-311] analyzing module pfb_multichannel_decimator_mac_muladd_16s_16s_31s_31_4_1_DSP48_0
INFO: [VRFC 10-311] analyzing module pfb_multichannel_decimator_mac_muladd_16s_16s_31s_31_4_1
INFO: [VRFC 10-2263] Analyzing SystemVerilog file "/home/brett/Documents/FX_Correlator/pfb/hls_pfb/hls_pfb/hls/sim/verilog/AESL_axi_master_gmem.v" into library xil_defaultlib
INFO: [VRFC 10-311] analyzing module AESL_axi_master_gmem
INFO: [VRFC 10-2263] Analyzing SystemVerilog file "/home/brett/Documents/FX_Correlator/pfb/hls_pfb/hls_pfb/hls/sim/verilog/pfb_multichannel_decimator.v" into library xil_defaultlib
INFO: [VRFC 10-311] analyzing module pfb_multichannel_decimator
INFO: [VRFC 10-2263] Analyzing SystemVerilog file "/home/brett/Documents/FX_Correlator/pfb/hls_pfb/hls_pfb/hls/sim/verilog/AESL_axi_s_din_data_i0.v" into library xil_defaultlib
INFO: [VRFC 10-311] analyzing module AESL_axi_s_din_data_i0
INFO: [VRFC 10-2263] Analyzing SystemVerilog file "/home/brett/Documents/FX_Correlator/pfb/hls_pfb/hls_pfb/hls/sim/verilog/pfb_multichannel_decimator_control_s_axi.v" into library xil_defaultlib
INFO: [VRFC 10-311] analyzing module pfb_multichannel_decimator_control_s_axi
INFO: [VRFC 10-2263] Analyzing SystemVerilog file "/home/brett/Documents/FX_Correlator/pfb/hls_pfb/hls_pfb/hls/sim/verilog/pfb_multichannel_decimator_start_for_write_outputs_U0.v" into library xil_defaultlib
INFO: [VRFC 10-311] analyzing module pfb_multichannel_decimator_start_for_write_outputs_U0
INFO: [VRFC 10-311] analyzing module pfb_multichannel_decimator_start_for_write_outputs_U0_ShiftReg
INFO: [VRFC 10-2263] Analyzing SystemVerilog file "/home/brett/Documents/FX_Correlator/pfb/hls_pfb/hls_pfb/hls/sim/verilog/AESL_deadlock_idx2_monitor.v" into library xil_defaultlib
INFO: [VRFC 10-311] analyzing module AESL_deadlock_idx2_monitor
INFO: [VRFC 10-2263] Analyzing SystemVerilog file "/home/brett/Documents/FX_Correlator/pfb/hls_pfb/hls_pfb/hls/sim/verilog/AESL_axi_s_dout_data_3.v" into library xil_defaultlib
INFO: [VRFC 10-311] analyzing module AESL_axi_s_dout_data_3
INFO: [VRFC 10-2263] Analyzing SystemVerilog file "/home/brett/Documents/FX_Correlator/pfb/hls_pfb/hls_pfb/hls/sim/verilog/pfb_multichannel_decimator_compute_pfb_compute_pfb_stream_stream_ap_fixed_16_1_5_3_0_const_local_coeffs_Hfu.v" into library xil_defaultlib
INFO: [VRFC 10-311] analyzing module pfb_multichannel_decimator_compute_pfb_compute_pfb_stream_stream_ap_fixed_16_1_5_3_0_const_local_coeffs_Hfu
INFO: [VRFC 10-2263] Analyzing SystemVerilog file "/home/brett/Documents/FX_Correlator/pfb/hls_pfb/hls_pfb/hls/sim/verilog/AESL_deadlock_idx1_monitor.v" into library xil_defaultlib
INFO: [VRFC 10-311] analyzing module AESL_deadlock_idx1_monitor
INFO: [VRFC 10-2263] Analyzing SystemVerilog file "/home/brett/Documents/FX_Correlator/pfb/hls_pfb/hls_pfb/hls/sim/verilog/AESL_axi_s_din_data_q3.v" into library xil_defaultlib
INFO: [VRFC 10-311] analyzing module AESL_axi_s_din_data_q3
INFO: [VRFC 10-2263] Analyzing SystemVerilog file "/home/brett/Documents/FX_Correlator/pfb/hls_pfb/hls_pfb/hls/sim/verilog/dataflow_monitor.sv" into library xil_defaultlib
INFO: [VRFC 10-311] analyzing module dataflow_monitor
Starting static elaboration
Pass Through NonSizing Optimizer
WARNING: [VRFC 10-5021] port 'reset' is not connected on this instance [/home/brett/Documents/FX_Correlator/pfb/hls_pfb/hls_pfb/hls/sim/verilog/pfb_multichannel_decimator_start_for_write_outputs_U0.v:46]
Completed static elaboration
Starting simulation data flow analysis
Completed simulation data flow analysis
Time Resolution for simulation is 1ps
Compiling package xil_defaultlib.$unit_dataflow_monitor_sv
Compiling module xil_defaultlib.pfb_multichannel_decimator_contr...
Compiling module xil_defaultlib.pfb_multichannel_decimator_contr...
Compiling module xil_defaultlib.pfb_multichannel_decimator_gmem_...
Compiling module xil_defaultlib.pfb_multichannel_decimator_gmem_...
Compiling module xil_defaultlib.pfb_multichannel_decimator_gmem_...
Compiling module xil_defaultlib.pfb_multichannel_decimator_gmem_...
Compiling module xil_defaultlib.pfb_multichannel_decimator_gmem_...
Compiling module xil_defaultlib.pfb_multichannel_decimator_gmem_...
Compiling module xil_defaultlib.pfb_multichannel_decimator_gmem_...
Compiling module xil_defaultlib.pfb_multichannel_decimator_gmem_...
Compiling module xil_defaultlib.pfb_multichannel_decimator_gmem_...
Compiling module xil_defaultlib.pfb_multichannel_decimator_gmem_...
Compiling module xil_defaultlib.pfb_multichannel_decimator_gmem_...
Compiling module xil_defaultlib.pfb_multichannel_decimator_gmem_...
Compiling module xil_defaultlib.pfb_multichannel_decimator_gmem_...
Compiling module xil_defaultlib.pfb_multichannel_decimator_gmem_...
Compiling module xil_defaultlib.pfb_multichannel_decimator_gmem_...
Compiling module xil_defaultlib.pfb_multichannel_decimator_gmem_...
Compiling module xil_defaultlib.pfb_multichannel_decimator_gmem_...
Compiling module xil_defaultlib.pfb_multichannel_decimator_gmem_...
Compiling module xil_defaultlib.pfb_multichannel_decimator_gmem_...
Compiling module xil_defaultlib.pfb_multichannel_decimator_gmem_...
Compiling module xil_defaultlib.pfb_multichannel_decimator_gmem_...
Compiling module xil_defaultlib.pfb_multichannel_decimator_gmem_...
Compiling module xil_defaultlib.pfb_multichannel_decimator_gmem_...
Compiling module xil_defaultlib.pfb_multichannel_decimator_gmem_...
Compiling module xil_defaultlib.pfb_multichannel_decimator_gmem_...
Compiling module xil_defaultlib.pfb_multichannel_decimator_gmem_...
Compiling module xil_defaultlib.pfb_multichannel_decimator_gmem_...
Compiling module xil_defaultlib.pfb_multichannel_decimator_gmem_...
Compiling module xil_defaultlib.pfb_multichannel_decimator_gmem_...
Compiling module xil_defaultlib.pfb_multichannel_decimator_gmem_...
Compiling module xil_defaultlib.pfb_multichannel_decimator_gmem_...
Compiling module xil_defaultlib.pfb_multichannel_decimator_regsl...
Compiling module xil_defaultlib.pfb_multichannel_decimator_read_...
Compiling module xil_defaultlib.pfb_multichannel_decimator_compu...
Compiling module xil_defaultlib.pfb_multichannel_decimator_compu...
Compiling module xil_defaultlib.pfb_multichannel_decimator_compu...
Compiling module xil_defaultlib.pfb_multichannel_decimator_mul_1...
Compiling module xil_defaultlib.pfb_multichannel_decimator_mul_1...
Compiling module xil_defaultlib.pfb_multichannel_decimator_spars...
Compiling module xil_defaultlib.pfb_multichannel_decimator_spars...
Compiling module xil_defaultlib.pfb_multichannel_decimator_mul_1...
Compiling module xil_defaultlib.pfb_multichannel_decimator_mac_m...
Compiling module xil_defaultlib.pfb_multichannel_decimator_mac_m...
Compiling module xil_defaultlib.pfb_multichannel_decimator_compu...
Compiling module xil_defaultlib.pfb_multichannel_decimator_compu...
Compiling module xil_defaultlib.pfb_multichannel_decimator_regsl...
Compiling module xil_defaultlib.pfb_multichannel_decimator_write...
Compiling module xil_defaultlib.pfb_multichannel_decimator_fifo_...
Compiling module xil_defaultlib.pfb_multichannel_decimator_fifo_...
Compiling module xil_defaultlib.pfb_multichannel_decimator_start...
Compiling module xil_defaultlib.pfb_multichannel_decimator_start...
Compiling module xil_defaultlib.pfb_multichannel_decimator
Compiling module xil_defaultlib.fifo(DEPTH=1024,WIDTH=16)
Compiling module xil_defaultlib.AESL_axi_s_din_data_i0
Compiling module xil_defaultlib.AESL_axi_s_din_data_q0
Compiling module xil_defaultlib.AESL_axi_s_din_data_i1
Compiling module xil_defaultlib.AESL_axi_s_din_data_q1
Compiling module xil_defaultlib.AESL_axi_s_din_data_i2
Compiling module xil_defaultlib.AESL_axi_s_din_data_q2
Compiling module xil_defaultlib.AESL_axi_s_din_data_i3
Compiling module xil_defaultlib.AESL_axi_s_din_data_q3
Compiling module xil_defaultlib.fifo(DEPTH=1024,WIDTH=32)
Compiling module xil_defaultlib.AESL_axi_s_dout_data_0
Compiling module xil_defaultlib.AESL_axi_s_dout_data_1
Compiling module xil_defaultlib.AESL_axi_s_dout_data_2
Compiling module xil_defaultlib.AESL_axi_s_dout_data_3
Compiling module xil_defaultlib.AESL_axi_master_gmem
Compiling module xil_defaultlib.AESL_axi_slave_control_r
Compiling module xil_defaultlib.AESL_axi_slave_control
Compiling module xil_defaultlib.AESL_deadlock_detect_unit(PROC_N...
Compiling module xil_defaultlib.AESL_deadlock_detect_unit(PROC_N...
Compiling module xil_defaultlib.AESL_deadlock_detect_unit(PROC_N...
Compiling module xil_defaultlib.AESL_deadlock_report_unit(PROC_N...
Compiling module xil_defaultlib.AESL_deadlock_detector_1
Compiling module xil_defaultlib.AESL_deadlock_idx1_monitor
Compiling module xil_defaultlib.AESL_deadlock_idx2_monitor
Compiling module xil_defaultlib.AESL_deadlock_idx0_monitor
Compiling module xil_defaultlib.AESL_deadlock_kernel_monitor_top...
Compiling module xil_defaultlib.df_fifo_intf
Compiling module xil_defaultlib.df_process_intf
Compiling module xil_defaultlib.nodf_module_intf
Compiling module xil_defaultlib.pp_loop_intf(FSM_WIDTH=3)
Compiling module xil_defaultlib.dataflow_monitor_1
Compiling module xil_defaultlib.apatb_pfb_multichannel_decimator...
Compiling module work.glbl
Built simulation snapshot pfb_multichannel_decimator
