#-----------------------------------------------------------
# xsim v2023.2 (64-bit)
# SW Build 4029153 on Fri Oct 13 20:13:54 MDT 2023
# IP Build 4028589 on Sat Oct 14 00:45:43 MDT 2023
# SharedData Build 4025554 on Tue Oct 10 17:18:54 MDT 2023
# Start of session at: Sat Jan 10 15:33:07 2026
# Process ID: 33149
# Current directory: /home/brett/Documents/FX_Correlator/pfb/hls_pfb/hls_pfb/hls/sim/verilog
# Command line: xsim -mode tcl -source {xsim.dir/pfb_multichannel/xsim_script.tcl}
# Log file: /home/brett/Documents/FX_Correlator/pfb/hls_pfb/hls_pfb/hls/sim/verilog/xsim.log
# Journal file: /home/brett/Documents/FX_Correlator/pfb/hls_pfb/hls_pfb/hls/sim/verilog/xsim.jou
# Running On: brett-System-Product-Name, OS: Linux, CPU Frequency: 5204.293 MHz, CPU Physical cores: 16, Host memory: 64925 MB
#-----------------------------------------------------------
source xsim.dir/pfb_multichannel/xsim_script.tcl
# xsim {pfb_multichannel} -autoloadwcfg -tclbatch {pfb_multichannel.tcl}
Time resolution is 1 ps
source pfb_multichannel.tcl
## run all
////////////////////////////////////////////////////////////////////////////////////
// Inter-Transaction Progress: Completed Transaction / Total Transaction
// Intra-Transaction Progress: Measured Latency / Latency Estimation * 100%
//
// RTL Simulation : "Inter-Transaction Progress" ["Intra-Transaction Progress"] @ "Simulation Time"
////////////////////////////////////////////////////////////////////////////////////
// RTL Simulation : 0 / 8 [0.00%] @ "125000"
// RTL Simulation : 1 / 8 [0.00%] @ "74285000"
// RTL Simulation : 2 / 8 [0.00%] @ "106615000"
// RTL Simulation : 3 / 8 [0.00%] @ "138945000"
// RTL Simulation : 4 / 8 [0.00%] @ "171275000"
// RTL Simulation : 5 / 8 [0.00%] @ "203605000"
// RTL Simulation : 6 / 8 [0.00%] @ "235935000"
// RTL Simulation : 7 / 8 [0.00%] @ "268265000"
// RTL Simulation : 8 / 8 [100.00%] @ "300595000"
////////////////////////////////////////////////////////////////////////////////////
$finish called at time : 300655 ns : File "/home/brett/Documents/FX_Correlator/pfb/hls_pfb/hls_pfb/hls/sim/verilog/pfb_multichannel.autotb.v" Line 976
run: Time (s): cpu = 00:00:00.01 ; elapsed = 00:01:11 . Memory (MB): peak = 1235.672 ; gain = 0.000 ; free physical = 45442 ; free virtual = 53094
## quit
INFO: xsimkernel Simulation Memory Usage: 220932 KB (Peak: 271104 KB), Simulation CPU Usage: 70900 ms
INFO: [Common 17-206] Exiting xsim at Sat Jan 10 15:34:20 2026...
