

================================================================
== Vitis HLS Report for 'compute_pfb_Pipeline_compute_loop'
================================================================
* Date:           Thu Jan  8 20:12:43 2026

* Version:        2023.2 (Build 4023990 on Oct 11 2023)
* Project:        hls_pfb
* Solution:       hls (Vivado IP Flow Target)
* Product family: zynq
* Target device:  xc7z045-ffg900-2


================================================================
== Performance Estimates
================================================================
+ Timing: 
    * Summary: 
    +--------+----------+----------+------------+
    |  Clock |  Target  | Estimated| Uncertainty|
    +--------+----------+----------+------------+
    |ap_clk  |  10.00 ns|  6.400 ns|     2.70 ns|
    +--------+----------+----------+------------+

+ Latency: 
    * Summary: 
    +---------+---------+-----------+-----------+------+------+---------+
    |  Latency (cycles) |   Latency (absolute)  |   Interval  | Pipeline|
    |   min   |   max   |    min    |    max    |  min |  max |   Type  |
    +---------+---------+-----------+-----------+------+------+---------+
    |     1031|     1031|  10.310 us|  10.310 us|  1031|  1031|       no|
    +---------+---------+-----------+-----------+------+------+---------+

    + Detail: 
        * Instance: 
        N/A

        * Loop: 
        +----------------+---------+---------+----------+-----------+-----------+------+----------+
        |                |  Latency (cycles) | Iteration|  Initiation Interval  | Trip |          |
        |    Loop Name   |   min   |   max   |  Latency |  achieved |   target  | Count| Pipelined|
        +----------------+---------+---------+----------+-----------+-----------+------+----------+
        |- compute_loop  |     1029|     1029|         7|          1|          1|  1024|       yes|
        +----------------+---------+---------+----------+-----------+-----------+------+----------+



================================================================
== Utilization Estimates
================================================================
* Summary: 
+-----------------+---------+-----+--------+--------+-----+
|       Name      | BRAM_18K| DSP |   FF   |   LUT  | URAM|
+-----------------+---------+-----+--------+--------+-----+
|DSP              |        -|   14|       -|       -|    -|
|Expression       |        -|    -|       0|     406|    -|
|FIFO             |        -|    -|       -|       -|    -|
|Instance         |        -|   21|       0|     618|    -|
|Memory           |       32|    -|       0|       0|    -|
|Multiplexer      |        -|    -|       -|     210|    -|
|Register         |        -|    -|    1219|      32|    -|
+-----------------+---------+-----+--------+--------+-----+
|Total            |       32|   35|    1219|    1266|    0|
+-----------------+---------+-----+--------+--------+-----+
|Available        |     1090|  900|  437200|  218600|    0|
+-----------------+---------+-----+--------+--------+-----+
|Utilization (%)  |        2|    3|      ~0|      ~0|    0|
+-----------------+---------+-----+--------+--------+-----+

+ Detail: 
    * Instance: 
    +---------------------------+-----------------------+---------+----+---+----+-----+
    |          Instance         |         Module        | BRAM_18K| DSP| FF| LUT| URAM|
    +---------------------------+-----------------------+---------+----+---+----+-----+
    |mul_11ns_13ns_23_1_1_U25   |mul_11ns_13ns_23_1_1   |        0|   1|  0|   6|    0|
    |mul_12ns_14ns_25_1_1_U26   |mul_12ns_14ns_25_1_1   |        0|   1|  0|   6|    0|
    |mul_12ns_14ns_25_1_1_U27   |mul_12ns_14ns_25_1_1   |        0|   1|  0|   6|    0|
    |mul_16s_16s_31_1_1_U56     |mul_16s_16s_31_1_1     |        0|   1|  0|   6|    0|
    |mul_16s_16s_31_1_1_U57     |mul_16s_16s_31_1_1     |        0|   1|  0|   6|    0|
    |mul_16s_16s_31_1_1_U58     |mul_16s_16s_31_1_1     |        0|   1|  0|   6|    0|
    |mul_16s_16s_31_1_1_U59     |mul_16s_16s_31_1_1     |        0|   1|  0|   6|    0|
    |mul_16s_16s_31_1_1_U60     |mul_16s_16s_31_1_1     |        0|   1|  0|   6|    0|
    |mul_16s_16s_31_1_1_U61     |mul_16s_16s_31_1_1     |        0|   1|  0|   6|    0|
    |mul_16s_16s_31_1_1_U62     |mul_16s_16s_31_1_1     |        0|   1|  0|   6|    0|
    |mul_16s_16s_31_1_1_U63     |mul_16s_16s_31_1_1     |        0|   1|  0|   6|    0|
    |mul_16s_16s_31_1_1_U64     |mul_16s_16s_31_1_1     |        0|   1|  0|   6|    0|
    |mul_16s_16s_31_1_1_U65     |mul_16s_16s_31_1_1     |        0|   1|  0|   6|    0|
    |mul_16s_16s_31_1_1_U66     |mul_16s_16s_31_1_1     |        0|   1|  0|   6|    0|
    |mul_16s_16s_31_1_1_U67     |mul_16s_16s_31_1_1     |        0|   1|  0|   6|    0|
    |mul_16s_16s_31_1_1_U68     |mul_16s_16s_31_1_1     |        0|   1|  0|   6|    0|
    |mul_16s_16s_31_1_1_U69     |mul_16s_16s_31_1_1     |        0|   1|  0|   6|    0|
    |mul_16s_16s_31_1_1_U70     |mul_16s_16s_31_1_1     |        0|   1|  0|   6|    0|
    |mul_16s_16s_31_1_1_U71     |mul_16s_16s_31_1_1     |        0|   1|  0|   6|    0|
    |mul_16s_16s_31_1_1_U72     |mul_16s_16s_31_1_1     |        0|   1|  0|   6|    0|
    |mul_16s_16s_31_1_1_U73     |mul_16s_16s_31_1_1     |        0|   1|  0|   6|    0|
    |sparsemux_11_3_16_1_1_U28  |sparsemux_11_3_16_1_1  |        0|   0|  0|  21|    0|
    |sparsemux_11_3_16_1_1_U29  |sparsemux_11_3_16_1_1  |        0|   0|  0|  21|    0|
    |sparsemux_11_3_16_1_1_U54  |sparsemux_11_3_16_1_1  |        0|   0|  0|  21|    0|
    |sparsemux_11_3_16_1_1_U55  |sparsemux_11_3_16_1_1  |        0|   0|  0|  21|    0|
    |sparsemux_9_2_16_1_1_U30   |sparsemux_9_2_16_1_1   |        0|   0|  0|  17|    0|
    |sparsemux_9_2_16_1_1_U31   |sparsemux_9_2_16_1_1   |        0|   0|  0|  17|    0|
    |sparsemux_9_2_16_1_1_U32   |sparsemux_9_2_16_1_1   |        0|   0|  0|  17|    0|
    |sparsemux_9_2_16_1_1_U33   |sparsemux_9_2_16_1_1   |        0|   0|  0|  17|    0|
    |sparsemux_9_2_16_1_1_U34   |sparsemux_9_2_16_1_1   |        0|   0|  0|  17|    0|
    |sparsemux_9_2_16_1_1_U35   |sparsemux_9_2_16_1_1   |        0|   0|  0|  17|    0|
    |sparsemux_9_2_16_1_1_U36   |sparsemux_9_2_16_1_1   |        0|   0|  0|  17|    0|
    |sparsemux_9_2_16_1_1_U37   |sparsemux_9_2_16_1_1   |        0|   0|  0|  17|    0|
    |sparsemux_9_2_16_1_1_U38   |sparsemux_9_2_16_1_1   |        0|   0|  0|  17|    0|
    |sparsemux_9_2_16_1_1_U39   |sparsemux_9_2_16_1_1   |        0|   0|  0|  17|    0|
    |sparsemux_9_2_16_1_1_U40   |sparsemux_9_2_16_1_1   |        0|   0|  0|  17|    0|
    |sparsemux_9_2_16_1_1_U41   |sparsemux_9_2_16_1_1   |        0|   0|  0|  17|    0|
    |sparsemux_9_2_16_1_1_U42   |sparsemux_9_2_16_1_1   |        0|   0|  0|  17|    0|
    |sparsemux_9_2_16_1_1_U43   |sparsemux_9_2_16_1_1   |        0|   0|  0|  17|    0|
    |sparsemux_9_2_16_1_1_U44   |sparsemux_9_2_16_1_1   |        0|   0|  0|  17|    0|
    |sparsemux_9_2_16_1_1_U45   |sparsemux_9_2_16_1_1   |        0|   0|  0|  17|    0|
    |sparsemux_9_2_16_1_1_U46   |sparsemux_9_2_16_1_1   |        0|   0|  0|  17|    0|
    |sparsemux_9_2_16_1_1_U47   |sparsemux_9_2_16_1_1   |        0|   0|  0|  17|    0|
    |sparsemux_9_2_16_1_1_U48   |sparsemux_9_2_16_1_1   |        0|   0|  0|  17|    0|
    |sparsemux_9_2_16_1_1_U49   |sparsemux_9_2_16_1_1   |        0|   0|  0|  17|    0|
    |sparsemux_9_2_16_1_1_U50   |sparsemux_9_2_16_1_1   |        0|   0|  0|  17|    0|
    |sparsemux_9_2_16_1_1_U51   |sparsemux_9_2_16_1_1   |        0|   0|  0|  17|    0|
    |sparsemux_9_2_16_1_1_U52   |sparsemux_9_2_16_1_1   |        0|   0|  0|  17|    0|
    |sparsemux_9_2_16_1_1_U53   |sparsemux_9_2_16_1_1   |        0|   0|  0|  17|    0|
    +---------------------------+-----------------------+---------+----+---+----+-----+
    |Total                      |                       |        0|  21|  0| 618|    0|
    +---------------------------+-----------------------+---------+----+---+----+-----+

    * DSP: 
    +-----------------------------------+-------------------------------+--------------+
    |              Instance             |             Module            |  Expression  |
    +-----------------------------------+-------------------------------+--------------+
    |mac_muladd_16s_16s_31s_31_4_1_U74  |mac_muladd_16s_16s_31s_31_4_1  |  i0 + i1 * i2|
    |mac_muladd_16s_16s_31s_31_4_1_U75  |mac_muladd_16s_16s_31s_31_4_1  |  i0 + i1 * i2|
    |mac_muladd_16s_16s_31s_31_4_1_U76  |mac_muladd_16s_16s_31s_31_4_1  |  i0 + i1 * i2|
    |mac_muladd_16s_16s_31s_31_4_1_U77  |mac_muladd_16s_16s_31s_31_4_1  |  i0 + i1 * i2|
    |mac_muladd_16s_16s_31s_31_4_1_U78  |mac_muladd_16s_16s_31s_31_4_1  |  i0 + i1 * i2|
    |mac_muladd_16s_16s_31s_31_4_1_U79  |mac_muladd_16s_16s_31s_31_4_1  |  i0 + i1 * i2|
    |mac_muladd_16s_16s_31s_31_4_1_U80  |mac_muladd_16s_16s_31s_31_4_1  |  i0 + i1 * i2|
    |mac_muladd_16s_16s_31s_31_4_1_U81  |mac_muladd_16s_16s_31s_31_4_1  |  i0 + i1 * i2|
    |mac_muladd_16s_16s_31s_31_4_1_U82  |mac_muladd_16s_16s_31s_31_4_1  |  i0 + i1 * i2|
    |mac_muladd_16s_16s_31s_31_4_1_U83  |mac_muladd_16s_16s_31s_31_4_1  |  i0 + i1 * i2|
    |mac_muladd_16s_16s_31s_31_4_1_U84  |mac_muladd_16s_16s_31s_31_4_1  |  i0 + i1 * i2|
    |mac_muladd_16s_16s_31s_31_4_1_U85  |mac_muladd_16s_16s_31s_31_4_1  |  i0 + i1 * i2|
    |mac_muladd_16s_16s_31s_31_4_1_U86  |mac_muladd_16s_16s_31s_31_4_1  |  i0 + i1 * i2|
    |mac_muladd_16s_16s_31s_31_4_1_U87  |mac_muladd_16s_16s_31s_31_4_1  |  i0 + i1 * i2|
    +-----------------------------------+-------------------------------+--------------+

    * Memory: 
    +------------------------------------------------------------------------+----------------------------------------------------------------------------------+---------+---+----+-----+------+-----+------+-------------+
    |                                 Memory                                 |                                      Module                                      | BRAM_18K| FF| LUT| URAM| Words| Bits| Banks| W*Bits*Banks|
    +------------------------------------------------------------------------+----------------------------------------------------------------------------------+---------+---+----+-----+------+-----+------+-------------+
    |compute_pfb_stream_stream_ap_fixed_16_1_5_3_0_const_branch_memory_31_U  |compute_pfb_Pipeline_compute_loop_compute_pfb_stream_stream_ap_fixed_16_1_5_3bkb  |        1|  0|   0|    0|  1024|   16|     1|        16384|
    |compute_pfb_stream_stream_ap_fixed_16_1_5_3_0_const_branch_memory_5_U   |compute_pfb_Pipeline_compute_loop_compute_pfb_stream_stream_ap_fixed_16_1_5_3bkb  |        1|  0|   0|    0|  1024|   16|     1|        16384|
    |compute_pfb_stream_stream_ap_fixed_16_1_5_3_0_const_branch_memory_1_U   |compute_pfb_Pipeline_compute_loop_compute_pfb_stream_stream_ap_fixed_16_1_5_3bkb  |        1|  0|   0|    0|  1024|   16|     1|        16384|
    |compute_pfb_stream_stream_ap_fixed_16_1_5_3_0_const_branch_memory_27_U  |compute_pfb_Pipeline_compute_loop_compute_pfb_stream_stream_ap_fixed_16_1_5_3bkb  |        1|  0|   0|    0|  1024|   16|     1|        16384|
    |compute_pfb_stream_stream_ap_fixed_16_1_5_3_0_const_branch_memory_23_U  |compute_pfb_Pipeline_compute_loop_compute_pfb_stream_stream_ap_fixed_16_1_5_3bkb  |        1|  0|   0|    0|  1024|   16|     1|        16384|
    |compute_pfb_stream_stream_ap_fixed_16_1_5_3_0_const_branch_memory_18_U  |compute_pfb_Pipeline_compute_loop_compute_pfb_stream_stream_ap_fixed_16_1_5_3bkb  |        1|  0|   0|    0|  1024|   16|     1|        16384|
    |compute_pfb_stream_stream_ap_fixed_16_1_5_3_0_const_branch_memory_14_U  |compute_pfb_Pipeline_compute_loop_compute_pfb_stream_stream_ap_fixed_16_1_5_3bkb  |        1|  0|   0|    0|  1024|   16|     1|        16384|
    |compute_pfb_stream_stream_ap_fixed_16_1_5_3_0_const_branch_memory_10_U  |compute_pfb_Pipeline_compute_loop_compute_pfb_stream_stream_ap_fixed_16_1_5_3bkb  |        1|  0|   0|    0|  1024|   16|     1|        16384|
    |compute_pfb_stream_stream_ap_fixed_16_1_5_3_0_const_branch_memory_30_U  |compute_pfb_Pipeline_compute_loop_compute_pfb_stream_stream_ap_fixed_16_1_5_3bkb  |        1|  0|   0|    0|  1024|   16|     1|        16384|
    |compute_pfb_stream_stream_ap_fixed_16_1_5_3_0_const_branch_memory_19_U  |compute_pfb_Pipeline_compute_loop_compute_pfb_stream_stream_ap_fixed_16_1_5_3bkb  |        1|  0|   0|    0|  1024|   16|     1|        16384|
    |compute_pfb_stream_stream_ap_fixed_16_1_5_3_0_const_branch_memory_8_U   |compute_pfb_Pipeline_compute_loop_compute_pfb_stream_stream_ap_fixed_16_1_5_3bkb  |        1|  0|   0|    0|  1024|   16|     1|        16384|
    |compute_pfb_stream_stream_ap_fixed_16_1_5_3_0_const_branch_memory_4_U   |compute_pfb_Pipeline_compute_loop_compute_pfb_stream_stream_ap_fixed_16_1_5_3bkb  |        1|  0|   0|    0|  1024|   16|     1|        16384|
    |compute_pfb_stream_stream_ap_fixed_16_1_5_3_0_const_branch_memory_3_U   |compute_pfb_Pipeline_compute_loop_compute_pfb_stream_stream_ap_fixed_16_1_5_3bkb  |        1|  0|   0|    0|  1024|   16|     1|        16384|
    |compute_pfb_stream_stream_ap_fixed_16_1_5_3_0_const_branch_memory_2_U   |compute_pfb_Pipeline_compute_loop_compute_pfb_stream_stream_ap_fixed_16_1_5_3bkb  |        1|  0|   0|    0|  1024|   16|     1|        16384|
    |compute_pfb_stream_stream_ap_fixed_16_1_5_3_0_const_branch_memory_U     |compute_pfb_Pipeline_compute_loop_compute_pfb_stream_stream_ap_fixed_16_1_5_3bkb  |        1|  0|   0|    0|  1024|   16|     1|        16384|
    |compute_pfb_stream_stream_ap_fixed_16_1_5_3_0_const_branch_memory_29_U  |compute_pfb_Pipeline_compute_loop_compute_pfb_stream_stream_ap_fixed_16_1_5_3bkb  |        1|  0|   0|    0|  1024|   16|     1|        16384|
    |compute_pfb_stream_stream_ap_fixed_16_1_5_3_0_const_branch_memory_28_U  |compute_pfb_Pipeline_compute_loop_compute_pfb_stream_stream_ap_fixed_16_1_5_3bkb  |        1|  0|   0|    0|  1024|   16|     1|        16384|
    |compute_pfb_stream_stream_ap_fixed_16_1_5_3_0_const_branch_memory_26_U  |compute_pfb_Pipeline_compute_loop_compute_pfb_stream_stream_ap_fixed_16_1_5_3bkb  |        1|  0|   0|    0|  1024|   16|     1|        16384|
    |compute_pfb_stream_stream_ap_fixed_16_1_5_3_0_const_branch_memory_25_U  |compute_pfb_Pipeline_compute_loop_compute_pfb_stream_stream_ap_fixed_16_1_5_3bkb  |        1|  0|   0|    0|  1024|   16|     1|        16384|
    |compute_pfb_stream_stream_ap_fixed_16_1_5_3_0_const_branch_memory_24_U  |compute_pfb_Pipeline_compute_loop_compute_pfb_stream_stream_ap_fixed_16_1_5_3bkb  |        1|  0|   0|    0|  1024|   16|     1|        16384|
    |compute_pfb_stream_stream_ap_fixed_16_1_5_3_0_const_branch_memory_22_U  |compute_pfb_Pipeline_compute_loop_compute_pfb_stream_stream_ap_fixed_16_1_5_3bkb  |        1|  0|   0|    0|  1024|   16|     1|        16384|
    |compute_pfb_stream_stream_ap_fixed_16_1_5_3_0_const_branch_memory_21_U  |compute_pfb_Pipeline_compute_loop_compute_pfb_stream_stream_ap_fixed_16_1_5_3bkb  |        1|  0|   0|    0|  1024|   16|     1|        16384|
    |compute_pfb_stream_stream_ap_fixed_16_1_5_3_0_const_branch_memory_20_U  |compute_pfb_Pipeline_compute_loop_compute_pfb_stream_stream_ap_fixed_16_1_5_3bkb  |        1|  0|   0|    0|  1024|   16|     1|        16384|
    |compute_pfb_stream_stream_ap_fixed_16_1_5_3_0_const_branch_memory_17_U  |compute_pfb_Pipeline_compute_loop_compute_pfb_stream_stream_ap_fixed_16_1_5_3bkb  |        1|  0|   0|    0|  1024|   16|     1|        16384|
    |compute_pfb_stream_stream_ap_fixed_16_1_5_3_0_const_branch_memory_16_U  |compute_pfb_Pipeline_compute_loop_compute_pfb_stream_stream_ap_fixed_16_1_5_3bkb  |        1|  0|   0|    0|  1024|   16|     1|        16384|
    |compute_pfb_stream_stream_ap_fixed_16_1_5_3_0_const_branch_memory_15_U  |compute_pfb_Pipeline_compute_loop_compute_pfb_stream_stream_ap_fixed_16_1_5_3bkb  |        1|  0|   0|    0|  1024|   16|     1|        16384|
    |compute_pfb_stream_stream_ap_fixed_16_1_5_3_0_const_branch_memory_13_U  |compute_pfb_Pipeline_compute_loop_compute_pfb_stream_stream_ap_fixed_16_1_5_3bkb  |        1|  0|   0|    0|  1024|   16|     1|        16384|
    |compute_pfb_stream_stream_ap_fixed_16_1_5_3_0_const_branch_memory_12_U  |compute_pfb_Pipeline_compute_loop_compute_pfb_stream_stream_ap_fixed_16_1_5_3bkb  |        1|  0|   0|    0|  1024|   16|     1|        16384|
    |compute_pfb_stream_stream_ap_fixed_16_1_5_3_0_const_branch_memory_11_U  |compute_pfb_Pipeline_compute_loop_compute_pfb_stream_stream_ap_fixed_16_1_5_3bkb  |        1|  0|   0|    0|  1024|   16|     1|        16384|
    |compute_pfb_stream_stream_ap_fixed_16_1_5_3_0_const_branch_memory_9_U   |compute_pfb_Pipeline_compute_loop_compute_pfb_stream_stream_ap_fixed_16_1_5_3bkb  |        1|  0|   0|    0|  1024|   16|     1|        16384|
    |compute_pfb_stream_stream_ap_fixed_16_1_5_3_0_const_branch_memory_7_U   |compute_pfb_Pipeline_compute_loop_compute_pfb_stream_stream_ap_fixed_16_1_5_3bkb  |        1|  0|   0|    0|  1024|   16|     1|        16384|
    |compute_pfb_stream_stream_ap_fixed_16_1_5_3_0_const_branch_memory_6_U   |compute_pfb_Pipeline_compute_loop_compute_pfb_stream_stream_ap_fixed_16_1_5_3bkb  |        1|  0|   0|    0|  1024|   16|     1|        16384|
    +------------------------------------------------------------------------+----------------------------------------------------------------------------------+---------+---+----+-----+------+-----+------+-------------+
    |Total                                                                   |                                                                                  |       32|  0|   0|    0| 32768|  512|    32|       524288|
    +------------------------------------------------------------------------+----------------------------------------------------------------------------------+---------+---+----+-----+------+-----+------+-------------+

    * FIFO: 
    N/A

    * Expression: 
    +---------------------------+----------+----+---+----+------------+------------+
    |       Variable Name       | Operation| DSP| FF| LUT| Bitwidth P0| Bitwidth P1|
    +---------------------------+----------+----+---+----+------------+------------+
    |add_ln56_1_fu_1033_p2      |         +|   0|  0|  22|          22|          12|
    |add_ln56_fu_892_p2         |         +|   0|  0|  11|          11|           1|
    |add_ln77_fu_958_p2         |         +|   0|  0|  11|          11|           1|
    |tmp10_fu_2125_p2           |         +|   0|  0|  31|          31|          31|
    |tmp14_fu_2139_p2           |         +|   0|  0|  31|          31|          31|
    |tmp18_fu_2153_p2           |         +|   0|  0|  31|          31|          31|
    |tmp22_fu_2167_p2           |         +|   0|  0|  31|          31|          31|
    |tmp26_fu_2185_p2           |         +|   0|  0|  31|          31|          31|
    |tmp2_fu_2097_p2            |         +|   0|  0|  31|          31|          31|
    |tmp30_fu_2194_p2           |         +|   0|  0|  31|          31|          31|
    |tmp36_fu_2181_p2           |         +|   0|  0|  31|          31|          31|
    |tmp38_fu_2190_p2           |         +|   0|  0|  31|          31|          31|
    |tmp6_fu_2111_p2            |         +|   0|  0|  31|          31|          31|
    |ap_condition_355           |       and|   0|  0|   1|           1|           1|
    |icmp_ln56_fu_886_p2        |      icmp|   0|  0|  12|          11|          12|
    |icmp_ln77_fu_964_p2        |      icmp|   0|  0|  11|          11|           3|
    |ap_block_pp0_stage0_01001  |        or|   0|  0|   1|           1|           1|
    |select_ln77_fu_970_p3      |    select|   0|  0|  11|           1|          11|
    |ap_enable_pp0              |       xor|   0|  0|   2|           1|           2|
    |ap_enable_reg_pp0_iter1    |       xor|   0|  0|   2|           2|           1|
    |xor_ln56_fu_901_p2         |       xor|   0|  0|  12|          11|          12|
    +---------------------------+----------+----+---+----+------------+------------+
    |Total                      |          |   0|  0| 406|         393|         367|
    +---------------------------+----------+----+---+----+------------+------------+

    * Multiplexer: 
    +-----------------------------------------------------------------------------+----+-----------+-----+-----------+
    |                                     Name                                    | LUT| Input Size| Bits| Total Bits|
    +-----------------------------------------------------------------------------+----+-----------+-----+-----------+
    |ap_NS_fsm                                                                    |  17|          4|    1|          4|
    |ap_enable_reg_pp0_iter1                                                      |   9|          2|    1|          2|
    |ap_enable_reg_pp0_iter6                                                      |   9|          2|    1|          2|
    |compute_pfb_stream_stream_ap_fixed_16_1_5_3_0_const_local_coeffs_1_address0  |  13|          3|   10|         30|
    |compute_pfb_stream_stream_ap_fixed_16_1_5_3_0_const_local_coeffs_1_address1  |  13|          3|   10|         30|
    |compute_pfb_stream_stream_ap_fixed_16_1_5_3_0_const_local_coeffs_2_address0  |  13|          3|   10|         30|
    |compute_pfb_stream_stream_ap_fixed_16_1_5_3_0_const_local_coeffs_2_address1  |  13|          3|   10|         30|
    |compute_pfb_stream_stream_ap_fixed_16_1_5_3_0_const_local_coeffs_3_address0  |  13|          3|   10|         30|
    |compute_pfb_stream_stream_ap_fixed_16_1_5_3_0_const_local_coeffs_3_address1  |  13|          3|   10|         30|
    |compute_pfb_stream_stream_ap_fixed_16_1_5_3_0_const_local_coeffs_4_address0  |  13|          3|   10|         30|
    |compute_pfb_stream_stream_ap_fixed_16_1_5_3_0_const_local_coeffs_4_address1  |  13|          3|   10|         30|
    |compute_pfb_stream_stream_ap_fixed_16_1_5_3_0_const_local_coeffs_address0    |  13|          3|   10|         30|
    |compute_pfb_stream_stream_ap_fixed_16_1_5_3_0_const_local_coeffs_address1    |  13|          3|   10|         30|
    |k_fu_224                                                                     |   9|          2|   11|         22|
    |phi_mul353_fu_220                                                            |   9|          2|   22|         44|
    |phi_urem355_fu_216                                                           |   9|          2|   11|         22|
    |stream_compute_to_write_blk_n                                                |   9|          2|    1|          2|
    |stream_read_to_compute_blk_n                                                 |   9|          2|    1|          2|
    +-----------------------------------------------------------------------------+----+-----------+-----+-----------+
    |Total                                                                        | 210|         48|  149|        400|
    +-----------------------------------------------------------------------------+----+-----------+-----+-----------+

    * Register: 
    +---------------------------------------+----+----+-----+-----------+
    |                  Name                 | FF | LUT| Bits| Const Bits|
    +---------------------------------------+----+----+-----+-----------+
    |ap_CS_fsm                              |   3|   0|    3|          0|
    |ap_enable_reg_pp0_iter0                |   1|   0|    1|          0|
    |ap_enable_reg_pp0_iter1                |   1|   0|    1|          0|
    |ap_enable_reg_pp0_iter2                |   1|   0|    1|          0|
    |ap_enable_reg_pp0_iter3                |   1|   0|    1|          0|
    |ap_enable_reg_pp0_iter4                |   1|   0|    1|          0|
    |ap_enable_reg_pp0_iter5                |   1|   0|    1|          0|
    |ap_enable_reg_pp0_iter6                |   1|   0|    1|          0|
    |input_pack_i_4_reg_2445                |  16|   0|   16|          0|
    |input_pack_i_5_reg_2455                |  16|   0|   16|          0|
    |input_pack_i_6_reg_2465                |  16|   0|   16|          0|
    |input_pack_i_6_reg_2465_pp0_iter2_reg  |  16|   0|   16|          0|
    |input_pack_i_reg_2435                  |  16|   0|   16|          0|
    |input_pack_q_4_reg_2450                |  16|   0|   16|          0|
    |input_pack_q_5_reg_2460                |  16|   0|   16|          0|
    |input_pack_q_6_reg_2470                |  16|   0|   16|          0|
    |input_pack_q_6_reg_2470_pp0_iter2_reg  |  16|   0|   16|          0|
    |input_pack_q_reg_2440                  |  16|   0|   16|          0|
    |k_1_reg_2408                           |  11|   0|   11|          0|
    |k_fu_224                               |  11|   0|   11|          0|
    |mul_ln77_10_reg_2964                   |  31|   0|   31|          0|
    |mul_ln77_18_reg_3004                   |  31|   0|   31|          0|
    |mul_ln77_3_reg_2929                    |  31|   0|   31|          0|
    |mul_ln77_3_reg_2929_pp0_iter4_reg      |  31|   0|   31|          0|
    |mul_ln81_3_reg_2924                    |  31|   0|   31|          0|
    |mul_ln81_3_reg_2924_pp0_iter4_reg      |  31|   0|   31|          0|
    |phi_mul353_fu_220                      |  22|   0|   22|          0|
    |phi_urem355_fu_216                     |  11|   0|   11|          0|
    |result_pack_i_1_reg_3014               |  16|   0|   16|          0|
    |result_pack_i_2_reg_3019               |  16|   0|   16|          0|
    |result_pack_i_3_reg_3024               |  16|   0|   16|          0|
    |result_pack_i_reg_3044                 |  16|   0|   16|          0|
    |result_pack_q_1_reg_3029               |  16|   0|   16|          0|
    |result_pack_q_2_reg_3034               |  16|   0|   16|          0|
    |result_pack_q_3_reg_3039               |  16|   0|   16|          0|
    |result_pack_q_reg_3049                 |  16|   0|   16|          0|
    |sample_i_10_reg_2839                   |  16|   0|   16|          0|
    |sample_i_10_reg_2839_pp0_iter3_reg     |  16|   0|   16|          0|
    |sample_i_11_reg_2844                   |  16|   0|   16|          0|
    |sample_i_11_reg_2844_pp0_iter3_reg     |  16|   0|   16|          0|
    |sample_i_1_reg_2782                    |  16|   0|   16|          0|
    |sample_i_1_reg_2782_pp0_iter3_reg      |  16|   0|   16|          0|
    |sample_i_2_reg_2787                    |  16|   0|   16|          0|
    |sample_i_2_reg_2787_pp0_iter3_reg      |  16|   0|   16|          0|
    |sample_i_5_reg_2809                    |  16|   0|   16|          0|
    |sample_i_5_reg_2809_pp0_iter3_reg      |  16|   0|   16|          0|
    |sample_i_6_reg_2814                    |  16|   0|   16|          0|
    |sample_i_6_reg_2814_pp0_iter3_reg      |  16|   0|   16|          0|
    |sample_i_9_reg_2824                    |  16|   0|   16|          0|
    |sample_i_9_reg_2824_pp0_iter3_reg      |  16|   0|   16|          0|
    |sample_i_reg_2829                      |  16|   0|   16|          0|
    |sample_i_reg_2829_pp0_iter3_reg        |  16|   0|   16|          0|
    |sample_q_10_reg_2894                   |  16|   0|   16|          0|
    |sample_q_10_reg_2894_pp0_iter3_reg     |  16|   0|   16|          0|
    |sample_q_11_reg_2899                   |  16|   0|   16|          0|
    |sample_q_11_reg_2899_pp0_iter3_reg     |  16|   0|   16|          0|
    |sample_q_1_reg_2849                    |  16|   0|   16|          0|
    |sample_q_1_reg_2849_pp0_iter3_reg      |  16|   0|   16|          0|
    |sample_q_2_reg_2854                    |  16|   0|   16|          0|
    |sample_q_2_reg_2854_pp0_iter3_reg      |  16|   0|   16|          0|
    |sample_q_5_reg_2864                    |  16|   0|   16|          0|
    |sample_q_5_reg_2864_pp0_iter3_reg      |  16|   0|   16|          0|
    |sample_q_6_reg_2869                    |  16|   0|   16|          0|
    |sample_q_6_reg_2869_pp0_iter3_reg      |  16|   0|   16|          0|
    |sample_q_9_reg_2879                    |  16|   0|   16|          0|
    |sample_q_9_reg_2879_pp0_iter3_reg      |  16|   0|   16|          0|
    |sample_q_reg_2884                      |  16|   0|   16|          0|
    |sample_q_reg_2884_pp0_iter3_reg        |  16|   0|   16|          0|
    |sext_ln80_reg_2690                     |  31|   0|   31|          0|
    |tmp_1_reg_2425                         |   9|   0|    9|          0|
    |tmp_1_reg_2425_pp0_iter1_reg           |   9|   0|    9|          0|
    |tmp_2_reg_2660                         |  10|   0|   10|          0|
    |tmp_3_reg_2430                         |  10|   0|   10|          0|
    |trunc_ln56_reg_2417                    |   3|   0|    3|          0|
    |w_1_reg_2914                           |  16|   0|   16|          0|
    |w_2_reg_2919                           |  16|   0|   16|          0|
    |trunc_ln56_reg_2417                    |  64|  32|    3|          0|
    +---------------------------------------+----+----+-----+-----------+
    |Total                                  |1219|  32| 1158|          0|
    +---------------------------------------+----+----+-----+-----------+



================================================================
== Interface
================================================================
* Summary: 
+-----------------------------------------------------------------------------+-----+-----+------------+--------------------------------------------------------------------+--------------+
|                                  RTL Ports                                  | Dir | Bits|  Protocol  |                            Source Object                           |    C Type    |
+-----------------------------------------------------------------------------+-----+-----+------------+--------------------------------------------------------------------+--------------+
|ap_clk                                                                       |   in|    1|  ap_ctrl_hs|                                   compute_pfb_Pipeline_compute_loop|  return value|
|ap_rst                                                                       |   in|    1|  ap_ctrl_hs|                                   compute_pfb_Pipeline_compute_loop|  return value|
|ap_start                                                                     |   in|    1|  ap_ctrl_hs|                                   compute_pfb_Pipeline_compute_loop|  return value|
|ap_done                                                                      |  out|    1|  ap_ctrl_hs|                                   compute_pfb_Pipeline_compute_loop|  return value|
|ap_idle                                                                      |  out|    1|  ap_ctrl_hs|                                   compute_pfb_Pipeline_compute_loop|  return value|
|ap_ready                                                                     |  out|    1|  ap_ctrl_hs|                                   compute_pfb_Pipeline_compute_loop|  return value|
|stream_compute_to_write_din                                                  |  out|  128|     ap_fifo|                                             stream_compute_to_write|       pointer|
|stream_compute_to_write_num_data_valid                                       |   in|    5|     ap_fifo|                                             stream_compute_to_write|       pointer|
|stream_compute_to_write_fifo_cap                                             |   in|    5|     ap_fifo|                                             stream_compute_to_write|       pointer|
|stream_compute_to_write_full_n                                               |   in|    1|     ap_fifo|                                             stream_compute_to_write|       pointer|
|stream_compute_to_write_write                                                |  out|    1|     ap_fifo|                                             stream_compute_to_write|       pointer|
|stream_read_to_compute_dout                                                  |   in|  128|     ap_fifo|                                              stream_read_to_compute|       pointer|
|stream_read_to_compute_num_data_valid                                        |   in|    5|     ap_fifo|                                              stream_read_to_compute|       pointer|
|stream_read_to_compute_fifo_cap                                              |   in|    5|     ap_fifo|                                              stream_read_to_compute|       pointer|
|stream_read_to_compute_empty_n                                               |   in|    1|     ap_fifo|                                              stream_read_to_compute|       pointer|
|stream_read_to_compute_read                                                  |  out|    1|     ap_fifo|                                              stream_read_to_compute|       pointer|
|write_bank_idx_load                                                          |   in|    2|     ap_none|                                                 write_bank_idx_load|        scalar|
|compute_pfb_stream_stream_ap_fixed_16_1_5_3_0_const_local_coeffs_4_address0  |  out|   10|   ap_memory|  compute_pfb_stream_stream_ap_fixed_16_1_5_3_0_const_local_coeffs_4|         array|
|compute_pfb_stream_stream_ap_fixed_16_1_5_3_0_const_local_coeffs_4_ce0       |  out|    1|   ap_memory|  compute_pfb_stream_stream_ap_fixed_16_1_5_3_0_const_local_coeffs_4|         array|
|compute_pfb_stream_stream_ap_fixed_16_1_5_3_0_const_local_coeffs_4_q0        |   in|   16|   ap_memory|  compute_pfb_stream_stream_ap_fixed_16_1_5_3_0_const_local_coeffs_4|         array|
|compute_pfb_stream_stream_ap_fixed_16_1_5_3_0_const_local_coeffs_4_address1  |  out|   10|   ap_memory|  compute_pfb_stream_stream_ap_fixed_16_1_5_3_0_const_local_coeffs_4|         array|
|compute_pfb_stream_stream_ap_fixed_16_1_5_3_0_const_local_coeffs_4_ce1       |  out|    1|   ap_memory|  compute_pfb_stream_stream_ap_fixed_16_1_5_3_0_const_local_coeffs_4|         array|
|compute_pfb_stream_stream_ap_fixed_16_1_5_3_0_const_local_coeffs_4_q1        |   in|   16|   ap_memory|  compute_pfb_stream_stream_ap_fixed_16_1_5_3_0_const_local_coeffs_4|         array|
|compute_pfb_stream_stream_ap_fixed_16_1_5_3_0_const_local_coeffs_3_address0  |  out|   10|   ap_memory|  compute_pfb_stream_stream_ap_fixed_16_1_5_3_0_const_local_coeffs_3|         array|
|compute_pfb_stream_stream_ap_fixed_16_1_5_3_0_const_local_coeffs_3_ce0       |  out|    1|   ap_memory|  compute_pfb_stream_stream_ap_fixed_16_1_5_3_0_const_local_coeffs_3|         array|
|compute_pfb_stream_stream_ap_fixed_16_1_5_3_0_const_local_coeffs_3_q0        |   in|   16|   ap_memory|  compute_pfb_stream_stream_ap_fixed_16_1_5_3_0_const_local_coeffs_3|         array|
|compute_pfb_stream_stream_ap_fixed_16_1_5_3_0_const_local_coeffs_3_address1  |  out|   10|   ap_memory|  compute_pfb_stream_stream_ap_fixed_16_1_5_3_0_const_local_coeffs_3|         array|
|compute_pfb_stream_stream_ap_fixed_16_1_5_3_0_const_local_coeffs_3_ce1       |  out|    1|   ap_memory|  compute_pfb_stream_stream_ap_fixed_16_1_5_3_0_const_local_coeffs_3|         array|
|compute_pfb_stream_stream_ap_fixed_16_1_5_3_0_const_local_coeffs_3_q1        |   in|   16|   ap_memory|  compute_pfb_stream_stream_ap_fixed_16_1_5_3_0_const_local_coeffs_3|         array|
|compute_pfb_stream_stream_ap_fixed_16_1_5_3_0_const_local_coeffs_2_address0  |  out|   10|   ap_memory|  compute_pfb_stream_stream_ap_fixed_16_1_5_3_0_const_local_coeffs_2|         array|
|compute_pfb_stream_stream_ap_fixed_16_1_5_3_0_const_local_coeffs_2_ce0       |  out|    1|   ap_memory|  compute_pfb_stream_stream_ap_fixed_16_1_5_3_0_const_local_coeffs_2|         array|
|compute_pfb_stream_stream_ap_fixed_16_1_5_3_0_const_local_coeffs_2_q0        |   in|   16|   ap_memory|  compute_pfb_stream_stream_ap_fixed_16_1_5_3_0_const_local_coeffs_2|         array|
|compute_pfb_stream_stream_ap_fixed_16_1_5_3_0_const_local_coeffs_2_address1  |  out|   10|   ap_memory|  compute_pfb_stream_stream_ap_fixed_16_1_5_3_0_const_local_coeffs_2|         array|
|compute_pfb_stream_stream_ap_fixed_16_1_5_3_0_const_local_coeffs_2_ce1       |  out|    1|   ap_memory|  compute_pfb_stream_stream_ap_fixed_16_1_5_3_0_const_local_coeffs_2|         array|
|compute_pfb_stream_stream_ap_fixed_16_1_5_3_0_const_local_coeffs_2_q1        |   in|   16|   ap_memory|  compute_pfb_stream_stream_ap_fixed_16_1_5_3_0_const_local_coeffs_2|         array|
|compute_pfb_stream_stream_ap_fixed_16_1_5_3_0_const_local_coeffs_1_address0  |  out|   10|   ap_memory|  compute_pfb_stream_stream_ap_fixed_16_1_5_3_0_const_local_coeffs_1|         array|
|compute_pfb_stream_stream_ap_fixed_16_1_5_3_0_const_local_coeffs_1_ce0       |  out|    1|   ap_memory|  compute_pfb_stream_stream_ap_fixed_16_1_5_3_0_const_local_coeffs_1|         array|
|compute_pfb_stream_stream_ap_fixed_16_1_5_3_0_const_local_coeffs_1_q0        |   in|   16|   ap_memory|  compute_pfb_stream_stream_ap_fixed_16_1_5_3_0_const_local_coeffs_1|         array|
|compute_pfb_stream_stream_ap_fixed_16_1_5_3_0_const_local_coeffs_1_address1  |  out|   10|   ap_memory|  compute_pfb_stream_stream_ap_fixed_16_1_5_3_0_const_local_coeffs_1|         array|
|compute_pfb_stream_stream_ap_fixed_16_1_5_3_0_const_local_coeffs_1_ce1       |  out|    1|   ap_memory|  compute_pfb_stream_stream_ap_fixed_16_1_5_3_0_const_local_coeffs_1|         array|
|compute_pfb_stream_stream_ap_fixed_16_1_5_3_0_const_local_coeffs_1_q1        |   in|   16|   ap_memory|  compute_pfb_stream_stream_ap_fixed_16_1_5_3_0_const_local_coeffs_1|         array|
|compute_pfb_stream_stream_ap_fixed_16_1_5_3_0_const_local_coeffs_address0    |  out|   10|   ap_memory|    compute_pfb_stream_stream_ap_fixed_16_1_5_3_0_const_local_coeffs|         array|
|compute_pfb_stream_stream_ap_fixed_16_1_5_3_0_const_local_coeffs_ce0         |  out|    1|   ap_memory|    compute_pfb_stream_stream_ap_fixed_16_1_5_3_0_const_local_coeffs|         array|
|compute_pfb_stream_stream_ap_fixed_16_1_5_3_0_const_local_coeffs_q0          |   in|   16|   ap_memory|    compute_pfb_stream_stream_ap_fixed_16_1_5_3_0_const_local_coeffs|         array|
|compute_pfb_stream_stream_ap_fixed_16_1_5_3_0_const_local_coeffs_address1    |  out|   10|   ap_memory|    compute_pfb_stream_stream_ap_fixed_16_1_5_3_0_const_local_coeffs|         array|
|compute_pfb_stream_stream_ap_fixed_16_1_5_3_0_const_local_coeffs_ce1         |  out|    1|   ap_memory|    compute_pfb_stream_stream_ap_fixed_16_1_5_3_0_const_local_coeffs|         array|
|compute_pfb_stream_stream_ap_fixed_16_1_5_3_0_const_local_coeffs_q1          |   in|   16|   ap_memory|    compute_pfb_stream_stream_ap_fixed_16_1_5_3_0_const_local_coeffs|         array|
+-----------------------------------------------------------------------------+-----+-----+------------+--------------------------------------------------------------------+--------------+

