

================================================================
== Vitis HLS Report for 'compute_pfb'
================================================================
* Date:           Thu Jan  8 20:12:43 2026

* Version:        2023.2 (Build 4023990 on Oct 11 2023)
* Project:        hls_pfb
* Solution:       hls (Vivado IP Flow Target)
* Product family: zynq
* Target device:  xc7z045-ffg900-2


================================================================
== Performance Estimates
================================================================
+ Timing: 
    * Summary: 
    +--------+----------+----------+------------+
    |  Clock |  Target  | Estimated| Uncertainty|
    +--------+----------+----------+------------+
    |ap_clk  |  10.00 ns|  7.300 ns|     2.70 ns|
    +--------+----------+----------+------------+

+ Latency: 
    * Summary: 
    +---------+---------+-----------+-----------+------+------+---------+
    |  Latency (cycles) |   Latency (absolute)  |   Interval  | Pipeline|
    |   min   |   max   |    min    |    max    |  min |  max |   Type  |
    +---------+---------+-----------+-----------+------+------+---------+
    |     1034|     5204|  10.340 us|  52.040 us|  1034|  5204|       no|
    +---------+---------+-----------+-----------+------+------+---------+

    + Detail: 
        * Instance: 
        +----------------------------------------------+-----------------------------------+---------+---------+-----------+-----------+------+------+---------+
        |                                              |                                   |  Latency (cycles) |   Latency (absolute)  |   Interval  | Pipeline|
        |                   Instance                   |               Module              |   min   |   max   |    min    |    max    |  min |  max |   Type  |
        +----------------------------------------------+-----------------------------------+---------+---------+-----------+-----------+------+------+---------+
        |grp_compute_pfb_Pipeline_load_coeffs_fu_151   |compute_pfb_Pipeline_load_coeffs   |     4099|     4099|  40.990 us|  40.990 us|  4099|  4099|       no|
        |grp_compute_pfb_Pipeline_compute_loop_fu_168  |compute_pfb_Pipeline_compute_loop  |     1031|     1031|  10.310 us|  10.310 us|  1031|  1031|       no|
        +----------------------------------------------+-----------------------------------+---------+---------+-----------+-----------+------+------+---------+

        * Loop: 
        N/A



================================================================
== Utilization Estimates
================================================================
* Summary: 
+-----------------+---------+-----+--------+--------+-----+
|       Name      | BRAM_18K| DSP |   FF   |   LUT  | URAM|
+-----------------+---------+-----+--------+--------+-----+
|DSP              |        -|    -|       -|       -|    -|
|Expression       |        -|    -|       0|       6|    -|
|FIFO             |        -|    -|       -|       -|    -|
|Instance         |       32|   35|    1299|    1434|    -|
|Memory           |        5|    -|       0|       0|    0|
|Multiplexer      |        -|    -|       -|     745|    -|
|Register         |        -|    -|     148|       -|    -|
+-----------------+---------+-----+--------+--------+-----+
|Total            |       37|   35|    1447|    2185|    0|
+-----------------+---------+-----+--------+--------+-----+
|Available        |     1090|  900|  437200|  218600|    0|
+-----------------+---------+-----+--------+--------+-----+
|Utilization (%)  |        3|    3|      ~0|      ~0|    0|
+-----------------+---------+-----+--------+--------+-----+

+ Detail: 
    * Instance: 
    +----------------------------------------------+-----------------------------------+---------+----+------+------+-----+
    |                   Instance                   |               Module              | BRAM_18K| DSP|  FF  |  LUT | URAM|
    +----------------------------------------------+-----------------------------------+---------+----+------+------+-----+
    |grp_compute_pfb_Pipeline_compute_loop_fu_168  |compute_pfb_Pipeline_compute_loop  |       32|  35|  1219|  1266|    0|
    |grp_compute_pfb_Pipeline_load_coeffs_fu_151   |compute_pfb_Pipeline_load_coeffs   |        0|   0|    80|   168|    0|
    +----------------------------------------------+-----------------------------------+---------+----+------+------+-----+
    |Total                                         |                                   |       32|  35|  1299|  1434|    0|
    +----------------------------------------------+-----------------------------------+---------+----+------+------+-----+

    * DSP: 
    N/A

    * Memory: 
    +----------------------------------------------------------------------+----------------------------------------------------------------------------------+---------+---+----+-----+------+-----+------+-------------+
    |                                Memory                                |                                      Module                                      | BRAM_18K| FF| LUT| URAM| Words| Bits| Banks| W*Bits*Banks|
    +----------------------------------------------------------------------+----------------------------------------------------------------------------------+---------+---+----+-----+------+-----+------+-------------+
    |compute_pfb_stream_stream_ap_fixed_16_1_5_3_0_const_local_coeffs_4_U  |compute_pfb_compute_pfb_stream_stream_ap_fixed_16_1_5_3_0_const_local_coeffs_Hfu  |        1|  0|   0|    0|   820|   16|     1|        13120|
    |compute_pfb_stream_stream_ap_fixed_16_1_5_3_0_const_local_coeffs_3_U  |compute_pfb_compute_pfb_stream_stream_ap_fixed_16_1_5_3_0_const_local_coeffs_Hfu  |        1|  0|   0|    0|   820|   16|     1|        13120|
    |compute_pfb_stream_stream_ap_fixed_16_1_5_3_0_const_local_coeffs_2_U  |compute_pfb_compute_pfb_stream_stream_ap_fixed_16_1_5_3_0_const_local_coeffs_Hfu  |        1|  0|   0|    0|   820|   16|     1|        13120|
    |compute_pfb_stream_stream_ap_fixed_16_1_5_3_0_const_local_coeffs_1_U  |compute_pfb_compute_pfb_stream_stream_ap_fixed_16_1_5_3_0_const_local_coeffs_Hfu  |        1|  0|   0|    0|   820|   16|     1|        13120|
    |compute_pfb_stream_stream_ap_fixed_16_1_5_3_0_const_local_coeffs_U    |compute_pfb_compute_pfb_stream_stream_ap_fixed_16_1_5_3_0_const_local_coeffs_Hfu  |        1|  0|   0|    0|   820|   16|     1|        13120|
    +----------------------------------------------------------------------+----------------------------------------------------------------------------------+---------+---+----+-----+------+-----+------+-------------+
    |Total                                                                 |                                                                                  |        5|  0|   0|    0|  4100|   80|     5|        65600|
    +----------------------------------------------------------------------+----------------------------------------------------------------------------------+---------+---+----+-----+------+-----+------+-------------+

    * FIFO: 
    N/A

    * Expression: 
    +----------------------------------+----------+----+---+----+------------+------------+
    |           Variable Name          | Operation| DSP| FF| LUT| Bitwidth P0| Bitwidth P1|
    +----------------------------------+----------+----+---+----+------------+------------+
    |add_ln90_fu_287_p2                |         +|   0|  0|   3|           2|           1|
    |ap_block_state1_io                |       and|   0|  0|   1|           1|           1|
    |ap_block_state73_on_subcall_done  |       and|   0|  0|   1|           1|           1|
    |ap_block_state1                   |        or|   0|  0|   1|           1|           1|
    +----------------------------------+----------+----+---+----+------------+------------+
    |Total                             |          |   0|  0|   6|           5|           4|
    +----------------------------------+----------+----+---+----+------------+------------+

    * Multiplexer: 
    +-----------------------------------------------------------------------------+-----+-----------+-----+-----------+
    |                                     Name                                    | LUT | Input Size| Bits| Total Bits|
    +-----------------------------------------------------------------------------+-----+-----------+-----+-----------+
    |ap_NS_fsm                                                                    |  351|         76|    1|         76|
    |ap_done                                                                      |    9|          2|    1|          2|
    |compute_pfb_stream_stream_ap_fixed_16_1_5_3_0_const_local_coeffs_1_address0  |   13|          3|   10|         30|
    |compute_pfb_stream_stream_ap_fixed_16_1_5_3_0_const_local_coeffs_1_ce0       |   13|          3|    1|          3|
    |compute_pfb_stream_stream_ap_fixed_16_1_5_3_0_const_local_coeffs_1_ce1       |    9|          2|    1|          2|
    |compute_pfb_stream_stream_ap_fixed_16_1_5_3_0_const_local_coeffs_1_we0       |    9|          2|    1|          2|
    |compute_pfb_stream_stream_ap_fixed_16_1_5_3_0_const_local_coeffs_2_address0  |   13|          3|   10|         30|
    |compute_pfb_stream_stream_ap_fixed_16_1_5_3_0_const_local_coeffs_2_ce0       |   13|          3|    1|          3|
    |compute_pfb_stream_stream_ap_fixed_16_1_5_3_0_const_local_coeffs_2_ce1       |    9|          2|    1|          2|
    |compute_pfb_stream_stream_ap_fixed_16_1_5_3_0_const_local_coeffs_2_we0       |    9|          2|    1|          2|
    |compute_pfb_stream_stream_ap_fixed_16_1_5_3_0_const_local_coeffs_3_address0  |   13|          3|   10|         30|
    |compute_pfb_stream_stream_ap_fixed_16_1_5_3_0_const_local_coeffs_3_ce0       |   13|          3|    1|          3|
    |compute_pfb_stream_stream_ap_fixed_16_1_5_3_0_const_local_coeffs_3_ce1       |    9|          2|    1|          2|
    |compute_pfb_stream_stream_ap_fixed_16_1_5_3_0_const_local_coeffs_3_we0       |    9|          2|    1|          2|
    |compute_pfb_stream_stream_ap_fixed_16_1_5_3_0_const_local_coeffs_4_address0  |   13|          3|   10|         30|
    |compute_pfb_stream_stream_ap_fixed_16_1_5_3_0_const_local_coeffs_4_ce0       |   13|          3|    1|          3|
    |compute_pfb_stream_stream_ap_fixed_16_1_5_3_0_const_local_coeffs_4_ce1       |    9|          2|    1|          2|
    |compute_pfb_stream_stream_ap_fixed_16_1_5_3_0_const_local_coeffs_4_we0       |    9|          2|    1|          2|
    |compute_pfb_stream_stream_ap_fixed_16_1_5_3_0_const_local_coeffs_address0    |   13|          3|   10|         30|
    |compute_pfb_stream_stream_ap_fixed_16_1_5_3_0_const_local_coeffs_ce0         |   13|          3|    1|          3|
    |compute_pfb_stream_stream_ap_fixed_16_1_5_3_0_const_local_coeffs_ce1         |    9|          2|    1|          2|
    |compute_pfb_stream_stream_ap_fixed_16_1_5_3_0_const_local_coeffs_we0         |    9|          2|    1|          2|
    |gmem_blk_n_AR                                                                |    9|          2|    1|          2|
    |m_axi_gmem_ARADDR                                                            |   13|          3|   64|        192|
    |m_axi_gmem_ARBURST                                                           |    9|          2|    2|          4|
    |m_axi_gmem_ARCACHE                                                           |    9|          2|    4|          8|
    |m_axi_gmem_ARID                                                              |    9|          2|    1|          2|
    |m_axi_gmem_ARLEN                                                             |   13|          3|   32|         96|
    |m_axi_gmem_ARLOCK                                                            |    9|          2|    2|          4|
    |m_axi_gmem_ARPROT                                                            |    9|          2|    3|          6|
    |m_axi_gmem_ARQOS                                                             |    9|          2|    4|          8|
    |m_axi_gmem_ARREGION                                                          |    9|          2|    4|          8|
    |m_axi_gmem_ARSIZE                                                            |    9|          2|    3|          6|
    |m_axi_gmem_ARUSER                                                            |    9|          2|    1|          2|
    |m_axi_gmem_ARVALID                                                           |   13|          3|    1|          3|
    |m_axi_gmem_RREADY                                                            |    9|          2|    1|          2|
    |real_start                                                                   |    9|          2|    1|          2|
    |stream_compute_to_write_write                                                |    9|          2|    1|          2|
    |stream_read_to_compute_read                                                  |    9|          2|    1|          2|
    +-----------------------------------------------------------------------------+-----+-----------+-----+-----------+
    |Total                                                                        |  745|        165|  193|        612|
    +-----------------------------------------------------------------------------+-----+-----------+-----+-----------+

    * Register: 
    +-----------------------------------------------------------+----+----+-----+-----------+
    |                            Name                           | FF | LUT| Bits| Const Bits|
    +-----------------------------------------------------------+----+----+-----+-----------+
    |ap_CS_fsm                                                  |  75|   0|   75|          0|
    |ap_done_reg                                                |   1|   0|    1|          0|
    |coeff_loaded                                               |   1|   0|    1|          0|
    |coeff_loaded_load_reg_299                                  |   1|   0|    1|          0|
    |grp_compute_pfb_Pipeline_compute_loop_fu_168_ap_start_reg  |   1|   0|    1|          0|
    |grp_compute_pfb_Pipeline_load_coeffs_fu_151_ap_start_reg   |   1|   0|    1|          0|
    |start_once_reg                                             |   1|   0|    1|          0|
    |trunc_ln_reg_303                                           |  63|   0|   63|          0|
    |write_bank_idx                                             |   2|   0|    2|          0|
    |write_bank_idx_load_reg_313                                |   2|   0|    2|          0|
    +-----------------------------------------------------------+----+----+-----+-----------+
    |Total                                                      | 148|   0|  148|          0|
    +-----------------------------------------------------------+----+----+-----+-----------+



================================================================
== Interface
================================================================
* Summary: 
+----------------------------------------+-----+-----+------------+-------------------------+--------------+
|                RTL Ports               | Dir | Bits|  Protocol  |      Source Object      |    C Type    |
+----------------------------------------+-----+-----+------------+-------------------------+--------------+
|ap_clk                                  |   in|    1|  ap_ctrl_hs|              compute_pfb|  return value|
|ap_rst                                  |   in|    1|  ap_ctrl_hs|              compute_pfb|  return value|
|ap_start                                |   in|    1|  ap_ctrl_hs|              compute_pfb|  return value|
|start_full_n                            |   in|    1|  ap_ctrl_hs|              compute_pfb|  return value|
|ap_done                                 |  out|    1|  ap_ctrl_hs|              compute_pfb|  return value|
|ap_continue                             |   in|    1|  ap_ctrl_hs|              compute_pfb|  return value|
|ap_idle                                 |  out|    1|  ap_ctrl_hs|              compute_pfb|  return value|
|ap_ready                                |  out|    1|  ap_ctrl_hs|              compute_pfb|  return value|
|start_out                               |  out|    1|  ap_ctrl_hs|              compute_pfb|  return value|
|start_write                             |  out|    1|  ap_ctrl_hs|              compute_pfb|  return value|
|stream_read_to_compute_dout             |   in|  128|     ap_fifo|   stream_read_to_compute|       pointer|
|stream_read_to_compute_num_data_valid   |   in|    5|     ap_fifo|   stream_read_to_compute|       pointer|
|stream_read_to_compute_fifo_cap         |   in|    5|     ap_fifo|   stream_read_to_compute|       pointer|
|stream_read_to_compute_empty_n          |   in|    1|     ap_fifo|   stream_read_to_compute|       pointer|
|stream_read_to_compute_read             |  out|    1|     ap_fifo|   stream_read_to_compute|       pointer|
|stream_compute_to_write_din             |  out|  128|     ap_fifo|  stream_compute_to_write|       pointer|
|stream_compute_to_write_num_data_valid  |   in|    5|     ap_fifo|  stream_compute_to_write|       pointer|
|stream_compute_to_write_fifo_cap        |   in|    5|     ap_fifo|  stream_compute_to_write|       pointer|
|stream_compute_to_write_full_n          |   in|    1|     ap_fifo|  stream_compute_to_write|       pointer|
|stream_compute_to_write_write           |  out|    1|     ap_fifo|  stream_compute_to_write|       pointer|
|m_axi_gmem_AWVALID                      |  out|    1|       m_axi|                     gmem|       pointer|
|m_axi_gmem_AWREADY                      |   in|    1|       m_axi|                     gmem|       pointer|
|m_axi_gmem_AWADDR                       |  out|   64|       m_axi|                     gmem|       pointer|
|m_axi_gmem_AWID                         |  out|    1|       m_axi|                     gmem|       pointer|
|m_axi_gmem_AWLEN                        |  out|   32|       m_axi|                     gmem|       pointer|
|m_axi_gmem_AWSIZE                       |  out|    3|       m_axi|                     gmem|       pointer|
|m_axi_gmem_AWBURST                      |  out|    2|       m_axi|                     gmem|       pointer|
|m_axi_gmem_AWLOCK                       |  out|    2|       m_axi|                     gmem|       pointer|
|m_axi_gmem_AWCACHE                      |  out|    4|       m_axi|                     gmem|       pointer|
|m_axi_gmem_AWPROT                       |  out|    3|       m_axi|                     gmem|       pointer|
|m_axi_gmem_AWQOS                        |  out|    4|       m_axi|                     gmem|       pointer|
|m_axi_gmem_AWREGION                     |  out|    4|       m_axi|                     gmem|       pointer|
|m_axi_gmem_AWUSER                       |  out|    1|       m_axi|                     gmem|       pointer|
|m_axi_gmem_WVALID                       |  out|    1|       m_axi|                     gmem|       pointer|
|m_axi_gmem_WREADY                       |   in|    1|       m_axi|                     gmem|       pointer|
|m_axi_gmem_WDATA                        |  out|   16|       m_axi|                     gmem|       pointer|
|m_axi_gmem_WSTRB                        |  out|    2|       m_axi|                     gmem|       pointer|
|m_axi_gmem_WLAST                        |  out|    1|       m_axi|                     gmem|       pointer|
|m_axi_gmem_WID                          |  out|    1|       m_axi|                     gmem|       pointer|
|m_axi_gmem_WUSER                        |  out|    1|       m_axi|                     gmem|       pointer|
|m_axi_gmem_ARVALID                      |  out|    1|       m_axi|                     gmem|       pointer|
|m_axi_gmem_ARREADY                      |   in|    1|       m_axi|                     gmem|       pointer|
|m_axi_gmem_ARADDR                       |  out|   64|       m_axi|                     gmem|       pointer|
|m_axi_gmem_ARID                         |  out|    1|       m_axi|                     gmem|       pointer|
|m_axi_gmem_ARLEN                        |  out|   32|       m_axi|                     gmem|       pointer|
|m_axi_gmem_ARSIZE                       |  out|    3|       m_axi|                     gmem|       pointer|
|m_axi_gmem_ARBURST                      |  out|    2|       m_axi|                     gmem|       pointer|
|m_axi_gmem_ARLOCK                       |  out|    2|       m_axi|                     gmem|       pointer|
|m_axi_gmem_ARCACHE                      |  out|    4|       m_axi|                     gmem|       pointer|
|m_axi_gmem_ARPROT                       |  out|    3|       m_axi|                     gmem|       pointer|
|m_axi_gmem_ARQOS                        |  out|    4|       m_axi|                     gmem|       pointer|
|m_axi_gmem_ARREGION                     |  out|    4|       m_axi|                     gmem|       pointer|
|m_axi_gmem_ARUSER                       |  out|    1|       m_axi|                     gmem|       pointer|
|m_axi_gmem_RVALID                       |   in|    1|       m_axi|                     gmem|       pointer|
|m_axi_gmem_RREADY                       |  out|    1|       m_axi|                     gmem|       pointer|
|m_axi_gmem_RDATA                        |   in|   16|       m_axi|                     gmem|       pointer|
|m_axi_gmem_RLAST                        |   in|    1|       m_axi|                     gmem|       pointer|
|m_axi_gmem_RID                          |   in|    1|       m_axi|                     gmem|       pointer|
|m_axi_gmem_RFIFONUM                     |   in|   10|       m_axi|                     gmem|       pointer|
|m_axi_gmem_RUSER                        |   in|    1|       m_axi|                     gmem|       pointer|
|m_axi_gmem_RRESP                        |   in|    2|       m_axi|                     gmem|       pointer|
|m_axi_gmem_BVALID                       |   in|    1|       m_axi|                     gmem|       pointer|
|m_axi_gmem_BREADY                       |  out|    1|       m_axi|                     gmem|       pointer|
|m_axi_gmem_BRESP                        |   in|    2|       m_axi|                     gmem|       pointer|
|m_axi_gmem_BID                          |   in|    1|       m_axi|                     gmem|       pointer|
|m_axi_gmem_BUSER                        |   in|    1|       m_axi|                     gmem|       pointer|
|coeff                                   |   in|   64|     ap_none|                    coeff|        scalar|
+----------------------------------------+-----+-----+------------+-------------------------+--------------+

