

================================================================
== Vitis HLS Report for 'decimate_pfb_Pipeline_load_coeffs'
================================================================
* Date:           Sat Jan 10 15:28:42 2026

* Version:        2023.2 (Build 4023990 on Oct 11 2023)
* Project:        hls_pfb
* Solution:       hls (Vivado IP Flow Target)
* Product family: zynq
* Target device:  xc7z045-ffg900-2


================================================================
== Performance Estimates
================================================================
+ Timing: 
    * Summary: 
    +--------+----------+----------+------------+
    |  Clock |  Target  | Estimated| Uncertainty|
    +--------+----------+----------+------------+
    |ap_clk  |  10.00 ns|  7.300 ns|     2.70 ns|
    +--------+----------+----------+------------+

+ Latency: 
    * Summary: 
    +---------+---------+-----------+-----------+------+------+---------+
    |  Latency (cycles) |   Latency (absolute)  |   Interval  | Pipeline|
    |   min   |   max   |    min    |    max    |  min |  max |   Type  |
    +---------+---------+-----------+-----------+------+------+---------+
    |     4099|     4099|  40.990 us|  40.990 us|  4099|  4099|       no|
    +---------+---------+-----------+-----------+------+------+---------+

    + Detail: 
        * Instance: 
        N/A

        * Loop: 
        +---------------+---------+---------+----------+-----------+-----------+------+----------+
        |               |  Latency (cycles) | Iteration|  Initiation Interval  | Trip |          |
        |   Loop Name   |   min   |   max   |  Latency |  achieved |   target  | Count| Pipelined|
        +---------------+---------+---------+----------+-----------+-----------+------+----------+
        |- load_coeffs  |     4097|     4097|         3|          1|          1|  4096|       yes|
        +---------------+---------+---------+----------+-----------+-----------+------+----------+



================================================================
== Utilization Estimates
================================================================
* Summary: 
+-----------------+---------+-----+--------+--------+-----+
|       Name      | BRAM_18K| DSP |   FF   |   LUT  | URAM|
+-----------------+---------+-----+--------+--------+-----+
|DSP              |        -|    -|       -|       -|    -|
|Expression       |        -|    -|       0|      95|    -|
|FIFO             |        -|    -|       -|       -|    -|
|Instance         |        -|    -|       -|       -|    -|
|Memory           |        -|    -|       -|       -|    -|
|Multiplexer      |        -|    -|       -|      72|    -|
|Register         |        -|    -|      79|       -|    -|
+-----------------+---------+-----+--------+--------+-----+
|Total            |        0|    0|      79|     167|    0|
+-----------------+---------+-----+--------+--------+-----+
|Available        |     1090|  900|  437200|  218600|    0|
+-----------------+---------+-----+--------+--------+-----+
|Utilization (%)  |        0|    0|      ~0|      ~0|    0|
+-----------------+---------+-----+--------+--------+-----+

+ Detail: 
    * Instance: 
    N/A

    * DSP: 
    N/A

    * Memory: 
    N/A

    * FIFO: 
    N/A

    * Expression: 
    +---------------------------+----------+----+---+----+------------+------------+
    |       Variable Name       | Operation| DSP| FF| LUT| Bitwidth P0| Bitwidth P1|
    +---------------------------+----------+----+---+----+------------+------------+
    |add_ln24_1_fu_244_p2       |         +|   0|  0|  26|          26|          14|
    |add_ln24_2_fu_205_p2       |         +|   0|  0|  13|          13|           1|
    |add_ln24_fu_195_p2         |         +|   0|  0|  13|          13|           1|
    |ap_block_pp0_stage0_11001  |       and|   0|  0|   1|           1|           1|
    |icmp_ln24_1_fu_211_p2      |      icmp|   0|  0|  13|          13|           3|
    |icmp_ln24_fu_189_p2        |      icmp|   0|  0|  14|          13|          14|
    |select_ln24_fu_217_p3      |    select|   0|  0|  13|           1|          13|
    |ap_enable_pp0              |       xor|   0|  0|   2|           1|           2|
    +---------------------------+----------+----+---+----+------------+------------+
    |Total                      |          |   0|  0|  95|          81|          49|
    +---------------------------+----------+----+---+----+------------+------------+

    * Multiplexer: 
    +--------------------------------+----+-----------+-----+-----------+
    |              Name              | LUT| Input Size| Bits| Total Bits|
    +--------------------------------+----+-----------+-----+-----------+
    |ap_done_int                     |   9|          2|    1|          2|
    |ap_enable_reg_pp0_iter1         |   9|          2|    1|          2|
    |ap_sig_allocacmp_i_13           |   9|          2|   13|         26|
    |ap_sig_allocacmp_phi_urem_load  |   9|          2|   13|         26|
    |gmem_blk_n_R                    |   9|          2|    1|          2|
    |i_fu_84                         |   9|          2|   13|         26|
    |phi_mul_fu_80                   |   9|          2|   26|         52|
    |phi_urem_fu_76                  |   9|          2|   13|         26|
    +--------------------------------+----+-----------+-----+-----------+
    |Total                           |  72|         16|   81|        162|
    +--------------------------------+----+-----------+-----+-----------+

    * Register: 
    +----------------------------------+----+----+-----+-----------+
    |               Name               | FF | LUT| Bits| Const Bits|
    +----------------------------------+----+----+-----+-----------+
    |ap_CS_fsm                         |   1|   0|    1|          0|
    |ap_done_reg                       |   1|   0|    1|          0|
    |ap_enable_reg_pp0_iter1           |   1|   0|    1|          0|
    |ap_enable_reg_pp0_iter2           |   1|   0|    1|          0|
    |ap_loop_exit_ready_pp0_iter1_reg  |   1|   0|    1|          0|
    |gmem_addr_read_reg_308            |  16|   0|   16|          0|
    |i_fu_84                           |  13|   0|   13|          0|
    |phi_mul_fu_80                     |  26|   0|   26|          0|
    |phi_urem_fu_76                    |  13|   0|   13|          0|
    |trunc_ln24_reg_304                |   3|   0|    3|          0|
    |trunc_ln24_reg_304_pp0_iter1_reg  |   3|   0|    3|          0|
    +----------------------------------+----+----+-----+-----------+
    |Total                             |  79|   0|   79|          0|
    +----------------------------------+----+----+-----+-----------+



================================================================
== Interface
================================================================
* Summary: 
+------------------------------------------------------------------------------+-----+-----+------------+---------------------------------------------------------------------+--------------+
|                                   RTL Ports                                  | Dir | Bits|  Protocol  |                            Source Object                            |    C Type    |
+------------------------------------------------------------------------------+-----+-----+------------+---------------------------------------------------------------------+--------------+
|ap_clk                                                                        |   in|    1|  ap_ctrl_hs|                                    decimate_pfb_Pipeline_load_coeffs|  return value|
|ap_rst                                                                        |   in|    1|  ap_ctrl_hs|                                    decimate_pfb_Pipeline_load_coeffs|  return value|
|ap_start                                                                      |   in|    1|  ap_ctrl_hs|                                    decimate_pfb_Pipeline_load_coeffs|  return value|
|ap_done                                                                       |  out|    1|  ap_ctrl_hs|                                    decimate_pfb_Pipeline_load_coeffs|  return value|
|ap_idle                                                                       |  out|    1|  ap_ctrl_hs|                                    decimate_pfb_Pipeline_load_coeffs|  return value|
|ap_ready                                                                      |  out|    1|  ap_ctrl_hs|                                    decimate_pfb_Pipeline_load_coeffs|  return value|
|m_axi_gmem_AWVALID                                                            |  out|    1|       m_axi|                                                                 gmem|       pointer|
|m_axi_gmem_AWREADY                                                            |   in|    1|       m_axi|                                                                 gmem|       pointer|
|m_axi_gmem_AWADDR                                                             |  out|   64|       m_axi|                                                                 gmem|       pointer|
|m_axi_gmem_AWID                                                               |  out|    1|       m_axi|                                                                 gmem|       pointer|
|m_axi_gmem_AWLEN                                                              |  out|   32|       m_axi|                                                                 gmem|       pointer|
|m_axi_gmem_AWSIZE                                                             |  out|    3|       m_axi|                                                                 gmem|       pointer|
|m_axi_gmem_AWBURST                                                            |  out|    2|       m_axi|                                                                 gmem|       pointer|
|m_axi_gmem_AWLOCK                                                             |  out|    2|       m_axi|                                                                 gmem|       pointer|
|m_axi_gmem_AWCACHE                                                            |  out|    4|       m_axi|                                                                 gmem|       pointer|
|m_axi_gmem_AWPROT                                                             |  out|    3|       m_axi|                                                                 gmem|       pointer|
|m_axi_gmem_AWQOS                                                              |  out|    4|       m_axi|                                                                 gmem|       pointer|
|m_axi_gmem_AWREGION                                                           |  out|    4|       m_axi|                                                                 gmem|       pointer|
|m_axi_gmem_AWUSER                                                             |  out|    1|       m_axi|                                                                 gmem|       pointer|
|m_axi_gmem_WVALID                                                             |  out|    1|       m_axi|                                                                 gmem|       pointer|
|m_axi_gmem_WREADY                                                             |   in|    1|       m_axi|                                                                 gmem|       pointer|
|m_axi_gmem_WDATA                                                              |  out|   16|       m_axi|                                                                 gmem|       pointer|
|m_axi_gmem_WSTRB                                                              |  out|    2|       m_axi|                                                                 gmem|       pointer|
|m_axi_gmem_WLAST                                                              |  out|    1|       m_axi|                                                                 gmem|       pointer|
|m_axi_gmem_WID                                                                |  out|    1|       m_axi|                                                                 gmem|       pointer|
|m_axi_gmem_WUSER                                                              |  out|    1|       m_axi|                                                                 gmem|       pointer|
|m_axi_gmem_ARVALID                                                            |  out|    1|       m_axi|                                                                 gmem|       pointer|
|m_axi_gmem_ARREADY                                                            |   in|    1|       m_axi|                                                                 gmem|       pointer|
|m_axi_gmem_ARADDR                                                             |  out|   64|       m_axi|                                                                 gmem|       pointer|
|m_axi_gmem_ARID                                                               |  out|    1|       m_axi|                                                                 gmem|       pointer|
|m_axi_gmem_ARLEN                                                              |  out|   32|       m_axi|                                                                 gmem|       pointer|
|m_axi_gmem_ARSIZE                                                             |  out|    3|       m_axi|                                                                 gmem|       pointer|
|m_axi_gmem_ARBURST                                                            |  out|    2|       m_axi|                                                                 gmem|       pointer|
|m_axi_gmem_ARLOCK                                                             |  out|    2|       m_axi|                                                                 gmem|       pointer|
|m_axi_gmem_ARCACHE                                                            |  out|    4|       m_axi|                                                                 gmem|       pointer|
|m_axi_gmem_ARPROT                                                             |  out|    3|       m_axi|                                                                 gmem|       pointer|
|m_axi_gmem_ARQOS                                                              |  out|    4|       m_axi|                                                                 gmem|       pointer|
|m_axi_gmem_ARREGION                                                           |  out|    4|       m_axi|                                                                 gmem|       pointer|
|m_axi_gmem_ARUSER                                                             |  out|    1|       m_axi|                                                                 gmem|       pointer|
|m_axi_gmem_RVALID                                                             |   in|    1|       m_axi|                                                                 gmem|       pointer|
|m_axi_gmem_RREADY                                                             |  out|    1|       m_axi|                                                                 gmem|       pointer|
|m_axi_gmem_RDATA                                                              |   in|   16|       m_axi|                                                                 gmem|       pointer|
|m_axi_gmem_RLAST                                                              |   in|    1|       m_axi|                                                                 gmem|       pointer|
|m_axi_gmem_RID                                                                |   in|    1|       m_axi|                                                                 gmem|       pointer|
|m_axi_gmem_RFIFONUM                                                           |   in|   10|       m_axi|                                                                 gmem|       pointer|
|m_axi_gmem_RUSER                                                              |   in|    1|       m_axi|                                                                 gmem|       pointer|
|m_axi_gmem_RRESP                                                              |   in|    2|       m_axi|                                                                 gmem|       pointer|
|m_axi_gmem_BVALID                                                             |   in|    1|       m_axi|                                                                 gmem|       pointer|
|m_axi_gmem_BREADY                                                             |  out|    1|       m_axi|                                                                 gmem|       pointer|
|m_axi_gmem_BRESP                                                              |   in|    2|       m_axi|                                                                 gmem|       pointer|
|m_axi_gmem_BID                                                                |   in|    1|       m_axi|                                                                 gmem|       pointer|
|m_axi_gmem_BUSER                                                              |   in|    1|       m_axi|                                                                 gmem|       pointer|
|sext_ln24                                                                     |   in|   63|     ap_none|                                                            sext_ln24|        scalar|
|decimate_pfb_stream_stream_ap_fixed_16_1_5_3_0_const_local_coeffs_4_address0  |  out|   10|   ap_memory|  decimate_pfb_stream_stream_ap_fixed_16_1_5_3_0_const_local_coeffs_4|         array|
|decimate_pfb_stream_stream_ap_fixed_16_1_5_3_0_const_local_coeffs_4_ce0       |  out|    1|   ap_memory|  decimate_pfb_stream_stream_ap_fixed_16_1_5_3_0_const_local_coeffs_4|         array|
|decimate_pfb_stream_stream_ap_fixed_16_1_5_3_0_const_local_coeffs_4_we0       |  out|    1|   ap_memory|  decimate_pfb_stream_stream_ap_fixed_16_1_5_3_0_const_local_coeffs_4|         array|
|decimate_pfb_stream_stream_ap_fixed_16_1_5_3_0_const_local_coeffs_4_d0        |  out|   16|   ap_memory|  decimate_pfb_stream_stream_ap_fixed_16_1_5_3_0_const_local_coeffs_4|         array|
|decimate_pfb_stream_stream_ap_fixed_16_1_5_3_0_const_local_coeffs_3_address0  |  out|   10|   ap_memory|  decimate_pfb_stream_stream_ap_fixed_16_1_5_3_0_const_local_coeffs_3|         array|
|decimate_pfb_stream_stream_ap_fixed_16_1_5_3_0_const_local_coeffs_3_ce0       |  out|    1|   ap_memory|  decimate_pfb_stream_stream_ap_fixed_16_1_5_3_0_const_local_coeffs_3|         array|
|decimate_pfb_stream_stream_ap_fixed_16_1_5_3_0_const_local_coeffs_3_we0       |  out|    1|   ap_memory|  decimate_pfb_stream_stream_ap_fixed_16_1_5_3_0_const_local_coeffs_3|         array|
|decimate_pfb_stream_stream_ap_fixed_16_1_5_3_0_const_local_coeffs_3_d0        |  out|   16|   ap_memory|  decimate_pfb_stream_stream_ap_fixed_16_1_5_3_0_const_local_coeffs_3|         array|
|decimate_pfb_stream_stream_ap_fixed_16_1_5_3_0_const_local_coeffs_2_address0  |  out|   10|   ap_memory|  decimate_pfb_stream_stream_ap_fixed_16_1_5_3_0_const_local_coeffs_2|         array|
|decimate_pfb_stream_stream_ap_fixed_16_1_5_3_0_const_local_coeffs_2_ce0       |  out|    1|   ap_memory|  decimate_pfb_stream_stream_ap_fixed_16_1_5_3_0_const_local_coeffs_2|         array|
|decimate_pfb_stream_stream_ap_fixed_16_1_5_3_0_const_local_coeffs_2_we0       |  out|    1|   ap_memory|  decimate_pfb_stream_stream_ap_fixed_16_1_5_3_0_const_local_coeffs_2|         array|
|decimate_pfb_stream_stream_ap_fixed_16_1_5_3_0_const_local_coeffs_2_d0        |  out|   16|   ap_memory|  decimate_pfb_stream_stream_ap_fixed_16_1_5_3_0_const_local_coeffs_2|         array|
|decimate_pfb_stream_stream_ap_fixed_16_1_5_3_0_const_local_coeffs_1_address0  |  out|   10|   ap_memory|  decimate_pfb_stream_stream_ap_fixed_16_1_5_3_0_const_local_coeffs_1|         array|
|decimate_pfb_stream_stream_ap_fixed_16_1_5_3_0_const_local_coeffs_1_ce0       |  out|    1|   ap_memory|  decimate_pfb_stream_stream_ap_fixed_16_1_5_3_0_const_local_coeffs_1|         array|
|decimate_pfb_stream_stream_ap_fixed_16_1_5_3_0_const_local_coeffs_1_we0       |  out|    1|   ap_memory|  decimate_pfb_stream_stream_ap_fixed_16_1_5_3_0_const_local_coeffs_1|         array|
|decimate_pfb_stream_stream_ap_fixed_16_1_5_3_0_const_local_coeffs_1_d0        |  out|   16|   ap_memory|  decimate_pfb_stream_stream_ap_fixed_16_1_5_3_0_const_local_coeffs_1|         array|
|decimate_pfb_stream_stream_ap_fixed_16_1_5_3_0_const_local_coeffs_address0    |  out|   10|   ap_memory|    decimate_pfb_stream_stream_ap_fixed_16_1_5_3_0_const_local_coeffs|         array|
|decimate_pfb_stream_stream_ap_fixed_16_1_5_3_0_const_local_coeffs_ce0         |  out|    1|   ap_memory|    decimate_pfb_stream_stream_ap_fixed_16_1_5_3_0_const_local_coeffs|         array|
|decimate_pfb_stream_stream_ap_fixed_16_1_5_3_0_const_local_coeffs_we0         |  out|    1|   ap_memory|    decimate_pfb_stream_stream_ap_fixed_16_1_5_3_0_const_local_coeffs|         array|
|decimate_pfb_stream_stream_ap_fixed_16_1_5_3_0_const_local_coeffs_d0          |  out|   16|   ap_memory|    decimate_pfb_stream_stream_ap_fixed_16_1_5_3_0_const_local_coeffs|         array|
+------------------------------------------------------------------------------+-----+-----+------------+---------------------------------------------------------------------+--------------+

