

================================================================
== Vitis HLS Report for 'decimate_pfb_Pipeline_compute_loop'
================================================================
* Date:           Sat Jan 10 15:28:42 2026

* Version:        2023.2 (Build 4023990 on Oct 11 2023)
* Project:        hls_pfb
* Solution:       hls (Vivado IP Flow Target)
* Product family: zynq
* Target device:  xc7z045-ffg900-2


================================================================
== Performance Estimates
================================================================
+ Timing: 
    * Summary: 
    +--------+----------+----------+------------+
    |  Clock |  Target  | Estimated| Uncertainty|
    +--------+----------+----------+------------+
    |ap_clk  |  10.00 ns|  6.822 ns|     2.70 ns|
    +--------+----------+----------+------------+

+ Latency: 
    * Summary: 
    +---------+---------+-----------+-----------+------+------+---------+
    |  Latency (cycles) |   Latency (absolute)  |   Interval  | Pipeline|
    |   min   |   max   |    min    |    max    |  min |  max |   Type  |
    +---------+---------+-----------+-----------+------+------+---------+
    |     1032|     1032|  10.320 us|  10.320 us|  1032|  1032|       no|
    +---------+---------+-----------+-----------+------+------+---------+

    + Detail: 
        * Instance: 
        N/A

        * Loop: 
        +----------------+---------+---------+----------+-----------+-----------+------+----------+
        |                |  Latency (cycles) | Iteration|  Initiation Interval  | Trip |          |
        |    Loop Name   |   min   |   max   |  Latency |  achieved |   target  | Count| Pipelined|
        +----------------+---------+---------+----------+-----------+-----------+------+----------+
        |- compute_loop  |     1030|     1030|         8|          1|          1|  1024|       yes|
        +----------------+---------+---------+----------+-----------+-----------+------+----------+



================================================================
== Utilization Estimates
================================================================
* Summary: 
+-----------------+---------+-----+--------+--------+-----+
|       Name      | BRAM_18K| DSP |   FF   |   LUT  | URAM|
+-----------------+---------+-----+--------+--------+-----+
|DSP              |        -|   16|       -|       -|    -|
|Expression       |        -|    -|       0|     934|    -|
|FIFO             |        -|    -|       -|       -|    -|
|Instance         |        -|   19|       0|     606|    -|
|Memory           |       32|    -|       0|       0|    -|
|Multiplexer      |        -|    -|       -|     195|    -|
|Register         |        -|    -|    2025|     544|    -|
+-----------------+---------+-----+--------+--------+-----+
|Total            |       32|   35|    2025|    2279|    0|
+-----------------+---------+-----+--------+--------+-----+
|Available        |     1090|  900|  437200|  218600|    0|
+-----------------+---------+-----+--------+--------+-----+
|Utilization (%)  |        2|    3|      ~0|       1|    0|
+-----------------+---------+-----+--------+--------+-----+

+ Detail: 
    * Instance: 
    +---------------------------+-----------------------+---------+----+---+----+-----+
    |          Instance         |         Module        | BRAM_18K| DSP| FF| LUT| URAM|
    +---------------------------+-----------------------+---------+----+---+----+-----+
    |mul_11ns_13ns_23_1_1_U34   |mul_11ns_13ns_23_1_1   |        0|   1|  0|   6|    0|
    |mul_12ns_14ns_25_1_1_U35   |mul_12ns_14ns_25_1_1   |        0|   1|  0|   6|    0|
    |mul_12ns_14ns_25_1_1_U36   |mul_12ns_14ns_25_1_1   |        0|   1|  0|   6|    0|
    |mul_16s_16s_32_1_1_U65     |mul_16s_16s_32_1_1     |        0|   1|  0|   6|    0|
    |mul_16s_16s_32_1_1_U66     |mul_16s_16s_32_1_1     |        0|   1|  0|   6|    0|
    |mul_16s_16s_32_1_1_U67     |mul_16s_16s_32_1_1     |        0|   1|  0|   6|    0|
    |mul_16s_16s_32_1_1_U68     |mul_16s_16s_32_1_1     |        0|   1|  0|   6|    0|
    |mul_16s_16s_32_1_1_U69     |mul_16s_16s_32_1_1     |        0|   1|  0|   6|    0|
    |mul_16s_16s_32_1_1_U70     |mul_16s_16s_32_1_1     |        0|   1|  0|   6|    0|
    |mul_16s_16s_32_1_1_U71     |mul_16s_16s_32_1_1     |        0|   1|  0|   6|    0|
    |mul_16s_16s_32_1_1_U72     |mul_16s_16s_32_1_1     |        0|   1|  0|   6|    0|
    |mul_16s_16s_32_1_1_U73     |mul_16s_16s_32_1_1     |        0|   1|  0|   6|    0|
    |mul_16s_16s_32_1_1_U74     |mul_16s_16s_32_1_1     |        0|   1|  0|   6|    0|
    |mul_16s_16s_32_1_1_U75     |mul_16s_16s_32_1_1     |        0|   1|  0|   6|    0|
    |mul_16s_16s_32_1_1_U76     |mul_16s_16s_32_1_1     |        0|   1|  0|   6|    0|
    |mul_16s_16s_32_1_1_U77     |mul_16s_16s_32_1_1     |        0|   1|  0|   6|    0|
    |mul_16s_16s_32_1_1_U78     |mul_16s_16s_32_1_1     |        0|   1|  0|   6|    0|
    |mul_16s_16s_32_1_1_U79     |mul_16s_16s_32_1_1     |        0|   1|  0|   6|    0|
    |mul_16s_16s_32_1_1_U80     |mul_16s_16s_32_1_1     |        0|   1|  0|   6|    0|
    |sparsemux_11_3_16_1_1_U37  |sparsemux_11_3_16_1_1  |        0|   0|  0|  21|    0|
    |sparsemux_11_3_16_1_1_U38  |sparsemux_11_3_16_1_1  |        0|   0|  0|  21|    0|
    |sparsemux_11_3_16_1_1_U39  |sparsemux_11_3_16_1_1  |        0|   0|  0|  21|    0|
    |sparsemux_11_3_16_1_1_U46  |sparsemux_11_3_16_1_1  |        0|   0|  0|  21|    0|
    |sparsemux_9_2_16_1_1_U40   |sparsemux_9_2_16_1_1   |        0|   0|  0|  17|    0|
    |sparsemux_9_2_16_1_1_U41   |sparsemux_9_2_16_1_1   |        0|   0|  0|  17|    0|
    |sparsemux_9_2_16_1_1_U42   |sparsemux_9_2_16_1_1   |        0|   0|  0|  17|    0|
    |sparsemux_9_2_16_1_1_U43   |sparsemux_9_2_16_1_1   |        0|   0|  0|  17|    0|
    |sparsemux_9_2_16_1_1_U44   |sparsemux_9_2_16_1_1   |        0|   0|  0|  17|    0|
    |sparsemux_9_2_16_1_1_U45   |sparsemux_9_2_16_1_1   |        0|   0|  0|  17|    0|
    |sparsemux_9_2_16_1_1_U47   |sparsemux_9_2_16_1_1   |        0|   0|  0|  17|    0|
    |sparsemux_9_2_16_1_1_U48   |sparsemux_9_2_16_1_1   |        0|   0|  0|  17|    0|
    |sparsemux_9_2_16_1_1_U49   |sparsemux_9_2_16_1_1   |        0|   0|  0|  17|    0|
    |sparsemux_9_2_16_1_1_U50   |sparsemux_9_2_16_1_1   |        0|   0|  0|  17|    0|
    |sparsemux_9_2_16_1_1_U51   |sparsemux_9_2_16_1_1   |        0|   0|  0|  17|    0|
    |sparsemux_9_2_16_1_1_U52   |sparsemux_9_2_16_1_1   |        0|   0|  0|  17|    0|
    |sparsemux_9_2_16_1_1_U53   |sparsemux_9_2_16_1_1   |        0|   0|  0|  17|    0|
    |sparsemux_9_2_16_1_1_U54   |sparsemux_9_2_16_1_1   |        0|   0|  0|  17|    0|
    |sparsemux_9_2_16_1_1_U55   |sparsemux_9_2_16_1_1   |        0|   0|  0|  17|    0|
    |sparsemux_9_2_16_1_1_U56   |sparsemux_9_2_16_1_1   |        0|   0|  0|  17|    0|
    |sparsemux_9_2_16_1_1_U57   |sparsemux_9_2_16_1_1   |        0|   0|  0|  17|    0|
    |sparsemux_9_2_16_1_1_U58   |sparsemux_9_2_16_1_1   |        0|   0|  0|  17|    0|
    |sparsemux_9_2_16_1_1_U59   |sparsemux_9_2_16_1_1   |        0|   0|  0|  17|    0|
    |sparsemux_9_2_16_1_1_U60   |sparsemux_9_2_16_1_1   |        0|   0|  0|  17|    0|
    |sparsemux_9_2_16_1_1_U61   |sparsemux_9_2_16_1_1   |        0|   0|  0|  17|    0|
    |sparsemux_9_2_16_1_1_U62   |sparsemux_9_2_16_1_1   |        0|   0|  0|  17|    0|
    |sparsemux_9_2_16_1_1_U63   |sparsemux_9_2_16_1_1   |        0|   0|  0|  17|    0|
    |sparsemux_9_2_16_1_1_U64   |sparsemux_9_2_16_1_1   |        0|   0|  0|  17|    0|
    +---------------------------+-----------------------+---------+----+---+----+-----+
    |Total                      |                       |        0|  19|  0| 606|    0|
    +---------------------------+-----------------------+---------+----+---+----+-----+

    * DSP: 
    +-----------------------------------+-------------------------------+--------------+
    |              Instance             |             Module            |  Expression  |
    +-----------------------------------+-------------------------------+--------------+
    |mac_muladd_16s_16s_32s_33_4_1_U81  |mac_muladd_16s_16s_32s_33_4_1  |  i0 + i1 * i2|
    |mac_muladd_16s_16s_32s_33_4_1_U82  |mac_muladd_16s_16s_32s_33_4_1  |  i0 + i1 * i2|
    |mac_muladd_16s_16s_32s_33_4_1_U83  |mac_muladd_16s_16s_32s_33_4_1  |  i0 + i1 * i2|
    |mac_muladd_16s_16s_32s_33_4_1_U84  |mac_muladd_16s_16s_32s_33_4_1  |  i0 + i1 * i2|
    |mac_muladd_16s_16s_32s_33_4_1_U85  |mac_muladd_16s_16s_32s_33_4_1  |  i0 + i1 * i2|
    |mac_muladd_16s_16s_32s_33_4_1_U86  |mac_muladd_16s_16s_32s_33_4_1  |  i0 + i1 * i2|
    |mac_muladd_16s_16s_32s_33_4_1_U87  |mac_muladd_16s_16s_32s_33_4_1  |  i0 + i1 * i2|
    |mac_muladd_16s_16s_32s_33_4_1_U88  |mac_muladd_16s_16s_32s_33_4_1  |  i0 + i1 * i2|
    |mac_muladd_16s_16s_33s_33_4_1_U89  |mac_muladd_16s_16s_33s_33_4_1  |  i0 + i1 * i2|
    |mac_muladd_16s_16s_33s_33_4_1_U90  |mac_muladd_16s_16s_33s_33_4_1  |  i0 + i1 * i2|
    |mac_muladd_16s_16s_33s_33_4_1_U91  |mac_muladd_16s_16s_33s_33_4_1  |  i0 + i1 * i2|
    |mac_muladd_16s_16s_33s_33_4_1_U92  |mac_muladd_16s_16s_33s_33_4_1  |  i0 + i1 * i2|
    |mac_muladd_16s_16s_33s_33_4_1_U93  |mac_muladd_16s_16s_33s_33_4_1  |  i0 + i1 * i2|
    |mac_muladd_16s_16s_33s_33_4_1_U94  |mac_muladd_16s_16s_33s_33_4_1  |  i0 + i1 * i2|
    |mac_muladd_16s_16s_33s_33_4_1_U95  |mac_muladd_16s_16s_33s_33_4_1  |  i0 + i1 * i2|
    |mac_muladd_16s_16s_33s_33_4_1_U96  |mac_muladd_16s_16s_33s_33_4_1  |  i0 + i1 * i2|
    +-----------------------------------+-------------------------------+--------------+

    * Memory: 
    +-------------------------------------------------------------------------+----------------------------------------------------------------------------------+---------+---+----+-----+------+-----+------+-------------+
    |                                  Memory                                 |                                      Module                                      | BRAM_18K| FF| LUT| URAM| Words| Bits| Banks| W*Bits*Banks|
    +-------------------------------------------------------------------------+----------------------------------------------------------------------------------+---------+---+----+-----+------+-----+------+-------------+
    |decimate_pfb_stream_stream_ap_fixed_16_1_5_3_0_const_branch_memory_22_U  |decimate_pfb_Pipeline_compute_loop_decimate_pfb_stream_stream_ap_fixed_16_1_5bkb  |        1|  0|   0|    0|  1024|   16|     1|        16384|
    |decimate_pfb_stream_stream_ap_fixed_16_1_5_3_0_const_branch_memory_6_U   |decimate_pfb_Pipeline_compute_loop_decimate_pfb_stream_stream_ap_fixed_16_1_5bkb  |        1|  0|   0|    0|  1024|   16|     1|        16384|
    |decimate_pfb_stream_stream_ap_fixed_16_1_5_3_0_const_branch_memory_21_U  |decimate_pfb_Pipeline_compute_loop_decimate_pfb_stream_stream_ap_fixed_16_1_5bkb  |        1|  0|   0|    0|  1024|   16|     1|        16384|
    |decimate_pfb_stream_stream_ap_fixed_16_1_5_3_0_const_branch_memory_20_U  |decimate_pfb_Pipeline_compute_loop_decimate_pfb_stream_stream_ap_fixed_16_1_5bkb  |        1|  0|   0|    0|  1024|   16|     1|        16384|
    |decimate_pfb_stream_stream_ap_fixed_16_1_5_3_0_const_branch_memory_19_U  |decimate_pfb_Pipeline_compute_loop_decimate_pfb_stream_stream_ap_fixed_16_1_5bkb  |        1|  0|   0|    0|  1024|   16|     1|        16384|
    |decimate_pfb_stream_stream_ap_fixed_16_1_5_3_0_const_branch_memory_5_U   |decimate_pfb_Pipeline_compute_loop_decimate_pfb_stream_stream_ap_fixed_16_1_5bkb  |        1|  0|   0|    0|  1024|   16|     1|        16384|
    |decimate_pfb_stream_stream_ap_fixed_16_1_5_3_0_const_branch_memory_4_U   |decimate_pfb_Pipeline_compute_loop_decimate_pfb_stream_stream_ap_fixed_16_1_5bkb  |        1|  0|   0|    0|  1024|   16|     1|        16384|
    |decimate_pfb_stream_stream_ap_fixed_16_1_5_3_0_const_branch_memory_3_U   |decimate_pfb_Pipeline_compute_loop_decimate_pfb_stream_stream_ap_fixed_16_1_5bkb  |        1|  0|   0|    0|  1024|   16|     1|        16384|
    |decimate_pfb_stream_stream_ap_fixed_16_1_5_3_0_const_branch_memory_26_U  |decimate_pfb_Pipeline_compute_loop_decimate_pfb_stream_stream_ap_fixed_16_1_5bkb  |        1|  0|   0|    0|  1024|   16|     1|        16384|
    |decimate_pfb_stream_stream_ap_fixed_16_1_5_3_0_const_branch_memory_10_U  |decimate_pfb_Pipeline_compute_loop_decimate_pfb_stream_stream_ap_fixed_16_1_5bkb  |        1|  0|   0|    0|  1024|   16|     1|        16384|
    |decimate_pfb_stream_stream_ap_fixed_16_1_5_3_0_const_branch_memory_25_U  |decimate_pfb_Pipeline_compute_loop_decimate_pfb_stream_stream_ap_fixed_16_1_5bkb  |        1|  0|   0|    0|  1024|   16|     1|        16384|
    |decimate_pfb_stream_stream_ap_fixed_16_1_5_3_0_const_branch_memory_24_U  |decimate_pfb_Pipeline_compute_loop_decimate_pfb_stream_stream_ap_fixed_16_1_5bkb  |        1|  0|   0|    0|  1024|   16|     1|        16384|
    |decimate_pfb_stream_stream_ap_fixed_16_1_5_3_0_const_branch_memory_23_U  |decimate_pfb_Pipeline_compute_loop_decimate_pfb_stream_stream_ap_fixed_16_1_5bkb  |        1|  0|   0|    0|  1024|   16|     1|        16384|
    |decimate_pfb_stream_stream_ap_fixed_16_1_5_3_0_const_branch_memory_9_U   |decimate_pfb_Pipeline_compute_loop_decimate_pfb_stream_stream_ap_fixed_16_1_5bkb  |        1|  0|   0|    0|  1024|   16|     1|        16384|
    |decimate_pfb_stream_stream_ap_fixed_16_1_5_3_0_const_branch_memory_8_U   |decimate_pfb_Pipeline_compute_loop_decimate_pfb_stream_stream_ap_fixed_16_1_5bkb  |        1|  0|   0|    0|  1024|   16|     1|        16384|
    |decimate_pfb_stream_stream_ap_fixed_16_1_5_3_0_const_branch_memory_7_U   |decimate_pfb_Pipeline_compute_loop_decimate_pfb_stream_stream_ap_fixed_16_1_5bkb  |        1|  0|   0|    0|  1024|   16|     1|        16384|
    |decimate_pfb_stream_stream_ap_fixed_16_1_5_3_0_const_branch_memory_30_U  |decimate_pfb_Pipeline_compute_loop_decimate_pfb_stream_stream_ap_fixed_16_1_5bkb  |        1|  0|   0|    0|  1024|   16|     1|        16384|
    |decimate_pfb_stream_stream_ap_fixed_16_1_5_3_0_const_branch_memory_14_U  |decimate_pfb_Pipeline_compute_loop_decimate_pfb_stream_stream_ap_fixed_16_1_5bkb  |        1|  0|   0|    0|  1024|   16|     1|        16384|
    |decimate_pfb_stream_stream_ap_fixed_16_1_5_3_0_const_branch_memory_29_U  |decimate_pfb_Pipeline_compute_loop_decimate_pfb_stream_stream_ap_fixed_16_1_5bkb  |        1|  0|   0|    0|  1024|   16|     1|        16384|
    |decimate_pfb_stream_stream_ap_fixed_16_1_5_3_0_const_branch_memory_28_U  |decimate_pfb_Pipeline_compute_loop_decimate_pfb_stream_stream_ap_fixed_16_1_5bkb  |        1|  0|   0|    0|  1024|   16|     1|        16384|
    |decimate_pfb_stream_stream_ap_fixed_16_1_5_3_0_const_branch_memory_27_U  |decimate_pfb_Pipeline_compute_loop_decimate_pfb_stream_stream_ap_fixed_16_1_5bkb  |        1|  0|   0|    0|  1024|   16|     1|        16384|
    |decimate_pfb_stream_stream_ap_fixed_16_1_5_3_0_const_branch_memory_13_U  |decimate_pfb_Pipeline_compute_loop_decimate_pfb_stream_stream_ap_fixed_16_1_5bkb  |        1|  0|   0|    0|  1024|   16|     1|        16384|
    |decimate_pfb_stream_stream_ap_fixed_16_1_5_3_0_const_branch_memory_12_U  |decimate_pfb_Pipeline_compute_loop_decimate_pfb_stream_stream_ap_fixed_16_1_5bkb  |        1|  0|   0|    0|  1024|   16|     1|        16384|
    |decimate_pfb_stream_stream_ap_fixed_16_1_5_3_0_const_branch_memory_11_U  |decimate_pfb_Pipeline_compute_loop_decimate_pfb_stream_stream_ap_fixed_16_1_5bkb  |        1|  0|   0|    0|  1024|   16|     1|        16384|
    |decimate_pfb_stream_stream_ap_fixed_16_1_5_3_0_const_branch_memory_31_U  |decimate_pfb_Pipeline_compute_loop_decimate_pfb_stream_stream_ap_fixed_16_1_5bkb  |        1|  0|   0|    0|  1024|   16|     1|        16384|
    |decimate_pfb_stream_stream_ap_fixed_16_1_5_3_0_const_branch_memory_18_U  |decimate_pfb_Pipeline_compute_loop_decimate_pfb_stream_stream_ap_fixed_16_1_5bkb  |        1|  0|   0|    0|  1024|   16|     1|        16384|
    |decimate_pfb_stream_stream_ap_fixed_16_1_5_3_0_const_branch_memory_2_U   |decimate_pfb_Pipeline_compute_loop_decimate_pfb_stream_stream_ap_fixed_16_1_5bkb  |        1|  0|   0|    0|  1024|   16|     1|        16384|
    |decimate_pfb_stream_stream_ap_fixed_16_1_5_3_0_const_branch_memory_1_U   |decimate_pfb_Pipeline_compute_loop_decimate_pfb_stream_stream_ap_fixed_16_1_5bkb  |        1|  0|   0|    0|  1024|   16|     1|        16384|
    |decimate_pfb_stream_stream_ap_fixed_16_1_5_3_0_const_branch_memory_U     |decimate_pfb_Pipeline_compute_loop_decimate_pfb_stream_stream_ap_fixed_16_1_5bkb  |        1|  0|   0|    0|  1024|   16|     1|        16384|
    |decimate_pfb_stream_stream_ap_fixed_16_1_5_3_0_const_branch_memory_17_U  |decimate_pfb_Pipeline_compute_loop_decimate_pfb_stream_stream_ap_fixed_16_1_5bkb  |        1|  0|   0|    0|  1024|   16|     1|        16384|
    |decimate_pfb_stream_stream_ap_fixed_16_1_5_3_0_const_branch_memory_16_U  |decimate_pfb_Pipeline_compute_loop_decimate_pfb_stream_stream_ap_fixed_16_1_5bkb  |        1|  0|   0|    0|  1024|   16|     1|        16384|
    |decimate_pfb_stream_stream_ap_fixed_16_1_5_3_0_const_branch_memory_15_U  |decimate_pfb_Pipeline_compute_loop_decimate_pfb_stream_stream_ap_fixed_16_1_5bkb  |        1|  0|   0|    0|  1024|   16|     1|        16384|
    +-------------------------------------------------------------------------+----------------------------------------------------------------------------------+---------+---+----+-----+------+-----+------+-------------+
    |Total                                                                    |                                                                                  |       32|  0|   0|    0| 32768|  512|    32|       524288|
    +-------------------------------------------------------------------------+----------------------------------------------------------------------------------+---------+---+----+-----+------+-----+------+-------------+

    * FIFO: 
    N/A

    * Expression: 
    +----------------------------+----------+----+---+----+------------+------------+
    |        Variable Name       | Operation| DSP| FF| LUT| Bitwidth P0| Bitwidth P1|
    +----------------------------+----------+----+---+----+------------+------------+
    |acc_i_3_fu_2468_p2          |         +|   0|  0|  40|          40|          40|
    |acc_i_5_fu_2780_p2          |         +|   0|  0|  40|          40|          40|
    |acc_i_7_fu_3092_p2          |         +|   0|  0|  40|          40|          40|
    |acc_i_fu_2156_p2            |         +|   0|  0|  40|          40|          40|
    |acc_q_3_fu_2485_p2          |         +|   0|  0|  40|          40|          40|
    |acc_q_5_fu_2797_p2          |         +|   0|  0|  40|          40|          40|
    |acc_q_7_fu_3109_p2          |         +|   0|  0|  40|          40|          40|
    |acc_q_fu_2173_p2            |         +|   0|  0|  40|          40|          40|
    |add_ln31_1_fu_1058_p2       |         +|   0|  0|  22|          22|          12|
    |add_ln31_fu_896_p2          |         +|   0|  0|  11|          11|           1|
    |add_ln51_fu_990_p2          |         +|   0|  0|  11|          11|           1|
    |and_ln66_1_fu_2279_p2       |       and|   0|  0|   1|           1|           1|
    |and_ln66_2_fu_2545_p2       |       and|   0|  0|   1|           1|           1|
    |and_ln66_3_fu_2591_p2       |       and|   0|  0|   1|           1|           1|
    |and_ln66_4_fu_2857_p2       |       and|   0|  0|   1|           1|           1|
    |and_ln66_5_fu_2903_p2       |       and|   0|  0|   1|           1|           1|
    |and_ln66_6_fu_3169_p2       |       and|   0|  0|   1|           1|           1|
    |and_ln66_7_fu_3215_p2       |       and|   0|  0|   1|           1|           1|
    |and_ln66_fu_2233_p2         |       and|   0|  0|   1|           1|           1|
    |and_ln67_1_fu_2407_p2       |       and|   0|  0|   1|           1|           1|
    |and_ln67_2_fu_2673_p2       |       and|   0|  0|   1|           1|           1|
    |and_ln67_3_fu_2719_p2       |       and|   0|  0|   1|           1|           1|
    |and_ln67_4_fu_2985_p2       |       and|   0|  0|   1|           1|           1|
    |and_ln67_5_fu_3031_p2       |       and|   0|  0|   1|           1|           1|
    |and_ln67_6_fu_3297_p2       |       and|   0|  0|   1|           1|           1|
    |and_ln67_7_fu_3343_p2       |       and|   0|  0|   1|           1|           1|
    |and_ln67_fu_2361_p2         |       and|   0|  0|   1|           1|           1|
    |ap_condition_379            |       and|   0|  0|   1|           1|           1|
    |icmp_ln31_fu_890_p2         |      icmp|   0|  0|  12|          11|          12|
    |icmp_ln51_fu_996_p2         |      icmp|   0|  0|  11|          11|           3|
    |icmp_ln66_10_fu_3181_p2     |      icmp|   0|  0|   4|           3|           2|
    |icmp_ln66_11_fu_3197_p2     |      icmp|   0|  0|  15|          15|           1|
    |icmp_ln66_1_fu_2245_p2      |      icmp|   0|  0|   4|           3|           2|
    |icmp_ln66_2_fu_2261_p2      |      icmp|   0|  0|  15|          15|           1|
    |icmp_ln66_3_fu_2527_p2      |      icmp|   0|  0|   4|           3|           1|
    |icmp_ln66_4_fu_2557_p2      |      icmp|   0|  0|   4|           3|           2|
    |icmp_ln66_5_fu_2573_p2      |      icmp|   0|  0|  15|          15|           1|
    |icmp_ln66_6_fu_2839_p2      |      icmp|   0|  0|   4|           3|           1|
    |icmp_ln66_7_fu_2869_p2      |      icmp|   0|  0|   4|           3|           2|
    |icmp_ln66_8_fu_2885_p2      |      icmp|   0|  0|  15|          15|           1|
    |icmp_ln66_9_fu_3151_p2      |      icmp|   0|  0|   4|           3|           1|
    |icmp_ln66_fu_2215_p2        |      icmp|   0|  0|   4|           3|           1|
    |icmp_ln67_10_fu_3309_p2     |      icmp|   0|  0|   4|           3|           2|
    |icmp_ln67_11_fu_3325_p2     |      icmp|   0|  0|  15|          15|           1|
    |icmp_ln67_1_fu_2373_p2      |      icmp|   0|  0|   4|           3|           2|
    |icmp_ln67_2_fu_2389_p2      |      icmp|   0|  0|  15|          15|           1|
    |icmp_ln67_3_fu_2655_p2      |      icmp|   0|  0|   4|           3|           1|
    |icmp_ln67_4_fu_2685_p2      |      icmp|   0|  0|   4|           3|           2|
    |icmp_ln67_5_fu_2701_p2      |      icmp|   0|  0|  15|          15|           1|
    |icmp_ln67_6_fu_2967_p2      |      icmp|   0|  0|   4|           3|           1|
    |icmp_ln67_7_fu_2997_p2      |      icmp|   0|  0|   4|           3|           2|
    |icmp_ln67_8_fu_3013_p2      |      icmp|   0|  0|  15|          15|           1|
    |icmp_ln67_9_fu_3279_p2      |      icmp|   0|  0|   4|           3|           1|
    |icmp_ln67_fu_2343_p2        |      icmp|   0|  0|   4|           3|           1|
    |ap_block_pp0_stage0_01001   |        or|   0|  0|   1|           1|           1|
    |or_ln66_10_fu_2897_p2       |        or|   0|  0|   1|           1|           1|
    |or_ln66_11_fu_2917_p2       |        or|   0|  0|   1|           1|           1|
    |or_ln66_12_fu_3157_p2       |        or|   0|  0|   1|           1|           1|
    |or_ln66_13_fu_3203_p2       |        or|   0|  0|   1|           1|           1|
    |or_ln66_14_fu_3209_p2       |        or|   0|  0|   1|           1|           1|
    |or_ln66_15_fu_3229_p2       |        or|   0|  0|   1|           1|           1|
    |or_ln66_1_fu_2267_p2        |        or|   0|  0|   1|           1|           1|
    |or_ln66_2_fu_2273_p2        |        or|   0|  0|   1|           1|           1|
    |or_ln66_3_fu_2293_p2        |        or|   0|  0|   1|           1|           1|
    |or_ln66_4_fu_2533_p2        |        or|   0|  0|   1|           1|           1|
    |or_ln66_5_fu_2579_p2        |        or|   0|  0|   1|           1|           1|
    |or_ln66_6_fu_2585_p2        |        or|   0|  0|   1|           1|           1|
    |or_ln66_7_fu_2605_p2        |        or|   0|  0|   1|           1|           1|
    |or_ln66_8_fu_2845_p2        |        or|   0|  0|   1|           1|           1|
    |or_ln66_9_fu_2891_p2        |        or|   0|  0|   1|           1|           1|
    |or_ln66_fu_2221_p2          |        or|   0|  0|   1|           1|           1|
    |or_ln67_10_fu_3025_p2       |        or|   0|  0|   1|           1|           1|
    |or_ln67_11_fu_3045_p2       |        or|   0|  0|   1|           1|           1|
    |or_ln67_12_fu_3285_p2       |        or|   0|  0|   1|           1|           1|
    |or_ln67_13_fu_3331_p2       |        or|   0|  0|   1|           1|           1|
    |or_ln67_14_fu_3337_p2       |        or|   0|  0|   1|           1|           1|
    |or_ln67_15_fu_3357_p2       |        or|   0|  0|   1|           1|           1|
    |or_ln67_1_fu_2395_p2        |        or|   0|  0|   1|           1|           1|
    |or_ln67_2_fu_2401_p2        |        or|   0|  0|   1|           1|           1|
    |or_ln67_3_fu_2421_p2        |        or|   0|  0|   1|           1|           1|
    |or_ln67_4_fu_2661_p2        |        or|   0|  0|   1|           1|           1|
    |or_ln67_5_fu_2707_p2        |        or|   0|  0|   1|           1|           1|
    |or_ln67_6_fu_2713_p2        |        or|   0|  0|   1|           1|           1|
    |or_ln67_7_fu_2733_p2        |        or|   0|  0|   1|           1|           1|
    |or_ln67_8_fu_2973_p2        |        or|   0|  0|   1|           1|           1|
    |or_ln67_9_fu_3019_p2        |        or|   0|  0|   1|           1|           1|
    |or_ln67_fu_2349_p2          |        or|   0|  0|   1|           1|           1|
    |result_pack_i_1_fu_2611_p3  |    select|   0|  0|  16|           1|          16|
    |result_pack_i_2_fu_2923_p3  |    select|   0|  0|  16|           1|          16|
    |result_pack_i_3_fu_3235_p3  |    select|   0|  0|  16|           1|          16|
    |result_pack_i_fu_2299_p3    |    select|   0|  0|  16|           1|          16|
    |result_pack_q_1_fu_2739_p3  |    select|   0|  0|  16|           1|          16|
    |result_pack_q_2_fu_3051_p3  |    select|   0|  0|  16|           1|          16|
    |result_pack_q_3_fu_3363_p3  |    select|   0|  0|  16|           1|          16|
    |result_pack_q_fu_2427_p3    |    select|   0|  0|  16|           1|          16|
    |select_ln51_fu_1002_p3      |    select|   0|  0|  11|           1|          11|
    |select_ln66_2_fu_2597_p3    |    select|   0|  0|  16|           1|          15|
    |select_ln66_4_fu_2909_p3    |    select|   0|  0|  16|           1|          15|
    |select_ln66_6_fu_3221_p3    |    select|   0|  0|  16|           1|          15|
    |select_ln66_fu_2285_p3      |    select|   0|  0|  16|           1|          15|
    |select_ln67_2_fu_2725_p3    |    select|   0|  0|  16|           1|          15|
    |select_ln67_4_fu_3037_p3    |    select|   0|  0|  16|           1|          15|
    |select_ln67_6_fu_3349_p3    |    select|   0|  0|  16|           1|          15|
    |select_ln67_fu_2413_p3      |    select|   0|  0|  16|           1|          15|
    |ap_enable_pp0               |       xor|   0|  0|   2|           1|           2|
    |xor_ln31_fu_905_p2          |       xor|   0|  0|  12|          11|          12|
    |xor_ln66_1_fu_2239_p2       |       xor|   0|  0|   2|           1|           2|
    |xor_ln66_2_fu_2539_p2       |       xor|   0|  0|   2|           1|           2|
    |xor_ln66_3_fu_2551_p2       |       xor|   0|  0|   2|           1|           2|
    |xor_ln66_4_fu_2851_p2       |       xor|   0|  0|   2|           1|           2|
    |xor_ln66_5_fu_2863_p2       |       xor|   0|  0|   2|           1|           2|
    |xor_ln66_6_fu_3163_p2       |       xor|   0|  0|   2|           1|           2|
    |xor_ln66_7_fu_3175_p2       |       xor|   0|  0|   2|           1|           2|
    |xor_ln66_fu_2227_p2         |       xor|   0|  0|   2|           1|           2|
    |xor_ln67_1_fu_2367_p2       |       xor|   0|  0|   2|           1|           2|
    |xor_ln67_2_fu_2667_p2       |       xor|   0|  0|   2|           1|           2|
    |xor_ln67_3_fu_2679_p2       |       xor|   0|  0|   2|           1|           2|
    |xor_ln67_4_fu_2979_p2       |       xor|   0|  0|   2|           1|           2|
    |xor_ln67_5_fu_2991_p2       |       xor|   0|  0|   2|           1|           2|
    |xor_ln67_6_fu_3291_p2       |       xor|   0|  0|   2|           1|           2|
    |xor_ln67_7_fu_3303_p2       |       xor|   0|  0|   2|           1|           2|
    |xor_ln67_fu_2355_p2         |       xor|   0|  0|   2|           1|           2|
    +----------------------------+----------+----+---+----+------------+------------+
    |Total                       |          |   0|  0| 934|         649|         736|
    +----------------------------+----------+----+---+----+------------+------------+

    * Multiplexer: 
    +------------------------------------------------------------------------------+----+-----------+-----+-----------+
    |                                     Name                                     | LUT| Input Size| Bits| Total Bits|
    +------------------------------------------------------------------------------+----+-----------+-----+-----------+
    |ap_done_int                                                                   |   9|          2|    1|          2|
    |ap_enable_reg_pp0_iter1                                                       |   9|          2|    1|          2|
    |ap_sig_allocacmp_k_1                                                          |   9|          2|   11|         22|
    |ap_sig_allocacmp_phi_urem354_load                                             |   9|          2|   11|         22|
    |ap_sig_allocacmp_phi_urem354_load_1                                           |   9|          2|   11|         22|
    |decimate_pfb_stream_stream_ap_fixed_16_1_5_3_0_const_local_coeffs_1_address0  |  21|          5|   10|         50|
    |decimate_pfb_stream_stream_ap_fixed_16_1_5_3_0_const_local_coeffs_2_address0  |  21|          5|   10|         50|
    |decimate_pfb_stream_stream_ap_fixed_16_1_5_3_0_const_local_coeffs_3_address0  |  21|          5|   10|         50|
    |decimate_pfb_stream_stream_ap_fixed_16_1_5_3_0_const_local_coeffs_4_address0  |  21|          5|   10|         50|
    |decimate_pfb_stream_stream_ap_fixed_16_1_5_3_0_const_local_coeffs_address0    |  21|          5|   10|         50|
    |k_fu_248                                                                      |   9|          2|   11|         22|
    |phi_mul352_fu_244                                                             |   9|          2|   22|         44|
    |phi_urem354_fu_240                                                            |   9|          2|   11|         22|
    |stream_compute_to_fft_blk_n                                                   |   9|          2|    1|          2|
    |stream_read_to_compute_blk_n                                                  |   9|          2|    1|          2|
    +------------------------------------------------------------------------------+----+-----------+-----+-----------+
    |Total                                                                         | 195|         45|  131|        412|
    +------------------------------------------------------------------------------+----+-----------+-----+-----------+

    * Register: 
    +-----------------------------------+----+----+-----+-----------+
    |                Name               | FF | LUT| Bits| Const Bits|
    +-----------------------------------+----+----+-----+-----------+
    |ap_CS_fsm                          |   1|   0|    1|          0|
    |ap_done_reg                        |   1|   0|    1|          0|
    |ap_enable_reg_pp0_iter1            |   1|   0|    1|          0|
    |ap_enable_reg_pp0_iter2            |   1|   0|    1|          0|
    |ap_enable_reg_pp0_iter3            |   1|   0|    1|          0|
    |ap_enable_reg_pp0_iter4            |   1|   0|    1|          0|
    |ap_enable_reg_pp0_iter5            |   1|   0|    1|          0|
    |ap_enable_reg_pp0_iter6            |   1|   0|    1|          0|
    |ap_enable_reg_pp0_iter7            |   1|   0|    1|          0|
    |ap_loop_exit_ready_pp0_iter1_reg   |   1|   0|    1|          0|
    |ap_loop_exit_ready_pp0_iter2_reg   |   1|   0|    1|          0|
    |ap_loop_exit_ready_pp0_iter3_reg   |   1|   0|    1|          0|
    |ap_loop_exit_ready_pp0_iter4_reg   |   1|   0|    1|          0|
    |ap_loop_exit_ready_pp0_iter5_reg   |   1|   0|    1|          0|
    |ap_loop_exit_ready_pp0_iter6_reg   |   1|   0|    1|          0|
    |input_pack_i_reg_3602              |  16|   0|   16|          0|
    |input_pack_q_reg_3607              |  16|   0|   16|          0|
    |k_1_reg_3570                       |  11|   0|   11|          0|
    |k_fu_248                           |  11|   0|   11|          0|
    |mul_ln62_11_reg_4191               |  32|   0|   32|          0|
    |mul_ln62_15_reg_4211               |  32|   0|   32|          0|
    |mul_ln62_3_reg_4151                |  32|   0|   32|          0|
    |mul_ln62_7_reg_4171                |  32|   0|   32|          0|
    |mul_ln63_11_reg_4196               |  32|   0|   32|          0|
    |mul_ln63_15_reg_4216               |  32|   0|   32|          0|
    |mul_ln63_3_reg_4156                |  32|   0|   32|          0|
    |mul_ln63_7_reg_4176                |  32|   0|   32|          0|
    |phi_mul352_fu_244                  |  22|   0|   22|          0|
    |phi_urem354_fu_240                 |  11|   0|   11|          0|
    |result_pack_i_1_reg_4231           |  16|   0|   16|          0|
    |result_pack_i_2_reg_4241           |  16|   0|   16|          0|
    |result_pack_i_3_reg_4251           |  16|   0|   16|          0|
    |result_pack_i_reg_4221             |  16|   0|   16|          0|
    |result_pack_q_1_reg_4236           |  16|   0|   16|          0|
    |result_pack_q_2_reg_4246           |  16|   0|   16|          0|
    |result_pack_q_3_reg_4256           |  16|   0|   16|          0|
    |result_pack_q_reg_4226             |  16|   0|   16|          0|
    |sample_i_11_reg_4029               |  16|   0|   16|          0|
    |sample_i_12_reg_3622               |  16|   0|   16|          0|
    |sample_i_13_reg_3999               |  16|   0|   16|          0|
    |sample_i_14_reg_3632               |  16|   0|   16|          0|
    |sample_i_16_reg_4019               |  16|   0|   16|          0|
    |sample_i_1_reg_3924                |  16|   0|   16|          0|
    |sample_i_3_reg_3934                |  16|   0|   16|          0|
    |sample_i_5_reg_3959                |  16|   0|   16|          0|
    |sample_i_7_reg_3969                |  16|   0|   16|          0|
    |sample_i_8_reg_3612                |  16|   0|   16|          0|
    |sample_i_9_reg_3989                |  16|   0|   16|          0|
    |sample_q_11_reg_4044               |  16|   0|   16|          0|
    |sample_q_12_reg_3627               |  16|   0|   16|          0|
    |sample_q_13_reg_4014               |  16|   0|   16|          0|
    |sample_q_14_reg_3637               |  16|   0|   16|          0|
    |sample_q_16_reg_4034               |  16|   0|   16|          0|
    |sample_q_1_reg_3939                |  16|   0|   16|          0|
    |sample_q_3_reg_3949                |  16|   0|   16|          0|
    |sample_q_5_reg_3974                |  16|   0|   16|          0|
    |sample_q_7_reg_3984                |  16|   0|   16|          0|
    |sample_q_8_reg_3617                |  16|   0|   16|          0|
    |sample_q_9_reg_4004                |  16|   0|   16|          0|
    |tmp_14_reg_3587                    |   9|   0|    9|          0|
    |tmp_23_reg_3592                    |  10|   0|   10|          0|
    |tmp_reg_3597                       |  10|   0|   10|          0|
    |trunc_ln31_reg_3579                |   3|   0|    3|          0|
    |trunc_ln31_reg_3579_pp0_iter1_reg  |   3|   0|    3|          0|
    |w_1_reg_3907                       |  16|   0|   16|          0|
    |w_3_reg_3954                       |  16|   0|   16|          0|
    |w_reg_3902                         |  16|   0|   16|          0|
    |w_reg_3902_pp0_iter3_reg           |  16|   0|   16|          0|
    |input_pack_i_reg_3602              |  64|  32|   16|          0|
    |input_pack_q_reg_3607              |  64|  32|   16|          0|
    |sample_i_11_reg_4029               |  64|  32|   16|          0|
    |sample_i_12_reg_3622               |  64|  32|   16|          0|
    |sample_i_13_reg_3999               |  64|  32|   16|          0|
    |sample_i_14_reg_3632               |  64|  32|   16|          0|
    |sample_i_3_reg_3934                |  64|  32|   16|          0|
    |sample_i_7_reg_3969                |  64|  32|   16|          0|
    |sample_i_8_reg_3612                |  64|  32|   16|          0|
    |sample_q_11_reg_4044               |  64|  32|   16|          0|
    |sample_q_12_reg_3627               |  64|  32|   16|          0|
    |sample_q_13_reg_4014               |  64|  32|   16|          0|
    |sample_q_14_reg_3637               |  64|  32|   16|          0|
    |sample_q_3_reg_3949                |  64|  32|   16|          0|
    |sample_q_7_reg_3984                |  64|  32|   16|          0|
    |sample_q_8_reg_3617                |  64|  32|   16|          0|
    |w_3_reg_3954                       |  64|  32|   16|          0|
    +-----------------------------------+----+----+-----+-----------+
    |Total                              |2025| 544| 1209|          0|
    +-----------------------------------+----+----+-----+-----------+



================================================================
== Interface
================================================================
* Summary: 
+------------------------------------------------------------------------------+-----+-----+------------+---------------------------------------------------------------------+--------------+
|                                   RTL Ports                                  | Dir | Bits|  Protocol  |                            Source Object                            |    C Type    |
+------------------------------------------------------------------------------+-----+-----+------------+---------------------------------------------------------------------+--------------+
|ap_clk                                                                        |   in|    1|  ap_ctrl_hs|                                   decimate_pfb_Pipeline_compute_loop|  return value|
|ap_rst                                                                        |   in|    1|  ap_ctrl_hs|                                   decimate_pfb_Pipeline_compute_loop|  return value|
|ap_start                                                                      |   in|    1|  ap_ctrl_hs|                                   decimate_pfb_Pipeline_compute_loop|  return value|
|ap_done                                                                       |  out|    1|  ap_ctrl_hs|                                   decimate_pfb_Pipeline_compute_loop|  return value|
|ap_idle                                                                       |  out|    1|  ap_ctrl_hs|                                   decimate_pfb_Pipeline_compute_loop|  return value|
|ap_ready                                                                      |  out|    1|  ap_ctrl_hs|                                   decimate_pfb_Pipeline_compute_loop|  return value|
|stream_read_to_compute_dout                                                   |   in|  128|     ap_fifo|                                               stream_read_to_compute|       pointer|
|stream_read_to_compute_num_data_valid                                         |   in|    5|     ap_fifo|                                               stream_read_to_compute|       pointer|
|stream_read_to_compute_fifo_cap                                               |   in|    5|     ap_fifo|                                               stream_read_to_compute|       pointer|
|stream_read_to_compute_empty_n                                                |   in|    1|     ap_fifo|                                               stream_read_to_compute|       pointer|
|stream_read_to_compute_read                                                   |  out|    1|     ap_fifo|                                               stream_read_to_compute|       pointer|
|stream_compute_to_fft_din                                                     |  out|  128|     ap_fifo|                                                stream_compute_to_fft|       pointer|
|stream_compute_to_fft_num_data_valid                                          |   in|    5|     ap_fifo|                                                stream_compute_to_fft|       pointer|
|stream_compute_to_fft_fifo_cap                                                |   in|    5|     ap_fifo|                                                stream_compute_to_fft|       pointer|
|stream_compute_to_fft_full_n                                                  |   in|    1|     ap_fifo|                                                stream_compute_to_fft|       pointer|
|stream_compute_to_fft_write                                                   |  out|    1|     ap_fifo|                                                stream_compute_to_fft|       pointer|
|write_bank_idx_load                                                           |   in|    2|     ap_none|                                                  write_bank_idx_load|        scalar|
|decimate_pfb_stream_stream_ap_fixed_16_1_5_3_0_const_local_coeffs_4_address0  |  out|   10|   ap_memory|  decimate_pfb_stream_stream_ap_fixed_16_1_5_3_0_const_local_coeffs_4|         array|
|decimate_pfb_stream_stream_ap_fixed_16_1_5_3_0_const_local_coeffs_4_ce0       |  out|    1|   ap_memory|  decimate_pfb_stream_stream_ap_fixed_16_1_5_3_0_const_local_coeffs_4|         array|
|decimate_pfb_stream_stream_ap_fixed_16_1_5_3_0_const_local_coeffs_4_q0        |   in|   16|   ap_memory|  decimate_pfb_stream_stream_ap_fixed_16_1_5_3_0_const_local_coeffs_4|         array|
|decimate_pfb_stream_stream_ap_fixed_16_1_5_3_0_const_local_coeffs_3_address0  |  out|   10|   ap_memory|  decimate_pfb_stream_stream_ap_fixed_16_1_5_3_0_const_local_coeffs_3|         array|
|decimate_pfb_stream_stream_ap_fixed_16_1_5_3_0_const_local_coeffs_3_ce0       |  out|    1|   ap_memory|  decimate_pfb_stream_stream_ap_fixed_16_1_5_3_0_const_local_coeffs_3|         array|
|decimate_pfb_stream_stream_ap_fixed_16_1_5_3_0_const_local_coeffs_3_q0        |   in|   16|   ap_memory|  decimate_pfb_stream_stream_ap_fixed_16_1_5_3_0_const_local_coeffs_3|         array|
|decimate_pfb_stream_stream_ap_fixed_16_1_5_3_0_const_local_coeffs_2_address0  |  out|   10|   ap_memory|  decimate_pfb_stream_stream_ap_fixed_16_1_5_3_0_const_local_coeffs_2|         array|
|decimate_pfb_stream_stream_ap_fixed_16_1_5_3_0_const_local_coeffs_2_ce0       |  out|    1|   ap_memory|  decimate_pfb_stream_stream_ap_fixed_16_1_5_3_0_const_local_coeffs_2|         array|
|decimate_pfb_stream_stream_ap_fixed_16_1_5_3_0_const_local_coeffs_2_q0        |   in|   16|   ap_memory|  decimate_pfb_stream_stream_ap_fixed_16_1_5_3_0_const_local_coeffs_2|         array|
|decimate_pfb_stream_stream_ap_fixed_16_1_5_3_0_const_local_coeffs_1_address0  |  out|   10|   ap_memory|  decimate_pfb_stream_stream_ap_fixed_16_1_5_3_0_const_local_coeffs_1|         array|
|decimate_pfb_stream_stream_ap_fixed_16_1_5_3_0_const_local_coeffs_1_ce0       |  out|    1|   ap_memory|  decimate_pfb_stream_stream_ap_fixed_16_1_5_3_0_const_local_coeffs_1|         array|
|decimate_pfb_stream_stream_ap_fixed_16_1_5_3_0_const_local_coeffs_1_q0        |   in|   16|   ap_memory|  decimate_pfb_stream_stream_ap_fixed_16_1_5_3_0_const_local_coeffs_1|         array|
|decimate_pfb_stream_stream_ap_fixed_16_1_5_3_0_const_local_coeffs_address0    |  out|   10|   ap_memory|    decimate_pfb_stream_stream_ap_fixed_16_1_5_3_0_const_local_coeffs|         array|
|decimate_pfb_stream_stream_ap_fixed_16_1_5_3_0_const_local_coeffs_ce0         |  out|    1|   ap_memory|    decimate_pfb_stream_stream_ap_fixed_16_1_5_3_0_const_local_coeffs|         array|
|decimate_pfb_stream_stream_ap_fixed_16_1_5_3_0_const_local_coeffs_q0          |   in|   16|   ap_memory|    decimate_pfb_stream_stream_ap_fixed_16_1_5_3_0_const_local_coeffs|         array|
+------------------------------------------------------------------------------+-----+-----+------------+---------------------------------------------------------------------+--------------+

