INFO: [v++ 60-1548] Creating build summary session with primary output /home/brett/Documents/FX_Correlator/pfb/hls_pfb/hls_pfb/hls_pfb.hlscompile_summary, at Thu Jan  8 19:40:31 2026
INFO: [v++ 82-31] Launching vitis_hls: vitis_hls -nolog -run csynth -work_dir /home/brett/Documents/FX_Correlator/pfb/hls_pfb/hls_pfb -config /home/brett/Documents/FX_Correlator/pfb/hls_pfb/hls_config.cfg -cmdlineconfig /home/brett/Documents/FX_Correlator/pfb/hls_pfb/hls_pfb/hls/config.cmdline

****** Vitis HLS - High-Level Synthesis from C, C++ and OpenCL v2023.2 (64-bit)
  **** SW Build 4023990 on Oct 11 2023
  **** IP Build 4028589 on Sat Oct 14 00:45:43 MDT 2023
  **** SharedData Build 4025554 on Tue Oct 10 17:18:54 MDT 2023
    ** Copyright 1986-2022 Xilinx, Inc. All Rights Reserved.
    ** Copyright 2022-2023 Advanced Micro Devices, Inc. All Rights Reserved.

source /tools/Xilinx/Vitis_HLS/2023.2/scripts/vitis_hls/hls.tcl -notrace
INFO: [HLS 200-10] Running '/tools/Xilinx/Vitis_HLS/2023.2/bin/unwrapped/lnx64.o/vitis_hls'
INFO: [HLS 200-10] For user 'brett' on host 'brett-System-Product-Name' (Linux_x86_64 version 6.17.13-zabbly+) on Thu Jan 08 19:40:31 PST 2026
INFO: [HLS 200-10] On os Ubuntu 22.04.5 LTS
INFO: [HLS 200-10] In directory '/home/brett/Documents/FX_Correlator/pfb/hls_pfb'
WARNING: [HLS 200-40] Environment variable 'C_INCLUDE_PATH' is set to /usr/include/x86_64-linux-gnu:.
WARNING: [HLS 200-40] Environment variable 'CPLUS_INCLUDE_PATH' is set to /usr/include/x86_64-linux-gnu:.
INFO: [HLS 200-1909] Reading HLS ini file /home/brett/Documents/FX_Correlator/pfb/hls_pfb/hls_config.cfg
INFO: [HLS 200-1909] Reading HLS ini file /home/brett/Documents/FX_Correlator/pfb/hls_pfb/hls_pfb/hls/config.cmdline
INFO: [HLS 200-2005] Using work_dir /home/brett/Documents/FX_Correlator/pfb/hls_pfb/hls_pfb 
INFO: [HLS 200-1510] Running: open_project /home/brett/Documents/FX_Correlator/pfb/hls_pfb/hls_pfb -diskless 
INFO: [HLS 200-1510] Running: open_solution hls 
INFO: [HLS 200-1505] Using default flow_target 'vivado'
Resolution: For help on HLS 200-1505 see docs.xilinx.com/access/sources/dita/topic?Doc_Version=2023.2%20English&url=ug1448-hls-guidance&resourceid=200-1505.html
INFO: [HLS 200-1510] Running: apply_ini /home/brett/Documents/FX_Correlator/pfb/hls_pfb/hls_config.cfg 
INFO: [HLS 200-1909] Reading HLS ini file /home/brett/Documents/FX_Correlator/pfb/hls_pfb/hls_config.cfg
INFO: [HLS 200-1465] Applying ini 'syn.file=pfb.cpp' at /home/brett/Documents/FX_Correlator/pfb/hls_pfb/hls_config.cfg(8)
INFO: [HLS 200-10] Adding design file '/home/brett/Documents/FX_Correlator/pfb/hls_pfb/pfb.cpp' to the project
INFO: [HLS 200-1465] Applying ini 'syn.file=/home/brett/Documents/FX_Correlator/pfb/hls_pfb/pfb.h' at /home/brett/Documents/FX_Correlator/pfb/hls_pfb/hls_config.cfg(9)
INFO: [HLS 200-10] Adding design file '/home/brett/Documents/FX_Correlator/pfb/hls_pfb/pfb.h' to the project
INFO: [HLS 200-1465] Applying ini 'tb.file=pfb_tb.cpp' at /home/brett/Documents/FX_Correlator/pfb/hls_pfb/hls_config.cfg(5)
INFO: [HLS 200-10] Adding test bench file '/home/brett/Documents/FX_Correlator/pfb/hls_pfb/pfb_tb.cpp' to the project
INFO: [HLS 200-1465] Applying ini 'syn.top=pfb_multichannel_decimator' at /home/brett/Documents/FX_Correlator/pfb/hls_pfb/hls_config.cfg(4)
INFO: [HLS 200-1465] Applying ini 'part=xc7z045ffg900-2' at /home/brett/Documents/FX_Correlator/pfb/hls_pfb/hls_config.cfg(1)
INFO: [HLS 200-1611] Setting target device to 'xc7z045-ffg900-2'
INFO: [HLS 200-1465] Applying ini 'clock=10ns' at /home/brett/Documents/FX_Correlator/pfb/hls_pfb/hls_config.cfg(6)
INFO: [SYN 201-201] Setting up clock 'default' with a period of 10ns.
INFO: [HLS 200-1465] Applying ini 'csim.ldflags=-B/usr/lib/x86_64-linux-gnu/' at /home/brett/Documents/FX_Correlator/pfb/hls_pfb/hls_config.cfg(7)
INFO: [HLS 200-1510] Running: apply_ini /home/brett/Documents/FX_Correlator/pfb/hls_pfb/hls_pfb/hls/config.cmdline 
INFO: [HLS 200-1909] Reading HLS ini file /home/brett/Documents/FX_Correlator/pfb/hls_pfb/hls_pfb/hls/config.cmdline
INFO: [HLS 200-1510] Running: csynth_design 
INFO: [HLS 200-111] Finished File checks and directory preparation: CPU user time: 0.03 seconds. CPU system time: 0 seconds. Elapsed time: 0.03 seconds; current allocated memory: 274.211 MB.
INFO: [HLS 200-10] Analyzing design file '/home/brett/Documents/FX_Correlator/pfb/hls_pfb/pfb.cpp' ... 
ERROR: [HLS 207-1186] expected expression (./pfb.h:15:24)
ERROR: [HLS 207-3802] unknown type name 'data_t'; did you mean 'data_32'? (./pfb.h:21:5)
INFO: [HLS 207-4436] 'data_32' declared here (./pfb.h:18:42)
ERROR: [HLS 207-3802] unknown type name 'data_t'; did you mean 'data_32'? (./pfb.h:22:5)
ERROR: [HLS 207-2732] in-class initializer for static data member is not a constant expression (./pfb.h:31:38)
ERROR: [HLS 207-3802] unknown type name 'data_t'; did you mean 'data_32'? (./pfb.h:41:22)
ERROR: [HLS 207-3802] unknown type name 'data_t'; did you mean 'data_32'? (./pfb.h:44:17)
ERROR: [HLS 207-3802] unknown type name 'data_t'; did you mean 'data_32'? (./pfb.h:44:51)
ERROR: [HLS 207-3802] unknown type name 'data_t'; did you mean 'data_32'? (./pfb.h:45:17)
ERROR: [HLS 207-3802] unknown type name 'data_t'; did you mean 'data_32'? (./pfb.h:45:51)
ERROR: [HLS 207-3802] unknown type name 'data_t'; did you mean 'data_32'? (./pfb.h:46:17)
ERROR: [HLS 207-3802] unknown type name 'data_t'; did you mean 'data_32'? (./pfb.h:46:51)
ERROR: [HLS 207-3802] unknown type name 'data_t'; did you mean 'data_32'? (./pfb.h:47:17)
ERROR: [HLS 207-3802] unknown type name 'data_t'; did you mean 'data_32'? (./pfb.h:47:51)
ERROR: [HLS 207-3802] unknown type name 'data_t'; did you mean 'data_32'? (/home/brett/Documents/FX_Correlator/pfb/hls_pfb/pfb.cpp:4:17)
ERROR: [HLS 207-3802] unknown type name 'data_t'; did you mean 'data_32'? (/home/brett/Documents/FX_Correlator/pfb/hls_pfb/pfb.cpp:4:46)
ERROR: [HLS 207-3802] unknown type name 'data_t'; did you mean 'data_32'? (/home/brett/Documents/FX_Correlator/pfb/hls_pfb/pfb.cpp:5:17)
ERROR: [HLS 207-3802] unknown type name 'data_t'; did you mean 'data_32'? (/home/brett/Documents/FX_Correlator/pfb/hls_pfb/pfb.cpp:5:46)
ERROR: [HLS 207-3802] unknown type name 'data_t'; did you mean 'data_32'? (/home/brett/Documents/FX_Correlator/pfb/hls_pfb/pfb.cpp:6:17)
ERROR: [HLS 207-3802] unknown type name 'data_t'; did you mean 'data_32'? (/home/brett/Documents/FX_Correlator/pfb/hls_pfb/pfb.cpp:6:46)
ERROR: [HLS 207-59] too many errors emitted, stopping now
INFO: [HLS 200-111] Finished Command csynth_design CPU user time: 0.31 seconds. CPU system time: 0.05 seconds. Elapsed time: 0.37 seconds; current allocated memory: 2.008 MB.
INFO: [HLS 200-1510] Running: close_project 
ERROR:  
INFO: [HLS 200-112] Total CPU user time: 1.08 seconds. Total CPU system time: 0.14 seconds. Total elapsed time: 1.14 seconds; peak allocated memory: 276.219 MB.
INFO: [Common 17-206] Exiting vitis_hls at Thu Jan  8 19:40:32 2026...
