INFO: [vitis-run 60-1548] Creating build summary session with primary output /home/brett/FX_Correlator/pfb/hls_pfb/hls_pfb/hls_pfb.hlsrun_csim_summary, at Fri Jan  2 16:35:34 2026
INFO: [vitis-run 82-31] Launching vitis_hls: vitis_hls -nolog -run csim -work_dir /home/brett/FX_Correlator/pfb/hls_pfb/hls_pfb -config /home/brett/FX_Correlator/pfb/hls_pfb/hls_config.cfg -cmdlineconfig /home/brett/FX_Correlator/pfb/hls_pfb/hls_pfb/hls/config.cmdline

****** Vitis HLS - High-Level Synthesis from C, C++ and OpenCL v2023.2 (64-bit)
  **** SW Build 4023990 on Oct 11 2023
  **** IP Build 4028589 on Sat Oct 14 00:45:43 MDT 2023
  **** SharedData Build 4025554 on Tue Oct 10 17:18:54 MDT 2023
    ** Copyright 1986-2022 Xilinx, Inc. All Rights Reserved.
    ** Copyright 2022-2023 Advanced Micro Devices, Inc. All Rights Reserved.

source /tools/Xilinx/Vitis_HLS/2023.2/scripts/vitis_hls/hls.tcl -notrace
INFO: [HLS 200-10] Running '/tools/Xilinx/Vitis_HLS/2023.2/bin/unwrapped/lnx64.o/vitis_hls'
INFO: [HLS 200-10] For user 'brett' on host 'brett-System-Product-Name' (Linux_x86_64 version 6.8.0-90-generic) on Fri Jan 02 16:35:35 PST 2026
INFO: [HLS 200-10] On os Ubuntu 22.04.5 LTS
INFO: [HLS 200-10] In directory '/home/brett/FX_Correlator/pfb/hls_pfb'
INFO: [HLS 200-1909] Reading HLS ini file /home/brett/FX_Correlator/pfb/hls_pfb/hls_config.cfg
INFO: [HLS 200-1909] Reading HLS ini file /home/brett/FX_Correlator/pfb/hls_pfb/hls_pfb/hls/config.cmdline
INFO: [HLS 200-2005] Using work_dir /home/brett/FX_Correlator/pfb/hls_pfb/hls_pfb 
INFO: [HLS 200-1510] Running: open_project /home/brett/FX_Correlator/pfb/hls_pfb/hls_pfb -diskless 
INFO: [HLS 200-1510] Running: open_solution hls 
INFO: [HLS 200-1505] Using default flow_target 'vivado'
Resolution: For help on HLS 200-1505 see docs.xilinx.com/access/sources/dita/topic?Doc_Version=2023.2%20English&url=ug1448-hls-guidance&resourceid=200-1505.html
INFO: [HLS 200-1510] Running: apply_ini /home/brett/FX_Correlator/pfb/hls_pfb/hls_config.cfg 
INFO: [HLS 200-1909] Reading HLS ini file /home/brett/FX_Correlator/pfb/hls_pfb/hls_config.cfg
INFO: [HLS 200-1465] Applying ini 'syn.file=pfb.cpp' at /home/brett/FX_Correlator/pfb/hls_pfb/hls_config.cfg(6)
INFO: [HLS 200-10] Adding design file '/home/brett/FX_Correlator/pfb/hls_pfb/pfb.cpp' to the project
INFO: [HLS 200-1465] Applying ini 'syn.file=/home/brett/FX_Correlator/pfb/hls_pfb/pfb.h' at /home/brett/FX_Correlator/pfb/hls_pfb/hls_config.cfg(7)
INFO: [HLS 200-10] Adding design file '/home/brett/FX_Correlator/pfb/hls_pfb/pfb.h' to the project
INFO: [HLS 200-1465] Applying ini 'tb.file=pfb_tb.cpp' at /home/brett/FX_Correlator/pfb/hls_pfb/hls_config.cfg(5)
INFO: [HLS 200-10] Adding test bench file '/home/brett/FX_Correlator/pfb/hls_pfb/pfb_tb.cpp' to the project
INFO: [HLS 200-1465] Applying ini 'syn.top=pfb_multichannel_decimator' at /home/brett/FX_Correlator/pfb/hls_pfb/hls_config.cfg(4)
INFO: [HLS 200-1465] Applying ini 'part=xc7z045ffg900-2' at /home/brett/FX_Correlator/pfb/hls_pfb/hls_config.cfg(1)
INFO: [HLS 200-1611] Setting target device to 'xc7z045-ffg900-2'
INFO: [HLS 200-1465] Applying ini 'clock=10ns' at /home/brett/FX_Correlator/pfb/hls_pfb/hls_config.cfg(8)
INFO: [SYN 201-201] Setting up clock 'default' with a period of 10ns.
INFO: [HLS 200-1510] Running: apply_ini /home/brett/FX_Correlator/pfb/hls_pfb/hls_pfb/hls/config.cmdline 
INFO: [HLS 200-1909] Reading HLS ini file /home/brett/FX_Correlator/pfb/hls_pfb/hls_pfb/hls/config.cmdline
INFO: [HLS 200-1510] Running: csim_design 
INFO: [SIM 211-2] *************** CSIM start ***************
INFO: [SIM 211-4] CSIM will launch GCC as the compiler.
INFO: [HLS 200-2036] Building debug C Simulation binaries
   Compiling ../../../../pfb_tb.cpp in debug mode
../../../../pfb_tb.cpp: In function ‘void sw_pfb_single_channel(std::vector<std::complex<double> >&, std::vector<std::complex<double> >&, std::vector<std::complex<double> >&, const std::vector<double>&)’:
../../../../pfb_tb.cpp:19:53: error: invalid use of incomplete type ‘__gnu_cxx::__alloc_traits<std::allocator<std::complex<double> >, std::complex<double> >::value_type’ {aka ‘class std::complex<double>’}
         input_history[i] = input_history[i + FFT_LEN];
                                                     ^
In file included from /tools/Xilinx/Vitis_HLS/2023.2/include/ap_int.h:352,
                 from ../../../../pfb.h:4,
                 from ../../../../pfb_tb.cpp:5:
/tools/Xilinx/Vitis_HLS/2023.2/include/etc/ap_int_special.h:21:30: note: declaration of ‘__gnu_cxx::__alloc_traits<std::allocator<std::complex<double> >, std::complex<double> >::value_type’ {aka ‘class std::complex<double>’}
 template<typename _Tp> class complex;
                              ^~~~~~~
../../../../pfb_tb.cpp:23:62: error: invalid use of incomplete type ‘__gnu_cxx::__alloc_traits<std::allocator<std::complex<double> >, std::complex<double> >::value_type’ {aka ‘class std::complex<double>’}
         input_history[(TAPS - 1) * FFT_LEN + i] = new_block[i];
                                                              ^
In file included from /tools/Xilinx/Vitis_HLS/2023.2/include/ap_int.h:352,
                 from ../../../../pfb.h:4,
                 from ../../../../pfb_tb.cpp:5:
/tools/Xilinx/Vitis_HLS/2023.2/include/etc/ap_int_special.h:21:30: note: declaration of ‘__gnu_cxx::__alloc_traits<std::allocator<std::complex<double> >, std::complex<double> >::value_type’ {aka ‘class std::complex<double>’}
 template<typename _Tp> class complex;
                              ^~~~~~~
../../../../pfb_tb.cpp:28:33: error: variable ‘std::complex<double> acc’ has initializer but incomplete type
         std::complex<double> acc(0.0, 0.0);
                                 ^
../../../../pfb_tb.cpp:36:34: error: variable ‘std::complex<double> sample’ has initializer but incomplete type
             std::complex<double> sample = input_history[sample_idx];
                                  ^~~~~~
../../../../pfb_tb.cpp: In function ‘int main()’:
../../../../pfb_tb.cpp:67:128: error: no matching function for call to ‘std::vector<std::complex<double> >::vector(int, <brace-enclosed initializer list>)’
     std::vector<std::vector<std::complex<double>>> history(NUM_CHANNELS, std::vector<std::complex<double>>(TOTAL_SAMPLES, {0,0}));
                                                                                                                                ^
In file included from /tools/Xilinx/Vitis_HLS/2023.2/tps/lnx64/gcc-8.3.0/include/c++/8.3.0/vector:64,
                 from ../../../../pfb_tb.cpp:2:
/tools/Xilinx/Vitis_HLS/2023.2/tps/lnx64/gcc-8.3.0/include/c++/8.3.0/bits/stl_vector.h:543:2: note: candidate: ‘template<class _InputIterator, class> std::vector<_Tp, _Alloc>::vector(_InputIterator, _InputIterator, const allocator_type&)’
  vector(_InputIterator __first, _InputIterator __last,
  ^~~~~~
/tools/Xilinx/Vitis_HLS/2023.2/tps/lnx64/gcc-8.3.0/include/c++/8.3.0/bits/stl_vector.h:543:2: note:   template argument deduction/substitution failed:
/tools/Xilinx/Vitis_HLS/2023.2/tps/lnx64/gcc-8.3.0/include/c++/8.3.0/bits/stl_vector.h:515:7: note: candidate: ‘std::vector<_Tp, _Alloc>::vector(std::initializer_list<_Tp>, const allocator_type&) [with _Tp = std::complex<double>; _Alloc = std::allocator<std::complex<double> >; std::vector<_Tp, _Alloc>::allocator_type = std::allocator<std::complex<double> >]’
       vector(initializer_list<value_type> __l,
       ^~~~~~
/tools/Xilinx/Vitis_HLS/2023.2/tps/lnx64/gcc-8.3.0/include/c++/8.3.0/bits/stl_vector.h:515:7: note:   no known conversion for argument 1 from ‘int’ to ‘std::initializer_list<std::complex<double> >’
/tools/Xilinx/Vitis_HLS/2023.2/tps/lnx64/gcc-8.3.0/include/c++/8.3.0/bits/stl_vector.h:490:7: note: candidate: ‘std::vector<_Tp, _Alloc>::vector(std::vector<_Tp, _Alloc>&&, const allocator_type&) [with _Tp = std::complex<double>; _Alloc = std::allocator<std::complex<double> >; std::vector<_Tp, _Alloc>::allocator_type = std::allocator<std::complex<double> >]’
       vector(vector&& __rv, const allocator_type& __m)
       ^~~~~~
/tools/Xilinx/Vitis_HLS/2023.2/tps/lnx64/gcc-8.3.0/include/c++/8.3.0/bits/stl_vector.h:490:7: note:   no known conversion for argument 1 from ‘int’ to ‘std::vector<std::complex<double> >&&’
/tools/Xilinx/Vitis_HLS/2023.2/tps/lnx64/gcc-8.3.0/include/c++/8.3.0/bits/stl_vector.h:480:7: note: candidate: ‘std::vector<_Tp, _Alloc>::vector(const std::vector<_Tp, _Alloc>&, const allocator_type&) [with _Tp = std::complex<double>; _Alloc = std::allocator<std::complex<double> >; std::vector<_Tp, _Alloc>::allocator_type = std::allocator<std::complex<double> >]’
       vector(const vector& __x, const allocator_type& __a)
       ^~~~~~
/tools/Xilinx/Vitis_HLS/2023.2/tps/lnx64/gcc-8.3.0/include/c++/8.3.0/bits/stl_vector.h:480:7: note:   no known conversion for argument 1 from ‘int’ to ‘const std::vector<std::complex<double> >&’
/tools/Xilinx/Vitis_HLS/2023.2/tps/lnx64/gcc-8.3.0/include/c++/8.3.0/bits/stl_vector.h:476:7: note: candidate: ‘std::vector<_Tp, _Alloc>::vector(std::vector<_Tp, _Alloc>&&) [with _Tp = std::complex<double>; _Alloc = std::allocator<std::complex<double> >]’
       vector(vector&& __x) noexcept
       ^~~~~~
/tools/Xilinx/Vitis_HLS/2023.2/tps/lnx64/gcc-8.3.0/include/c++/8.3.0/bits/stl_vector.h:476:7: note:   candidate expects 1 argument, 2 provided
/tools/Xilinx/Vitis_HLS/2023.2/tps/lnx64/gcc-8.3.0/include/c++/8.3.0/bits/stl_vector.h:458:7: note: candidate: ‘std::vector<_Tp, _Alloc>::vector(const std::vector<_Tp, _Alloc>&) [with _Tp = std::complex<double>; _Alloc = std::allocator<std::complex<double> >]’
       vector(const vector& __x)
       ^~~~~~
/tools/Xilinx/Vitis_HLS/2023.2/tps/lnx64/gcc-8.3.0/include/c++/8.3.0/bits/stl_vector.h:458:7: note:   candidate expects 1 argument, 2 provided
/tools/Xilinx/Vitis_HLS/2023.2/tps/lnx64/gcc-8.3.0/include/c++/8.3.0/bits/stl_vector.h:427:7: note: candidate: ‘std::vector<_Tp, _Alloc>::vector(std::vector<_Tp, _Alloc>::size_type, const value_type&, const allocator_type&) [with _Tp = std::complex<double>; _Alloc = std::allocator<std::complex<double> >; std::vector<_Tp, _Alloc>::size_type = long unsigned int; std::vector<_Tp, _Alloc>::value_type = std::complex<double>; std::vector<_Tp, _Alloc>::allocator_type = std::allocator<std::complex<double> >]’
       vector(size_type __n, const value_type& __value,
       ^~~~~~
/tools/Xilinx/Vitis_HLS/2023.2/tps/lnx64/gcc-8.3.0/include/c++/8.3.0/bits/stl_vector.h:427:7: note:   no known conversion for argument 2 from ‘<brace-enclosed initializer list>’ to ‘const value_type&’ {aka ‘const std::complex<double>&’}
/tools/Xilinx/Vitis_HLS/2023.2/tps/lnx64/gcc-8.3.0/include/c++/8.3.0/bits/stl_vector.h:415:7: note: candidate: ‘std::vector<_Tp, _Alloc>::vector(std::vector<_Tp, _Alloc>::size_type, const allocator_type&) [with _Tp = std::complex<double>; _Alloc = std::allocator<std::complex<double> >; std::vector<_Tp, _Alloc>::size_type = long unsigned int; std::vector<_Tp, _Alloc>::allocator_type = std::allocator<std::complex<double> >]’
       vector(size_type __n, const allocator_type& __a = allocator_type())
       ^~~~~~
/tools/Xilinx/Vitis_HLS/2023.2/tps/lnx64/gcc-8.3.0/include/c++/8.3.0/bits/stl_vector.h:415:7: note:   no known conversion for argument 2 from ‘<brace-enclosed initializer list>’ to ‘const allocator_type&’ {aka ‘const std::allocator<std::complex<double> >&’}
/tools/Xilinx/Vitis_HLS/2023.2/tps/lnx64/gcc-8.3.0/include/c++/8.3.0/bits/stl_vector.h:402:7: note: candidate: ‘std::vector<_Tp, _Alloc>::vector(const allocator_type&) [with _Tp = std::complex<double>; _Alloc = std::allocator<std::complex<double> >; std::vector<_Tp, _Alloc>::allocator_type = std::allocator<std::complex<double> >]’
       vector(const allocator_type& __a) _GLIBCXX_NOEXCEPT
       ^~~~~~
/tools/Xilinx/Vitis_HLS/2023.2/tps/lnx64/gcc-8.3.0/include/c++/8.3.0/bits/stl_vector.h:402:7: note:   candidate expects 1 argument, 2 provided
/tools/Xilinx/Vitis_HLS/2023.2/tps/lnx64/gcc-8.3.0/include/c++/8.3.0/bits/stl_vector.h:391:7: note: candidate: ‘std::vector<_Tp, _Alloc>::vector() [with _Tp = std::complex<double>; _Alloc = std::allocator<std::complex<double> >]’
       vector()
       ^~~~~~
/tools/Xilinx/Vitis_HLS/2023.2/tps/lnx64/gcc-8.3.0/include/c++/8.3.0/bits/stl_vector.h:391:7: note:   candidate expects 0 arguments, 2 provided
../../../../pfb_tb.cpp:92:34: error: elements of array ‘std::complex<double> ch_data [4]’ have incomplete type
             std::complex<double> ch_data[4];
                                  ^~~~~~~
../../../../pfb_tb.cpp:92:34: error: storage size of ‘ch_data’ isn’t known
../../../../pfb_tb.cpp:109:9: error: ‘pfb_multichannel_8stream’ was not declared in this scope
         pfb_multichannel_8stream(
         ^~~~~~~~~~~~~~~~~~~~~~~~
../../../../pfb_tb.cpp:109:9: note: suggested alternative: ‘pfb_multichannel_decimator’
         pfb_multichannel_8stream(
         ^~~~~~~~~~~~~~~~~~~~~~~~
         pfb_multichannel_decimator
../../../../pfb_tb.cpp:137:34: error: elements of array ‘std::complex<double> hw_out [4]’ have incomplete type
             std::complex<double> hw_out[4];
                                  ^~~~~~
../../../../pfb_tb.cpp:137:34: error: storage size of ‘hw_out’ isn’t known
../../../../pfb_tb.cpp:146:86: error: invalid use of incomplete type ‘__gnu_cxx::__alloc_traits<std::allocator<std::complex<double> >, std::complex<double> >::value_type’ {aka ‘class std::complex<double>’}
                 double diff_real = std::abs(hw_out[c].real() - output_blocks_sw[c][i].real());
                                                                                      ^
In file included from /tools/Xilinx/Vitis_HLS/2023.2/include/ap_int.h:352,
                 from ../../../../pfb.h:4,
                 from ../../../../pfb_tb.cpp:5:
/tools/Xilinx/Vitis_HLS/2023.2/include/etc/ap_int_special.h:21:30: note: declaration of ‘__gnu_cxx::__alloc_traits<std::allocator<std::complex<double> >, std::complex<double> >::value_type’ {aka ‘class std::complex<double>’}
 template<typename _Tp> class complex;
                              ^~~~~~~
../../../../pfb_tb.cpp:147:86: error: invalid use of incomplete type ‘__gnu_cxx::__alloc_traits<std::allocator<std::complex<double> >, std::complex<double> >::value_type’ {aka ‘class std::complex<double>’}
                 double diff_imag = std::abs(hw_out[c].imag() - output_blocks_sw[c][i].imag());
                                                                                      ^
In file included from /tools/Xilinx/Vitis_HLS/2023.2/include/ap_int.h:352,
                 from ../../../../pfb.h:4,
                 from ../../../../pfb_tb.cpp:5:
/tools/Xilinx/Vitis_HLS/2023.2/include/etc/ap_int_special.h:21:30: note: declaration of ‘__gnu_cxx::__alloc_traits<std::allocator<std::complex<double> >, std::complex<double> >::value_type’ {aka ‘class std::complex<double>’}
 template<typename _Tp> class complex;
                              ^~~~~~~
In file included from /tools/Xilinx/Vitis_HLS/2023.2/tps/lnx64/gcc-8.3.0/include/c++/8.3.0/vector:64,
                 from ../../../../pfb_tb.cpp:2:
/tools/Xilinx/Vitis_HLS/2023.2/tps/lnx64/gcc-8.3.0/include/c++/8.3.0/bits/stl_vector.h: In instantiation of ‘std::vector<_Tp, _Alloc>::reference std::vector<_Tp, _Alloc>::operator[](std::vector<_Tp, _Alloc>::size_type) [with _Tp = std::complex<double>; _Alloc = std::allocator<std::complex<double> >; std::vector<_Tp, _Alloc>::reference = std::complex<double>&; std::vector<_Tp, _Alloc>::size_type = long unsigned int]’:
../../../../pfb_tb.cpp:19:24:   required from here
/tools/Xilinx/Vitis_HLS/2023.2/tps/lnx64/gcc-8.3.0/include/c++/8.3.0/bits/stl_vector.h:933:34: error: invalid use of incomplete type ‘class std::complex<double>’
  return *(this->_M_impl._M_start + __n);
          ~~~~~~~~~~~~~~~~~~~~~~~~^~~~~~
In file included from /tools/Xilinx/Vitis_HLS/2023.2/include/ap_int.h:352,
                 from ../../../../pfb.h:4,
                 from ../../../../pfb_tb.cpp:5:
/tools/Xilinx/Vitis_HLS/2023.2/include/etc/ap_int_special.h:21:30: note: declaration of ‘class std::complex<double>’
 template<typename _Tp> class complex;
                              ^~~~~~~
In file included from /tools/Xilinx/Vitis_HLS/2023.2/tps/lnx64/gcc-8.3.0/include/c++/8.3.0/vector:64,
                 from ../../../../pfb_tb.cpp:2:
/tools/Xilinx/Vitis_HLS/2023.2/tps/lnx64/gcc-8.3.0/include/c++/8.3.0/bits/stl_vector.h: In instantiation of ‘std::_Vector_base<_Tp, _Alloc>::~_Vector_base() [with _Tp = std::complex<double>; _Alloc = std::allocator<std::complex<double> >]’:
/tools/Xilinx/Vitis_HLS/2023.2/tps/lnx64/gcc-8.3.0/include/c++/8.3.0/bits/stl_vector.h:416:23:   required from ‘std::vector<_Tp, _Alloc>::vector(std::vector<_Tp, _Alloc>::size_type, const allocator_type&) [with _Tp = std::complex<double>; _Alloc = std::allocator<std::complex<double> >; std::vector<_Tp, _Alloc>::size_type = long unsigned int; std::vector<_Tp, _Alloc>::allocator_type = std::allocator<std::complex<double> >]’
../../../../pfb_tb.cpp:84:127:   required from here
/tools/Xilinx/Vitis_HLS/2023.2/tps/lnx64/gcc-8.3.0/include/c++/8.3.0/bits/stl_vector.h:286:35: error: invalid use of incomplete type ‘class std::complex<double>’
         _M_impl._M_end_of_storage - _M_impl._M_start);
         ~~~~~~~~~~~~~~~~~~~~~~~~~~^~~~~~~~~~~~~~~~~~
In file included from /tools/Xilinx/Vitis_HLS/2023.2/include/ap_int.h:352,
                 from ../../../../pfb.h:4,
                 from ../../../../pfb_tb.cpp:5:
/tools/Xilinx/Vitis_HLS/2023.2/include/etc/ap_int_special.h:21:30: note: declaration of ‘class std::complex<double>’
 template<typename _Tp> class complex;
                              ^~~~~~~
In file included from /tools/Xilinx/Vitis_HLS/2023.2/tps/lnx64/gcc-8.3.0/include/c++/8.3.0/vector:64,
                 from ../../../../pfb_tb.cpp:2:
/tools/Xilinx/Vitis_HLS/2023.2/tps/lnx64/gcc-8.3.0/include/c++/8.3.0/bits/stl_vector.h: In instantiation of ‘void std::_Vector_base<_Tp, _Alloc>::_M_create_storage(std::size_t) [with _Tp = std::complex<double>; _Alloc = std::allocator<std::complex<double> >; std::size_t = long unsigned int]’:
/tools/Xilinx/Vitis_HLS/2023.2/tps/lnx64/gcc-8.3.0/include/c++/8.3.0/bits/stl_vector.h:260:9:   required from ‘std::_Vector_base<_Tp, _Alloc>::_Vector_base(std::size_t, const allocator_type&) [with _Tp = std::complex<double>; _Alloc = std::allocator<std::complex<double> >; std::size_t = long unsigned int; std::_Vector_base<_Tp, _Alloc>::allocator_type = std::allocator<std::complex<double> >]’
/tools/Xilinx/Vitis_HLS/2023.2/tps/lnx64/gcc-8.3.0/include/c++/8.3.0/bits/stl_vector.h:416:23:   required from ‘std::vector<_Tp, _Alloc>::vector(std::vector<_Tp, _Alloc>::size_type, const allocator_type&) [with _Tp = std::complex<double>; _Alloc = std::allocator<std::complex<double> >; std::vector<_Tp, _Alloc>::size_type = long unsigned int; std::vector<_Tp, _Alloc>::allocator_type = std::allocator<std::complex<double> >]’
../../../../pfb_tb.cpp:84:127:   required from here
/tools/Xilinx/Vitis_HLS/2023.2/tps/lnx64/gcc-8.3.0/include/c++/8.3.0/bits/stl_vector.h:313:59: error: invalid use of incomplete type ‘class std::complex<double>’
  this->_M_impl._M_end_of_storage = this->_M_impl._M_start + __n;
                                    ~~~~~~~~~~~~~~~~~~~~~~~^~~~~
In file included from /tools/Xilinx/Vitis_HLS/2023.2/include/ap_int.h:352,
                 from ../../../../pfb.h:4,
                 from ../../../../pfb_tb.cpp:5:
/tools/Xilinx/Vitis_HLS/2023.2/include/etc/ap_int_special.h:21:30: note: declaration of ‘class std::complex<double>’
 template<typename _Tp> class complex;
                              ^~~~~~~
In file included from /tools/Xilinx/Vitis_HLS/2023.2/tps/lnx64/gcc-8.3.0/include/c++/8.3.0/vector:62,
                 from ../../../../pfb_tb.cpp:2:
/tools/Xilinx/Vitis_HLS/2023.2/tps/lnx64/gcc-8.3.0/include/c++/8.3.0/bits/stl_construct.h: In instantiation of ‘void std::_Destroy(_ForwardIterator, _ForwardIterator) [with _ForwardIterator = std::complex<double>*]’:
/tools/Xilinx/Vitis_HLS/2023.2/tps/lnx64/gcc-8.3.0/include/c++/8.3.0/bits/stl_construct.h:206:15:   required from ‘void std::_Destroy(_ForwardIterator, _ForwardIterator, std::allocator<_T2>&) [with _ForwardIterator = std::complex<double>*; _Tp = std::complex<double>]’
/tools/Xilinx/Vitis_HLS/2023.2/tps/lnx64/gcc-8.3.0/include/c++/8.3.0/bits/stl_vector.h:567:15:   required from ‘std::vector<_Tp, _Alloc>::~vector() [with _Tp = std::complex<double>; _Alloc = std::allocator<std::complex<double> >]’
../../../../pfb_tb.cpp:84:127:   required from here
/tools/Xilinx/Vitis_HLS/2023.2/tps/lnx64/gcc-8.3.0/include/c++/8.3.0/bits/stl_construct.h:133:21: error: static assertion failed: value type is destructible
       static_assert(is_destructible<_Value_type>::value,
                     ^~~~~~~~~~~~~~~~~~~~~~~~~~~~
/tools/Xilinx/Vitis_HLS/2023.2/tps/lnx64/gcc-8.3.0/include/c++/8.3.0/bits/stl_construct.h:137:11: error: invalid use of incomplete type ‘std::iterator_traits<std::complex<double>*>::value_type’ {aka ‘class std::complex<double>’}
       std::_Destroy_aux<__has_trivial_destructor(_Value_type)>::
       ~~~~~~~~~~~~~~~~~~~~~~~~~~~~~~~~~~~~~~~~~~~~~~~~~~~~~~~~~~
  __destroy(__first, __last);
  ~~~~~~~~~^~~~~~~~~~~~~~~~~
In file included from /tools/Xilinx/Vitis_HLS/2023.2/include/ap_int.h:352,
                 from ../../../../pfb.h:4,
                 from ../../../../pfb_tb.cpp:5:
/tools/Xilinx/Vitis_HLS/2023.2/include/etc/ap_int_special.h:21:30: note: declaration of ‘std::iterator_traits<std::complex<double>*>::value_type’ {aka ‘class std::complex<double>’}
 template<typename _Tp> class complex;
                              ^~~~~~~
In file included from /tools/Xilinx/Vitis_HLS/2023.2/tps/lnx64/gcc-8.3.0/include/c++/8.3.0/vector:63,
                 from ../../../../pfb_tb.cpp:2:
/tools/Xilinx/Vitis_HLS/2023.2/tps/lnx64/gcc-8.3.0/include/c++/8.3.0/bits/stl_uninitialized.h: In instantiation of ‘_ForwardIterator std::__uninitialized_default_n(_ForwardIterator, _Size) [with _ForwardIterator = std::complex<double>*; _Size = long unsigned int]’:
/tools/Xilinx/Vitis_HLS/2023.2/tps/lnx64/gcc-8.3.0/include/c++/8.3.0/bits/stl_uninitialized.h:645:44:   required from ‘_ForwardIterator std::__uninitialized_default_n_a(_ForwardIterator, _Size, std::allocator<_Tp>&) [with _ForwardIterator = std::complex<double>*; _Size = long unsigned int; _Tp = std::complex<double>]’
/tools/Xilinx/Vitis_HLS/2023.2/tps/lnx64/gcc-8.3.0/include/c++/8.3.0/bits/stl_vector.h:1490:36:   required from ‘void std::vector<_Tp, _Alloc>::_M_default_initialize(std::vector<_Tp, _Alloc>::size_type) [with _Tp = std::complex<double>; _Alloc = std::allocator<std::complex<double> >; std::vector<_Tp, _Alloc>::size_type = long unsigned int]’
/tools/Xilinx/Vitis_HLS/2023.2/tps/lnx64/gcc-8.3.0/include/c++/8.3.0/bits/stl_vector.h:417:9:   required from ‘std::vector<_Tp, _Alloc>::vector(std::vector<_Tp, _Alloc>::size_type, const allocator_type&) [with _Tp = std::complex<double>; _Alloc = std::allocator<std::complex<double> >; std::vector<_Tp, _Alloc>::size_type = long unsigned int; std::vector<_Tp, _Alloc>::allocator_type = std::allocator<std::complex<double> >]’
../../../../pfb_tb.cpp:84:127:   required from here
/tools/Xilinx/Vitis_HLS/2023.2/tps/lnx64/gcc-8.3.0/include/c++/8.3.0/bits/stl_uninitialized.h:582:12: error: invalid use of incomplete type ‘std::iterator_traits<std::complex<double>*>::value_type’ {aka ‘class std::complex<double>’}
       return __uninitialized_default_n_1<__is_trivial(_ValueType)
                                          ~~~~~~~~~~~~~~~~~~~~~~~~
            && __assignable>::
            ^~~~~~~~~~~~~~~
In file included from /tools/Xilinx/Vitis_HLS/2023.2/include/ap_int.h:352,
                 from ../../../../pfb.h:4,
                 from ../../../../pfb_tb.cpp:5:
/tools/Xilinx/Vitis_HLS/2023.2/include/etc/ap_int_special.h:21:30: note: declaration of ‘std::iterator_traits<std::complex<double>*>::value_type’ {aka ‘class std::complex<double>’}
 template<typename _Tp> class complex;
                              ^~~~~~~
In file included from /tools/Xilinx/Vitis_HLS/2023.2/tps/lnx64/gcc-8.3.0/include/c++/8.3.0/x86_64-pc-linux-gnu/bits/c++allocator.h:33,
                 from /tools/Xilinx/Vitis_HLS/2023.2/tps/lnx64/gcc-8.3.0/include/c++/8.3.0/bits/allocator.h:46,
                 from /tools/Xilinx/Vitis_HLS/2023.2/tps/lnx64/gcc-8.3.0/include/c++/8.3.0/string:41,
                 from /tools/Xilinx/Vitis_HLS/2023.2/tps/lnx64/gcc-8.3.0/include/c++/8.3.0/bits/locale_classes.h:40,
                 from /tools/Xilinx/Vitis_HLS/2023.2/tps/lnx64/gcc-8.3.0/include/c++/8.3.0/bits/ios_base.h:41,
                 from /tools/Xilinx/Vitis_HLS/2023.2/tps/lnx64/gcc-8.3.0/include/c++/8.3.0/ios:42,
                 from /tools/Xilinx/Vitis_HLS/2023.2/tps/lnx64/gcc-8.3.0/include/c++/8.3.0/ostream:38,
                 from /tools/Xilinx/Vitis_HLS/2023.2/tps/lnx64/gcc-8.3.0/include/c++/8.3.0/iostream:39,
                 from ../../../../pfb_tb.cpp:1:
/tools/Xilinx/Vitis_HLS/2023.2/tps/lnx64/gcc-8.3.0/include/c++/8.3.0/ext/new_allocator.h: In instantiation of ‘_Tp* __gnu_cxx::new_allocator<_Tp>::allocate(__gnu_cxx::new_allocator<_Tp>::size_type, const void*) [with _Tp = std::complex<double>; __gnu_cxx::new_allocator<_Tp>::pointer = std::complex<double>*; __gnu_cxx::new_allocator<_Tp>::size_type = long unsigned int]’:
/tools/Xilinx/Vitis_HLS/2023.2/tps/lnx64/gcc-8.3.0/include/c++/8.3.0/bits/alloc_traits.h:436:32:   required from ‘static _Tp* std::allocator_traits<std::allocator<_CharT> >::allocate(std::allocator_traits<std::allocator<_CharT> >::allocator_type&, std::allocator_traits<std::allocator<_CharT> >::size_type) [with _Tp = std::complex<double>; std::allocator_traits<std::allocator<_CharT> >::pointer = std::complex<double>*; std::allocator_traits<std::allocator<_CharT> >::allocator_type = std::allocator<std::complex<double> >; std::allocator_traits<std::allocator<_CharT> >::size_type = long unsigned int]’
/tools/Xilinx/Vitis_HLS/2023.2/tps/lnx64/gcc-8.3.0/include/c++/8.3.0/bits/stl_vector.h:296:33:   required from ‘std::_Vector_base<_Tp, _Alloc>::pointer std::_Vector_base<_Tp, _Alloc>::_M_allocate(std::size_t) [with _Tp = std::complex<double>; _Alloc = std::allocator<std::complex<double> >; std::_Vector_base<_Tp, _Alloc>::pointer = std::complex<double>*; std::size_t = long unsigned int]’
/tools/Xilinx/Vitis_HLS/2023.2/tps/lnx64/gcc-8.3.0/include/c++/8.3.0/bits/stl_vector.h:311:33:   required from ‘void std::_Vector_base<_Tp, _Alloc>::_M_create_storage(std::size_t) [with _Tp = std::complex<double>; _Alloc = std::allocator<std::complex<double> >; std::size_t = long unsigned int]’
/tools/Xilinx/Vitis_HLS/2023.2/tps/lnx64/gcc-8.3.0/include/c++/8.3.0/bits/stl_vector.h:260:9:   required from ‘std::_Vector_base<_Tp, _Alloc>::_Vector_base(std::size_t, const allocator_type&) [with _Tp = std::complex<double>; _Alloc = std::allocator<std::complex<double> >; std::size_t = long unsigned int; std::_Vector_base<_Tp, _Alloc>::allocator_type = std::allocator<std::complex<double> >]’
/tools/Xilinx/Vitis_HLS/2023.2/tps/lnx64/gcc-8.3.0/include/c++/8.3.0/bits/stl_vector.h:416:23:   required from ‘std::vector<_Tp, _Alloc>::vector(std::vector<_Tp, _Alloc>::size_type, const allocator_type&) [with _Tp = std::complex<double>; _Alloc = std::allocator<std::complex<double> >; std::vector<_Tp, _Alloc>::size_type = long unsigned int; std::vector<_Tp, _Alloc>::allocator_type = std::allocator<std::complex<double> >]’
../../../../pfb_tb.cpp:84:127:   required from here
/tools/Xilinx/Vitis_HLS/2023.2/tps/lnx64/gcc-8.3.0/include/c++/8.3.0/ext/new_allocator.h:111:48: error: invalid application of ‘sizeof’ to incomplete type ‘std::complex<double>’
  return static_cast<_Tp*>(::operator new(__n * sizeof(_Tp)));
                                                ^~~~~~~~~~~
/tools/Xilinx/Vitis_HLS/2023.2/tps/lnx64/gcc-8.3.0/include/c++/8.3.0/ext/new_allocator.h: In instantiation of ‘__gnu_cxx::new_allocator<_Tp>::size_type __gnu_cxx::new_allocator<_Tp>::max_size() const [with _Tp = std::complex<double>; __gnu_cxx::new_allocator<_Tp>::size_type = long unsigned int]’:
/tools/Xilinx/Vitis_HLS/2023.2/tps/lnx64/gcc-8.3.0/include/c++/8.3.0/ext/new_allocator.h:101:18:   required from ‘_Tp* __gnu_cxx::new_allocator<_Tp>::allocate(__gnu_cxx::new_allocator<_Tp>::size_type, const void*) [with _Tp = std::complex<double>; __gnu_cxx::new_allocator<_Tp>::pointer = std::complex<double>*; __gnu_cxx::new_allocator<_Tp>::size_type = long unsigned int]’
/tools/Xilinx/Vitis_HLS/2023.2/tps/lnx64/gcc-8.3.0/include/c++/8.3.0/bits/alloc_traits.h:436:32:   required from ‘static _Tp* std::allocator_traits<std::allocator<_CharT> >::allocate(std::allocator_traits<std::allocator<_CharT> >::allocator_type&, std::allocator_traits<std::allocator<_CharT> >::size_type) [with _Tp = std::complex<double>; std::allocator_traits<std::allocator<_CharT> >::pointer = std::complex<double>*; std::allocator_traits<std::allocator<_CharT> >::allocator_type = std::allocator<std::complex<double> >; std::allocator_traits<std::allocator<_CharT> >::size_type = long unsigned int]’
/tools/Xilinx/Vitis_HLS/2023.2/tps/lnx64/gcc-8.3.0/include/c++/8.3.0/bits/stl_vector.h:296:33:   required from ‘std::_Vector_base<_Tp, _Alloc>::pointer std::_Vector_base<_Tp, _Alloc>::_M_allocate(std::size_t) [with _Tp = std::complex<double>; _Alloc = std::allocator<std::complex<double> >; std::_Vector_base<_Tp, _Alloc>::pointer = std::complex<double>*; std::size_t = long unsigned int]’
/tools/Xilinx/Vitis_HLS/2023.2/tps/lnx64/gcc-8.3.0/include/c++/8.3.0/bits/stl_vector.h:311:33:   required from ‘void std::_Vector_base<_Tp, _Alloc>::_M_create_storage(std::size_t) [with _Tp = std::complex<double>; _Alloc = std::allocator<std::complex<double> >; std::size_t = long unsigned int]’
/tools/Xilinx/Vitis_HLS/2023.2/tps/lnx64/gcc-8.3.0/include/c++/8.3.0/bits/stl_vector.h:260:9:   required from ‘std::_Vector_base<_Tp, _Alloc>::_Vector_base(std::size_t, const allocator_type&) [with _Tp = std::complex<double>; _Alloc = std::allocator<std::complex<double> >; std::size_t = long unsigned int; std::_Vector_base<_Tp, _Alloc>::allocator_type = std::allocator<std::complex<double> >]’
/tools/Xilinx/Vitis_HLS/2023.2/tps/lnx64/gcc-8.3.0/include/c++/8.3.0/bits/stl_vector.h:416:23:   required from ‘std::vector<_Tp, _Alloc>::vector(std::vector<_Tp, _Alloc>::size_type, const allocator_type&) [with _Tp = std::complex<double>; _Alloc = std::allocator<std::complex<double> >; std::vector<_Tp, _Alloc>::size_type = long unsigned int; std::vector<_Tp, _Alloc>::allocator_type = std::allocator<std::complex<double> >]’
../../../../pfb_tb.cpp:84:127:   required from here
/tools/Xilinx/Vitis_HLS/2023.2/tps/lnx64/gcc-8.3.0/include/c++/8.3.0/ext/new_allocator.h:130:29: error: invalid application of ‘sizeof’ to incomplete type ‘std::complex<double>’
       { return size_t(-1) / sizeof(_Tp); }
                             ^~~~~~~~~~~
In file included from /tools/Xilinx/Vitis_HLS/2023.2/tps/lnx64/gcc-8.3.0/include/c++/8.3.0/vector:64,
                 from ../../../../pfb_tb.cpp:2:
/tools/Xilinx/Vitis_HLS/2023.2/tps/lnx64/gcc-8.3.0/include/c++/8.3.0/bits/stl_vector.h: In instantiation of ‘std::vector<_Tp, _Alloc>::size_type std::vector<_Tp, _Alloc>::size() const [with _Tp = std::complex<double>; _Alloc = std::allocator<std::complex<double> >; std::vector<_Tp, _Alloc>::size_type = long unsigned int]’:
/tools/Xilinx/Vitis_HLS/2023.2/tps/lnx64/gcc-8.3.0/include/c++/8.3.0/bits/stl_vector.h:459:19:   required from ‘std::vector<_Tp, _Alloc>::vector(const std::vector<_Tp, _Alloc>&) [with _Tp = std::complex<double>; _Alloc = std::allocator<std::complex<double> >]’
/tools/Xilinx/Vitis_HLS/2023.2/tps/lnx64/gcc-8.3.0/include/c++/8.3.0/bits/stl_construct.h:75:7:   required from ‘void std::_Construct(_T1*, _Args&& ...) [with _T1 = std::vector<std::complex<double> >; _Args = {const std::vector<std::complex<double>, std::allocator<std::complex<double> > >&}]’
/tools/Xilinx/Vitis_HLS/2023.2/tps/lnx64/gcc-8.3.0/include/c++/8.3.0/bits/stl_uninitialized.h:210:18:   required from ‘static _ForwardIterator std::__uninitialized_fill_n<_TrivialValueType>::__uninit_fill_n(_ForwardIterator, _Size, const _Tp&) [with _ForwardIterator = std::vector<std::complex<double> >*; _Size = long unsigned int; _Tp = std::vector<std::complex<double> >; bool _TrivialValueType = false]’
/tools/Xilinx/Vitis_HLS/2023.2/tps/lnx64/gcc-8.3.0/include/c++/8.3.0/bits/stl_uninitialized.h:255:17:   required from ‘_ForwardIterator std::uninitialized_fill_n(_ForwardIterator, _Size, const _Tp&) [with _ForwardIterator = std::vector<std::complex<double> >*; _Size = long unsigned int; _Tp = std::vector<std::complex<double> >]’
/tools/Xilinx/Vitis_HLS/2023.2/tps/lnx64/gcc-8.3.0/include/c++/8.3.0/bits/stl_uninitialized.h:366:39:   required from ‘_ForwardIterator std::__uninitialized_fill_n_a(_ForwardIterator, _Size, const _Tp&, std::allocator<_Tp2>&) [with _ForwardIterator = std::vector<std::complex<double> >*; _Size = long unsigned int; _Tp = std::vector<std::complex<double> >; _Tp2 = std::vector<std::complex<double> >]’
/tools/Xilinx/Vitis_HLS/2023.2/tps/lnx64/gcc-8.3.0/include/c++/8.3.0/bits/stl_vector.h:1480:33:   required from ‘void std::vector<_Tp, _Alloc>::_M_fill_initialize(std::vector<_Tp, _Alloc>::size_type, const value_type&) [with _Tp = std::vector<std::complex<double> >; _Alloc = std::allocator<std::vector<std::complex<double> > >; std::vector<_Tp, _Alloc>::size_type = long unsigned int; std::vector<_Tp, _Alloc>::value_type = std::vector<std::complex<double> >]’
/tools/Xilinx/Vitis_HLS/2023.2/tps/lnx64/gcc-8.3.0/include/c++/8.3.0/bits/stl_vector.h:430:9:   required from ‘std::vector<_Tp, _Alloc>::vector(std::vector<_Tp, _Alloc>::size_type, const value_type&, const allocator_type&) [with _Tp = std::vector<std::complex<double> >; _Alloc = std::allocator<std::vector<std::complex<double> > >; std::vector<_Tp, _Alloc>::size_type = long unsigned int; std::vector<_Tp, _Alloc>::value_type = std::vector<std::complex<double> >; std::vector<_Tp, _Alloc>::allocator_type = std::allocator<std::vector<std::complex<double> > >]’
../../../../pfb_tb.cpp:84:128:   required from here
/tools/Xilinx/Vitis_HLS/2023.2/tps/lnx64/gcc-8.3.0/include/c++/8.3.0/bits/stl_vector.h:806:50: error: invalid use of incomplete type ‘class std::complex<double>’
       { return size_type(this->_M_impl._M_finish - this->_M_impl._M_start); }
                          ~~~~~~~~~~~~~~~~~~~~~~~~^~~~~~~~~~~~~~~~~~~~~~~~
In file included from /tools/Xilinx/Vitis_HLS/2023.2/include/ap_int.h:352,
                 from ../../../../pfb.h:4,
                 from ../../../../pfb_tb.cpp:5:
/tools/Xilinx/Vitis_HLS/2023.2/include/etc/ap_int_special.h:21:30: note: declaration of ‘class std::complex<double>’
 template<typename _Tp> class complex;
                              ^~~~~~~
In file included from /tools/Xilinx/Vitis_HLS/2023.2/tps/lnx64/gcc-8.3.0/include/c++/8.3.0/vector:63,
                 from ../../../../pfb_tb.cpp:2:
/tools/Xilinx/Vitis_HLS/2023.2/tps/lnx64/gcc-8.3.0/include/c++/8.3.0/bits/stl_uninitialized.h: In instantiation of ‘_ForwardIterator std::uninitialized_copy(_InputIterator, _InputIterator, _ForwardIterator) [with _InputIterator = __gnu_cxx::__normal_iterator<const std::complex<double>*, std::vector<std::complex<double> > >; _ForwardIterator = std::complex<double>*]’:
/tools/Xilinx/Vitis_HLS/2023.2/tps/lnx64/gcc-8.3.0/include/c++/8.3.0/bits/stl_uninitialized.h:289:37:   required from ‘_ForwardIterator std::__uninitialized_copy_a(_InputIterator, _InputIterator, _ForwardIterator, std::allocator<_Tp>&) [with _InputIterator = __gnu_cxx::__normal_iterator<const std::complex<double>*, std::vector<std::complex<double> > >; _ForwardIterator = std::complex<double>*; _Tp = std::complex<double>]’
/tools/Xilinx/Vitis_HLS/2023.2/tps/lnx64/gcc-8.3.0/include/c++/8.3.0/bits/stl_vector.h:463:31:   required from ‘std::vector<_Tp, _Alloc>::vector(const std::vector<_Tp, _Alloc>&) [with _Tp = std::complex<double>; _Alloc = std::allocator<std::complex<double> >]’
/tools/Xilinx/Vitis_HLS/2023.2/tps/lnx64/gcc-8.3.0/include/c++/8.3.0/bits/stl_construct.h:75:7:   required from ‘void std::_Construct(_T1*, _Args&& ...) [with _T1 = std::vector<std::complex<double> >; _Args = {const std::vector<std::complex<double>, std::allocator<std::complex<double> > >&}]’
/tools/Xilinx/Vitis_HLS/2023.2/tps/lnx64/gcc-8.3.0/include/c++/8.3.0/bits/stl_uninitialized.h:210:18:   required from ‘static _ForwardIterator std::__uninitialized_fill_n<_TrivialValueType>::__uninit_fill_n(_ForwardIterator, _Size, const _Tp&) [with _ForwardIterator = std::vector<std::complex<double> >*; _Size = long unsigned int; _Tp = std::vector<std::complex<double> >; bool _TrivialValueType = false]’
/tools/Xilinx/Vitis_HLS/2023.2/tps/lnx64/gcc-8.3.0/include/c++/8.3.0/bits/stl_uninitialized.h:255:17:   required from ‘_ForwardIterator std::uninitialized_fill_n(_ForwardIterator, _Size, const _Tp&) [with _ForwardIterator = std::vector<std::complex<double> >*; _Size = long unsigned int; _Tp = std::vector<std::complex<double> >]’
/tools/Xilinx/Vitis_HLS/2023.2/tps/lnx64/gcc-8.3.0/include/c++/8.3.0/bits/stl_uninitialized.h:366:39:   required from ‘_ForwardIterator std::__uninitialized_fill_n_a(_ForwardIterator, _Size, const _Tp&, std::allocator<_Tp2>&) [with _ForwardIterator = std::vector<std::complex<double> >*; _Size = long unsigned int; _Tp = std::vector<std::complex<double> >; _Tp2 = std::vector<std::complex<double> >]’
/tools/Xilinx/Vitis_HLS/2023.2/tps/lnx64/gcc-8.3.0/include/c++/8.3.0/bits/stl_vector.h:1480:33:   required from ‘void std::vector<_Tp, _Alloc>::_M_fill_initialize(std::vector<_Tp, _Alloc>::size_type, const value_type&) [with _Tp = std::vector<std::complex<double> >; _Alloc = std::allocator<std::vector<std::complex<double> > >; std::vector<_Tp, _Alloc>::size_type = long unsigned int; std::vector<_Tp, _Alloc>::value_type = std::vector<std::complex<double> >]’
/tools/Xilinx/Vitis_HLS/2023.2/tps/lnx64/gcc-8.3.0/include/c++/8.3.0/bits/stl_vector.h:430:9:   required from ‘std::vector<_Tp, _Alloc>::vector(std::vector<_Tp, _Alloc>::size_type, const value_type&, const allocator_type&) [with _Tp = std::vector<std::complex<double> >; _Alloc = std::allocator<std::vector<std::complex<double> > >; std::vector<_Tp, _Alloc>::size_type = long unsigned int; std::vector<_Tp, _Alloc>::value_type = std::vector<std::complex<double> >; std::vector<_Tp, _Alloc>::allocator_type = std::allocator<std::vector<std::complex<double> > >]’
../../../../pfb_tb.cpp:84:128:   required from here
/tools/Xilinx/Vitis_HLS/2023.2/tps/lnx64/gcc-8.3.0/include/c++/8.3.0/bits/stl_uninitialized.h:132:12: error: invalid use of incomplete type ‘std::__iterator_traits<__gnu_cxx::__normal_iterator<const std::complex<double>*, std::vector<std::complex<double> > >, void>::value_type’ {aka ‘class std::complex<double>’}
       return std::__uninitialized_copy<__is_trivial(_ValueType1)
                                        ~~~~~~~~~~~~~~~~~~~~~~~~~
            && __is_trivial(_ValueType2)
            ^~~~~~~~~~~~~~~~~~~~~~~~~~~~
In file included from /tools/Xilinx/Vitis_HLS/2023.2/include/ap_int.h:352,
                 from ../../../../pfb.h:4,
                 from ../../../../pfb_tb.cpp:5:
/tools/Xilinx/Vitis_HLS/2023.2/include/etc/ap_int_special.h:21:30: note: declaration of ‘std::__iterator_traits<__gnu_cxx::__normal_iterator<const std::complex<double>*, std::vector<std::complex<double> > >, void>::value_type’ {aka ‘class std::complex<double>’}
 template<typename _Tp> class complex;
                              ^~~~~~~
In file included from /tools/Xilinx/Vitis_HLS/2023.2/tps/lnx64/gcc-8.3.0/include/c++/8.3.0/vector:63,
                 from ../../../../pfb_tb.cpp:2:
/tools/Xilinx/Vitis_HLS/2023.2/tps/lnx64/gcc-8.3.0/include/c++/8.3.0/bits/stl_uninitialized.h:132:12: error: invalid use of incomplete type ‘std::iterator_traits<std::complex<double>*>::value_type’ {aka ‘class std::complex<double>’}
       return std::__uninitialized_copy<__is_trivial(_ValueType1)
                                        ~~~~~~~~~~~~~~~~~~~~~~~~~
            && __is_trivial(_ValueType2)
            ^~~~~~~~~~~~~~~~~~~~~~~~~~~~
In file included from /tools/Xilinx/Vitis_HLS/2023.2/include/ap_int.h:352,
                 from ../../../../pfb.h:4,
                 from ../../../../pfb_tb.cpp:5:
/tools/Xilinx/Vitis_HLS/2023.2/include/etc/ap_int_special.h:21:30: note: declaration of ‘std::iterator_traits<std::complex<double>*>::value_type’ {aka ‘class std::complex<double>’}
 template<typename _Tp> class complex;
                              ^~~~~~~
make: *** [csim.mk:79: obj/pfb_tb.o] Error 1
ERROR: [SIM 211-100] 'csim_design' failed: compilation error(s).
INFO: [SIM 211-3] *************** CSIM finish ***************
INFO: [HLS 200-111] Finished Command csim_design CPU user time: 0.53 seconds. CPU system time: 0.06 seconds. Elapsed time: 0.69 seconds; current allocated memory: 0.137 MB.
INFO: [HLS 200-1510] Running: close_project 
ERROR: 4
INFO: [HLS 200-112] Total CPU user time: 1.28 seconds. Total CPU system time: 0.14 seconds. Total elapsed time: 1.42 seconds; peak allocated memory: 274.324 MB.
INFO: [Common 17-206] Exiting vitis_hls at Fri Jan  2 16:35:36 2026...
