INFO: [v++ 60-1548] Creating build summary session with primary output /home/brett/FX_Correlator/pfb/hls_pfb/hls_pfb/hls_pfb.hlscompile_summary, at Fri Jan  2 16:34:35 2026
INFO: [v++ 82-31] Launching vitis_hls: vitis_hls -nolog -run csynth -work_dir /home/brett/FX_Correlator/pfb/hls_pfb/hls_pfb -config /home/brett/FX_Correlator/pfb/hls_pfb/hls_config.cfg -cmdlineconfig /home/brett/FX_Correlator/pfb/hls_pfb/hls_pfb/hls/config.cmdline

****** Vitis HLS - High-Level Synthesis from C, C++ and OpenCL v2023.2 (64-bit)
  **** SW Build 4023990 on Oct 11 2023
  **** IP Build 4028589 on Sat Oct 14 00:45:43 MDT 2023
  **** SharedData Build 4025554 on Tue Oct 10 17:18:54 MDT 2023
    ** Copyright 1986-2022 Xilinx, Inc. All Rights Reserved.
    ** Copyright 2022-2023 Advanced Micro Devices, Inc. All Rights Reserved.

source /tools/Xilinx/Vitis_HLS/2023.2/scripts/vitis_hls/hls.tcl -notrace
INFO: [HLS 200-10] Running '/tools/Xilinx/Vitis_HLS/2023.2/bin/unwrapped/lnx64.o/vitis_hls'
INFO: [HLS 200-10] For user 'brett' on host 'brett-System-Product-Name' (Linux_x86_64 version 6.8.0-90-generic) on Fri Jan 02 16:34:36 PST 2026
INFO: [HLS 200-10] On os Ubuntu 22.04.5 LTS
INFO: [HLS 200-10] In directory '/home/brett/FX_Correlator/pfb/hls_pfb'
INFO: [HLS 200-1909] Reading HLS ini file /home/brett/FX_Correlator/pfb/hls_pfb/hls_config.cfg
INFO: [HLS 200-1909] Reading HLS ini file /home/brett/FX_Correlator/pfb/hls_pfb/hls_pfb/hls/config.cmdline
INFO: [HLS 200-2005] Using work_dir /home/brett/FX_Correlator/pfb/hls_pfb/hls_pfb 
INFO: [HLS 200-1510] Running: open_project /home/brett/FX_Correlator/pfb/hls_pfb/hls_pfb -diskless 
INFO: [HLS 200-1510] Running: open_solution hls 
INFO: [HLS 200-1505] Using default flow_target 'vivado'
Resolution: For help on HLS 200-1505 see docs.xilinx.com/access/sources/dita/topic?Doc_Version=2023.2%20English&url=ug1448-hls-guidance&resourceid=200-1505.html
INFO: [HLS 200-1510] Running: apply_ini /home/brett/FX_Correlator/pfb/hls_pfb/hls_config.cfg 
INFO: [HLS 200-1909] Reading HLS ini file /home/brett/FX_Correlator/pfb/hls_pfb/hls_config.cfg
INFO: [HLS 200-1465] Applying ini 'syn.file=pfb.cpp' at /home/brett/FX_Correlator/pfb/hls_pfb/hls_config.cfg(6)
INFO: [HLS 200-10] Adding design file '/home/brett/FX_Correlator/pfb/hls_pfb/pfb.cpp' to the project
INFO: [HLS 200-1465] Applying ini 'syn.file=/home/brett/FX_Correlator/pfb/hls_pfb/pfb.h' at /home/brett/FX_Correlator/pfb/hls_pfb/hls_config.cfg(7)
INFO: [HLS 200-10] Adding design file '/home/brett/FX_Correlator/pfb/hls_pfb/pfb.h' to the project
INFO: [HLS 200-1465] Applying ini 'tb.file=pfb_tb.cpp' at /home/brett/FX_Correlator/pfb/hls_pfb/hls_config.cfg(5)
INFO: [HLS 200-10] Adding test bench file '/home/brett/FX_Correlator/pfb/hls_pfb/pfb_tb.cpp' to the project
INFO: [HLS 200-1465] Applying ini 'syn.top=pfb_multichannel_decimator' at /home/brett/FX_Correlator/pfb/hls_pfb/hls_config.cfg(4)
INFO: [HLS 200-1465] Applying ini 'part=xc7z045ffg900-2' at /home/brett/FX_Correlator/pfb/hls_pfb/hls_config.cfg(1)
INFO: [HLS 200-1611] Setting target device to 'xc7z045-ffg900-2'
INFO: [HLS 200-1465] Applying ini 'clock=10ns' at /home/brett/FX_Correlator/pfb/hls_pfb/hls_config.cfg(8)
INFO: [SYN 201-201] Setting up clock 'default' with a period of 10ns.
INFO: [HLS 200-1510] Running: apply_ini /home/brett/FX_Correlator/pfb/hls_pfb/hls_pfb/hls/config.cmdline 
INFO: [HLS 200-1909] Reading HLS ini file /home/brett/FX_Correlator/pfb/hls_pfb/hls_pfb/hls/config.cmdline
INFO: [HLS 200-1510] Running: csynth_design 
INFO: [HLS 200-111] Finished File checks and directory preparation: CPU user time: 0.02 seconds. CPU system time: 0 seconds. Elapsed time: 0.03 seconds; current allocated memory: 274.207 MB.
INFO: [HLS 200-10] Analyzing design file '/home/brett/FX_Correlator/pfb/hls_pfb/pfb.cpp' ... 
INFO: [HLS 200-111] Finished Source Code Analysis and Preprocessing: CPU user time: 1.19 seconds. CPU system time: 0.13 seconds. Elapsed time: 1.35 seconds; current allocated memory: 276.789 MB.
INFO: [HLS 200-777] Using interface defaults for 'Vivado' flow target.
INFO: [HLS 200-1995] There were 1,659 instructions in the design after the 'Compile/Link' phase of compilation. See the Design Size Report for more details: /home/brett/FX_Correlator/pfb/hls_pfb/hls_pfb/hls/syn/report/csynth_design_size.rpt
INFO: [HLS 200-1995] There were 1,546 instructions in the design after the 'Unroll/Inline (step 1)' phase of compilation. See the Design Size Report for more details: /home/brett/FX_Correlator/pfb/hls_pfb/hls_pfb/hls/syn/report/csynth_design_size.rpt
INFO: [HLS 200-1995] There were 413 instructions in the design after the 'Unroll/Inline (step 2)' phase of compilation. See the Design Size Report for more details: /home/brett/FX_Correlator/pfb/hls_pfb/hls_pfb/hls/syn/report/csynth_design_size.rpt
INFO: [HLS 200-1995] There were 392 instructions in the design after the 'Unroll/Inline (step 3)' phase of compilation. See the Design Size Report for more details: /home/brett/FX_Correlator/pfb/hls_pfb/hls_pfb/hls/syn/report/csynth_design_size.rpt
INFO: [HLS 200-1995] There were 382 instructions in the design after the 'Unroll/Inline (step 4)' phase of compilation. See the Design Size Report for more details: /home/brett/FX_Correlator/pfb/hls_pfb/hls_pfb/hls/syn/report/csynth_design_size.rpt
INFO: [HLS 200-1995] There were 1,295 instructions in the design after the 'Array/Struct (step 1)' phase of compilation. See the Design Size Report for more details: /home/brett/FX_Correlator/pfb/hls_pfb/hls_pfb/hls/syn/report/csynth_design_size.rpt
INFO: [HLS 200-1995] There were 542 instructions in the design after the 'Array/Struct (step 2)' phase of compilation. See the Design Size Report for more details: /home/brett/FX_Correlator/pfb/hls_pfb/hls_pfb/hls/syn/report/csynth_design_size.rpt
INFO: [HLS 200-1995] There were 542 instructions in the design after the 'Array/Struct (step 3)' phase of compilation. See the Design Size Report for more details: /home/brett/FX_Correlator/pfb/hls_pfb/hls_pfb/hls/syn/report/csynth_design_size.rpt
INFO: [HLS 200-1995] There were 541 instructions in the design after the 'Array/Struct (step 4)' phase of compilation. See the Design Size Report for more details: /home/brett/FX_Correlator/pfb/hls_pfb/hls_pfb/hls/syn/report/csynth_design_size.rpt
INFO: [HLS 200-1995] There were 543 instructions in the design after the 'Array/Struct (step 5)' phase of compilation. See the Design Size Report for more details: /home/brett/FX_Correlator/pfb/hls_pfb/hls_pfb/hls/syn/report/csynth_design_size.rpt
INFO: [HLS 200-1995] There were 542 instructions in the design after the 'Performance (step 1)' phase of compilation. See the Design Size Report for more details: /home/brett/FX_Correlator/pfb/hls_pfb/hls_pfb/hls/syn/report/csynth_design_size.rpt
INFO: [HLS 200-1995] There were 542 instructions in the design after the 'Performance (step 2)' phase of compilation. See the Design Size Report for more details: /home/brett/FX_Correlator/pfb/hls_pfb/hls_pfb/hls/syn/report/csynth_design_size.rpt
INFO: [HLS 200-1995] There were 628 instructions in the design after the 'Performance (step 3)' phase of compilation. See the Design Size Report for more details: /home/brett/FX_Correlator/pfb/hls_pfb/hls_pfb/hls/syn/report/csynth_design_size.rpt
INFO: [HLS 200-1995] There were 611 instructions in the design after the 'Performance (step 4)' phase of compilation. See the Design Size Report for more details: /home/brett/FX_Correlator/pfb/hls_pfb/hls_pfb/hls/syn/report/csynth_design_size.rpt
INFO: [HLS 200-1995] There were 630 instructions in the design after the 'HW Transforms (step 1)' phase of compilation. See the Design Size Report for more details: /home/brett/FX_Correlator/pfb/hls_pfb/hls_pfb/hls/syn/report/csynth_design_size.rpt
INFO: [HLS 200-1995] There were 674 instructions in the design after the 'HW Transforms (step 2)' phase of compilation. See the Design Size Report for more details: /home/brett/FX_Correlator/pfb/hls_pfb/hls_pfb/hls/syn/report/csynth_design_size.rpt
INFO: [HLS 214-291] Loop 'channel_loop' is marked as complete unroll implied by the pipeline pragma (/home/brett/FX_Correlator/pfb/hls_pfb/pfb.cpp:76:16)
INFO: [HLS 214-291] Loop 'tap_loop' is marked as complete unroll implied by the pipeline pragma (/home/brett/FX_Correlator/pfb/hls_pfb/pfb.cpp:82:23)
INFO: [HLS 214-186] Unrolling loop 'channel_loop' (/home/brett/FX_Correlator/pfb/hls_pfb/pfb.cpp:76:16) in function 'pfb_multichannel_decimator' completely with a factor of 4 (/home/brett/FX_Correlator/pfb/hls_pfb/pfb.cpp:15:0)
INFO: [HLS 214-186] Unrolling loop 'tap_loop' (/home/brett/FX_Correlator/pfb/hls_pfb/pfb.cpp:82:23) in function 'pfb_multichannel_decimator' completely with a factor of 4 (/home/brett/FX_Correlator/pfb/hls_pfb/pfb.cpp:15:0)
INFO: [HLS 214-248] Applying array_partition to '_ZZ26pfb_multichannel_decimatorRN3hls6streamI8ap_fixedILi16ELi1EL9ap_q_mode5EL9ap_o_mode3ELi0EELi0EEES6_S6_S6_S6_S6_S6_S6_S6_S6_S6_S6_S6_S6_S6_S6_PKS4_E13branch_memory.q': Complete partitioning on dimension 1. Complete partitioning on dimension 2. (/home/brett/FX_Correlator/pfb/hls_pfb/pfb.cpp:37:0)
INFO: [HLS 214-248] Applying array_partition to '_ZZ26pfb_multichannel_decimatorRN3hls6streamI8ap_fixedILi16ELi1EL9ap_q_mode5EL9ap_o_mode3ELi0EELi0EEES6_S6_S6_S6_S6_S6_S6_S6_S6_S6_S6_S6_S6_S6_S6_PKS4_E13branch_memory.i': Complete partitioning on dimension 1. Complete partitioning on dimension 2. (/home/brett/FX_Correlator/pfb/hls_pfb/pfb.cpp:37:0)
INFO: [HLS 214-376] automatically set the pipeline for Loop< load_coeffs> at /home/brett/FX_Correlator/pfb/hls_pfb/pfb.cpp:48:22 
INFO: [HLS 214-270] Inferring pragma 'array_partition type=cyclic factor=5 dim=1' for array 'pfb_multichannel_decimator(hls::stream<ap_fixed<16, 1, (ap_q_mode)5, (ap_o_mode)3, 0>, 0>&, hls::stream<ap_fixed<16, 1, (ap_q_mode)5, (ap_o_mode)3, 0>, 0>&, hls::stream<ap_fixed<16, 1, (ap_q_mode)5, (ap_o_mode)3, 0>, 0>&, hls::stream<ap_fixed<16, 1, (ap_q_mode)5, (ap_o_mode)3, 0>, 0>&, hls::stream<ap_fixed<16, 1, (ap_q_mode)5, (ap_o_mode)3, 0>, 0>&, hls::stream<ap_fixed<16, 1, (ap_q_mode)5, (ap_o_mode)3, 0>, 0>&, hls::stream<ap_fixed<16, 1, (ap_q_mode)5, (ap_o_mode)3, 0>, 0>&, hls::stream<ap_fixed<16, 1, (ap_q_mode)5, (ap_o_mode)3, 0>, 0>&, hls::stream<ap_fixed<16, 1, (ap_q_mode)5, (ap_o_mode)3, 0>, 0>&, hls::stream<ap_fixed<16, 1, (ap_q_mode)5, (ap_o_mode)3, 0>, 0>&, hls::stream<ap_fixed<16, 1, (ap_q_mode)5, (ap_o_mode)3, 0>, 0>&, hls::stream<ap_fixed<16, 1, (ap_q_mode)5, (ap_o_mode)3, 0>, 0>&, hls::stream<ap_fixed<16, 1, (ap_q_mode)5, (ap_o_mode)3, 0>, 0>&, hls::stream<ap_fixed<16, 1, (ap_q_mode)5, (ap_o_mode)3, 0>, 0>&, hls::stream<ap_fixed<16, 1, (ap_q_mode)5, (ap_o_mode)3, 0>, 0>&, hls::stream<ap_fixed<16, 1, (ap_q_mode)5, (ap_o_mode)3, 0>, 0>&, ap_fixed<16, 1, (ap_q_mode)5, (ap_o_mode)3, 0> const*)::local_coeffs' due to pipeline pragma (/home/brett/FX_Correlator/pfb/hls_pfb/pfb.cpp:71:9)
INFO: [HLS 214-248] Applying array_partition to '_ZZ26pfb_multichannel_decimatorRN3hls6streamI8ap_fixedILi16ELi1EL9ap_q_mode5EL9ap_o_mode3ELi0EELi0EEES6_S6_S6_S6_S6_S6_S6_S6_S6_S6_S6_S6_S6_S6_S6_PKS4_E12local_coeffs': Cyclic partitioning with factor 5 on dimension 1. (/home/brett/FX_Correlator/pfb/hls_pfb/pfb.cpp:44:0)
INFO: [HLS 214-115] Multiple burst reads of length 4096 and bit width 16 in loop 'load_coeffs'(/home/brett/FX_Correlator/pfb/hls_pfb/pfb.cpp:48:22) has been inferred on bundle 'gmem'. These burst requests might be further partitioned into multiple requests during RTL generation, based on max_read_burst_length or max_write_burst_length settings. (/home/brett/FX_Correlator/pfb/hls_pfb/pfb.cpp:48:22)
INFO: [HLS 200-111] Finished Compiling Optimization and Transform: CPU user time: 1.06 seconds. CPU system time: 0.11 seconds. Elapsed time: 6.03 seconds; current allocated memory: 278.652 MB.
INFO: [HLS 200-111] Finished Checking Pragmas: CPU user time: 0 seconds. CPU system time: 0 seconds. Elapsed time: 0 seconds; current allocated memory: 278.652 MB.
INFO: [HLS 200-10] Starting code transformations ...
INFO: [HLS 200-111] Finished Standard Transforms: CPU user time: 0.02 seconds. CPU system time: 0.01 seconds. Elapsed time: 0.02 seconds; current allocated memory: 280.125 MB.
INFO: [HLS 200-10] Checking synthesizability ...
INFO: [HLS 200-111] Finished Checking Synthesizability: CPU user time: 0.01 seconds. CPU system time: 0 seconds. Elapsed time: 0.02 seconds; current allocated memory: 280.715 MB.
INFO: [XFORM 203-11] Balancing expressions in function 'pfb_multichannel_decimator' (/home/brett/FX_Correlator/pfb/hls_pfb/pfb.cpp:3:22)...24 expression(s) balanced.
INFO: [HLS 200-111] Finished Loop, function and other optimizations: CPU user time: 0.08 seconds. CPU system time: 0 seconds. Elapsed time: 0.07 seconds; current allocated memory: 305.238 MB.
INFO: [HLS 200-111] Finished Architecture Synthesis: CPU user time: 0.05 seconds. CPU system time: 0 seconds. Elapsed time: 0.06 seconds; current allocated memory: 326.832 MB.
INFO: [HLS 200-10] Starting hardware synthesis ...
INFO: [HLS 200-10] Synthesizing 'pfb_multichannel_decimator' ...
INFO: [HLS 200-10] ----------------------------------------------------------------
INFO: [HLS 200-42] -- Implementing module 'pfb_multichannel_decimator_Pipeline_load_coeffs' 
INFO: [HLS 200-10] ----------------------------------------------------------------
INFO: [SCHED 204-11] Starting scheduling ...
INFO: [SCHED 204-61] Pipelining loop 'load_coeffs'.
INFO: [HLS 200-1470] Pipelining result : Target II = NA, Final II = 1, Depth = 3, loop 'load_coeffs'
INFO: [SCHED 204-11] Finished scheduling.
INFO: [HLS 200-111] Finished Scheduling: CPU user time: 0.03 seconds. CPU system time: 0.01 seconds. Elapsed time: 0.03 seconds; current allocated memory: 328.547 MB.
INFO: [BIND 205-100] Starting micro-architecture generation ...
INFO: [BIND 205-101] Performing variable lifetime analysis.
INFO: [BIND 205-101] Exploring resource sharing.
INFO: [BIND 205-101] Binding ...
INFO: [BIND 205-100] Finished micro-architecture generation.
INFO: [HLS 200-111] Finished Binding: CPU user time: 0.01 seconds. CPU system time: 0 seconds. Elapsed time: 0.01 seconds; current allocated memory: 328.547 MB.
INFO: [HLS 200-10] ----------------------------------------------------------------
INFO: [HLS 200-42] -- Implementing module 'pfb_multichannel_decimator_Pipeline_read_loop' 
INFO: [HLS 200-10] ----------------------------------------------------------------
INFO: [SCHED 204-11] Starting scheduling ...
INFO: [SCHED 204-61] Pipelining loop 'read_loop'.
INFO: [HLS 200-1470] Pipelining result : Target II = 1, Final II = 1, Depth = 1, loop 'read_loop'
INFO: [SCHED 204-11] Finished scheduling.
INFO: [HLS 200-111] Finished Scheduling: CPU user time: 0.02 seconds. CPU system time: 0.01 seconds. Elapsed time: 0.02 seconds; current allocated memory: 329.625 MB.
INFO: [BIND 205-100] Starting micro-architecture generation ...
INFO: [BIND 205-101] Performing variable lifetime analysis.
INFO: [BIND 205-101] Exploring resource sharing.
INFO: [BIND 205-101] Binding ...
INFO: [BIND 205-100] Finished micro-architecture generation.
INFO: [HLS 200-111] Finished Binding: CPU user time: 0.01 seconds. CPU system time: 0 seconds. Elapsed time: 0.01 seconds; current allocated memory: 329.625 MB.
INFO: [HLS 200-10] ----------------------------------------------------------------
INFO: [HLS 200-42] -- Implementing module 'pfb_multichannel_decimator_Pipeline_compute_loop' 
INFO: [HLS 200-10] ----------------------------------------------------------------
INFO: [SCHED 204-11] Starting scheduling ...
INFO: [HLS 200-486] Changing DSP latency (root=tmp39) to 3 in order to utilize available DSP registers.
INFO: [HLS 200-486] Changing DSP latency (root=tmp35) to 3 in order to utilize available DSP registers.
INFO: [HLS 200-486] Changing DSP latency (root=tmp31) to 3 in order to utilize available DSP registers.
INFO: [HLS 200-486] Changing DSP latency (root=tmp27) to 3 in order to utilize available DSP registers.
INFO: [HLS 200-486] Changing DSP latency (root=tmp23) to 3 in order to utilize available DSP registers.
INFO: [HLS 200-486] Changing DSP latency (root=tmp19) to 3 in order to utilize available DSP registers.
INFO: [HLS 200-486] Changing DSP latency (root=tmp15) to 3 in order to utilize available DSP registers.
INFO: [HLS 200-486] Changing DSP latency (root=tmp11) to 3 in order to utilize available DSP registers.
INFO: [HLS 200-486] Changing DSP latency (root=tmp8) to 3 in order to utilize available DSP registers.
INFO: [HLS 200-486] Changing DSP latency (root=tmp7) to 3 in order to utilize available DSP registers.
INFO: [HLS 200-486] Changing DSP latency (root=tmp6) to 3 in order to utilize available DSP registers.
INFO: [HLS 200-486] Changing DSP latency (root=tmp5) to 3 in order to utilize available DSP registers.
INFO: [HLS 200-486] Changing DSP latency (root=tmp4) to 3 in order to utilize available DSP registers.
INFO: [HLS 200-486] Changing DSP latency (root=tmp3) to 3 in order to utilize available DSP registers.
INFO: [HLS 200-486] Changing DSP latency (root=tmp2) to 3 in order to utilize available DSP registers.
INFO: [HLS 200-486] Changing DSP latency (root=tmp1) to 3 in order to utilize available DSP registers.
INFO: [SCHED 204-61] Pipelining loop 'compute_loop'.
INFO: [HLS 200-1470] Pipelining result : Target II = 1, Final II = 1, Depth = 6, loop 'compute_loop'
INFO: [SCHED 204-11] Finished scheduling.
INFO: [HLS 200-111] Finished Scheduling: CPU user time: 0.1 seconds. CPU system time: 0 seconds. Elapsed time: 0.11 seconds; current allocated memory: 332.988 MB.
INFO: [BIND 205-100] Starting micro-architecture generation ...
INFO: [BIND 205-101] Performing variable lifetime analysis.
INFO: [BIND 205-101] Exploring resource sharing.
INFO: [BIND 205-101] Binding ...
INFO: [BIND 205-100] Finished micro-architecture generation.
INFO: [HLS 200-111] Finished Binding: CPU user time: 0.02 seconds. CPU system time: 0 seconds. Elapsed time: 0.02 seconds; current allocated memory: 332.988 MB.
INFO: [HLS 200-10] ----------------------------------------------------------------
INFO: [HLS 200-42] -- Implementing module 'pfb_multichannel_decimator' 
INFO: [HLS 200-10] ----------------------------------------------------------------
INFO: [SCHED 204-11] Starting scheduling ...
INFO: [SCHED 204-11] Finished scheduling.
INFO: [HLS 200-111] Finished Scheduling: CPU user time: 0.02 seconds. CPU system time: 0 seconds. Elapsed time: 0.02 seconds; current allocated memory: 332.988 MB.
INFO: [BIND 205-100] Starting micro-architecture generation ...
INFO: [BIND 205-101] Performing variable lifetime analysis.
INFO: [BIND 205-101] Exploring resource sharing.
INFO: [BIND 205-101] Binding ...
INFO: [BIND 205-100] Finished micro-architecture generation.
INFO: [HLS 200-111] Finished Binding: CPU user time: 0.01 seconds. CPU system time: 0 seconds. Elapsed time: 0.01 seconds; current allocated memory: 332.988 MB.
INFO: [HLS 200-10] ----------------------------------------------------------------
INFO: [HLS 200-10] -- Generating RTL for module 'pfb_multichannel_decimator_Pipeline_load_coeffs' 
INFO: [HLS 200-10] ----------------------------------------------------------------
INFO: [HLS 200-1030] Apply Unified Pipeline Control on module 'pfb_multichannel_decimator_Pipeline_load_coeffs' pipeline 'load_coeffs' pipeline type 'loop pipeline'
WARNING: [RTGEN 206-101] Setting dangling out port 'pfb_multichannel_decimator_Pipeline_load_coeffs/m_axi_gmem_ARVALID' to 0.
WARNING: [RTGEN 206-101] Setting dangling out port 'pfb_multichannel_decimator_Pipeline_load_coeffs/m_axi_gmem_ARADDR' to 0.
WARNING: [RTGEN 206-101] Setting dangling out port 'pfb_multichannel_decimator_Pipeline_load_coeffs/m_axi_gmem_ARID' to 0.
WARNING: [RTGEN 206-101] Setting dangling out port 'pfb_multichannel_decimator_Pipeline_load_coeffs/m_axi_gmem_ARLEN' to 0.
WARNING: [RTGEN 206-101] Setting dangling out port 'pfb_multichannel_decimator_Pipeline_load_coeffs/m_axi_gmem_ARSIZE' to 0.
WARNING: [RTGEN 206-101] Setting dangling out port 'pfb_multichannel_decimator_Pipeline_load_coeffs/m_axi_gmem_ARBURST' to 0.
WARNING: [RTGEN 206-101] Setting dangling out port 'pfb_multichannel_decimator_Pipeline_load_coeffs/m_axi_gmem_ARLOCK' to 0.
WARNING: [RTGEN 206-101] Setting dangling out port 'pfb_multichannel_decimator_Pipeline_load_coeffs/m_axi_gmem_ARCACHE' to 0.
WARNING: [RTGEN 206-101] Setting dangling out port 'pfb_multichannel_decimator_Pipeline_load_coeffs/m_axi_gmem_ARPROT' to 0.
WARNING: [RTGEN 206-101] Setting dangling out port 'pfb_multichannel_decimator_Pipeline_load_coeffs/m_axi_gmem_ARQOS' to 0.
WARNING: [RTGEN 206-101] Setting dangling out port 'pfb_multichannel_decimator_Pipeline_load_coeffs/m_axi_gmem_ARREGION' to 0.
WARNING: [RTGEN 206-101] Setting dangling out port 'pfb_multichannel_decimator_Pipeline_load_coeffs/m_axi_gmem_ARUSER' to 0.
INFO: [RTGEN 206-100] Finished creating RTL model for 'pfb_multichannel_decimator_Pipeline_load_coeffs'.
INFO: [HLS 200-111] Finished Creating RTL model: CPU user time: 0.02 seconds. CPU system time: 0 seconds. Elapsed time: 0.02 seconds; current allocated memory: 333.371 MB.
INFO: [HLS 200-10] ----------------------------------------------------------------
INFO: [HLS 200-10] -- Generating RTL for module 'pfb_multichannel_decimator_Pipeline_read_loop' 
INFO: [HLS 200-10] ----------------------------------------------------------------
INFO: [RTGEN 206-100] Finished creating RTL model for 'pfb_multichannel_decimator_Pipeline_read_loop'.
INFO: [HLS 200-111] Finished Creating RTL model: CPU user time: 0.02 seconds. CPU system time: 0 seconds. Elapsed time: 0.03 seconds; current allocated memory: 335.145 MB.
INFO: [HLS 200-10] ----------------------------------------------------------------
INFO: [HLS 200-10] -- Generating RTL for module 'pfb_multichannel_decimator_Pipeline_compute_loop' 
INFO: [HLS 200-10] ----------------------------------------------------------------
INFO: [HLS 200-1030] Apply Unified Pipeline Control on module 'pfb_multichannel_decimator_Pipeline_compute_loop' pipeline 'compute_loop' pipeline type 'loop pipeline'
INFO: [RTGEN 206-100] Generating core module 'mac_muladd_16s_16s_31s_31_4_1': 16 instance(s).
INFO: [RTGEN 206-100] Generating core module 'mul_11ns_13ns_23_1_1': 1 instance(s).
INFO: [RTGEN 206-100] Generating core module 'mul_12ns_14ns_25_1_1': 2 instance(s).
INFO: [RTGEN 206-100] Generating core module 'mul_16s_16s_31_1_1': 16 instance(s).
INFO: [RTGEN 206-100] Generating core module 'sparsemux_11_3_16_1_1': 4 instance(s).
INFO: [RTGEN 206-100] Generating core module 'sparsemux_9_2_16_1_1': 32 instance(s).
INFO: [RTGEN 206-100] Finished creating RTL model for 'pfb_multichannel_decimator_Pipeline_compute_loop'.
INFO: [HLS 200-111] Finished Creating RTL model: CPU user time: 0.05 seconds. CPU system time: 0 seconds. Elapsed time: 0.15 seconds; current allocated memory: 340.676 MB.
INFO: [HLS 200-10] ----------------------------------------------------------------
INFO: [HLS 200-10] -- Generating RTL for module 'pfb_multichannel_decimator' 
INFO: [HLS 200-10] ----------------------------------------------------------------
WARNING: [RTGEN 206-101] Design contains AXI ports. Reset is fixed to synchronous and active low.
INFO: [RTGEN 206-500] Setting interface mode on port 'pfb_multichannel_decimator/gmem' to 'm_axi'.
INFO: [RTGEN 206-500] Setting interface mode on port 'pfb_multichannel_decimator/din_data_i0' to 'axis' (register, both mode).
INFO: [RTGEN 206-500] Setting interface mode on port 'pfb_multichannel_decimator/din_data_q0' to 'axis' (register, both mode).
INFO: [RTGEN 206-500] Setting interface mode on port 'pfb_multichannel_decimator/din_data_i1' to 'axis' (register, both mode).
INFO: [RTGEN 206-500] Setting interface mode on port 'pfb_multichannel_decimator/din_data_q1' to 'axis' (register, both mode).
INFO: [RTGEN 206-500] Setting interface mode on port 'pfb_multichannel_decimator/din_data_i2' to 'axis' (register, both mode).
INFO: [RTGEN 206-500] Setting interface mode on port 'pfb_multichannel_decimator/din_data_q2' to 'axis' (register, both mode).
INFO: [RTGEN 206-500] Setting interface mode on port 'pfb_multichannel_decimator/din_data_i3' to 'axis' (register, both mode).
INFO: [RTGEN 206-500] Setting interface mode on port 'pfb_multichannel_decimator/din_data_q3' to 'axis' (register, both mode).
INFO: [RTGEN 206-500] Setting interface mode on port 'pfb_multichannel_decimator/dout_data_i0' to 'axis' (register, both mode).
INFO: [RTGEN 206-500] Setting interface mode on port 'pfb_multichannel_decimator/dout_data_q0' to 'axis' (register, both mode).
INFO: [RTGEN 206-500] Setting interface mode on port 'pfb_multichannel_decimator/dout_data_i1' to 'axis' (register, both mode).
INFO: [RTGEN 206-500] Setting interface mode on port 'pfb_multichannel_decimator/dout_data_q1' to 'axis' (register, both mode).
INFO: [RTGEN 206-500] Setting interface mode on port 'pfb_multichannel_decimator/dout_data_i2' to 'axis' (register, both mode).
INFO: [RTGEN 206-500] Setting interface mode on port 'pfb_multichannel_decimator/dout_data_q2' to 'axis' (register, both mode).
INFO: [RTGEN 206-500] Setting interface mode on port 'pfb_multichannel_decimator/dout_data_i3' to 'axis' (register, both mode).
INFO: [RTGEN 206-500] Setting interface mode on port 'pfb_multichannel_decimator/dout_data_q3' to 'axis' (register, both mode).
INFO: [RTGEN 206-500] Setting interface mode on port 'pfb_multichannel_decimator/coeff' to 's_axilite & ap_none'.
INFO: [RTGEN 206-500] Setting interface mode on function 'pfb_multichannel_decimator' to 's_axilite & ap_ctrl_hs'.
WARNING: [RTGEN 206-101] Register 'coeff_loaded' is power-on initialization.
INFO: [SYN 201-210] Renamed object name 'pfb_multichannel_decimator_stream_stream_stream_stream_stream_stream_strea_4_RAM_AUTO_1R1W' to 'pfb_multichannel_decimator_stream_stream_stream_stream_stream_stream_strea_4_bkb' due to the length limit 80
INFO: [SYN 201-210] Renamed object name 'pfb_multichannel_decimator_stream_stream_stream_stream_stream_stream_strea_3_RAM_AUTO_1R1W' to 'pfb_multichannel_decimator_stream_stream_stream_stream_stream_stream_strea_3_cud' due to the length limit 80
INFO: [SYN 201-210] Renamed object name 'pfb_multichannel_decimator_stream_stream_stream_stream_stream_stream_strea_2_RAM_AUTO_1R1W' to 'pfb_multichannel_decimator_stream_stream_stream_stream_stream_stream_strea_2_dEe' due to the length limit 80
INFO: [SYN 201-210] Renamed object name 'pfb_multichannel_decimator_stream_stream_stream_stream_stream_stream_strea_1_RAM_AUTO_1R1W' to 'pfb_multichannel_decimator_stream_stream_stream_stream_stream_stream_strea_1_eOg' due to the length limit 80
INFO: [SYN 201-210] Renamed object name 'pfb_multichannel_decimator_stream_stream_stream_stream_stream_stream_strea_RAM_AUTO_1R1W' to 'pfb_multichannel_decimator_stream_stream_stream_stream_stream_stream_strea_RAfYi' due to the length limit 80
WARNING: [RTGEN 206-101] Register 'write_bank_idx' is power-on initialization.
INFO: [SYN 201-210] Renamed object name 'pfb_multichannel_decimator_stream_stream_stream_stream_stream_stream_strea_36_RAM_1P_BRAM_1R1W' to 'pfb_multichannel_decimator_stream_stream_stream_stream_stream_stream_strea_36g8j' due to the length limit 80
INFO: [SYN 201-210] Renamed object name 'pfb_multichannel_decimator_stream_stream_stream_stream_stream_stream_strea_10_RAM_1P_BRAM_1R1W' to 'pfb_multichannel_decimator_stream_stream_stream_stream_stream_stream_strea_10hbi' due to the length limit 80
INFO: [SYN 201-210] Renamed object name 'pfb_multichannel_decimator_stream_stream_stream_stream_stream_stream_strea_6_RAM_1P_BRAM_1R1W' to 'pfb_multichannel_decimator_stream_stream_stream_stream_stream_stream_strea_6_ibs' due to the length limit 80
INFO: [SYN 201-210] Renamed object name 'pfb_multichannel_decimator_stream_stream_stream_stream_stream_stream_strea_32_RAM_1P_BRAM_1R1W' to 'pfb_multichannel_decimator_stream_stream_stream_stream_stream_stream_strea_32jbC' due to the length limit 80
INFO: [SYN 201-210] Renamed object name 'pfb_multichannel_decimator_stream_stream_stream_stream_stream_stream_strea_28_RAM_1P_BRAM_1R1W' to 'pfb_multichannel_decimator_stream_stream_stream_stream_stream_stream_strea_28kbM' due to the length limit 80
INFO: [SYN 201-210] Renamed object name 'pfb_multichannel_decimator_stream_stream_stream_stream_stream_stream_strea_23_RAM_1P_BRAM_1R1W' to 'pfb_multichannel_decimator_stream_stream_stream_stream_stream_stream_strea_23lbW' due to the length limit 80
INFO: [SYN 201-210] Renamed object name 'pfb_multichannel_decimator_stream_stream_stream_stream_stream_stream_strea_19_RAM_1P_BRAM_1R1W' to 'pfb_multichannel_decimator_stream_stream_stream_stream_stream_stream_strea_19mb6' due to the length limit 80
INFO: [SYN 201-210] Renamed object name 'pfb_multichannel_decimator_stream_stream_stream_stream_stream_stream_strea_15_RAM_1P_BRAM_1R1W' to 'pfb_multichannel_decimator_stream_stream_stream_stream_stream_stream_strea_15ncg' due to the length limit 80
INFO: [SYN 201-210] Renamed object name 'pfb_multichannel_decimator_stream_stream_stream_stream_stream_stream_strea_35_RAM_1P_BRAM_1R1W' to 'pfb_multichannel_decimator_stream_stream_stream_stream_stream_stream_strea_35ocq' due to the length limit 80
INFO: [SYN 201-210] Renamed object name 'pfb_multichannel_decimator_stream_stream_stream_stream_stream_stream_strea_9_RAM_1P_BRAM_1R1W' to 'pfb_multichannel_decimator_stream_stream_stream_stream_stream_stream_strea_9_pcA' due to the length limit 80
INFO: [SYN 201-210] Renamed object name 'pfb_multichannel_decimator_stream_stream_stream_stream_stream_stream_strea_5_RAM_1P_BRAM_1R1W' to 'pfb_multichannel_decimator_stream_stream_stream_stream_stream_stream_strea_5_qcK' due to the length limit 80
INFO: [SYN 201-210] Renamed object name 'pfb_multichannel_decimator_stream_stream_stream_stream_stream_stream_strea_31_RAM_1P_BRAM_1R1W' to 'pfb_multichannel_decimator_stream_stream_stream_stream_stream_stream_strea_31rcU' due to the length limit 80
INFO: [SYN 201-210] Renamed object name 'pfb_multichannel_decimator_stream_stream_stream_stream_stream_stream_strea_27_RAM_1P_BRAM_1R1W' to 'pfb_multichannel_decimator_stream_stream_stream_stream_stream_stream_strea_27sc4' due to the length limit 80
INFO: [SYN 201-210] Renamed object name 'pfb_multichannel_decimator_stream_stream_stream_stream_stream_stream_strea_22_RAM_1P_BRAM_1R1W' to 'pfb_multichannel_decimator_stream_stream_stream_stream_stream_stream_strea_22tde' due to the length limit 80
INFO: [SYN 201-210] Renamed object name 'pfb_multichannel_decimator_stream_stream_stream_stream_stream_stream_strea_18_RAM_1P_BRAM_1R1W' to 'pfb_multichannel_decimator_stream_stream_stream_stream_stream_stream_strea_18udo' due to the length limit 80
INFO: [SYN 201-210] Renamed object name 'pfb_multichannel_decimator_stream_stream_stream_stream_stream_stream_strea_14_RAM_1P_BRAM_1R1W' to 'pfb_multichannel_decimator_stream_stream_stream_stream_stream_stream_strea_14vdy' due to the length limit 80
INFO: [SYN 201-210] Renamed object name 'pfb_multichannel_decimator_stream_stream_stream_stream_stream_stream_strea_24_RAM_1P_BRAM_1R1W' to 'pfb_multichannel_decimator_stream_stream_stream_stream_stream_stream_strea_24wdI' due to the length limit 80
INFO: [SYN 201-210] Renamed object name 'pfb_multichannel_decimator_stream_stream_stream_stream_stream_stream_strea_8_RAM_1P_BRAM_1R1W' to 'pfb_multichannel_decimator_stream_stream_stream_stream_stream_stream_strea_8_xdS' due to the length limit 80
INFO: [SYN 201-210] Renamed object name 'pfb_multichannel_decimator_stream_stream_stream_stream_stream_stream_strea_34_RAM_1P_BRAM_1R1W' to 'pfb_multichannel_decimator_stream_stream_stream_stream_stream_stream_strea_34yd2' due to the length limit 80
INFO: [SYN 201-210] Renamed object name 'pfb_multichannel_decimator_stream_stream_stream_stream_stream_stream_strea_30_RAM_1P_BRAM_1R1W' to 'pfb_multichannel_decimator_stream_stream_stream_stream_stream_stream_strea_30zec' due to the length limit 80
INFO: [SYN 201-210] Renamed object name 'pfb_multichannel_decimator_stream_stream_stream_stream_stream_stream_strea_26_RAM_1P_BRAM_1R1W' to 'pfb_multichannel_decimator_stream_stream_stream_stream_stream_stream_strea_26Aem' due to the length limit 80
INFO: [SYN 201-210] Renamed object name 'pfb_multichannel_decimator_stream_stream_stream_stream_stream_stream_strea_21_RAM_1P_BRAM_1R1W' to 'pfb_multichannel_decimator_stream_stream_stream_stream_stream_stream_strea_21Bew' due to the length limit 80
INFO: [SYN 201-210] Renamed object name 'pfb_multichannel_decimator_stream_stream_stream_stream_stream_stream_strea_17_RAM_1P_BRAM_1R1W' to 'pfb_multichannel_decimator_stream_stream_stream_stream_stream_stream_strea_17CeG' due to the length limit 80
INFO: [SYN 201-210] Renamed object name 'pfb_multichannel_decimator_stream_stream_stream_stream_stream_stream_strea_12_RAM_1P_BRAM_1R1W' to 'pfb_multichannel_decimator_stream_stream_stream_stream_stream_stream_strea_12DeQ' due to the length limit 80
INFO: [SYN 201-210] Renamed object name 'pfb_multichannel_decimator_stream_stream_stream_stream_stream_stream_strea_13_RAM_1P_BRAM_1R1W' to 'pfb_multichannel_decimator_stream_stream_stream_stream_stream_stream_strea_13Ee0' due to the length limit 80
INFO: [SYN 201-210] Renamed object name 'pfb_multichannel_decimator_stream_stream_stream_stream_stream_stream_strea_7_RAM_1P_BRAM_1R1W' to 'pfb_multichannel_decimator_stream_stream_stream_stream_stream_stream_strea_7_Ffa' due to the length limit 80
INFO: [SYN 201-210] Renamed object name 'pfb_multichannel_decimator_stream_stream_stream_stream_stream_stream_strea_33_RAM_1P_BRAM_1R1W' to 'pfb_multichannel_decimator_stream_stream_stream_stream_stream_stream_strea_33Gfk' due to the length limit 80
INFO: [SYN 201-210] Renamed object name 'pfb_multichannel_decimator_stream_stream_stream_stream_stream_stream_strea_29_RAM_1P_BRAM_1R1W' to 'pfb_multichannel_decimator_stream_stream_stream_stream_stream_stream_strea_29Hfu' due to the length limit 80
INFO: [SYN 201-210] Renamed object name 'pfb_multichannel_decimator_stream_stream_stream_stream_stream_stream_strea_25_RAM_1P_BRAM_1R1W' to 'pfb_multichannel_decimator_stream_stream_stream_stream_stream_stream_strea_25IfE' due to the length limit 80
INFO: [SYN 201-210] Renamed object name 'pfb_multichannel_decimator_stream_stream_stream_stream_stream_stream_strea_20_RAM_1P_BRAM_1R1W' to 'pfb_multichannel_decimator_stream_stream_stream_stream_stream_stream_strea_20JfO' due to the length limit 80
INFO: [SYN 201-210] Renamed object name 'pfb_multichannel_decimator_stream_stream_stream_stream_stream_stream_strea_16_RAM_1P_BRAM_1R1W' to 'pfb_multichannel_decimator_stream_stream_stream_stream_stream_stream_strea_16KfY' due to the length limit 80
INFO: [SYN 201-210] Renamed object name 'pfb_multichannel_decimator_stream_stream_stream_stream_stream_stream_strea_11_RAM_1P_BRAM_1R1W' to 'pfb_multichannel_decimator_stream_stream_stream_stream_stream_stream_strea_11Lf8' due to the length limit 80
INFO: [RTGEN 206-100] Bundling port 'return' to AXI-Lite port control.
INFO: [RTGEN 206-100] Bundling port 'coeff' to AXI-Lite port control_r.
INFO: [RTGEN 206-100] Finished creating RTL model for 'pfb_multichannel_decimator'.
INFO: [RTMG 210-278] Implementing memory 'pfb_multichannel_decimator_pfb_multichannel_decimator_stream_stream_stream_stream_stream_stream_strea_4_bkb' using auto RAMs.
INFO: [RTMG 210-278] Implementing memory 'pfb_multichannel_decimator_pfb_multichannel_decimator_stream_stream_stream_stream_stream_stream_strea_36g8j' using block RAMs.
INFO: [HLS 200-111] Finished Creating RTL model: CPU user time: 0.1 seconds. CPU system time: 0.01 seconds. Elapsed time: 0.11 seconds; current allocated memory: 353.996 MB.
INFO: [HLS 200-111] Finished Generating all RTL models: CPU user time: 0.13 seconds. CPU system time: 0.02 seconds. Elapsed time: 0.19 seconds; current allocated memory: 358.883 MB.
INFO: [HLS 200-1603] Design has inferred MAXI bursts and missed bursts, see Vitis HLS GUI synthesis summary report for detailed information.
INFO: [HLS 200-111] Finished Updating report files: CPU user time: 0.32 seconds. CPU system time: 0.01 seconds. Elapsed time: 0.34 seconds; current allocated memory: 368.320 MB.
INFO: [VHDL 208-304] Generating VHDL RTL for pfb_multichannel_decimator.
INFO: [VLOG 209-307] Generating Verilog RTL for pfb_multichannel_decimator.
INFO: [HLS 200-790] **** Loop Constraint Status: All loop constraints were satisfied.
INFO: [HLS 200-789] **** Estimated Fmax: 136.99 MHz
INFO: [HLS 200-111] Finished Command csynth_design CPU user time: 3.3 seconds. CPU system time: 0.31 seconds. Elapsed time: 8.7 seconds; current allocated memory: 94.113 MB.
INFO: [HLS 200-1510] Running: export_design -flow none -format ip_catalog 
INFO: [IMPL 213-8] Exporting RTL as a Vivado IP.

****** Vivado v2023.2 (64-bit)
  **** SW Build 4029153 on Fri Oct 13 20:13:54 MDT 2023
  **** IP Build 4028589 on Sat Oct 14 00:45:43 MDT 2023
  **** SharedData Build 4025554 on Tue Oct 10 17:18:54 MDT 2023
    ** Copyright 1986-2022 Xilinx, Inc. All Rights Reserved.
    ** Copyright 2022-2023 Advanced Micro Devices, Inc. All Rights Reserved.

source run_ippack.tcl -notrace
INFO: [IP_Flow 19-234] Refreshing IP repositories
INFO: [IP_Flow 19-1704] No user IP repositories specified
INFO: [IP_Flow 19-2313] Loaded Vivado IP repository '/tools/Xilinx/Vivado/2023.2/data/ip'.
INFO: [Common 17-206] Exiting Vivado at Fri Jan  2 16:34:51 2026...
INFO: [HLS 200-802] Generated output file hls_pfb/pfb_multichannel_decimator.zip
INFO: [HLS 200-111] Finished Command export_design CPU user time: 5.93 seconds. CPU system time: 0.19 seconds. Elapsed time: 8.53 seconds; current allocated memory: 6.574 MB.
INFO: [HLS 200-1510] Running: close_project 
INFO: [HLS 200-112] Total CPU user time: 10.04 seconds. Total CPU system time: 0.56 seconds. Total elapsed time: 18.03 seconds; peak allocated memory: 374.895 MB.
INFO: [Common 17-206] Exiting vitis_hls at Fri Jan  2 16:34:54 2026...
INFO: [v++ 60-791] Total elapsed time: 0h 0m 21s
