INFO: [v++ 60-1548] Creating build summary session with primary output /home/brett/Documents/FX_Correlator/pfb/hls_pfb/hls_pfb/hls_pfb.hlscompile_summary, at Thu Jan  8 19:31:58 2026
INFO: [v++ 82-31] Launching vitis_hls: vitis_hls -nolog -run csynth -work_dir /home/brett/Documents/FX_Correlator/pfb/hls_pfb/hls_pfb -config /home/brett/Documents/FX_Correlator/pfb/hls_pfb/hls_config.cfg -cmdlineconfig /home/brett/Documents/FX_Correlator/pfb/hls_pfb/hls_pfb/hls/config.cmdline

****** Vitis HLS - High-Level Synthesis from C, C++ and OpenCL v2023.2 (64-bit)
  **** SW Build 4023990 on Oct 11 2023
  **** IP Build 4028589 on Sat Oct 14 00:45:43 MDT 2023
  **** SharedData Build 4025554 on Tue Oct 10 17:18:54 MDT 2023
    ** Copyright 1986-2022 Xilinx, Inc. All Rights Reserved.
    ** Copyright 2022-2023 Advanced Micro Devices, Inc. All Rights Reserved.

source /tools/Xilinx/Vitis_HLS/2023.2/scripts/vitis_hls/hls.tcl -notrace
INFO: [HLS 200-10] Running '/tools/Xilinx/Vitis_HLS/2023.2/bin/unwrapped/lnx64.o/vitis_hls'
INFO: [HLS 200-10] For user 'brett' on host 'brett-System-Product-Name' (Linux_x86_64 version 6.17.13-zabbly+) on Thu Jan 08 19:31:59 PST 2026
INFO: [HLS 200-10] On os Ubuntu 22.04.5 LTS
INFO: [HLS 200-10] In directory '/home/brett/Documents/FX_Correlator/pfb/hls_pfb'
WARNING: [HLS 200-40] Environment variable 'C_INCLUDE_PATH' is set to /usr/include/x86_64-linux-gnu:.
WARNING: [HLS 200-40] Environment variable 'CPLUS_INCLUDE_PATH' is set to /usr/include/x86_64-linux-gnu:.
INFO: [HLS 200-1909] Reading HLS ini file /home/brett/Documents/FX_Correlator/pfb/hls_pfb/hls_config.cfg
INFO: [HLS 200-1909] Reading HLS ini file /home/brett/Documents/FX_Correlator/pfb/hls_pfb/hls_pfb/hls/config.cmdline
INFO: [HLS 200-2005] Using work_dir /home/brett/Documents/FX_Correlator/pfb/hls_pfb/hls_pfb 
INFO: [HLS 200-1510] Running: open_project /home/brett/Documents/FX_Correlator/pfb/hls_pfb/hls_pfb -diskless 
INFO: [HLS 200-1510] Running: open_solution hls 
INFO: [HLS 200-1505] Using default flow_target 'vivado'
Resolution: For help on HLS 200-1505 see docs.xilinx.com/access/sources/dita/topic?Doc_Version=2023.2%20English&url=ug1448-hls-guidance&resourceid=200-1505.html
INFO: [HLS 200-1510] Running: apply_ini /home/brett/Documents/FX_Correlator/pfb/hls_pfb/hls_config.cfg 
INFO: [HLS 200-1909] Reading HLS ini file /home/brett/Documents/FX_Correlator/pfb/hls_pfb/hls_config.cfg
INFO: [HLS 200-1465] Applying ini 'syn.file=pfb.cpp' at /home/brett/Documents/FX_Correlator/pfb/hls_pfb/hls_config.cfg(8)
INFO: [HLS 200-10] Adding design file '/home/brett/Documents/FX_Correlator/pfb/hls_pfb/pfb.cpp' to the project
INFO: [HLS 200-1465] Applying ini 'syn.file=/home/brett/Documents/FX_Correlator/pfb/hls_pfb/pfb.h' at /home/brett/Documents/FX_Correlator/pfb/hls_pfb/hls_config.cfg(9)
INFO: [HLS 200-10] Adding design file '/home/brett/Documents/FX_Correlator/pfb/hls_pfb/pfb.h' to the project
INFO: [HLS 200-1465] Applying ini 'tb.file=pfb_tb.cpp' at /home/brett/Documents/FX_Correlator/pfb/hls_pfb/hls_config.cfg(5)
INFO: [HLS 200-10] Adding test bench file '/home/brett/Documents/FX_Correlator/pfb/hls_pfb/pfb_tb.cpp' to the project
INFO: [HLS 200-1465] Applying ini 'syn.top=pfb_multichannel_decimator' at /home/brett/Documents/FX_Correlator/pfb/hls_pfb/hls_config.cfg(4)
INFO: [HLS 200-1465] Applying ini 'part=xc7z045ffg900-2' at /home/brett/Documents/FX_Correlator/pfb/hls_pfb/hls_config.cfg(1)
INFO: [HLS 200-1611] Setting target device to 'xc7z045-ffg900-2'
INFO: [HLS 200-1465] Applying ini 'clock=10ns' at /home/brett/Documents/FX_Correlator/pfb/hls_pfb/hls_config.cfg(6)
INFO: [SYN 201-201] Setting up clock 'default' with a period of 10ns.
INFO: [HLS 200-1465] Applying ini 'csim.ldflags=-B/usr/lib/x86_64-linux-gnu/' at /home/brett/Documents/FX_Correlator/pfb/hls_pfb/hls_config.cfg(7)
INFO: [HLS 200-1510] Running: apply_ini /home/brett/Documents/FX_Correlator/pfb/hls_pfb/hls_pfb/hls/config.cmdline 
INFO: [HLS 200-1909] Reading HLS ini file /home/brett/Documents/FX_Correlator/pfb/hls_pfb/hls_pfb/hls/config.cmdline
INFO: [HLS 200-1510] Running: csynth_design 
INFO: [HLS 200-111] Finished File checks and directory preparation: CPU user time: 0.03 seconds. CPU system time: 0 seconds. Elapsed time: 0.03 seconds; current allocated memory: 274.164 MB.
INFO: [HLS 200-10] Analyzing design file '/home/brett/Documents/FX_Correlator/pfb/hls_pfb/pfb.cpp' ... 
ERROR: [HLS 207-2732] in-class initializer for static data member is not a constant expression (./pfb.h:31:38)
WARNING: [HLS 207-5583] '#pragma HLS interface' can only be applied inside function body (/home/brett/Documents/FX_Correlator/pfb/hls_pfb/pfb.cpp:15:9)
ERROR: [HLS 207-3339] no matching function for call to 'fft' (/home/brett/Documents/FX_Correlator/pfb/hls_pfb/pfb.cpp:136:5)
INFO: [HLS 207-4378] candidate function not viable: no known conversion from 'fft_complex_t [1024]' to 'hls::stream<complex<ap_fixed<((fft_config::input_width + 7) / 8) * 8, 1> > > &' for 1st argument (/tools/Xilinx/Vitis_HLS/2023.2/common/technology/autopilot/etc/hls_fft_x_complex.h:696:8)
INFO: [HLS 207-4378] candidate function not viable: no known conversion from 'fft_complex_t [1024]' to 'hls::stream<complex<float> > &' for 1st argument (/tools/Xilinx/Vitis_HLS/2023.2/common/technology/autopilot/etc/hls_fft_x_complex.h:953:8)
INFO: [HLS 207-4408] candidate template ignored: substitution failure [with CONFIG_T = fft_config] (/tools/Xilinx/Vitis_HLS/2023.2/common/technology/autopilot/etc/hls_fft_x_complex.h:729:8)
INFO: [HLS 207-4408] candidate template ignored: substitution failure [with CONFIG_T = fft_config] (/tools/Xilinx/Vitis_HLS/2023.2/common/technology/autopilot/etc/hls_fft_x_complex.h:754:8)
INFO: [HLS 207-4408] candidate template ignored: substitution failure [with CONFIG_T = fft_config] (/tools/Xilinx/Vitis_HLS/2023.2/common/technology/autopilot/etc/hls_fft_x_complex.h:982:8)
INFO: [HLS 207-4408] candidate template ignored: substitution failure [with CONFIG_T = fft_config] (/tools/Xilinx/Vitis_HLS/2023.2/common/technology/autopilot/etc/hls_fft_x_complex.h:1006:8)
INFO: [HLS 207-4408] candidate template ignored: substitution failure [with CONFIG_T = fft_config] (/tools/Xilinx/Vitis_HLS/2023.2/common/technology/autopilot/etc/hls_fft_x_complex.h:1034:8)
INFO: [HLS 207-4408] candidate template ignored: substitution failure [with CONFIG_T = fft_config] (/tools/Xilinx/Vitis_HLS/2023.2/common/technology/autopilot/etc/hls_fft_x_complex.h:1067:8)
ERROR: [HLS 207-3339] no matching function for call to 'fft' (/home/brett/Documents/FX_Correlator/pfb/hls_pfb/pfb.cpp:137:5)
ERROR: [HLS 207-3339] no matching function for call to 'fft' (/home/brett/Documents/FX_Correlator/pfb/hls_pfb/pfb.cpp:138:5)
ERROR: [HLS 207-3339] no matching function for call to 'fft' (/home/brett/Documents/FX_Correlator/pfb/hls_pfb/pfb.cpp:139:5)
INFO: [HLS 200-111] Finished Command csynth_design CPU user time: 0.31 seconds. CPU system time: 0.06 seconds. Elapsed time: 0.38 seconds; current allocated memory: 2.051 MB.
INFO: [HLS 200-1510] Running: close_project 
ERROR:  
INFO: [HLS 200-112] Total CPU user time: 1.06 seconds. Total CPU system time: 0.13 seconds. Total elapsed time: 1.12 seconds; peak allocated memory: 276.215 MB.
INFO: [Common 17-206] Exiting vitis_hls at Thu Jan  8 19:31:59 2026...
