INFO: [vitis-run 60-1548] Creating build summary session with primary output /home/brett/Documents/FX_Correlator/pfb/hls_pfb/hls_pfb/hls_pfb.hlsrun_csim_summary, at Sat Jan 10 14:55:07 2026
INFO: [vitis-run 82-31] Launching vitis_hls: vitis_hls -nolog -run csim -work_dir /home/brett/Documents/FX_Correlator/pfb/hls_pfb/hls_pfb -config /home/brett/Documents/FX_Correlator/pfb/hls_pfb/hls_config.cfg -cmdlineconfig /home/brett/Documents/FX_Correlator/pfb/hls_pfb/hls_pfb/hls/config.cmdline

****** Vitis HLS - High-Level Synthesis from C, C++ and OpenCL v2023.2 (64-bit)
  **** SW Build 4023990 on Oct 11 2023
  **** IP Build 4028589 on Sat Oct 14 00:45:43 MDT 2023
  **** SharedData Build 4025554 on Tue Oct 10 17:18:54 MDT 2023
    ** Copyright 1986-2022 Xilinx, Inc. All Rights Reserved.
    ** Copyright 2022-2023 Advanced Micro Devices, Inc. All Rights Reserved.

source /tools/Xilinx/Vitis_HLS/2023.2/scripts/vitis_hls/hls.tcl -notrace
INFO: [HLS 200-10] Running '/tools/Xilinx/Vitis_HLS/2023.2/bin/unwrapped/lnx64.o/vitis_hls'
INFO: [HLS 200-10] For user 'brett' on host 'brett-System-Product-Name' (Linux_x86_64 version 6.8.0-90-generic) on Sat Jan 10 14:55:07 PST 2026
INFO: [HLS 200-10] On os Ubuntu 22.04.5 LTS
INFO: [HLS 200-10] In directory '/home/brett/Documents/FX_Correlator/pfb/hls_pfb'
WARNING: [HLS 200-40] Environment variable 'C_INCLUDE_PATH' is set to /usr/include/x86_64-linux-gnu:.
WARNING: [HLS 200-40] Environment variable 'CPLUS_INCLUDE_PATH' is set to /usr/include/x86_64-linux-gnu:.
INFO: [HLS 200-1909] Reading HLS ini file /home/brett/Documents/FX_Correlator/pfb/hls_pfb/hls_config.cfg
INFO: [HLS 200-1909] Reading HLS ini file /home/brett/Documents/FX_Correlator/pfb/hls_pfb/hls_pfb/hls/config.cmdline
INFO: [HLS 200-2005] Using work_dir /home/brett/Documents/FX_Correlator/pfb/hls_pfb/hls_pfb 
INFO: [HLS 200-1510] Running: open_project /home/brett/Documents/FX_Correlator/pfb/hls_pfb/hls_pfb -diskless 
INFO: [HLS 200-1510] Running: open_solution hls 
INFO: [HLS 200-1505] Using default flow_target 'vivado'
Resolution: For help on HLS 200-1505 see docs.xilinx.com/access/sources/dita/topic?Doc_Version=2023.2%20English&url=ug1448-hls-guidance&resourceid=200-1505.html
INFO: [HLS 200-1510] Running: apply_ini /home/brett/Documents/FX_Correlator/pfb/hls_pfb/hls_config.cfg 
INFO: [HLS 200-1909] Reading HLS ini file /home/brett/Documents/FX_Correlator/pfb/hls_pfb/hls_config.cfg
INFO: [HLS 200-1465] Applying ini 'syn.file=/home/brett/Documents/FX_Correlator/pfb/hls_pfb/pfb.h' at /home/brett/Documents/FX_Correlator/pfb/hls_pfb/hls_config.cfg(9)
INFO: [HLS 200-10] Adding design file '/home/brett/Documents/FX_Correlator/pfb/hls_pfb/pfb.h' to the project
INFO: [HLS 200-1465] Applying ini 'syn.file=pfb_io.cpp' at /home/brett/Documents/FX_Correlator/pfb/hls_pfb/hls_config.cfg(10)
INFO: [HLS 200-10] Adding design file '/home/brett/Documents/FX_Correlator/pfb/hls_pfb/pfb_io.cpp' to the project
INFO: [HLS 200-1465] Applying ini 'syn.file=pfb_top.cpp' at /home/brett/Documents/FX_Correlator/pfb/hls_pfb/hls_config.cfg(11)
INFO: [HLS 200-10] Adding design file '/home/brett/Documents/FX_Correlator/pfb/hls_pfb/pfb_top.cpp' to the project
INFO: [HLS 200-1465] Applying ini 'syn.file=pfb_compute.cpp' at /home/brett/Documents/FX_Correlator/pfb/hls_pfb/hls_config.cfg(12)
INFO: [HLS 200-10] Adding design file '/home/brett/Documents/FX_Correlator/pfb/hls_pfb/pfb_compute.cpp' to the project
INFO: [HLS 200-1465] Applying ini 'syn.file=pfb_fft.cpp' at /home/brett/Documents/FX_Correlator/pfb/hls_pfb/hls_config.cfg(13)
INFO: [HLS 200-10] Adding design file '/home/brett/Documents/FX_Correlator/pfb/hls_pfb/pfb_fft.cpp' to the project
INFO: [HLS 200-1465] Applying ini 'syn.file=pfb_tb.cpp' at /home/brett/Documents/FX_Correlator/pfb/hls_pfb/hls_config.cfg(14)
INFO: [HLS 200-10] Adding design file '/home/brett/Documents/FX_Correlator/pfb/hls_pfb/pfb_tb.cpp' to the project
INFO: [HLS 200-1465] Applying ini 'syn.file=pfb_helper.cpp' at /home/brett/Documents/FX_Correlator/pfb/hls_pfb/hls_config.cfg(15)
INFO: [HLS 200-10] Adding design file '/home/brett/Documents/FX_Correlator/pfb/hls_pfb/pfb_helper.cpp' to the project
INFO: [HLS 200-1465] Applying ini 'tb.file=pfb_tb.cpp' at /home/brett/Documents/FX_Correlator/pfb/hls_pfb/hls_config.cfg(7)
INFO: [HLS 200-10] Adding test bench file '/home/brett/Documents/FX_Correlator/pfb/hls_pfb/pfb_tb.cpp' to the project
INFO: [HLS 200-1465] Applying ini 'syn.top=pfb_multichannel' at /home/brett/Documents/FX_Correlator/pfb/hls_pfb/hls_config.cfg(4)
INFO: [HLS 200-1465] Applying ini 'part=xc7z045ffg900-2' at /home/brett/Documents/FX_Correlator/pfb/hls_pfb/hls_config.cfg(1)
INFO: [HLS 200-1611] Setting target device to 'xc7z045-ffg900-2'
INFO: [HLS 200-1465] Applying ini 'clock=10ns' at /home/brett/Documents/FX_Correlator/pfb/hls_pfb/hls_config.cfg(5)
INFO: [SYN 201-201] Setting up clock 'default' with a period of 10ns.
INFO: [HLS 200-1465] Applying ini 'csim.ldflags=-B/usr/lib/x86_64-linux-gnu/' at /home/brett/Documents/FX_Correlator/pfb/hls_pfb/hls_config.cfg(6)
INFO: [HLS 200-1510] Running: apply_ini /home/brett/Documents/FX_Correlator/pfb/hls_pfb/hls_pfb/hls/config.cmdline 
INFO: [HLS 200-1909] Reading HLS ini file /home/brett/Documents/FX_Correlator/pfb/hls_pfb/hls_pfb/hls/config.cmdline
INFO: [HLS 200-1510] Running: csim_design 
INFO: [SIM 211-2] *************** CSIM start ***************
INFO: [SIM 211-4] CSIM will launch GCC as the compiler.
INFO: [HLS 200-2036] Building debug C Simulation binaries
   Compiling ../../../../pfb_tb.cpp in debug mode
   Compiling ../../../../pfb_helper.cpp in debug mode
   Compiling ../../../../pfb_fft.cpp in debug mode
../../../../pfb_fft.cpp: In function ‘void fft(hls::stream<parallel_sample_t>&, hls::stream<parallel_sample_t>&, bool*)’:
../../../../pfb_fft.cpp:31:55: error: no matching function for call to ‘fft<config1>(hls::stream<std::complex<ap_fixed<16, 1, (ap_q_mode)5, (ap_o_mode)2> > >&, hls::stream<std::complex<ap_fixed<16, 1, (ap_q_mode)5, (ap_o_mode)2> > >&, hls::stream<hls::ip_fft::status_t<config1> >&, hls::stream<hls::ip_fft::config_t<config1> >&)’
     hls::fft<config1>(ch0_in, ch0_out, stat0_s, cfg0_s);
                                                       ^
In file included from /tools/Xilinx/Vitis_HLS/2023.2/include/hls_fft.h:865,
                 from ../../../../pfb.h:8,
                 from ../../../../pfb_fft.cpp:1:
/tools/Xilinx/Vitis_HLS/2023.2/include/etc/hls_fft_x_complex.h:696:8: note: candidate: ‘template<class CONFIG_T> void hls::fft(hls::stream<std::complex<ap_fixed<(((CONFIG_T::input_width + 7) / 8) * 8), 1> > >&, hls::stream<std::complex<ap_fixed<(((CONFIG_T::output_width + 7) / 8) * 8), (((((CONFIG_T::output_width + 7) / 8) * 8) - CONFIG_T::input_width) + 1)> > >&, hls::stream<hls::ip_fft::status_t<CONFIG_T> >&, hls::stream<hls::ip_fft::config_t<CONFIG_T> >&)’
   void fft(
        ^~~
/tools/Xilinx/Vitis_HLS/2023.2/include/etc/hls_fft_x_complex.h:696:8: note:   template argument deduction/substitution failed:
../../../../pfb_fft.cpp:31:23: note:   cannot convert ‘ch0_in’ (type ‘hls::stream<std::complex<ap_fixed<16, 1, (ap_q_mode)5, (ap_o_mode)2> > >’) to type ‘hls::stream<std::complex<ap_fixed<16, 1, (ap_q_mode)5, (ap_o_mode)3> >, 0>&’
     hls::fft<config1>(ch0_in, ch0_out, stat0_s, cfg0_s);
                       ^~~~~~
In file included from /tools/Xilinx/Vitis_HLS/2023.2/include/hls_fft.h:865,
                 from ../../../../pfb.h:8,
                 from ../../../../pfb_fft.cpp:1:
/tools/Xilinx/Vitis_HLS/2023.2/include/etc/hls_fft_x_complex.h:729:8: note: candidate: ‘template<class CONFIG_T> void hls::fft(std::complex<ap_fixed<(((CONFIG_T::input_width + 7) / 8) * 8), 1> >*, std::complex<ap_fixed<(((CONFIG_T::output_width + 7) / 8) * 8), (((((CONFIG_T::output_width + 7) / 8) * 8) - CONFIG_T::input_width) + 1)> >*, hls::ip_fft::status_t<CONFIG_T>*, hls::ip_fft::config_t<CONFIG_T>*)’
   void fft(
        ^~~
/tools/Xilinx/Vitis_HLS/2023.2/include/etc/hls_fft_x_complex.h:729:8: note:   template argument deduction/substitution failed:
../../../../pfb_fft.cpp:31:23: note:   cannot convert ‘ch0_in’ (type ‘hls::stream<std::complex<ap_fixed<16, 1, (ap_q_mode)5, (ap_o_mode)2> > >’) to type ‘std::complex<ap_fixed<16, 1, (ap_q_mode)5, (ap_o_mode)3> >*’
     hls::fft<config1>(ch0_in, ch0_out, stat0_s, cfg0_s);
                       ^~~~~~
In file included from /tools/Xilinx/Vitis_HLS/2023.2/include/hls_fft.h:865,
                 from ../../../../pfb.h:8,
                 from ../../../../pfb_fft.cpp:1:
/tools/Xilinx/Vitis_HLS/2023.2/include/etc/hls_fft_x_complex.h:754:8: note: candidate: ‘template<class CONFIG_T> void hls::fft(std::complex<ap_fixed<(((CONFIG_T::input_width + 7) / 8) * 8), 1> > (*)[(1 << CONFIG_T::max_nfft)], std::complex<ap_fixed<(((CONFIG_T::output_width + 7) / 8) * 8), (((((CONFIG_T::output_width + 7) / 8) * 8) - CONFIG_T::input_width) + 1)> > (*)[(1 << CONFIG_T::max_nfft)], hls::ip_fft::status_t<CONFIG_T>*, hls::ip_fft::config_t<CONFIG_T>*)’
   void fft(
        ^~~
/tools/Xilinx/Vitis_HLS/2023.2/include/etc/hls_fft_x_complex.h:754:8: note:   template argument deduction/substitution failed:
../../../../pfb_fft.cpp:31:23: note:   cannot convert ‘ch0_in’ (type ‘hls::stream<std::complex<ap_fixed<16, 1, (ap_q_mode)5, (ap_o_mode)2> > >’) to type ‘std::complex<ap_fixed<16, 1, (ap_q_mode)5, (ap_o_mode)3> > (*)[1024]’
     hls::fft<config1>(ch0_in, ch0_out, stat0_s, cfg0_s);
                       ^~~~~~
In file included from /tools/Xilinx/Vitis_HLS/2023.2/include/hls_fft.h:865,
                 from ../../../../pfb.h:8,
                 from ../../../../pfb_fft.cpp:1:
/tools/Xilinx/Vitis_HLS/2023.2/include/etc/hls_fft_x_complex.h:953:8: note: candidate: ‘template<class CONFIG_T> void hls::fft(hls::stream<std::complex<float> >&, hls::stream<std::complex<float> >&, hls::stream<hls::ip_fft::status_t<CONFIG_T> >&, hls::stream<hls::ip_fft::config_t<CONFIG_T> >&)’
   void fft(hls::stream<complex<float>> &xn_s,
        ^~~
/tools/Xilinx/Vitis_HLS/2023.2/include/etc/hls_fft_x_complex.h:953:8: note:   template argument deduction/substitution failed:
../../../../pfb_fft.cpp:31:23: note:   cannot convert ‘ch0_in’ (type ‘hls::stream<std::complex<ap_fixed<16, 1, (ap_q_mode)5, (ap_o_mode)2> > >’) to type ‘hls::stream<std::complex<float> >&’
     hls::fft<config1>(ch0_in, ch0_out, stat0_s, cfg0_s);
                       ^~~~~~
In file included from /tools/Xilinx/Vitis_HLS/2023.2/include/hls_fft.h:865,
                 from ../../../../pfb.h:8,
                 from ../../../../pfb_fft.cpp:1:
/tools/Xilinx/Vitis_HLS/2023.2/include/etc/hls_fft_x_complex.h:982:8: note: candidate: ‘template<class CONFIG_T> void hls::fft(std::complex<float>*, std::complex<float>*, hls::ip_fft::status_t<CONFIG_T>*, hls::ip_fft::config_t<CONFIG_T>*)’
   void fft(complex<float> xn[1 << CONFIG_T::max_nfft],
        ^~~
/tools/Xilinx/Vitis_HLS/2023.2/include/etc/hls_fft_x_complex.h:982:8: note:   template argument deduction/substitution failed:
../../../../pfb_fft.cpp:31:23: note:   cannot convert ‘ch0_in’ (type ‘hls::stream<std::complex<ap_fixed<16, 1, (ap_q_mode)5, (ap_o_mode)2> > >’) to type ‘std::complex<float>*’
     hls::fft<config1>(ch0_in, ch0_out, stat0_s, cfg0_s);
                       ^~~~~~
In file included from /tools/Xilinx/Vitis_HLS/2023.2/include/hls_fft.h:865,
                 from ../../../../pfb.h:8,
                 from ../../../../pfb_fft.cpp:1:
/tools/Xilinx/Vitis_HLS/2023.2/include/etc/hls_fft_x_complex.h:1006:8: note: candidate: ‘template<class CONFIG_T> void hls::fft(hls::x_complex<ap_fixed<(((CONFIG_T::input_width + 7) / 8) * 8), 1> >*, hls::x_complex<ap_fixed<(((CONFIG_T::output_width + 7) / 8) * 8), (((((CONFIG_T::output_width + 7) / 8) * 8) - CONFIG_T::input_width) + 1)> >*, hls::ip_fft::status_t<CONFIG_T>*, hls::ip_fft::config_t<CONFIG_T>*)’
   void fft(
        ^~~
/tools/Xilinx/Vitis_HLS/2023.2/include/etc/hls_fft_x_complex.h:1006:8: note:   template argument deduction/substitution failed:
../../../../pfb_fft.cpp:31:23: note:   cannot convert ‘ch0_in’ (type ‘hls::stream<std::complex<ap_fixed<16, 1, (ap_q_mode)5, (ap_o_mode)2> > >’) to type ‘hls::x_complex<ap_fixed<16, 1, (ap_q_mode)5, (ap_o_mode)3> >*’
     hls::fft<config1>(ch0_in, ch0_out, stat0_s, cfg0_s);
                       ^~~~~~
In file included from /tools/Xilinx/Vitis_HLS/2023.2/include/hls_fft.h:865,
                 from ../../../../pfb.h:8,
                 from ../../../../pfb_fft.cpp:1:
/tools/Xilinx/Vitis_HLS/2023.2/include/etc/hls_fft_x_complex.h:1034:8: note: candidate: ‘template<class CONFIG_T> void hls::fft(hls::x_complex<ap_fixed<(((CONFIG_T::input_width + 7) / 8) * 8), 1> > (*)[(1 << CONFIG_T::max_nfft)], hls::x_complex<ap_fixed<(((CONFIG_T::output_width + 7) / 8) * 8), (((((CONFIG_T::output_width + 7) / 8) * 8) - CONFIG_T::input_width) + 1)> > (*)[(1 << CONFIG_T::max_nfft)], hls::ip_fft::status_t<CONFIG_T>*, hls::ip_fft::config_t<CONFIG_T>*)’
   void fft(
        ^~~
/tools/Xilinx/Vitis_HLS/2023.2/include/etc/hls_fft_x_complex.h:1034:8: note:   template argument deduction/substitution failed:
../../../../pfb_fft.cpp:31:23: note:   cannot convert ‘ch0_in’ (type ‘hls::stream<std::complex<ap_fixed<16, 1, (ap_q_mode)5, (ap_o_mode)2> > >’) to type ‘hls::x_complex<ap_fixed<16, 1, (ap_q_mode)5, (ap_o_mode)3> > (*)[1024]’
     hls::fft<config1>(ch0_in, ch0_out, stat0_s, cfg0_s);
                       ^~~~~~
In file included from /tools/Xilinx/Vitis_HLS/2023.2/include/hls_fft.h:865,
                 from ../../../../pfb.h:8,
                 from ../../../../pfb_fft.cpp:1:
/tools/Xilinx/Vitis_HLS/2023.2/include/etc/hls_fft_x_complex.h:1067:8: note: candidate: ‘template<class CONFIG_T> void hls::fft(hls::x_complex<float>*, hls::x_complex<float>*, hls::ip_fft::status_t<CONFIG_T>*, hls::ip_fft::config_t<CONFIG_T>*)’
   void fft(
        ^~~
/tools/Xilinx/Vitis_HLS/2023.2/include/etc/hls_fft_x_complex.h:1067:8: note:   template argument deduction/substitution failed:
../../../../pfb_fft.cpp:31:23: note:   cannot convert ‘ch0_in’ (type ‘hls::stream<std::complex<ap_fixed<16, 1, (ap_q_mode)5, (ap_o_mode)2> > >’) to type ‘hls::x_complex<float>*’
     hls::fft<config1>(ch0_in, ch0_out, stat0_s, cfg0_s);
                       ^~~~~~
../../../../pfb_fft.cpp:32:55: error: no matching function for call to ‘fft<config1>(hls::stream<std::complex<ap_fixed<16, 1, (ap_q_mode)5, (ap_o_mode)2> > >&, hls::stream<std::complex<ap_fixed<16, 1, (ap_q_mode)5, (ap_o_mode)2> > >&, hls::stream<hls::ip_fft::status_t<config1> >&, hls::stream<hls::ip_fft::config_t<config1> >&)’
     hls::fft<config1>(ch1_in, ch1_out, stat1_s, cfg1_s);
                                                       ^
In file included from /tools/Xilinx/Vitis_HLS/2023.2/include/hls_fft.h:865,
                 from ../../../../pfb.h:8,
                 from ../../../../pfb_fft.cpp:1:
/tools/Xilinx/Vitis_HLS/2023.2/include/etc/hls_fft_x_complex.h:696:8: note: candidate: ‘template<class CONFIG_T> void hls::fft(hls::stream<std::complex<ap_fixed<(((CONFIG_T::input_width + 7) / 8) * 8), 1> > >&, hls::stream<std::complex<ap_fixed<(((CONFIG_T::output_width + 7) / 8) * 8), (((((CONFIG_T::output_width + 7) / 8) * 8) - CONFIG_T::input_width) + 1)> > >&, hls::stream<hls::ip_fft::status_t<CONFIG_T> >&, hls::stream<hls::ip_fft::config_t<CONFIG_T> >&)’
   void fft(
        ^~~
/tools/Xilinx/Vitis_HLS/2023.2/include/etc/hls_fft_x_complex.h:696:8: note:   template argument deduction/substitution failed:
../../../../pfb_fft.cpp:32:23: note:   cannot convert ‘ch1_in’ (type ‘hls::stream<std::complex<ap_fixed<16, 1, (ap_q_mode)5, (ap_o_mode)2> > >’) to type ‘hls::stream<std::complex<ap_fixed<16, 1, (ap_q_mode)5, (ap_o_mode)3> >, 0>&’
     hls::fft<config1>(ch1_in, ch1_out, stat1_s, cfg1_s);
                       ^~~~~~
In file included from /tools/Xilinx/Vitis_HLS/2023.2/include/hls_fft.h:865,
                 from ../../../../pfb.h:8,
                 from ../../../../pfb_fft.cpp:1:
/tools/Xilinx/Vitis_HLS/2023.2/include/etc/hls_fft_x_complex.h:729:8: note: candidate: ‘template<class CONFIG_T> void hls::fft(std::complex<ap_fixed<(((CONFIG_T::input_width + 7) / 8) * 8), 1> >*, std::complex<ap_fixed<(((CONFIG_T::output_width + 7) / 8) * 8), (((((CONFIG_T::output_width + 7) / 8) * 8) - CONFIG_T::input_width) + 1)> >*, hls::ip_fft::status_t<CONFIG_T>*, hls::ip_fft::config_t<CONFIG_T>*)’
   void fft(
        ^~~
/tools/Xilinx/Vitis_HLS/2023.2/include/etc/hls_fft_x_complex.h:729:8: note:   template argument deduction/substitution failed:
../../../../pfb_fft.cpp:32:23: note:   cannot convert ‘ch1_in’ (type ‘hls::stream<std::complex<ap_fixed<16, 1, (ap_q_mode)5, (ap_o_mode)2> > >’) to type ‘std::complex<ap_fixed<16, 1, (ap_q_mode)5, (ap_o_mode)3> >*’
     hls::fft<config1>(ch1_in, ch1_out, stat1_s, cfg1_s);
                       ^~~~~~
In file included from /tools/Xilinx/Vitis_HLS/2023.2/include/hls_fft.h:865,
                 from ../../../../pfb.h:8,
                 from ../../../../pfb_fft.cpp:1:
/tools/Xilinx/Vitis_HLS/2023.2/include/etc/hls_fft_x_complex.h:754:8: note: candidate: ‘template<class CONFIG_T> void hls::fft(std::complex<ap_fixed<(((CONFIG_T::input_width + 7) / 8) * 8), 1> > (*)[(1 << CONFIG_T::max_nfft)], std::complex<ap_fixed<(((CONFIG_T::output_width + 7) / 8) * 8), (((((CONFIG_T::output_width + 7) / 8) * 8) - CONFIG_T::input_width) + 1)> > (*)[(1 << CONFIG_T::max_nfft)], hls::ip_fft::status_t<CONFIG_T>*, hls::ip_fft::config_t<CONFIG_T>*)’
   void fft(
        ^~~
/tools/Xilinx/Vitis_HLS/2023.2/include/etc/hls_fft_x_complex.h:754:8: note:   template argument deduction/substitution failed:
../../../../pfb_fft.cpp:32:23: note:   cannot convert ‘ch1_in’ (type ‘hls::stream<std::complex<ap_fixed<16, 1, (ap_q_mode)5, (ap_o_mode)2> > >’) to type ‘std::complex<ap_fixed<16, 1, (ap_q_mode)5, (ap_o_mode)3> > (*)[1024]’
     hls::fft<config1>(ch1_in, ch1_out, stat1_s, cfg1_s);
                       ^~~~~~
In file included from /tools/Xilinx/Vitis_HLS/2023.2/include/hls_fft.h:865,
                 from ../../../../pfb.h:8,
                 from ../../../../pfb_fft.cpp:1:
/tools/Xilinx/Vitis_HLS/2023.2/include/etc/hls_fft_x_complex.h:953:8: note: candidate: ‘template<class CONFIG_T> void hls::fft(hls::stream<std::complex<float> >&, hls::stream<std::complex<float> >&, hls::stream<hls::ip_fft::status_t<CONFIG_T> >&, hls::stream<hls::ip_fft::config_t<CONFIG_T> >&)’
   void fft(hls::stream<complex<float>> &xn_s,
        ^~~
/tools/Xilinx/Vitis_HLS/2023.2/include/etc/hls_fft_x_complex.h:953:8: note:   template argument deduction/substitution failed:
../../../../pfb_fft.cpp:32:23: note:   cannot convert ‘ch1_in’ (type ‘hls::stream<std::complex<ap_fixed<16, 1, (ap_q_mode)5, (ap_o_mode)2> > >’) to type ‘hls::stream<std::complex<float> >&’
     hls::fft<config1>(ch1_in, ch1_out, stat1_s, cfg1_s);
                       ^~~~~~
In file included from /tools/Xilinx/Vitis_HLS/2023.2/include/hls_fft.h:865,
                 from ../../../../pfb.h:8,
                 from ../../../../pfb_fft.cpp:1:
/tools/Xilinx/Vitis_HLS/2023.2/include/etc/hls_fft_x_complex.h:982:8: note: candidate: ‘template<class CONFIG_T> void hls::fft(std::complex<float>*, std::complex<float>*, hls::ip_fft::status_t<CONFIG_T>*, hls::ip_fft::config_t<CONFIG_T>*)’
   void fft(complex<float> xn[1 << CONFIG_T::max_nfft],
        ^~~
/tools/Xilinx/Vitis_HLS/2023.2/include/etc/hls_fft_x_complex.h:982:8: note:   template argument deduction/substitution failed:
../../../../pfb_fft.cpp:32:23: note:   cannot convert ‘ch1_in’ (type ‘hls::stream<std::complex<ap_fixed<16, 1, (ap_q_mode)5, (ap_o_mode)2> > >’) to type ‘std::complex<float>*’
     hls::fft<config1>(ch1_in, ch1_out, stat1_s, cfg1_s);
                       ^~~~~~
In file included from /tools/Xilinx/Vitis_HLS/2023.2/include/hls_fft.h:865,
                 from ../../../../pfb.h:8,
                 from ../../../../pfb_fft.cpp:1:
/tools/Xilinx/Vitis_HLS/2023.2/include/etc/hls_fft_x_complex.h:1006:8: note: candidate: ‘template<class CONFIG_T> void hls::fft(hls::x_complex<ap_fixed<(((CONFIG_T::input_width + 7) / 8) * 8), 1> >*, hls::x_complex<ap_fixed<(((CONFIG_T::output_width + 7) / 8) * 8), (((((CONFIG_T::output_width + 7) / 8) * 8) - CONFIG_T::input_width) + 1)> >*, hls::ip_fft::status_t<CONFIG_T>*, hls::ip_fft::config_t<CONFIG_T>*)’
   void fft(
        ^~~
/tools/Xilinx/Vitis_HLS/2023.2/include/etc/hls_fft_x_complex.h:1006:8: note:   template argument deduction/substitution failed:
../../../../pfb_fft.cpp:32:23: note:   cannot convert ‘ch1_in’ (type ‘hls::stream<std::complex<ap_fixed<16, 1, (ap_q_mode)5, (ap_o_mode)2> > >’) to type ‘hls::x_complex<ap_fixed<16, 1, (ap_q_mode)5, (ap_o_mode)3> >*’
     hls::fft<config1>(ch1_in, ch1_out, stat1_s, cfg1_s);
                       ^~~~~~
In file included from /tools/Xilinx/Vitis_HLS/2023.2/include/hls_fft.h:865,
                 from ../../../../pfb.h:8,
                 from ../../../../pfb_fft.cpp:1:
/tools/Xilinx/Vitis_HLS/2023.2/include/etc/hls_fft_x_complex.h:1034:8: note: candidate: ‘template<class CONFIG_T> void hls::fft(hls::x_complex<ap_fixed<(((CONFIG_T::input_width + 7) / 8) * 8), 1> > (*)[(1 << CONFIG_T::max_nfft)], hls::x_complex<ap_fixed<(((CONFIG_T::output_width + 7) / 8) * 8), (((((CONFIG_T::output_width + 7) / 8) * 8) - CONFIG_T::input_width) + 1)> > (*)[(1 << CONFIG_T::max_nfft)], hls::ip_fft::status_t<CONFIG_T>*, hls::ip_fft::config_t<CONFIG_T>*)’
   void fft(
        ^~~
/tools/Xilinx/Vitis_HLS/2023.2/include/etc/hls_fft_x_complex.h:1034:8: note:   template argument deduction/substitution failed:
../../../../pfb_fft.cpp:32:23: note:   cannot convert ‘ch1_in’ (type ‘hls::stream<std::complex<ap_fixed<16, 1, (ap_q_mode)5, (ap_o_mode)2> > >’) to type ‘hls::x_complex<ap_fixed<16, 1, (ap_q_mode)5, (ap_o_mode)3> > (*)[1024]’
     hls::fft<config1>(ch1_in, ch1_out, stat1_s, cfg1_s);
                       ^~~~~~
In file included from /tools/Xilinx/Vitis_HLS/2023.2/include/hls_fft.h:865,
                 from ../../../../pfb.h:8,
                 from ../../../../pfb_fft.cpp:1:
/tools/Xilinx/Vitis_HLS/2023.2/include/etc/hls_fft_x_complex.h:1067:8: note: candidate: ‘template<class CONFIG_T> void hls::fft(hls::x_complex<float>*, hls::x_complex<float>*, hls::ip_fft::status_t<CONFIG_T>*, hls::ip_fft::config_t<CONFIG_T>*)’
   void fft(
        ^~~
/tools/Xilinx/Vitis_HLS/2023.2/include/etc/hls_fft_x_complex.h:1067:8: note:   template argument deduction/substitution failed:
../../../../pfb_fft.cpp:32:23: note:   cannot convert ‘ch1_in’ (type ‘hls::stream<std::complex<ap_fixed<16, 1, (ap_q_mode)5, (ap_o_mode)2> > >’) to type ‘hls::x_complex<float>*’
     hls::fft<config1>(ch1_in, ch1_out, stat1_s, cfg1_s);
                       ^~~~~~
../../../../pfb_fft.cpp:33:55: error: no matching function for call to ‘fft<config1>(hls::stream<std::complex<ap_fixed<16, 1, (ap_q_mode)5, (ap_o_mode)2> > >&, hls::stream<std::complex<ap_fixed<16, 1, (ap_q_mode)5, (ap_o_mode)2> > >&, hls::stream<hls::ip_fft::status_t<config1> >&, hls::stream<hls::ip_fft::config_t<config1> >&)’
     hls::fft<config1>(ch2_in, ch2_out, stat2_s, cfg2_s);
                                                       ^
In file included from /tools/Xilinx/Vitis_HLS/2023.2/include/hls_fft.h:865,
                 from ../../../../pfb.h:8,
                 from ../../../../pfb_fft.cpp:1:
/tools/Xilinx/Vitis_HLS/2023.2/include/etc/hls_fft_x_complex.h:696:8: note: candidate: ‘template<class CONFIG_T> void hls::fft(hls::stream<std::complex<ap_fixed<(((CONFIG_T::input_width + 7) / 8) * 8), 1> > >&, hls::stream<std::complex<ap_fixed<(((CONFIG_T::output_width + 7) / 8) * 8), (((((CONFIG_T::output_width + 7) / 8) * 8) - CONFIG_T::input_width) + 1)> > >&, hls::stream<hls::ip_fft::status_t<CONFIG_T> >&, hls::stream<hls::ip_fft::config_t<CONFIG_T> >&)’
   void fft(
        ^~~
/tools/Xilinx/Vitis_HLS/2023.2/include/etc/hls_fft_x_complex.h:696:8: note:   template argument deduction/substitution failed:
../../../../pfb_fft.cpp:33:23: note:   cannot convert ‘ch2_in’ (type ‘hls::stream<std::complex<ap_fixed<16, 1, (ap_q_mode)5, (ap_o_mode)2> > >’) to type ‘hls::stream<std::complex<ap_fixed<16, 1, (ap_q_mode)5, (ap_o_mode)3> >, 0>&’
     hls::fft<config1>(ch2_in, ch2_out, stat2_s, cfg2_s);
                       ^~~~~~
In file included from /tools/Xilinx/Vitis_HLS/2023.2/include/hls_fft.h:865,
                 from ../../../../pfb.h:8,
                 from ../../../../pfb_fft.cpp:1:
/tools/Xilinx/Vitis_HLS/2023.2/include/etc/hls_fft_x_complex.h:729:8: note: candidate: ‘template<class CONFIG_T> void hls::fft(std::complex<ap_fixed<(((CONFIG_T::input_width + 7) / 8) * 8), 1> >*, std::complex<ap_fixed<(((CONFIG_T::output_width + 7) / 8) * 8), (((((CONFIG_T::output_width + 7) / 8) * 8) - CONFIG_T::input_width) + 1)> >*, hls::ip_fft::status_t<CONFIG_T>*, hls::ip_fft::config_t<CONFIG_T>*)’
   void fft(
        ^~~
/tools/Xilinx/Vitis_HLS/2023.2/include/etc/hls_fft_x_complex.h:729:8: note:   template argument deduction/substitution failed:
../../../../pfb_fft.cpp:33:23: note:   cannot convert ‘ch2_in’ (type ‘hls::stream<std::complex<ap_fixed<16, 1, (ap_q_mode)5, (ap_o_mode)2> > >’) to type ‘std::complex<ap_fixed<16, 1, (ap_q_mode)5, (ap_o_mode)3> >*’
     hls::fft<config1>(ch2_in, ch2_out, stat2_s, cfg2_s);
                       ^~~~~~
In file included from /tools/Xilinx/Vitis_HLS/2023.2/include/hls_fft.h:865,
                 from ../../../../pfb.h:8,
                 from ../../../../pfb_fft.cpp:1:
/tools/Xilinx/Vitis_HLS/2023.2/include/etc/hls_fft_x_complex.h:754:8: note: candidate: ‘template<class CONFIG_T> void hls::fft(std::complex<ap_fixed<(((CONFIG_T::input_width + 7) / 8) * 8), 1> > (*)[(1 << CONFIG_T::max_nfft)], std::complex<ap_fixed<(((CONFIG_T::output_width + 7) / 8) * 8), (((((CONFIG_T::output_width + 7) / 8) * 8) - CONFIG_T::input_width) + 1)> > (*)[(1 << CONFIG_T::max_nfft)], hls::ip_fft::status_t<CONFIG_T>*, hls::ip_fft::config_t<CONFIG_T>*)’
   void fft(
        ^~~
/tools/Xilinx/Vitis_HLS/2023.2/include/etc/hls_fft_x_complex.h:754:8: note:   template argument deduction/substitution failed:
../../../../pfb_fft.cpp:33:23: note:   cannot convert ‘ch2_in’ (type ‘hls::stream<std::complex<ap_fixed<16, 1, (ap_q_mode)5, (ap_o_mode)2> > >’) to type ‘std::complex<ap_fixed<16, 1, (ap_q_mode)5, (ap_o_mode)3> > (*)[1024]’
     hls::fft<config1>(ch2_in, ch2_out, stat2_s, cfg2_s);
                       ^~~~~~
In file included from /tools/Xilinx/Vitis_HLS/2023.2/include/hls_fft.h:865,
                 from ../../../../pfb.h:8,
                 from ../../../../pfb_fft.cpp:1:
/tools/Xilinx/Vitis_HLS/2023.2/include/etc/hls_fft_x_complex.h:953:8: note: candidate: ‘template<class CONFIG_T> void hls::fft(hls::stream<std::complex<float> >&, hls::stream<std::complex<float> >&, hls::stream<hls::ip_fft::status_t<CONFIG_T> >&, hls::stream<hls::ip_fft::config_t<CONFIG_T> >&)’
   void fft(hls::stream<complex<float>> &xn_s,
        ^~~
/tools/Xilinx/Vitis_HLS/2023.2/include/etc/hls_fft_x_complex.h:953:8: note:   template argument deduction/substitution failed:
../../../../pfb_fft.cpp:33:23: note:   cannot convert ‘ch2_in’ (type ‘hls::stream<std::complex<ap_fixed<16, 1, (ap_q_mode)5, (ap_o_mode)2> > >’) to type ‘hls::stream<std::complex<float> >&’
     hls::fft<config1>(ch2_in, ch2_out, stat2_s, cfg2_s);
                       ^~~~~~
In file included from /tools/Xilinx/Vitis_HLS/2023.2/include/hls_fft.h:865,
                 from ../../../../pfb.h:8,
                 from ../../../../pfb_fft.cpp:1:
/tools/Xilinx/Vitis_HLS/2023.2/include/etc/hls_fft_x_complex.h:982:8: note: candidate: ‘template<class CONFIG_T> void hls::fft(std::complex<float>*, std::complex<float>*, hls::ip_fft::status_t<CONFIG_T>*, hls::ip_fft::config_t<CONFIG_T>*)’
   void fft(complex<float> xn[1 << CONFIG_T::max_nfft],
        ^~~
/tools/Xilinx/Vitis_HLS/2023.2/include/etc/hls_fft_x_complex.h:982:8: note:   template argument deduction/substitution failed:
../../../../pfb_fft.cpp:33:23: note:   cannot convert ‘ch2_in’ (type ‘hls::stream<std::complex<ap_fixed<16, 1, (ap_q_mode)5, (ap_o_mode)2> > >’) to type ‘std::complex<float>*’
     hls::fft<config1>(ch2_in, ch2_out, stat2_s, cfg2_s);
                       ^~~~~~
In file included from /tools/Xilinx/Vitis_HLS/2023.2/include/hls_fft.h:865,
                 from ../../../../pfb.h:8,
                 from ../../../../pfb_fft.cpp:1:
/tools/Xilinx/Vitis_HLS/2023.2/include/etc/hls_fft_x_complex.h:1006:8: note: candidate: ‘template<class CONFIG_T> void hls::fft(hls::x_complex<ap_fixed<(((CONFIG_T::input_width + 7) / 8) * 8), 1> >*, hls::x_complex<ap_fixed<(((CONFIG_T::output_width + 7) / 8) * 8), (((((CONFIG_T::output_width + 7) / 8) * 8) - CONFIG_T::input_width) + 1)> >*, hls::ip_fft::status_t<CONFIG_T>*, hls::ip_fft::config_t<CONFIG_T>*)’
   void fft(
        ^~~
/tools/Xilinx/Vitis_HLS/2023.2/include/etc/hls_fft_x_complex.h:1006:8: note:   template argument deduction/substitution failed:
../../../../pfb_fft.cpp:33:23: note:   cannot convert ‘ch2_in’ (type ‘hls::stream<std::complex<ap_fixed<16, 1, (ap_q_mode)5, (ap_o_mode)2> > >’) to type ‘hls::x_complex<ap_fixed<16, 1, (ap_q_mode)5, (ap_o_mode)3> >*’
     hls::fft<config1>(ch2_in, ch2_out, stat2_s, cfg2_s);
                       ^~~~~~
In file included from /tools/Xilinx/Vitis_HLS/2023.2/include/hls_fft.h:865,
                 from ../../../../pfb.h:8,
                 from ../../../../pfb_fft.cpp:1:
/tools/Xilinx/Vitis_HLS/2023.2/include/etc/hls_fft_x_complex.h:1034:8: note: candidate: ‘template<class CONFIG_T> void hls::fft(hls::x_complex<ap_fixed<(((CONFIG_T::input_width + 7) / 8) * 8), 1> > (*)[(1 << CONFIG_T::max_nfft)], hls::x_complex<ap_fixed<(((CONFIG_T::output_width + 7) / 8) * 8), (((((CONFIG_T::output_width + 7) / 8) * 8) - CONFIG_T::input_width) + 1)> > (*)[(1 << CONFIG_T::max_nfft)], hls::ip_fft::status_t<CONFIG_T>*, hls::ip_fft::config_t<CONFIG_T>*)’
   void fft(
        ^~~
/tools/Xilinx/Vitis_HLS/2023.2/include/etc/hls_fft_x_complex.h:1034:8: note:   template argument deduction/substitution failed:
../../../../pfb_fft.cpp:33:23: note:   cannot convert ‘ch2_in’ (type ‘hls::stream<std::complex<ap_fixed<16, 1, (ap_q_mode)5, (ap_o_mode)2> > >’) to type ‘hls::x_complex<ap_fixed<16, 1, (ap_q_mode)5, (ap_o_mode)3> > (*)[1024]’
     hls::fft<config1>(ch2_in, ch2_out, stat2_s, cfg2_s);
                       ^~~~~~
In file included from /tools/Xilinx/Vitis_HLS/2023.2/include/hls_fft.h:865,
                 from ../../../../pfb.h:8,
                 from ../../../../pfb_fft.cpp:1:
/tools/Xilinx/Vitis_HLS/2023.2/include/etc/hls_fft_x_complex.h:1067:8: note: candidate: ‘template<class CONFIG_T> void hls::fft(hls::x_complex<float>*, hls::x_complex<float>*, hls::ip_fft::status_t<CONFIG_T>*, hls::ip_fft::config_t<CONFIG_T>*)’
   void fft(
        ^~~
/tools/Xilinx/Vitis_HLS/2023.2/include/etc/hls_fft_x_complex.h:1067:8: note:   template argument deduction/substitution failed:
../../../../pfb_fft.cpp:33:23: note:   cannot convert ‘ch2_in’ (type ‘hls::stream<std::complex<ap_fixed<16, 1, (ap_q_mode)5, (ap_o_mode)2> > >’) to type ‘hls::x_complex<float>*’
     hls::fft<config1>(ch2_in, ch2_out, stat2_s, cfg2_s);
                       ^~~~~~
../../../../pfb_fft.cpp:34:55: error: no matching function for call to ‘fft<config1>(hls::stream<std::complex<ap_fixed<16, 1, (ap_q_mode)5, (ap_o_mode)2> > >&, hls::stream<std::complex<ap_fixed<16, 1, (ap_q_mode)5, (ap_o_mode)2> > >&, hls::stream<hls::ip_fft::status_t<config1> >&, hls::stream<hls::ip_fft::config_t<config1> >&)’
     hls::fft<config1>(ch3_in, ch3_out, stat3_s, cfg3_s);
                                                       ^
In file included from /tools/Xilinx/Vitis_HLS/2023.2/include/hls_fft.h:865,
                 from ../../../../pfb.h:8,
                 from ../../../../pfb_fft.cpp:1:
/tools/Xilinx/Vitis_HLS/2023.2/include/etc/hls_fft_x_complex.h:696:8: note: candidate: ‘template<class CONFIG_T> void hls::fft(hls::stream<std::complex<ap_fixed<(((CONFIG_T::input_width + 7) / 8) * 8), 1> > >&, hls::stream<std::complex<ap_fixed<(((CONFIG_T::output_width + 7) / 8) * 8), (((((CONFIG_T::output_width + 7) / 8) * 8) - CONFIG_T::input_width) + 1)> > >&, hls::stream<hls::ip_fft::status_t<CONFIG_T> >&, hls::stream<hls::ip_fft::config_t<CONFIG_T> >&)’
   void fft(
        ^~~
/tools/Xilinx/Vitis_HLS/2023.2/include/etc/hls_fft_x_complex.h:696:8: note:   template argument deduction/substitution failed:
../../../../pfb_fft.cpp:34:23: note:   cannot convert ‘ch3_in’ (type ‘hls::stream<std::complex<ap_fixed<16, 1, (ap_q_mode)5, (ap_o_mode)2> > >’) to type ‘hls::stream<std::complex<ap_fixed<16, 1, (ap_q_mode)5, (ap_o_mode)3> >, 0>&’
     hls::fft<config1>(ch3_in, ch3_out, stat3_s, cfg3_s);
                       ^~~~~~
In file included from /tools/Xilinx/Vitis_HLS/2023.2/include/hls_fft.h:865,
                 from ../../../../pfb.h:8,
                 from ../../../../pfb_fft.cpp:1:
/tools/Xilinx/Vitis_HLS/2023.2/include/etc/hls_fft_x_complex.h:729:8: note: candidate: ‘template<class CONFIG_T> void hls::fft(std::complex<ap_fixed<(((CONFIG_T::input_width + 7) / 8) * 8), 1> >*, std::complex<ap_fixed<(((CONFIG_T::output_width + 7) / 8) * 8), (((((CONFIG_T::output_width + 7) / 8) * 8) - CONFIG_T::input_width) + 1)> >*, hls::ip_fft::status_t<CONFIG_T>*, hls::ip_fft::config_t<CONFIG_T>*)’
   void fft(
        ^~~
/tools/Xilinx/Vitis_HLS/2023.2/include/etc/hls_fft_x_complex.h:729:8: note:   template argument deduction/substitution failed:
../../../../pfb_fft.cpp:34:23: note:   cannot convert ‘ch3_in’ (type ‘hls::stream<std::complex<ap_fixed<16, 1, (ap_q_mode)5, (ap_o_mode)2> > >’) to type ‘std::complex<ap_fixed<16, 1, (ap_q_mode)5, (ap_o_mode)3> >*’
     hls::fft<config1>(ch3_in, ch3_out, stat3_s, cfg3_s);
                       ^~~~~~
In file included from /tools/Xilinx/Vitis_HLS/2023.2/include/hls_fft.h:865,
                 from ../../../../pfb.h:8,
                 from ../../../../pfb_fft.cpp:1:
/tools/Xilinx/Vitis_HLS/2023.2/include/etc/hls_fft_x_complex.h:754:8: note: candidate: ‘template<class CONFIG_T> void hls::fft(std::complex<ap_fixed<(((CONFIG_T::input_width + 7) / 8) * 8), 1> > (*)[(1 << CONFIG_T::max_nfft)], std::complex<ap_fixed<(((CONFIG_T::output_width + 7) / 8) * 8), (((((CONFIG_T::output_width + 7) / 8) * 8) - CONFIG_T::input_width) + 1)> > (*)[(1 << CONFIG_T::max_nfft)], hls::ip_fft::status_t<CONFIG_T>*, hls::ip_fft::config_t<CONFIG_T>*)’
   void fft(
        ^~~
/tools/Xilinx/Vitis_HLS/2023.2/include/etc/hls_fft_x_complex.h:754:8: note:   template argument deduction/substitution failed:
../../../../pfb_fft.cpp:34:23: note:   cannot convert ‘ch3_in’ (type ‘hls::stream<std::complex<ap_fixed<16, 1, (ap_q_mode)5, (ap_o_mode)2> > >’) to type ‘std::complex<ap_fixed<16, 1, (ap_q_mode)5, (ap_o_mode)3> > (*)[1024]’
     hls::fft<config1>(ch3_in, ch3_out, stat3_s, cfg3_s);
                       ^~~~~~
In file included from /tools/Xilinx/Vitis_HLS/2023.2/include/hls_fft.h:865,
                 from ../../../../pfb.h:8,
                 from ../../../../pfb_fft.cpp:1:
/tools/Xilinx/Vitis_HLS/2023.2/include/etc/hls_fft_x_complex.h:953:8: note: candidate: ‘template<class CONFIG_T> void hls::fft(hls::stream<std::complex<float> >&, hls::stream<std::complex<float> >&, hls::stream<hls::ip_fft::status_t<CONFIG_T> >&, hls::stream<hls::ip_fft::config_t<CONFIG_T> >&)’
   void fft(hls::stream<complex<float>> &xn_s,
        ^~~
/tools/Xilinx/Vitis_HLS/2023.2/include/etc/hls_fft_x_complex.h:953:8: note:   template argument deduction/substitution failed:
../../../../pfb_fft.cpp:34:23: note:   cannot convert ‘ch3_in’ (type ‘hls::stream<std::complex<ap_fixed<16, 1, (ap_q_mode)5, (ap_o_mode)2> > >’) to type ‘hls::stream<std::complex<float> >&’
     hls::fft<config1>(ch3_in, ch3_out, stat3_s, cfg3_s);
                       ^~~~~~
In file included from /tools/Xilinx/Vitis_HLS/2023.2/include/hls_fft.h:865,
                 from ../../../../pfb.h:8,
                 from ../../../../pfb_fft.cpp:1:
/tools/Xilinx/Vitis_HLS/2023.2/include/etc/hls_fft_x_complex.h:982:8: note: candidate: ‘template<class CONFIG_T> void hls::fft(std::complex<float>*, std::complex<float>*, hls::ip_fft::status_t<CONFIG_T>*, hls::ip_fft::config_t<CONFIG_T>*)’
   void fft(complex<float> xn[1 << CONFIG_T::max_nfft],
        ^~~
/tools/Xilinx/Vitis_HLS/2023.2/include/etc/hls_fft_x_complex.h:982:8: note:   template argument deduction/substitution failed:
../../../../pfb_fft.cpp:34:23: note:   cannot convert ‘ch3_in’ (type ‘hls::stream<std::complex<ap_fixed<16, 1, (ap_q_mode)5, (ap_o_mode)2> > >’) to type ‘std::complex<float>*’
     hls::fft<config1>(ch3_in, ch3_out, stat3_s, cfg3_s);
                       ^~~~~~
In file included from /tools/Xilinx/Vitis_HLS/2023.2/include/hls_fft.h:865,
                 from ../../../../pfb.h:8,
                 from ../../../../pfb_fft.cpp:1:
/tools/Xilinx/Vitis_HLS/2023.2/include/etc/hls_fft_x_complex.h:1006:8: note: candidate: ‘template<class CONFIG_T> void hls::fft(hls::x_complex<ap_fixed<(((CONFIG_T::input_width + 7) / 8) * 8), 1> >*, hls::x_complex<ap_fixed<(((CONFIG_T::output_width + 7) / 8) * 8), (((((CONFIG_T::output_width + 7) / 8) * 8) - CONFIG_T::input_width) + 1)> >*, hls::ip_fft::status_t<CONFIG_T>*, hls::ip_fft::config_t<CONFIG_T>*)’
   void fft(
        ^~~
/tools/Xilinx/Vitis_HLS/2023.2/include/etc/hls_fft_x_complex.h:1006:8: note:   template argument deduction/substitution failed:
../../../../pfb_fft.cpp:34:23: note:   cannot convert ‘ch3_in’ (type ‘hls::stream<std::complex<ap_fixed<16, 1, (ap_q_mode)5, (ap_o_mode)2> > >’) to type ‘hls::x_complex<ap_fixed<16, 1, (ap_q_mode)5, (ap_o_mode)3> >*’
     hls::fft<config1>(ch3_in, ch3_out, stat3_s, cfg3_s);
                       ^~~~~~
In file included from /tools/Xilinx/Vitis_HLS/2023.2/include/hls_fft.h:865,
                 from ../../../../pfb.h:8,
                 from ../../../../pfb_fft.cpp:1:
/tools/Xilinx/Vitis_HLS/2023.2/include/etc/hls_fft_x_complex.h:1034:8: note: candidate: ‘template<class CONFIG_T> void hls::fft(hls::x_complex<ap_fixed<(((CONFIG_T::input_width + 7) / 8) * 8), 1> > (*)[(1 << CONFIG_T::max_nfft)], hls::x_complex<ap_fixed<(((CONFIG_T::output_width + 7) / 8) * 8), (((((CONFIG_T::output_width + 7) / 8) * 8) - CONFIG_T::input_width) + 1)> > (*)[(1 << CONFIG_T::max_nfft)], hls::ip_fft::status_t<CONFIG_T>*, hls::ip_fft::config_t<CONFIG_T>*)’
   void fft(
        ^~~
/tools/Xilinx/Vitis_HLS/2023.2/include/etc/hls_fft_x_complex.h:1034:8: note:   template argument deduction/substitution failed:
../../../../pfb_fft.cpp:34:23: note:   cannot convert ‘ch3_in’ (type ‘hls::stream<std::complex<ap_fixed<16, 1, (ap_q_mode)5, (ap_o_mode)2> > >’) to type ‘hls::x_complex<ap_fixed<16, 1, (ap_q_mode)5, (ap_o_mode)3> > (*)[1024]’
     hls::fft<config1>(ch3_in, ch3_out, stat3_s, cfg3_s);
                       ^~~~~~
In file included from /tools/Xilinx/Vitis_HLS/2023.2/include/hls_fft.h:865,
                 from ../../../../pfb.h:8,
                 from ../../../../pfb_fft.cpp:1:
/tools/Xilinx/Vitis_HLS/2023.2/include/etc/hls_fft_x_complex.h:1067:8: note: candidate: ‘template<class CONFIG_T> void hls::fft(hls::x_complex<float>*, hls::x_complex<float>*, hls::ip_fft::status_t<CONFIG_T>*, hls::ip_fft::config_t<CONFIG_T>*)’
   void fft(
        ^~~
/tools/Xilinx/Vitis_HLS/2023.2/include/etc/hls_fft_x_complex.h:1067:8: note:   template argument deduction/substitution failed:
../../../../pfb_fft.cpp:34:23: note:   cannot convert ‘ch3_in’ (type ‘hls::stream<std::complex<ap_fixed<16, 1, (ap_q_mode)5, (ap_o_mode)2> > >’) to type ‘hls::x_complex<float>*’
     hls::fft<config1>(ch3_in, ch3_out, stat3_s, cfg3_s);
                       ^~~~~~
make: *** [csim.mk:92: obj/pfb_fft.o] Error 1
ERROR: [SIM 211-100] 'csim_design' failed: compilation error(s).
INFO: [SIM 211-3] *************** CSIM finish ***************
INFO: [HLS 200-111] Finished Command csim_design CPU user time: 1.99 seconds. CPU system time: 0.15 seconds. Elapsed time: 2.14 seconds; current allocated memory: 0.211 MB.
INFO: [HLS 200-1510] Running: close_project 
ERROR: 4
INFO: [HLS 200-112] Total CPU user time: 2.72 seconds. Total CPU system time: 0.24 seconds. Total elapsed time: 2.9 seconds; peak allocated memory: 274.379 MB.
INFO: [Common 17-206] Exiting vitis_hls at Sat Jan 10 14:55:10 2026...
