INFO: [v++ 60-1548] Creating build summary session with primary output /home/brett/Documents/FX_Correlator/pfb/hls_pfb/hls_pfb/hls_pfb.hlscompile_summary, at Thu Jan  8 19:35:04 2026
INFO: [v++ 82-31] Launching vitis_hls: vitis_hls -nolog -run csynth -work_dir /home/brett/Documents/FX_Correlator/pfb/hls_pfb/hls_pfb -config /home/brett/Documents/FX_Correlator/pfb/hls_pfb/hls_config.cfg -cmdlineconfig /home/brett/Documents/FX_Correlator/pfb/hls_pfb/hls_pfb/hls/config.cmdline

****** Vitis HLS - High-Level Synthesis from C, C++ and OpenCL v2023.2 (64-bit)
  **** SW Build 4023990 on Oct 11 2023
  **** IP Build 4028589 on Sat Oct 14 00:45:43 MDT 2023
  **** SharedData Build 4025554 on Tue Oct 10 17:18:54 MDT 2023
    ** Copyright 1986-2022 Xilinx, Inc. All Rights Reserved.
    ** Copyright 2022-2023 Advanced Micro Devices, Inc. All Rights Reserved.

source /tools/Xilinx/Vitis_HLS/2023.2/scripts/vitis_hls/hls.tcl -notrace
INFO: [HLS 200-10] Running '/tools/Xilinx/Vitis_HLS/2023.2/bin/unwrapped/lnx64.o/vitis_hls'
INFO: [HLS 200-10] For user 'brett' on host 'brett-System-Product-Name' (Linux_x86_64 version 6.17.13-zabbly+) on Thu Jan 08 19:35:04 PST 2026
INFO: [HLS 200-10] On os Ubuntu 22.04.5 LTS
INFO: [HLS 200-10] In directory '/home/brett/Documents/FX_Correlator/pfb/hls_pfb'
WARNING: [HLS 200-40] Environment variable 'C_INCLUDE_PATH' is set to /usr/include/x86_64-linux-gnu:.
WARNING: [HLS 200-40] Environment variable 'CPLUS_INCLUDE_PATH' is set to /usr/include/x86_64-linux-gnu:.
INFO: [HLS 200-1909] Reading HLS ini file /home/brett/Documents/FX_Correlator/pfb/hls_pfb/hls_config.cfg
INFO: [HLS 200-1909] Reading HLS ini file /home/brett/Documents/FX_Correlator/pfb/hls_pfb/hls_pfb/hls/config.cmdline
INFO: [HLS 200-2005] Using work_dir /home/brett/Documents/FX_Correlator/pfb/hls_pfb/hls_pfb 
INFO: [HLS 200-1510] Running: open_project /home/brett/Documents/FX_Correlator/pfb/hls_pfb/hls_pfb -diskless 
INFO: [HLS 200-1510] Running: open_solution hls 
INFO: [HLS 200-1505] Using default flow_target 'vivado'
Resolution: For help on HLS 200-1505 see docs.xilinx.com/access/sources/dita/topic?Doc_Version=2023.2%20English&url=ug1448-hls-guidance&resourceid=200-1505.html
INFO: [HLS 200-1510] Running: apply_ini /home/brett/Documents/FX_Correlator/pfb/hls_pfb/hls_config.cfg 
INFO: [HLS 200-1909] Reading HLS ini file /home/brett/Documents/FX_Correlator/pfb/hls_pfb/hls_config.cfg
INFO: [HLS 200-1465] Applying ini 'syn.file=pfb.cpp' at /home/brett/Documents/FX_Correlator/pfb/hls_pfb/hls_config.cfg(8)
INFO: [HLS 200-10] Adding design file '/home/brett/Documents/FX_Correlator/pfb/hls_pfb/pfb.cpp' to the project
INFO: [HLS 200-1465] Applying ini 'syn.file=/home/brett/Documents/FX_Correlator/pfb/hls_pfb/pfb.h' at /home/brett/Documents/FX_Correlator/pfb/hls_pfb/hls_config.cfg(9)
INFO: [HLS 200-10] Adding design file '/home/brett/Documents/FX_Correlator/pfb/hls_pfb/pfb.h' to the project
INFO: [HLS 200-1465] Applying ini 'tb.file=pfb_tb.cpp' at /home/brett/Documents/FX_Correlator/pfb/hls_pfb/hls_config.cfg(5)
INFO: [HLS 200-10] Adding test bench file '/home/brett/Documents/FX_Correlator/pfb/hls_pfb/pfb_tb.cpp' to the project
INFO: [HLS 200-1465] Applying ini 'syn.top=pfb_multichannel_decimator' at /home/brett/Documents/FX_Correlator/pfb/hls_pfb/hls_config.cfg(4)
INFO: [HLS 200-1465] Applying ini 'part=xc7z045ffg900-2' at /home/brett/Documents/FX_Correlator/pfb/hls_pfb/hls_config.cfg(1)
INFO: [HLS 200-1611] Setting target device to 'xc7z045-ffg900-2'
INFO: [HLS 200-1465] Applying ini 'clock=10ns' at /home/brett/Documents/FX_Correlator/pfb/hls_pfb/hls_config.cfg(6)
INFO: [SYN 201-201] Setting up clock 'default' with a period of 10ns.
INFO: [HLS 200-1465] Applying ini 'csim.ldflags=-B/usr/lib/x86_64-linux-gnu/' at /home/brett/Documents/FX_Correlator/pfb/hls_pfb/hls_config.cfg(7)
INFO: [HLS 200-1510] Running: apply_ini /home/brett/Documents/FX_Correlator/pfb/hls_pfb/hls_pfb/hls/config.cmdline 
INFO: [HLS 200-1909] Reading HLS ini file /home/brett/Documents/FX_Correlator/pfb/hls_pfb/hls_pfb/hls/config.cmdline
INFO: [HLS 200-1510] Running: csynth_design 
INFO: [HLS 200-111] Finished File checks and directory preparation: CPU user time: 0.02 seconds. CPU system time: 0 seconds. Elapsed time: 0.03 seconds; current allocated memory: 274.164 MB.
INFO: [HLS 200-10] Analyzing design file '/home/brett/Documents/FX_Correlator/pfb/hls_pfb/pfb.cpp' ... 
WARNING: [HLS 207-5583] '#pragma HLS interface' can only be applied inside function body (/home/brett/Documents/FX_Correlator/pfb/hls_pfb/pfb.cpp:15:9)
WARNING: [HLS 214-111] Static scalars and arrays declared inside a dataflow region will be treated like local variables (/home/brett/Documents/FX_Correlator/pfb/hls_pfb/pfb.cpp:112:26)
Resolution: For help on HLS 214-111 see docs.xilinx.com/access/sources/dita/topic?Doc_Version=2023.2%20English&url=ug1448-hls-guidance&resourceid=214-111.html
WARNING: [HLS 214-111] Static scalars and arrays declared inside a dataflow region will be treated like local variables (/home/brett/Documents/FX_Correlator/pfb/hls_pfb/pfb.cpp:113:26)
Resolution: For help on HLS 214-111 see docs.xilinx.com/access/sources/dita/topic?Doc_Version=2023.2%20English&url=ug1448-hls-guidance&resourceid=214-111.html
WARNING: [HLS 214-111] Static scalars and arrays declared inside a dataflow region will be treated like local variables (/home/brett/Documents/FX_Correlator/pfb/hls_pfb/pfb.cpp:114:26)
Resolution: For help on HLS 214-111 see docs.xilinx.com/access/sources/dita/topic?Doc_Version=2023.2%20English&url=ug1448-hls-guidance&resourceid=214-111.html
WARNING: [HLS 214-111] Static scalars and arrays declared inside a dataflow region will be treated like local variables (/home/brett/Documents/FX_Correlator/pfb/hls_pfb/pfb.cpp:115:26)
Resolution: For help on HLS 214-111 see docs.xilinx.com/access/sources/dita/topic?Doc_Version=2023.2%20English&url=ug1448-hls-guidance&resourceid=214-111.html
WARNING: [HLS 214-114] Since the only kind of statements allowed in a canonical dataflow region are variable declarations and function calls, the compiler may not be able to correctly handle the region (/home/brett/Documents/FX_Correlator/pfb/hls_pfb/pfb.cpp:104:9)
Resolution: For help on HLS 214-114 see docs.xilinx.com/access/sources/dita/topic?Doc_Version=2023.2%20English&url=ug1448-hls-guidance&resourceid=214-114.html
WARNING: [HLS 200-471] Dataflow form checks found 5 issue(s) in file /home/brett/Documents/FX_Correlator/pfb/hls_pfb/pfb.cpp
Resolution: For help on HLS 200-471 see docs.xilinx.com/access/sources/dita/topic?Doc_Version=2023.2%20English&url=ug1448-hls-guidance&resourceid=200-471.html
WARNING: [HLS 207-5292] unused parameter 'data_type' (/tools/Xilinx/Vitis_HLS/2023.2/common/technology/autopilot/hls_fft.h:97:77)
WARNING: [HLS 207-5292] unused parameter 'cp_len_enable' (/tools/Xilinx/Vitis_HLS/2023.2/common/technology/autopilot/hls_fft.h:121:66)
WARNING: [HLS 207-5292] unused parameter 'scaling_opt' (/tools/Xilinx/Vitis_HLS/2023.2/common/technology/autopilot/hls_fft.h:134:68)
WARNING: [HLS 207-5292] unused parameter 'scaling_opt' (/tools/Xilinx/Vitis_HLS/2023.2/common/technology/autopilot/hls_fft.h:311:71)
WARNING: [HLS 207-5292] unused parameter 'has_ovflo' (/tools/Xilinx/Vitis_HLS/2023.2/common/technology/autopilot/hls_fft.h:324:66)
INFO: [HLS 200-111] Finished Source Code Analysis and Preprocessing: CPU user time: 1.85 seconds. CPU system time: 0.2 seconds. Elapsed time: 2.15 seconds; current allocated memory: 278.684 MB.
INFO: [HLS 200-777] Using interface defaults for 'Vivado' flow target.
INFO: [HLS 200-1995] There were 4,244 instructions in the design after the 'Compile/Link' phase of compilation. See the Design Size Report for more details: /home/brett/Documents/FX_Correlator/pfb/hls_pfb/hls_pfb/hls/syn/report/csynth_design_size.rpt
WARNING: [HLS 214-273] In function 'hls::ip_fft::config_t<fft_config>::setDir(bool, unsigned int)', Pragma conflict happens on 'INLINE' and DATAFLOW pragmas: Inline into dataflow region may break the canonical form (/tools/Xilinx/Vitis_HLS/2023.2/common/technology/autopilot/hls_fft.h:212:0)
WARNING: [HLS 214-273] In function 'hls::ip_fft::config_t<fft_config>::setSch(unsigned int, unsigned int)', Pragma conflict happens on 'INLINE' and DATAFLOW pragmas: Inline into dataflow region may break the canonical form (/tools/Xilinx/Vitis_HLS/2023.2/common/technology/autopilot/hls_fft.h:240:0)
WARNING: [HLS 214-273] In function 'void hls::fft<fft_config>(std::complex<ap_fixed<(((fft_config::input_width) + (7)) / (8)) * (8), 1, (ap_q_mode)5, (ap_o_mode)3, 0> >*, std::complex<ap_fixed<(((fft_config::output_width) + (7)) / (8)) * (8), (((((fft_config::output_width) + (7)) / (8)) * (8)) - (fft_config::input_width)) + (1), (ap_q_mode)5, (ap_o_mode)3, 0> >*, hls::ip_fft::status_t<fft_config>*, hls::ip_fft::config_t<fft_config>*)', Pragma conflict happens on 'INLINE' and DATAFLOW pragmas: Inline into dataflow region may break the canonical form (/tools/Xilinx/Vitis_HLS/2023.2/common/technology/autopilot/etc/hls_fft_x_complex.h:734:0)
INFO: [HLS 214-131] Inlining function 'hls::ip_fft::config_t<fft_config>::getDir(unsigned int)' into 'void hls::fft_syn<fft_config>(std::complex<ap_fixed<(((fft_config::input_width) + (7)) / (8)) * (8), 1, (ap_q_mode)5, (ap_o_mode)3, 0> >*, std::complex<ap_fixed<(((fft_config::output_width) + (7)) / (8)) * (8), (((((fft_config::output_width) + (7)) / (8)) * (8)) - (fft_config::input_width)) + (1), (ap_q_mode)5, (ap_o_mode)3, 0> >*, hls::stream<hls::ip_fft::status_t<fft_config>, 0>&, hls::stream<hls::ip_fft::config_t<fft_config>, 0>&)' (/tools/Xilinx/Vitis_HLS/2023.2/common/technology/autopilot/etc/hls_fft_x_complex.h:630:34)
INFO: [HLS 214-131] Inlining function 'hls::ip_fft::config_t<fft_config>::getDir(unsigned int)' into 'void hls::fft_syn<fft_config>(std::complex<ap_fixed<(((fft_config::input_width) + (7)) / (8)) * (8), 1, (ap_q_mode)5, (ap_o_mode)3, 0> >*, std::complex<ap_fixed<(((fft_config::output_width) + (7)) / (8)) * (8), (((((fft_config::output_width) + (7)) / (8)) * (8)) - (fft_config::input_width)) + (1), (ap_q_mode)5, (ap_o_mode)3, 0> >*, hls::stream<hls::ip_fft::status_t<fft_config>, 0>&, hls::stream<hls::ip_fft::config_t<fft_config>, 0>&)' (/tools/Xilinx/Vitis_HLS/2023.2/common/technology/autopilot/etc/hls_fft_x_complex.h:621:37)
INFO: [HLS 214-131] Inlining function 'hls::ip_fft::config_t<fft_config>::getSch(unsigned int)' into 'void hls::fft_syn<fft_config>(std::complex<ap_fixed<(((fft_config::input_width) + (7)) / (8)) * (8), 1, (ap_q_mode)5, (ap_o_mode)3, 0> >*, std::complex<ap_fixed<(((fft_config::output_width) + (7)) / (8)) * (8), (((((fft_config::output_width) + (7)) / (8)) * (8)) - (fft_config::input_width)) + (1), (ap_q_mode)5, (ap_o_mode)3, 0> >*, hls::stream<hls::ip_fft::status_t<fft_config>, 0>&, hls::stream<hls::ip_fft::config_t<fft_config>, 0>&)' (/tools/Xilinx/Vitis_HLS/2023.2/common/technology/autopilot/etc/hls_fft_x_complex.h:620:39)
INFO: [HLS 214-131] Inlining function 'hls::ip_fft::config_t<fft_config>::setDir(bool, unsigned int)' into 'perform_fft(hls::stream<parallel_sample_t, 0>&, hls::stream<parallel_sample_t, 0>&)' (/home/brett/Documents/FX_Correlator/pfb/hls_pfb/pfb.cpp:109:20)
INFO: [HLS 214-131] Inlining function 'hls::ip_fft::config_t<fft_config>::setSch(unsigned int, unsigned int)' into 'perform_fft(hls::stream<parallel_sample_t, 0>&, hls::stream<parallel_sample_t, 0>&)' (/home/brett/Documents/FX_Correlator/pfb/hls_pfb/pfb.cpp:110:20)
INFO: [HLS 214-131] Inlining function 'void hls::fft<fft_config>(std::complex<ap_fixed<(((fft_config::input_width) + (7)) / (8)) * (8), 1, (ap_q_mode)5, (ap_o_mode)3, 0> >*, std::complex<ap_fixed<(((fft_config::output_width) + (7)) / (8)) * (8), (((((fft_config::output_width) + (7)) / (8)) * (8)) - (fft_config::input_width)) + (1), (ap_q_mode)5, (ap_o_mode)3, 0> >*, hls::ip_fft::status_t<fft_config>*, hls::ip_fft::config_t<fft_config>*)' into 'perform_fft(hls::stream<parallel_sample_t, 0>&, hls::stream<parallel_sample_t, 0>&)' (/home/brett/Documents/FX_Correlator/pfb/hls_pfb/pfb.cpp:136:5)
INFO: [HLS 214-131] Inlining function 'void hls::fft<fft_config>(std::complex<ap_fixed<(((fft_config::input_width) + (7)) / (8)) * (8), 1, (ap_q_mode)5, (ap_o_mode)3, 0> >*, std::complex<ap_fixed<(((fft_config::output_width) + (7)) / (8)) * (8), (((((fft_config::output_width) + (7)) / (8)) * (8)) - (fft_config::input_width)) + (1), (ap_q_mode)5, (ap_o_mode)3, 0> >*, hls::ip_fft::status_t<fft_config>*, hls::ip_fft::config_t<fft_config>*)' into 'perform_fft(hls::stream<parallel_sample_t, 0>&, hls::stream<parallel_sample_t, 0>&)' (/home/brett/Documents/FX_Correlator/pfb/hls_pfb/pfb.cpp:137:5)
INFO: [HLS 214-131] Inlining function 'void hls::fft<fft_config>(std::complex<ap_fixed<(((fft_config::input_width) + (7)) / (8)) * (8), 1, (ap_q_mode)5, (ap_o_mode)3, 0> >*, std::complex<ap_fixed<(((fft_config::output_width) + (7)) / (8)) * (8), (((((fft_config::output_width) + (7)) / (8)) * (8)) - (fft_config::input_width)) + (1), (ap_q_mode)5, (ap_o_mode)3, 0> >*, hls::ip_fft::status_t<fft_config>*, hls::ip_fft::config_t<fft_config>*)' into 'perform_fft(hls::stream<parallel_sample_t, 0>&, hls::stream<parallel_sample_t, 0>&)' (/home/brett/Documents/FX_Correlator/pfb/hls_pfb/pfb.cpp:138:5)
INFO: [HLS 214-131] Inlining function 'void hls::fft<fft_config>(std::complex<ap_fixed<(((fft_config::input_width) + (7)) / (8)) * (8), 1, (ap_q_mode)5, (ap_o_mode)3, 0> >*, std::complex<ap_fixed<(((fft_config::output_width) + (7)) / (8)) * (8), (((((fft_config::output_width) + (7)) / (8)) * (8)) - (fft_config::input_width)) + (1), (ap_q_mode)5, (ap_o_mode)3, 0> >*, hls::ip_fft::status_t<fft_config>*, hls::ip_fft::config_t<fft_config>*)' into 'perform_fft(hls::stream<parallel_sample_t, 0>&, hls::stream<parallel_sample_t, 0>&)' (/home/brett/Documents/FX_Correlator/pfb/hls_pfb/pfb.cpp:139:5)
ERROR: [HLS 214-244] in function 'std::complex<ap_fixed<16, 1, (ap_q_mode)5, (ap_o_mode)3, 0> >::imag() const': Failed to implement stream interface on variable 'perform_fft(hls::stream<parallel_sample_t, 0>&, hls::stream<parallel_sample_t, 0>&)::ch0_out'. Each array element of 'perform_fft(hls::stream<parallel_sample_t, 0>&, hls::stream<parallel_sample_t, 0>&)::ch0_out' must: (a) be accessed only once, (b) read or write the whole array element in one operation and (c) be accessed in sequential order.
Resolution: For help on HLS 214-244 see docs.xilinx.com/access/sources/dita/topic?Doc_Version=2023.2%20English&url=ug1448-hls-guidance&resourceid=214-244.html
ERROR: [HLS 214-244] in function 'std::complex<ap_fixed<16, 1, (ap_q_mode)5, (ap_o_mode)3, 0> >::real() const': Failed to implement stream interface on variable 'perform_fft(hls::stream<parallel_sample_t, 0>&, hls::stream<parallel_sample_t, 0>&)::ch0_out'. Each array element of 'perform_fft(hls::stream<parallel_sample_t, 0>&, hls::stream<parallel_sample_t, 0>&)::ch0_out' must: (a) be accessed only once, (b) read or write the whole array element in one operation and (c) be accessed in sequential order.
Resolution: For help on HLS 214-244 see docs.xilinx.com/access/sources/dita/topic?Doc_Version=2023.2%20English&url=ug1448-hls-guidance&resourceid=214-244.html
ERROR: [HLS 214-244] in function 'std::complex<ap_fixed<16, 1, (ap_q_mode)5, (ap_o_mode)3, 0> >::imag() const': Failed to implement stream interface on variable 'perform_fft(hls::stream<parallel_sample_t, 0>&, hls::stream<parallel_sample_t, 0>&)::ch1_out'. Each array element of 'perform_fft(hls::stream<parallel_sample_t, 0>&, hls::stream<parallel_sample_t, 0>&)::ch1_out' must: (a) be accessed only once, (b) read or write the whole array element in one operation and (c) be accessed in sequential order.
Resolution: For help on HLS 214-244 see docs.xilinx.com/access/sources/dita/topic?Doc_Version=2023.2%20English&url=ug1448-hls-guidance&resourceid=214-244.html
ERROR: [HLS 214-244] in function 'std::complex<ap_fixed<16, 1, (ap_q_mode)5, (ap_o_mode)3, 0> >::real() const': Failed to implement stream interface on variable 'perform_fft(hls::stream<parallel_sample_t, 0>&, hls::stream<parallel_sample_t, 0>&)::ch1_out'. Each array element of 'perform_fft(hls::stream<parallel_sample_t, 0>&, hls::stream<parallel_sample_t, 0>&)::ch1_out' must: (a) be accessed only once, (b) read or write the whole array element in one operation and (c) be accessed in sequential order.
Resolution: For help on HLS 214-244 see docs.xilinx.com/access/sources/dita/topic?Doc_Version=2023.2%20English&url=ug1448-hls-guidance&resourceid=214-244.html
ERROR: [HLS 214-244] in function 'std::complex<ap_fixed<16, 1, (ap_q_mode)5, (ap_o_mode)3, 0> >::imag() const': Failed to implement stream interface on variable 'perform_fft(hls::stream<parallel_sample_t, 0>&, hls::stream<parallel_sample_t, 0>&)::ch2_out'. Each array element of 'perform_fft(hls::stream<parallel_sample_t, 0>&, hls::stream<parallel_sample_t, 0>&)::ch2_out' must: (a) be accessed only once, (b) read or write the whole array element in one operation and (c) be accessed in sequential order.
Resolution: For help on HLS 214-244 see docs.xilinx.com/access/sources/dita/topic?Doc_Version=2023.2%20English&url=ug1448-hls-guidance&resourceid=214-244.html
ERROR: [HLS 214-244] in function 'std::complex<ap_fixed<16, 1, (ap_q_mode)5, (ap_o_mode)3, 0> >::real() const': Failed to implement stream interface on variable 'perform_fft(hls::stream<parallel_sample_t, 0>&, hls::stream<parallel_sample_t, 0>&)::ch2_out'. Each array element of 'perform_fft(hls::stream<parallel_sample_t, 0>&, hls::stream<parallel_sample_t, 0>&)::ch2_out' must: (a) be accessed only once, (b) read or write the whole array element in one operation and (c) be accessed in sequential order.
Resolution: For help on HLS 214-244 see docs.xilinx.com/access/sources/dita/topic?Doc_Version=2023.2%20English&url=ug1448-hls-guidance&resourceid=214-244.html
ERROR: [HLS 214-244] in function 'std::complex<ap_fixed<16, 1, (ap_q_mode)5, (ap_o_mode)3, 0> >::imag() const': Failed to implement stream interface on variable 'perform_fft(hls::stream<parallel_sample_t, 0>&, hls::stream<parallel_sample_t, 0>&)::ch3_out'. Each array element of 'perform_fft(hls::stream<parallel_sample_t, 0>&, hls::stream<parallel_sample_t, 0>&)::ch3_out' must: (a) be accessed only once, (b) read or write the whole array element in one operation and (c) be accessed in sequential order.
Resolution: For help on HLS 214-244 see docs.xilinx.com/access/sources/dita/topic?Doc_Version=2023.2%20English&url=ug1448-hls-guidance&resourceid=214-244.html
ERROR: [HLS 214-244] in function 'std::complex<ap_fixed<16, 1, (ap_q_mode)5, (ap_o_mode)3, 0> >::real() const': Failed to implement stream interface on variable 'perform_fft(hls::stream<parallel_sample_t, 0>&, hls::stream<parallel_sample_t, 0>&)::ch3_out'. Each array element of 'perform_fft(hls::stream<parallel_sample_t, 0>&, hls::stream<parallel_sample_t, 0>&)::ch3_out' must: (a) be accessed only once, (b) read or write the whole array element in one operation and (c) be accessed in sequential order.
Resolution: For help on HLS 214-244 see docs.xilinx.com/access/sources/dita/topic?Doc_Version=2023.2%20English&url=ug1448-hls-guidance&resourceid=214-244.html
ERROR: [HLS 200-1715] Encountered problem during source synthesis
INFO: [HLS 200-111] Finished Command csynth_design CPU user time: 2.78 seconds. CPU system time: 0.3 seconds. Elapsed time: 8.11 seconds; current allocated memory: 5.152 MB.
INFO: [HLS 200-1510] Running: close_project 
ERROR: Pre-synthesis failed.
INFO: [HLS 200-112] Total CPU user time: 3.54 seconds. Total CPU system time: 0.36 seconds. Total elapsed time: 8.83 seconds; peak allocated memory: 279.316 MB.
INFO: [Common 17-206] Exiting vitis_hls at Thu Jan  8 19:35:13 2026...
