INFO: [v++ 60-1548] Creating build summary session with primary output /home/brett/FX_Correlator/pfb/hls_pfb/hls_pfb/hls_pfb.hlscompile_summary, at Sat Jan  3 13:31:29 2026
INFO: [v++ 82-31] Launching vitis_hls: vitis_hls -nolog -run csynth -work_dir /home/brett/FX_Correlator/pfb/hls_pfb/hls_pfb -config /home/brett/FX_Correlator/pfb/hls_pfb/hls_config.cfg -cmdlineconfig /home/brett/FX_Correlator/pfb/hls_pfb/hls_pfb/hls/config.cmdline

****** Vitis HLS - High-Level Synthesis from C, C++ and OpenCL v2023.2 (64-bit)
  **** SW Build 4023990 on Oct 11 2023
  **** IP Build 4028589 on Sat Oct 14 00:45:43 MDT 2023
  **** SharedData Build 4025554 on Tue Oct 10 17:18:54 MDT 2023
    ** Copyright 1986-2022 Xilinx, Inc. All Rights Reserved.
    ** Copyright 2022-2023 Advanced Micro Devices, Inc. All Rights Reserved.

source /tools/Xilinx/Vitis_HLS/2023.2/scripts/vitis_hls/hls.tcl -notrace
INFO: [HLS 200-10] Running '/tools/Xilinx/Vitis_HLS/2023.2/bin/unwrapped/lnx64.o/vitis_hls'
INFO: [HLS 200-10] For user 'brett' on host 'brett-System-Product-Name' (Linux_x86_64 version 6.8.0-90-generic) on Sat Jan 03 13:31:30 PST 2026
INFO: [HLS 200-10] On os Ubuntu 22.04.5 LTS
INFO: [HLS 200-10] In directory '/home/brett/FX_Correlator/pfb/hls_pfb'
INFO: [HLS 200-1909] Reading HLS ini file /home/brett/FX_Correlator/pfb/hls_pfb/hls_config.cfg
INFO: [HLS 200-1909] Reading HLS ini file /home/brett/FX_Correlator/pfb/hls_pfb/hls_pfb/hls/config.cmdline
INFO: [HLS 200-2005] Using work_dir /home/brett/FX_Correlator/pfb/hls_pfb/hls_pfb 
INFO: [HLS 200-1510] Running: open_project /home/brett/FX_Correlator/pfb/hls_pfb/hls_pfb -diskless 
INFO: [HLS 200-1510] Running: open_solution hls 
INFO: [HLS 200-1505] Using default flow_target 'vivado'
Resolution: For help on HLS 200-1505 see docs.xilinx.com/access/sources/dita/topic?Doc_Version=2023.2%20English&url=ug1448-hls-guidance&resourceid=200-1505.html
INFO: [HLS 200-1510] Running: apply_ini /home/brett/FX_Correlator/pfb/hls_pfb/hls_config.cfg 
INFO: [HLS 200-1909] Reading HLS ini file /home/brett/FX_Correlator/pfb/hls_pfb/hls_config.cfg
INFO: [HLS 200-1465] Applying ini 'syn.file=pfb.cpp' at /home/brett/FX_Correlator/pfb/hls_pfb/hls_config.cfg(6)
INFO: [HLS 200-10] Adding design file '/home/brett/FX_Correlator/pfb/hls_pfb/pfb.cpp' to the project
INFO: [HLS 200-1465] Applying ini 'syn.file=/home/brett/FX_Correlator/pfb/hls_pfb/pfb.h' at /home/brett/FX_Correlator/pfb/hls_pfb/hls_config.cfg(7)
INFO: [HLS 200-10] Adding design file '/home/brett/FX_Correlator/pfb/hls_pfb/pfb.h' to the project
INFO: [HLS 200-1465] Applying ini 'tb.file=pfb_tb.cpp' at /home/brett/FX_Correlator/pfb/hls_pfb/hls_config.cfg(5)
INFO: [HLS 200-10] Adding test bench file '/home/brett/FX_Correlator/pfb/hls_pfb/pfb_tb.cpp' to the project
INFO: [HLS 200-1465] Applying ini 'syn.top=pfb_multichannel_decimator' at /home/brett/FX_Correlator/pfb/hls_pfb/hls_config.cfg(4)
INFO: [HLS 200-1465] Applying ini 'part=xc7z045ffg900-2' at /home/brett/FX_Correlator/pfb/hls_pfb/hls_config.cfg(1)
INFO: [HLS 200-1611] Setting target device to 'xc7z045-ffg900-2'
INFO: [HLS 200-1465] Applying ini 'clock=10ns' at /home/brett/FX_Correlator/pfb/hls_pfb/hls_config.cfg(8)
INFO: [SYN 201-201] Setting up clock 'default' with a period of 10ns.
INFO: [HLS 200-1510] Running: apply_ini /home/brett/FX_Correlator/pfb/hls_pfb/hls_pfb/hls/config.cmdline 
INFO: [HLS 200-1909] Reading HLS ini file /home/brett/FX_Correlator/pfb/hls_pfb/hls_pfb/hls/config.cmdline
INFO: [HLS 200-1510] Running: csynth_design 
INFO: [HLS 200-111] Finished File checks and directory preparation: CPU user time: 0.03 seconds. CPU system time: 0 seconds. Elapsed time: 0.03 seconds; current allocated memory: 274.355 MB.
INFO: [HLS 200-10] Analyzing design file '/home/brett/FX_Correlator/pfb/hls_pfb/pfb.cpp' ... 
ERROR: [HLS 207-5480] invalid value 'off' for option 'rewind' (/home/brett/FX_Correlator/pfb/hls_pfb/pfb.cpp:17:34)
ERROR: [HLS 207-5480] invalid value 'off' for option 'rewind' (/home/brett/FX_Correlator/pfb/hls_pfb/pfb.cpp:51:34)
ERROR: [HLS 207-5480] invalid value 'off' for option 'rewind' (/home/brett/FX_Correlator/pfb/hls_pfb/pfb.cpp:58:34)
ERROR: [HLS 207-5480] invalid value 'off' for option 'rewind' (/home/brett/FX_Correlator/pfb/hls_pfb/pfb.cpp:105:34)
INFO: [HLS 200-111] Finished Command csynth_design CPU user time: 0.21 seconds. CPU system time: 0.05 seconds. Elapsed time: 0.28 seconds; current allocated memory: 1.488 MB.
INFO: [HLS 200-1510] Running: close_project 
ERROR:  
INFO: [HLS 200-112] Total CPU user time: 0.96 seconds. Total CPU system time: 0.14 seconds. Total elapsed time: 1.01 seconds; peak allocated memory: 275.859 MB.
INFO: [Common 17-206] Exiting vitis_hls at Sat Jan  3 13:31:31 2026...
