INFO: [vitis-run 60-1548] Creating build summary session with primary output /home/brett/Documents/FX_Correlator/pfb/hls_pfb/hls_pfb/hls_pfb.hlsrun_csim_summary, at Thu Jan  8 19:16:18 2026
INFO: [vitis-run 82-31] Launching vitis_hls: vitis_hls -nolog -run csim -work_dir /home/brett/Documents/FX_Correlator/pfb/hls_pfb/hls_pfb -config /home/brett/Documents/FX_Correlator/pfb/hls_pfb/hls_config.cfg -cmdlineconfig /home/brett/Documents/FX_Correlator/pfb/hls_pfb/hls_pfb/hls/config.cmdline

****** Vitis HLS - High-Level Synthesis from C, C++ and OpenCL v2023.2 (64-bit)
  **** SW Build 4023990 on Oct 11 2023
  **** IP Build 4028589 on Sat Oct 14 00:45:43 MDT 2023
  **** SharedData Build 4025554 on Tue Oct 10 17:18:54 MDT 2023
    ** Copyright 1986-2022 Xilinx, Inc. All Rights Reserved.
    ** Copyright 2022-2023 Advanced Micro Devices, Inc. All Rights Reserved.

source /tools/Xilinx/Vitis_HLS/2023.2/scripts/vitis_hls/hls.tcl -notrace
INFO: [HLS 200-10] Running '/tools/Xilinx/Vitis_HLS/2023.2/bin/unwrapped/lnx64.o/vitis_hls'
INFO: [HLS 200-10] For user 'brett' on host 'brett-System-Product-Name' (Linux_x86_64 version 6.17.13-zabbly+) on Thu Jan 08 19:16:18 PST 2026
INFO: [HLS 200-10] On os Ubuntu 22.04.5 LTS
INFO: [HLS 200-10] In directory '/home/brett/Documents/FX_Correlator/pfb/hls_pfb'
WARNING: [HLS 200-40] Environment variable 'C_INCLUDE_PATH' is set to /usr/include/x86_64-linux-gnu:.
WARNING: [HLS 200-40] Environment variable 'CPLUS_INCLUDE_PATH' is set to /usr/include/x86_64-linux-gnu:.
INFO: [HLS 200-1909] Reading HLS ini file /home/brett/Documents/FX_Correlator/pfb/hls_pfb/hls_config.cfg
INFO: [HLS 200-1909] Reading HLS ini file /home/brett/Documents/FX_Correlator/pfb/hls_pfb/hls_pfb/hls/config.cmdline
INFO: [HLS 200-2005] Using work_dir /home/brett/Documents/FX_Correlator/pfb/hls_pfb/hls_pfb 
INFO: [HLS 200-1510] Running: open_project /home/brett/Documents/FX_Correlator/pfb/hls_pfb/hls_pfb -diskless 
INFO: [HLS 200-1510] Running: open_solution hls 
INFO: [HLS 200-1505] Using default flow_target 'vivado'
Resolution: For help on HLS 200-1505 see docs.xilinx.com/access/sources/dita/topic?Doc_Version=2023.2%20English&url=ug1448-hls-guidance&resourceid=200-1505.html
INFO: [HLS 200-1510] Running: apply_ini /home/brett/Documents/FX_Correlator/pfb/hls_pfb/hls_config.cfg 
INFO: [HLS 200-1909] Reading HLS ini file /home/brett/Documents/FX_Correlator/pfb/hls_pfb/hls_config.cfg
WARNING: [HLS 200-2001] file not found '/home/brett/FX_Correlator/pfb/hls_pfb/pfb.h' see [hls] at /home/brett/Documents/FX_Correlator/pfb/hls_pfb/hls_config.cfg(9)
INFO: [HLS 200-1465] Applying ini 'syn.file=pfb.cpp' at /home/brett/Documents/FX_Correlator/pfb/hls_pfb/hls_config.cfg(8)
INFO: [HLS 200-10] Adding design file '/home/brett/Documents/FX_Correlator/pfb/hls_pfb/pfb.cpp' to the project
INFO: [HLS 200-1465] Applying ini 'syn.file=/home/brett/FX_Correlator/pfb/hls_pfb/pfb.h' at /home/brett/Documents/FX_Correlator/pfb/hls_pfb/hls_config.cfg(9)
WARNING: [HLS 200-40] Cannot find design file '/home/brett/FX_Correlator/pfb/hls_pfb/pfb.h'
INFO: [HLS 200-1465] Applying ini 'syn.file=/home/brett/Documents/FX_Correlator/pfb/hls_pfb/pfb.h' at /home/brett/Documents/FX_Correlator/pfb/hls_pfb/hls_config.cfg(10)
INFO: [HLS 200-10] Adding design file '/home/brett/Documents/FX_Correlator/pfb/hls_pfb/pfb.h' to the project
INFO: [HLS 200-1465] Applying ini 'tb.file=pfb_tb.cpp' at /home/brett/Documents/FX_Correlator/pfb/hls_pfb/hls_config.cfg(5)
INFO: [HLS 200-10] Adding test bench file '/home/brett/Documents/FX_Correlator/pfb/hls_pfb/pfb_tb.cpp' to the project
INFO: [HLS 200-1465] Applying ini 'syn.top=pfb_multichannel_decimator' at /home/brett/Documents/FX_Correlator/pfb/hls_pfb/hls_config.cfg(4)
INFO: [HLS 200-1465] Applying ini 'part=xc7z045ffg900-2' at /home/brett/Documents/FX_Correlator/pfb/hls_pfb/hls_config.cfg(1)
INFO: [HLS 200-1611] Setting target device to 'xc7z045-ffg900-2'
INFO: [HLS 200-1465] Applying ini 'clock=10ns' at /home/brett/Documents/FX_Correlator/pfb/hls_pfb/hls_config.cfg(6)
INFO: [SYN 201-201] Setting up clock 'default' with a period of 10ns.
INFO: [HLS 200-1465] Applying ini 'csim.ldflags=-B/usr/lib/x86_64-linux-gnu/' at /home/brett/Documents/FX_Correlator/pfb/hls_pfb/hls_config.cfg(7)
INFO: [HLS 200-1510] Running: apply_ini /home/brett/Documents/FX_Correlator/pfb/hls_pfb/hls_pfb/hls/config.cmdline 
INFO: [HLS 200-1909] Reading HLS ini file /home/brett/Documents/FX_Correlator/pfb/hls_pfb/hls_pfb/hls/config.cmdline
INFO: [HLS 200-1510] Running: csim_design 
INFO: [SIM 211-2] *************** CSIM start ***************
INFO: [SIM 211-4] CSIM will launch GCC as the compiler.
INFO: [HLS 200-2036] Building debug C Simulation binaries
   Compiling ../../../../pfb_tb.cpp in debug mode
   Compiling ../../../../pfb.cpp in debug mode
../../../../pfb.cpp: In function ‘void perform_fft(hls::stream<parallel_sample_t>&, hls::stream<parallel_sample_t>&)’:
../../../../pfb.cpp:136:73: error: no matching function for call to ‘fft<fft_config>(fft_complex_t [1024], fft_complex_t [1024], fft_status_t&, fft_config_t&)’
     hls::fft<fft_config>(ch0_in, ch0_out, fft_status_val, fft_config_val);
                                                                         ^
In file included from /tools/Xilinx/Vitis_HLS/2023.2/include/hls_fft.h:865,
                 from ../../../../pfb.h:8,
                 from ../../../../pfb.cpp:1:
/tools/Xilinx/Vitis_HLS/2023.2/include/etc/hls_fft_x_complex.h:696:8: note: candidate: ‘template<class CONFIG_T> void hls::fft(hls::stream<std::complex<ap_fixed<(((CONFIG_T::input_width + 7) / 8) * 8), 1> > >&, hls::stream<std::complex<ap_fixed<(((CONFIG_T::output_width + 7) / 8) * 8), (((((CONFIG_T::output_width + 7) / 8) * 8) - CONFIG_T::input_width) + 1)> > >&, hls::stream<hls::ip_fft::status_t<CONFIG_T> >&, hls::stream<hls::ip_fft::config_t<CONFIG_T> >&)’
   void fft(
        ^~~
/tools/Xilinx/Vitis_HLS/2023.2/include/etc/hls_fft_x_complex.h:696:8: note:   template argument deduction/substitution failed:
../../../../pfb.cpp:136:26: note:   cannot convert ‘ch0_in’ (type ‘fft_complex_t [1024]’ {aka ‘std::complex<ap_fixed<16, 1, (ap_q_mode)5, (ap_o_mode)3> > [1024]’}) to type ‘hls::stream<std::complex<ap_fixed<16, 1, (ap_q_mode)5, (ap_o_mode)3> >, 0>&’
     hls::fft<fft_config>(ch0_in, ch0_out, fft_status_val, fft_config_val);
                          ^~~~~~
In file included from /tools/Xilinx/Vitis_HLS/2023.2/include/hls_fft.h:865,
                 from ../../../../pfb.h:8,
                 from ../../../../pfb.cpp:1:
/tools/Xilinx/Vitis_HLS/2023.2/include/etc/hls_fft_x_complex.h:729:8: note: candidate: ‘template<class CONFIG_T> void hls::fft(std::complex<ap_fixed<(((CONFIG_T::input_width + 7) / 8) * 8), 1> >*, std::complex<ap_fixed<(((CONFIG_T::output_width + 7) / 8) * 8), (((((CONFIG_T::output_width + 7) / 8) * 8) - CONFIG_T::input_width) + 1)> >*, hls::ip_fft::status_t<CONFIG_T>*, hls::ip_fft::config_t<CONFIG_T>*)’
   void fft(
        ^~~
/tools/Xilinx/Vitis_HLS/2023.2/include/etc/hls_fft_x_complex.h:729:8: note:   template argument deduction/substitution failed:
../../../../pfb.cpp:136:43: note:   cannot convert ‘fft_status_val’ (type ‘fft_status_t’ {aka ‘hls::ip_fft::status_t<fft_config>’}) to type ‘hls::ip_fft::status_t<fft_config>*’
     hls::fft<fft_config>(ch0_in, ch0_out, fft_status_val, fft_config_val);
                                           ^~~~~~~~~~~~~~
In file included from /tools/Xilinx/Vitis_HLS/2023.2/include/hls_fft.h:865,
                 from ../../../../pfb.h:8,
                 from ../../../../pfb.cpp:1:
/tools/Xilinx/Vitis_HLS/2023.2/include/etc/hls_fft_x_complex.h:754:8: note: candidate: ‘template<class CONFIG_T> void hls::fft(std::complex<ap_fixed<(((CONFIG_T::input_width + 7) / 8) * 8), 1> > (*)[(1 << CONFIG_T::max_nfft)], std::complex<ap_fixed<(((CONFIG_T::output_width + 7) / 8) * 8), (((((CONFIG_T::output_width + 7) / 8) * 8) - CONFIG_T::input_width) + 1)> > (*)[(1 << CONFIG_T::max_nfft)], hls::ip_fft::status_t<CONFIG_T>*, hls::ip_fft::config_t<CONFIG_T>*)’
   void fft(
        ^~~
/tools/Xilinx/Vitis_HLS/2023.2/include/etc/hls_fft_x_complex.h:754:8: note:   template argument deduction/substitution failed:
../../../../pfb.cpp:136:26: note:   cannot convert ‘ch0_in’ (type ‘fft_complex_t [1024]’ {aka ‘std::complex<ap_fixed<16, 1, (ap_q_mode)5, (ap_o_mode)3> > [1024]’}) to type ‘std::complex<ap_fixed<16, 1, (ap_q_mode)5, (ap_o_mode)3> > (*)[1024]’
     hls::fft<fft_config>(ch0_in, ch0_out, fft_status_val, fft_config_val);
                          ^~~~~~
In file included from /tools/Xilinx/Vitis_HLS/2023.2/include/hls_fft.h:865,
                 from ../../../../pfb.h:8,
                 from ../../../../pfb.cpp:1:
/tools/Xilinx/Vitis_HLS/2023.2/include/etc/hls_fft_x_complex.h:953:8: note: candidate: ‘template<class CONFIG_T> void hls::fft(hls::stream<std::complex<float> >&, hls::stream<std::complex<float> >&, hls::stream<hls::ip_fft::status_t<CONFIG_T> >&, hls::stream<hls::ip_fft::config_t<CONFIG_T> >&)’
   void fft(hls::stream<complex<float>> &xn_s,
        ^~~
/tools/Xilinx/Vitis_HLS/2023.2/include/etc/hls_fft_x_complex.h:953:8: note:   template argument deduction/substitution failed:
../../../../pfb.cpp:136:26: note:   cannot convert ‘ch0_in’ (type ‘fft_complex_t [1024]’ {aka ‘std::complex<ap_fixed<16, 1, (ap_q_mode)5, (ap_o_mode)3> > [1024]’}) to type ‘hls::stream<std::complex<float> >&’
     hls::fft<fft_config>(ch0_in, ch0_out, fft_status_val, fft_config_val);
                          ^~~~~~
In file included from /tools/Xilinx/Vitis_HLS/2023.2/include/hls_fft.h:865,
                 from ../../../../pfb.h:8,
                 from ../../../../pfb.cpp:1:
/tools/Xilinx/Vitis_HLS/2023.2/include/etc/hls_fft_x_complex.h:982:8: note: candidate: ‘template<class CONFIG_T> void hls::fft(std::complex<float>*, std::complex<float>*, hls::ip_fft::status_t<CONFIG_T>*, hls::ip_fft::config_t<CONFIG_T>*)’
   void fft(complex<float> xn[1 << CONFIG_T::max_nfft],
        ^~~
/tools/Xilinx/Vitis_HLS/2023.2/include/etc/hls_fft_x_complex.h:982:8: note:   template argument deduction/substitution failed:
../../../../pfb.cpp:136:26: note:   cannot convert ‘ch0_in’ (type ‘fft_complex_t [1024]’ {aka ‘std::complex<ap_fixed<16, 1, (ap_q_mode)5, (ap_o_mode)3> > [1024]’}) to type ‘std::complex<float>*’
     hls::fft<fft_config>(ch0_in, ch0_out, fft_status_val, fft_config_val);
                          ^~~~~~
In file included from /tools/Xilinx/Vitis_HLS/2023.2/include/hls_fft.h:865,
                 from ../../../../pfb.h:8,
                 from ../../../../pfb.cpp:1:
/tools/Xilinx/Vitis_HLS/2023.2/include/etc/hls_fft_x_complex.h:1006:8: note: candidate: ‘template<class CONFIG_T> void hls::fft(hls::x_complex<ap_fixed<(((CONFIG_T::input_width + 7) / 8) * 8), 1> >*, hls::x_complex<ap_fixed<(((CONFIG_T::output_width + 7) / 8) * 8), (((((CONFIG_T::output_width + 7) / 8) * 8) - CONFIG_T::input_width) + 1)> >*, hls::ip_fft::status_t<CONFIG_T>*, hls::ip_fft::config_t<CONFIG_T>*)’
   void fft(
        ^~~
/tools/Xilinx/Vitis_HLS/2023.2/include/etc/hls_fft_x_complex.h:1006:8: note:   template argument deduction/substitution failed:
../../../../pfb.cpp:136:26: note:   cannot convert ‘ch0_in’ (type ‘fft_complex_t [1024]’ {aka ‘std::complex<ap_fixed<16, 1, (ap_q_mode)5, (ap_o_mode)3> > [1024]’}) to type ‘hls::x_complex<ap_fixed<16, 1, (ap_q_mode)5, (ap_o_mode)3> >*’
     hls::fft<fft_config>(ch0_in, ch0_out, fft_status_val, fft_config_val);
                          ^~~~~~
In file included from /tools/Xilinx/Vitis_HLS/2023.2/include/hls_fft.h:865,
                 from ../../../../pfb.h:8,
                 from ../../../../pfb.cpp:1:
/tools/Xilinx/Vitis_HLS/2023.2/include/etc/hls_fft_x_complex.h:1034:8: note: candidate: ‘template<class CONFIG_T> void hls::fft(hls::x_complex<ap_fixed<(((CONFIG_T::input_width + 7) / 8) * 8), 1> > (*)[(1 << CONFIG_T::max_nfft)], hls::x_complex<ap_fixed<(((CONFIG_T::output_width + 7) / 8) * 8), (((((CONFIG_T::output_width + 7) / 8) * 8) - CONFIG_T::input_width) + 1)> > (*)[(1 << CONFIG_T::max_nfft)], hls::ip_fft::status_t<CONFIG_T>*, hls::ip_fft::config_t<CONFIG_T>*)’
   void fft(
        ^~~
/tools/Xilinx/Vitis_HLS/2023.2/include/etc/hls_fft_x_complex.h:1034:8: note:   template argument deduction/substitution failed:
../../../../pfb.cpp:136:26: note:   cannot convert ‘ch0_in’ (type ‘fft_complex_t [1024]’ {aka ‘std::complex<ap_fixed<16, 1, (ap_q_mode)5, (ap_o_mode)3> > [1024]’}) to type ‘hls::x_complex<ap_fixed<16, 1, (ap_q_mode)5, (ap_o_mode)3> > (*)[1024]’
     hls::fft<fft_config>(ch0_in, ch0_out, fft_status_val, fft_config_val);
                          ^~~~~~
In file included from /tools/Xilinx/Vitis_HLS/2023.2/include/hls_fft.h:865,
                 from ../../../../pfb.h:8,
                 from ../../../../pfb.cpp:1:
/tools/Xilinx/Vitis_HLS/2023.2/include/etc/hls_fft_x_complex.h:1067:8: note: candidate: ‘template<class CONFIG_T> void hls::fft(hls::x_complex<float>*, hls::x_complex<float>*, hls::ip_fft::status_t<CONFIG_T>*, hls::ip_fft::config_t<CONFIG_T>*)’
   void fft(
        ^~~
/tools/Xilinx/Vitis_HLS/2023.2/include/etc/hls_fft_x_complex.h:1067:8: note:   template argument deduction/substitution failed:
../../../../pfb.cpp:136:26: note:   cannot convert ‘ch0_in’ (type ‘fft_complex_t [1024]’ {aka ‘std::complex<ap_fixed<16, 1, (ap_q_mode)5, (ap_o_mode)3> > [1024]’}) to type ‘hls::x_complex<float>*’
     hls::fft<fft_config>(ch0_in, ch0_out, fft_status_val, fft_config_val);
                          ^~~~~~
../../../../pfb.cpp:137:73: error: no matching function for call to ‘fft<fft_config>(fft_complex_t [1024], fft_complex_t [1024], fft_status_t&, fft_config_t&)’
     hls::fft<fft_config>(ch1_in, ch1_out, fft_status_val, fft_config_val);
                                                                         ^
In file included from /tools/Xilinx/Vitis_HLS/2023.2/include/hls_fft.h:865,
                 from ../../../../pfb.h:8,
                 from ../../../../pfb.cpp:1:
/tools/Xilinx/Vitis_HLS/2023.2/include/etc/hls_fft_x_complex.h:696:8: note: candidate: ‘template<class CONFIG_T> void hls::fft(hls::stream<std::complex<ap_fixed<(((CONFIG_T::input_width + 7) / 8) * 8), 1> > >&, hls::stream<std::complex<ap_fixed<(((CONFIG_T::output_width + 7) / 8) * 8), (((((CONFIG_T::output_width + 7) / 8) * 8) - CONFIG_T::input_width) + 1)> > >&, hls::stream<hls::ip_fft::status_t<CONFIG_T> >&, hls::stream<hls::ip_fft::config_t<CONFIG_T> >&)’
   void fft(
        ^~~
/tools/Xilinx/Vitis_HLS/2023.2/include/etc/hls_fft_x_complex.h:696:8: note:   template argument deduction/substitution failed:
../../../../pfb.cpp:137:26: note:   cannot convert ‘ch1_in’ (type ‘fft_complex_t [1024]’ {aka ‘std::complex<ap_fixed<16, 1, (ap_q_mode)5, (ap_o_mode)3> > [1024]’}) to type ‘hls::stream<std::complex<ap_fixed<16, 1, (ap_q_mode)5, (ap_o_mode)3> >, 0>&’
     hls::fft<fft_config>(ch1_in, ch1_out, fft_status_val, fft_config_val);
                          ^~~~~~
In file included from /tools/Xilinx/Vitis_HLS/2023.2/include/hls_fft.h:865,
                 from ../../../../pfb.h:8,
                 from ../../../../pfb.cpp:1:
/tools/Xilinx/Vitis_HLS/2023.2/include/etc/hls_fft_x_complex.h:729:8: note: candidate: ‘template<class CONFIG_T> void hls::fft(std::complex<ap_fixed<(((CONFIG_T::input_width + 7) / 8) * 8), 1> >*, std::complex<ap_fixed<(((CONFIG_T::output_width + 7) / 8) * 8), (((((CONFIG_T::output_width + 7) / 8) * 8) - CONFIG_T::input_width) + 1)> >*, hls::ip_fft::status_t<CONFIG_T>*, hls::ip_fft::config_t<CONFIG_T>*)’
   void fft(
        ^~~
/tools/Xilinx/Vitis_HLS/2023.2/include/etc/hls_fft_x_complex.h:729:8: note:   template argument deduction/substitution failed:
../../../../pfb.cpp:137:43: note:   cannot convert ‘fft_status_val’ (type ‘fft_status_t’ {aka ‘hls::ip_fft::status_t<fft_config>’}) to type ‘hls::ip_fft::status_t<fft_config>*’
     hls::fft<fft_config>(ch1_in, ch1_out, fft_status_val, fft_config_val);
                                           ^~~~~~~~~~~~~~
In file included from /tools/Xilinx/Vitis_HLS/2023.2/include/hls_fft.h:865,
                 from ../../../../pfb.h:8,
                 from ../../../../pfb.cpp:1:
/tools/Xilinx/Vitis_HLS/2023.2/include/etc/hls_fft_x_complex.h:754:8: note: candidate: ‘template<class CONFIG_T> void hls::fft(std::complex<ap_fixed<(((CONFIG_T::input_width + 7) / 8) * 8), 1> > (*)[(1 << CONFIG_T::max_nfft)], std::complex<ap_fixed<(((CONFIG_T::output_width + 7) / 8) * 8), (((((CONFIG_T::output_width + 7) / 8) * 8) - CONFIG_T::input_width) + 1)> > (*)[(1 << CONFIG_T::max_nfft)], hls::ip_fft::status_t<CONFIG_T>*, hls::ip_fft::config_t<CONFIG_T>*)’
   void fft(
        ^~~
/tools/Xilinx/Vitis_HLS/2023.2/include/etc/hls_fft_x_complex.h:754:8: note:   template argument deduction/substitution failed:
../../../../pfb.cpp:137:26: note:   cannot convert ‘ch1_in’ (type ‘fft_complex_t [1024]’ {aka ‘std::complex<ap_fixed<16, 1, (ap_q_mode)5, (ap_o_mode)3> > [1024]’}) to type ‘std::complex<ap_fixed<16, 1, (ap_q_mode)5, (ap_o_mode)3> > (*)[1024]’
     hls::fft<fft_config>(ch1_in, ch1_out, fft_status_val, fft_config_val);
                          ^~~~~~
In file included from /tools/Xilinx/Vitis_HLS/2023.2/include/hls_fft.h:865,
                 from ../../../../pfb.h:8,
                 from ../../../../pfb.cpp:1:
/tools/Xilinx/Vitis_HLS/2023.2/include/etc/hls_fft_x_complex.h:953:8: note: candidate: ‘template<class CONFIG_T> void hls::fft(hls::stream<std::complex<float> >&, hls::stream<std::complex<float> >&, hls::stream<hls::ip_fft::status_t<CONFIG_T> >&, hls::stream<hls::ip_fft::config_t<CONFIG_T> >&)’
   void fft(hls::stream<complex<float>> &xn_s,
        ^~~
/tools/Xilinx/Vitis_HLS/2023.2/include/etc/hls_fft_x_complex.h:953:8: note:   template argument deduction/substitution failed:
../../../../pfb.cpp:137:26: note:   cannot convert ‘ch1_in’ (type ‘fft_complex_t [1024]’ {aka ‘std::complex<ap_fixed<16, 1, (ap_q_mode)5, (ap_o_mode)3> > [1024]’}) to type ‘hls::stream<std::complex<float> >&’
     hls::fft<fft_config>(ch1_in, ch1_out, fft_status_val, fft_config_val);
                          ^~~~~~
In file included from /tools/Xilinx/Vitis_HLS/2023.2/include/hls_fft.h:865,
                 from ../../../../pfb.h:8,
                 from ../../../../pfb.cpp:1:
/tools/Xilinx/Vitis_HLS/2023.2/include/etc/hls_fft_x_complex.h:982:8: note: candidate: ‘template<class CONFIG_T> void hls::fft(std::complex<float>*, std::complex<float>*, hls::ip_fft::status_t<CONFIG_T>*, hls::ip_fft::config_t<CONFIG_T>*)’
   void fft(complex<float> xn[1 << CONFIG_T::max_nfft],
        ^~~
/tools/Xilinx/Vitis_HLS/2023.2/include/etc/hls_fft_x_complex.h:982:8: note:   template argument deduction/substitution failed:
../../../../pfb.cpp:137:26: note:   cannot convert ‘ch1_in’ (type ‘fft_complex_t [1024]’ {aka ‘std::complex<ap_fixed<16, 1, (ap_q_mode)5, (ap_o_mode)3> > [1024]’}) to type ‘std::complex<float>*’
     hls::fft<fft_config>(ch1_in, ch1_out, fft_status_val, fft_config_val);
                          ^~~~~~
In file included from /tools/Xilinx/Vitis_HLS/2023.2/include/hls_fft.h:865,
                 from ../../../../pfb.h:8,
                 from ../../../../pfb.cpp:1:
/tools/Xilinx/Vitis_HLS/2023.2/include/etc/hls_fft_x_complex.h:1006:8: note: candidate: ‘template<class CONFIG_T> void hls::fft(hls::x_complex<ap_fixed<(((CONFIG_T::input_width + 7) / 8) * 8), 1> >*, hls::x_complex<ap_fixed<(((CONFIG_T::output_width + 7) / 8) * 8), (((((CONFIG_T::output_width + 7) / 8) * 8) - CONFIG_T::input_width) + 1)> >*, hls::ip_fft::status_t<CONFIG_T>*, hls::ip_fft::config_t<CONFIG_T>*)’
   void fft(
        ^~~
/tools/Xilinx/Vitis_HLS/2023.2/include/etc/hls_fft_x_complex.h:1006:8: note:   template argument deduction/substitution failed:
../../../../pfb.cpp:137:26: note:   cannot convert ‘ch1_in’ (type ‘fft_complex_t [1024]’ {aka ‘std::complex<ap_fixed<16, 1, (ap_q_mode)5, (ap_o_mode)3> > [1024]’}) to type ‘hls::x_complex<ap_fixed<16, 1, (ap_q_mode)5, (ap_o_mode)3> >*’
     hls::fft<fft_config>(ch1_in, ch1_out, fft_status_val, fft_config_val);
                          ^~~~~~
In file included from /tools/Xilinx/Vitis_HLS/2023.2/include/hls_fft.h:865,
                 from ../../../../pfb.h:8,
                 from ../../../../pfb.cpp:1:
/tools/Xilinx/Vitis_HLS/2023.2/include/etc/hls_fft_x_complex.h:1034:8: note: candidate: ‘template<class CONFIG_T> void hls::fft(hls::x_complex<ap_fixed<(((CONFIG_T::input_width + 7) / 8) * 8), 1> > (*)[(1 << CONFIG_T::max_nfft)], hls::x_complex<ap_fixed<(((CONFIG_T::output_width + 7) / 8) * 8), (((((CONFIG_T::output_width + 7) / 8) * 8) - CONFIG_T::input_width) + 1)> > (*)[(1 << CONFIG_T::max_nfft)], hls::ip_fft::status_t<CONFIG_T>*, hls::ip_fft::config_t<CONFIG_T>*)’
   void fft(
        ^~~
/tools/Xilinx/Vitis_HLS/2023.2/include/etc/hls_fft_x_complex.h:1034:8: note:   template argument deduction/substitution failed:
../../../../pfb.cpp:137:26: note:   cannot convert ‘ch1_in’ (type ‘fft_complex_t [1024]’ {aka ‘std::complex<ap_fixed<16, 1, (ap_q_mode)5, (ap_o_mode)3> > [1024]’}) to type ‘hls::x_complex<ap_fixed<16, 1, (ap_q_mode)5, (ap_o_mode)3> > (*)[1024]’
     hls::fft<fft_config>(ch1_in, ch1_out, fft_status_val, fft_config_val);
                          ^~~~~~
In file included from /tools/Xilinx/Vitis_HLS/2023.2/include/hls_fft.h:865,
                 from ../../../../pfb.h:8,
                 from ../../../../pfb.cpp:1:
/tools/Xilinx/Vitis_HLS/2023.2/include/etc/hls_fft_x_complex.h:1067:8: note: candidate: ‘template<class CONFIG_T> void hls::fft(hls::x_complex<float>*, hls::x_complex<float>*, hls::ip_fft::status_t<CONFIG_T>*, hls::ip_fft::config_t<CONFIG_T>*)’
   void fft(
        ^~~
/tools/Xilinx/Vitis_HLS/2023.2/include/etc/hls_fft_x_complex.h:1067:8: note:   template argument deduction/substitution failed:
../../../../pfb.cpp:137:26: note:   cannot convert ‘ch1_in’ (type ‘fft_complex_t [1024]’ {aka ‘std::complex<ap_fixed<16, 1, (ap_q_mode)5, (ap_o_mode)3> > [1024]’}) to type ‘hls::x_complex<float>*’
     hls::fft<fft_config>(ch1_in, ch1_out, fft_status_val, fft_config_val);
                          ^~~~~~
../../../../pfb.cpp:138:73: error: no matching function for call to ‘fft<fft_config>(fft_complex_t [1024], fft_complex_t [1024], fft_status_t&, fft_config_t&)’
     hls::fft<fft_config>(ch2_in, ch2_out, fft_status_val, fft_config_val);
                                                                         ^
In file included from /tools/Xilinx/Vitis_HLS/2023.2/include/hls_fft.h:865,
                 from ../../../../pfb.h:8,
                 from ../../../../pfb.cpp:1:
/tools/Xilinx/Vitis_HLS/2023.2/include/etc/hls_fft_x_complex.h:696:8: note: candidate: ‘template<class CONFIG_T> void hls::fft(hls::stream<std::complex<ap_fixed<(((CONFIG_T::input_width + 7) / 8) * 8), 1> > >&, hls::stream<std::complex<ap_fixed<(((CONFIG_T::output_width + 7) / 8) * 8), (((((CONFIG_T::output_width + 7) / 8) * 8) - CONFIG_T::input_width) + 1)> > >&, hls::stream<hls::ip_fft::status_t<CONFIG_T> >&, hls::stream<hls::ip_fft::config_t<CONFIG_T> >&)’
   void fft(
        ^~~
/tools/Xilinx/Vitis_HLS/2023.2/include/etc/hls_fft_x_complex.h:696:8: note:   template argument deduction/substitution failed:
../../../../pfb.cpp:138:26: note:   cannot convert ‘ch2_in’ (type ‘fft_complex_t [1024]’ {aka ‘std::complex<ap_fixed<16, 1, (ap_q_mode)5, (ap_o_mode)3> > [1024]’}) to type ‘hls::stream<std::complex<ap_fixed<16, 1, (ap_q_mode)5, (ap_o_mode)3> >, 0>&’
     hls::fft<fft_config>(ch2_in, ch2_out, fft_status_val, fft_config_val);
                          ^~~~~~
In file included from /tools/Xilinx/Vitis_HLS/2023.2/include/hls_fft.h:865,
                 from ../../../../pfb.h:8,
                 from ../../../../pfb.cpp:1:
/tools/Xilinx/Vitis_HLS/2023.2/include/etc/hls_fft_x_complex.h:729:8: note: candidate: ‘template<class CONFIG_T> void hls::fft(std::complex<ap_fixed<(((CONFIG_T::input_width + 7) / 8) * 8), 1> >*, std::complex<ap_fixed<(((CONFIG_T::output_width + 7) / 8) * 8), (((((CONFIG_T::output_width + 7) / 8) * 8) - CONFIG_T::input_width) + 1)> >*, hls::ip_fft::status_t<CONFIG_T>*, hls::ip_fft::config_t<CONFIG_T>*)’
   void fft(
        ^~~
/tools/Xilinx/Vitis_HLS/2023.2/include/etc/hls_fft_x_complex.h:729:8: note:   template argument deduction/substitution failed:
../../../../pfb.cpp:138:43: note:   cannot convert ‘fft_status_val’ (type ‘fft_status_t’ {aka ‘hls::ip_fft::status_t<fft_config>’}) to type ‘hls::ip_fft::status_t<fft_config>*’
     hls::fft<fft_config>(ch2_in, ch2_out, fft_status_val, fft_config_val);
                                           ^~~~~~~~~~~~~~
In file included from /tools/Xilinx/Vitis_HLS/2023.2/include/hls_fft.h:865,
                 from ../../../../pfb.h:8,
                 from ../../../../pfb.cpp:1:
/tools/Xilinx/Vitis_HLS/2023.2/include/etc/hls_fft_x_complex.h:754:8: note: candidate: ‘template<class CONFIG_T> void hls::fft(std::complex<ap_fixed<(((CONFIG_T::input_width + 7) / 8) * 8), 1> > (*)[(1 << CONFIG_T::max_nfft)], std::complex<ap_fixed<(((CONFIG_T::output_width + 7) / 8) * 8), (((((CONFIG_T::output_width + 7) / 8) * 8) - CONFIG_T::input_width) + 1)> > (*)[(1 << CONFIG_T::max_nfft)], hls::ip_fft::status_t<CONFIG_T>*, hls::ip_fft::config_t<CONFIG_T>*)’
   void fft(
        ^~~
/tools/Xilinx/Vitis_HLS/2023.2/include/etc/hls_fft_x_complex.h:754:8: note:   template argument deduction/substitution failed:
../../../../pfb.cpp:138:26: note:   cannot convert ‘ch2_in’ (type ‘fft_complex_t [1024]’ {aka ‘std::complex<ap_fixed<16, 1, (ap_q_mode)5, (ap_o_mode)3> > [1024]’}) to type ‘std::complex<ap_fixed<16, 1, (ap_q_mode)5, (ap_o_mode)3> > (*)[1024]’
     hls::fft<fft_config>(ch2_in, ch2_out, fft_status_val, fft_config_val);
                          ^~~~~~
In file included from /tools/Xilinx/Vitis_HLS/2023.2/include/hls_fft.h:865,
                 from ../../../../pfb.h:8,
                 from ../../../../pfb.cpp:1:
/tools/Xilinx/Vitis_HLS/2023.2/include/etc/hls_fft_x_complex.h:953:8: note: candidate: ‘template<class CONFIG_T> void hls::fft(hls::stream<std::complex<float> >&, hls::stream<std::complex<float> >&, hls::stream<hls::ip_fft::status_t<CONFIG_T> >&, hls::stream<hls::ip_fft::config_t<CONFIG_T> >&)’
   void fft(hls::stream<complex<float>> &xn_s,
        ^~~
/tools/Xilinx/Vitis_HLS/2023.2/include/etc/hls_fft_x_complex.h:953:8: note:   template argument deduction/substitution failed:
../../../../pfb.cpp:138:26: note:   cannot convert ‘ch2_in’ (type ‘fft_complex_t [1024]’ {aka ‘std::complex<ap_fixed<16, 1, (ap_q_mode)5, (ap_o_mode)3> > [1024]’}) to type ‘hls::stream<std::complex<float> >&’
     hls::fft<fft_config>(ch2_in, ch2_out, fft_status_val, fft_config_val);
                          ^~~~~~
In file included from /tools/Xilinx/Vitis_HLS/2023.2/include/hls_fft.h:865,
                 from ../../../../pfb.h:8,
                 from ../../../../pfb.cpp:1:
/tools/Xilinx/Vitis_HLS/2023.2/include/etc/hls_fft_x_complex.h:982:8: note: candidate: ‘template<class CONFIG_T> void hls::fft(std::complex<float>*, std::complex<float>*, hls::ip_fft::status_t<CONFIG_T>*, hls::ip_fft::config_t<CONFIG_T>*)’
   void fft(complex<float> xn[1 << CONFIG_T::max_nfft],
        ^~~
/tools/Xilinx/Vitis_HLS/2023.2/include/etc/hls_fft_x_complex.h:982:8: note:   template argument deduction/substitution failed:
../../../../pfb.cpp:138:26: note:   cannot convert ‘ch2_in’ (type ‘fft_complex_t [1024]’ {aka ‘std::complex<ap_fixed<16, 1, (ap_q_mode)5, (ap_o_mode)3> > [1024]’}) to type ‘std::complex<float>*’
     hls::fft<fft_config>(ch2_in, ch2_out, fft_status_val, fft_config_val);
                          ^~~~~~
In file included from /tools/Xilinx/Vitis_HLS/2023.2/include/hls_fft.h:865,
                 from ../../../../pfb.h:8,
                 from ../../../../pfb.cpp:1:
/tools/Xilinx/Vitis_HLS/2023.2/include/etc/hls_fft_x_complex.h:1006:8: note: candidate: ‘template<class CONFIG_T> void hls::fft(hls::x_complex<ap_fixed<(((CONFIG_T::input_width + 7) / 8) * 8), 1> >*, hls::x_complex<ap_fixed<(((CONFIG_T::output_width + 7) / 8) * 8), (((((CONFIG_T::output_width + 7) / 8) * 8) - CONFIG_T::input_width) + 1)> >*, hls::ip_fft::status_t<CONFIG_T>*, hls::ip_fft::config_t<CONFIG_T>*)’
   void fft(
        ^~~
/tools/Xilinx/Vitis_HLS/2023.2/include/etc/hls_fft_x_complex.h:1006:8: note:   template argument deduction/substitution failed:
../../../../pfb.cpp:138:26: note:   cannot convert ‘ch2_in’ (type ‘fft_complex_t [1024]’ {aka ‘std::complex<ap_fixed<16, 1, (ap_q_mode)5, (ap_o_mode)3> > [1024]’}) to type ‘hls::x_complex<ap_fixed<16, 1, (ap_q_mode)5, (ap_o_mode)3> >*’
     hls::fft<fft_config>(ch2_in, ch2_out, fft_status_val, fft_config_val);
                          ^~~~~~
In file included from /tools/Xilinx/Vitis_HLS/2023.2/include/hls_fft.h:865,
                 from ../../../../pfb.h:8,
                 from ../../../../pfb.cpp:1:
/tools/Xilinx/Vitis_HLS/2023.2/include/etc/hls_fft_x_complex.h:1034:8: note: candidate: ‘template<class CONFIG_T> void hls::fft(hls::x_complex<ap_fixed<(((CONFIG_T::input_width + 7) / 8) * 8), 1> > (*)[(1 << CONFIG_T::max_nfft)], hls::x_complex<ap_fixed<(((CONFIG_T::output_width + 7) / 8) * 8), (((((CONFIG_T::output_width + 7) / 8) * 8) - CONFIG_T::input_width) + 1)> > (*)[(1 << CONFIG_T::max_nfft)], hls::ip_fft::status_t<CONFIG_T>*, hls::ip_fft::config_t<CONFIG_T>*)’
   void fft(
        ^~~
/tools/Xilinx/Vitis_HLS/2023.2/include/etc/hls_fft_x_complex.h:1034:8: note:   template argument deduction/substitution failed:
../../../../pfb.cpp:138:26: note:   cannot convert ‘ch2_in’ (type ‘fft_complex_t [1024]’ {aka ‘std::complex<ap_fixed<16, 1, (ap_q_mode)5, (ap_o_mode)3> > [1024]’}) to type ‘hls::x_complex<ap_fixed<16, 1, (ap_q_mode)5, (ap_o_mode)3> > (*)[1024]’
     hls::fft<fft_config>(ch2_in, ch2_out, fft_status_val, fft_config_val);
                          ^~~~~~
In file included from /tools/Xilinx/Vitis_HLS/2023.2/include/hls_fft.h:865,
                 from ../../../../pfb.h:8,
                 from ../../../../pfb.cpp:1:
/tools/Xilinx/Vitis_HLS/2023.2/include/etc/hls_fft_x_complex.h:1067:8: note: candidate: ‘template<class CONFIG_T> void hls::fft(hls::x_complex<float>*, hls::x_complex<float>*, hls::ip_fft::status_t<CONFIG_T>*, hls::ip_fft::config_t<CONFIG_T>*)’
   void fft(
        ^~~
/tools/Xilinx/Vitis_HLS/2023.2/include/etc/hls_fft_x_complex.h:1067:8: note:   template argument deduction/substitution failed:
../../../../pfb.cpp:138:26: note:   cannot convert ‘ch2_in’ (type ‘fft_complex_t [1024]’ {aka ‘std::complex<ap_fixed<16, 1, (ap_q_mode)5, (ap_o_mode)3> > [1024]’}) to type ‘hls::x_complex<float>*’
     hls::fft<fft_config>(ch2_in, ch2_out, fft_status_val, fft_config_val);
                          ^~~~~~
../../../../pfb.cpp:139:73: error: no matching function for call to ‘fft<fft_config>(fft_complex_t [1024], fft_complex_t [1024], fft_status_t&, fft_config_t&)’
     hls::fft<fft_config>(ch3_in, ch3_out, fft_status_val, fft_config_val);
                                                                         ^
In file included from /tools/Xilinx/Vitis_HLS/2023.2/include/hls_fft.h:865,
                 from ../../../../pfb.h:8,
                 from ../../../../pfb.cpp:1:
/tools/Xilinx/Vitis_HLS/2023.2/include/etc/hls_fft_x_complex.h:696:8: note: candidate: ‘template<class CONFIG_T> void hls::fft(hls::stream<std::complex<ap_fixed<(((CONFIG_T::input_width + 7) / 8) * 8), 1> > >&, hls::stream<std::complex<ap_fixed<(((CONFIG_T::output_width + 7) / 8) * 8), (((((CONFIG_T::output_width + 7) / 8) * 8) - CONFIG_T::input_width) + 1)> > >&, hls::stream<hls::ip_fft::status_t<CONFIG_T> >&, hls::stream<hls::ip_fft::config_t<CONFIG_T> >&)’
   void fft(
        ^~~
/tools/Xilinx/Vitis_HLS/2023.2/include/etc/hls_fft_x_complex.h:696:8: note:   template argument deduction/substitution failed:
../../../../pfb.cpp:139:26: note:   cannot convert ‘ch3_in’ (type ‘fft_complex_t [1024]’ {aka ‘std::complex<ap_fixed<16, 1, (ap_q_mode)5, (ap_o_mode)3> > [1024]’}) to type ‘hls::stream<std::complex<ap_fixed<16, 1, (ap_q_mode)5, (ap_o_mode)3> >, 0>&’
     hls::fft<fft_config>(ch3_in, ch3_out, fft_status_val, fft_config_val);
                          ^~~~~~
In file included from /tools/Xilinx/Vitis_HLS/2023.2/include/hls_fft.h:865,
                 from ../../../../pfb.h:8,
                 from ../../../../pfb.cpp:1:
/tools/Xilinx/Vitis_HLS/2023.2/include/etc/hls_fft_x_complex.h:729:8: note: candidate: ‘template<class CONFIG_T> void hls::fft(std::complex<ap_fixed<(((CONFIG_T::input_width + 7) / 8) * 8), 1> >*, std::complex<ap_fixed<(((CONFIG_T::output_width + 7) / 8) * 8), (((((CONFIG_T::output_width + 7) / 8) * 8) - CONFIG_T::input_width) + 1)> >*, hls::ip_fft::status_t<CONFIG_T>*, hls::ip_fft::config_t<CONFIG_T>*)’
   void fft(
        ^~~
/tools/Xilinx/Vitis_HLS/2023.2/include/etc/hls_fft_x_complex.h:729:8: note:   template argument deduction/substitution failed:
../../../../pfb.cpp:139:43: note:   cannot convert ‘fft_status_val’ (type ‘fft_status_t’ {aka ‘hls::ip_fft::status_t<fft_config>’}) to type ‘hls::ip_fft::status_t<fft_config>*’
     hls::fft<fft_config>(ch3_in, ch3_out, fft_status_val, fft_config_val);
                                           ^~~~~~~~~~~~~~
In file included from /tools/Xilinx/Vitis_HLS/2023.2/include/hls_fft.h:865,
                 from ../../../../pfb.h:8,
                 from ../../../../pfb.cpp:1:
/tools/Xilinx/Vitis_HLS/2023.2/include/etc/hls_fft_x_complex.h:754:8: note: candidate: ‘template<class CONFIG_T> void hls::fft(std::complex<ap_fixed<(((CONFIG_T::input_width + 7) / 8) * 8), 1> > (*)[(1 << CONFIG_T::max_nfft)], std::complex<ap_fixed<(((CONFIG_T::output_width + 7) / 8) * 8), (((((CONFIG_T::output_width + 7) / 8) * 8) - CONFIG_T::input_width) + 1)> > (*)[(1 << CONFIG_T::max_nfft)], hls::ip_fft::status_t<CONFIG_T>*, hls::ip_fft::config_t<CONFIG_T>*)’
   void fft(
        ^~~
/tools/Xilinx/Vitis_HLS/2023.2/include/etc/hls_fft_x_complex.h:754:8: note:   template argument deduction/substitution failed:
../../../../pfb.cpp:139:26: note:   cannot convert ‘ch3_in’ (type ‘fft_complex_t [1024]’ {aka ‘std::complex<ap_fixed<16, 1, (ap_q_mode)5, (ap_o_mode)3> > [1024]’}) to type ‘std::complex<ap_fixed<16, 1, (ap_q_mode)5, (ap_o_mode)3> > (*)[1024]’
     hls::fft<fft_config>(ch3_in, ch3_out, fft_status_val, fft_config_val);
                          ^~~~~~
In file included from /tools/Xilinx/Vitis_HLS/2023.2/include/hls_fft.h:865,
                 from ../../../../pfb.h:8,
                 from ../../../../pfb.cpp:1:
/tools/Xilinx/Vitis_HLS/2023.2/include/etc/hls_fft_x_complex.h:953:8: note: candidate: ‘template<class CONFIG_T> void hls::fft(hls::stream<std::complex<float> >&, hls::stream<std::complex<float> >&, hls::stream<hls::ip_fft::status_t<CONFIG_T> >&, hls::stream<hls::ip_fft::config_t<CONFIG_T> >&)’
   void fft(hls::stream<complex<float>> &xn_s,
        ^~~
/tools/Xilinx/Vitis_HLS/2023.2/include/etc/hls_fft_x_complex.h:953:8: note:   template argument deduction/substitution failed:
../../../../pfb.cpp:139:26: note:   cannot convert ‘ch3_in’ (type ‘fft_complex_t [1024]’ {aka ‘std::complex<ap_fixed<16, 1, (ap_q_mode)5, (ap_o_mode)3> > [1024]’}) to type ‘hls::stream<std::complex<float> >&’
     hls::fft<fft_config>(ch3_in, ch3_out, fft_status_val, fft_config_val);
                          ^~~~~~
In file included from /tools/Xilinx/Vitis_HLS/2023.2/include/hls_fft.h:865,
                 from ../../../../pfb.h:8,
                 from ../../../../pfb.cpp:1:
/tools/Xilinx/Vitis_HLS/2023.2/include/etc/hls_fft_x_complex.h:982:8: note: candidate: ‘template<class CONFIG_T> void hls::fft(std::complex<float>*, std::complex<float>*, hls::ip_fft::status_t<CONFIG_T>*, hls::ip_fft::config_t<CONFIG_T>*)’
   void fft(complex<float> xn[1 << CONFIG_T::max_nfft],
        ^~~
/tools/Xilinx/Vitis_HLS/2023.2/include/etc/hls_fft_x_complex.h:982:8: note:   template argument deduction/substitution failed:
../../../../pfb.cpp:139:26: note:   cannot convert ‘ch3_in’ (type ‘fft_complex_t [1024]’ {aka ‘std::complex<ap_fixed<16, 1, (ap_q_mode)5, (ap_o_mode)3> > [1024]’}) to type ‘std::complex<float>*’
     hls::fft<fft_config>(ch3_in, ch3_out, fft_status_val, fft_config_val);
                          ^~~~~~
In file included from /tools/Xilinx/Vitis_HLS/2023.2/include/hls_fft.h:865,
                 from ../../../../pfb.h:8,
                 from ../../../../pfb.cpp:1:
/tools/Xilinx/Vitis_HLS/2023.2/include/etc/hls_fft_x_complex.h:1006:8: note: candidate: ‘template<class CONFIG_T> void hls::fft(hls::x_complex<ap_fixed<(((CONFIG_T::input_width + 7) / 8) * 8), 1> >*, hls::x_complex<ap_fixed<(((CONFIG_T::output_width + 7) / 8) * 8), (((((CONFIG_T::output_width + 7) / 8) * 8) - CONFIG_T::input_width) + 1)> >*, hls::ip_fft::status_t<CONFIG_T>*, hls::ip_fft::config_t<CONFIG_T>*)’
   void fft(
        ^~~
/tools/Xilinx/Vitis_HLS/2023.2/include/etc/hls_fft_x_complex.h:1006:8: note:   template argument deduction/substitution failed:
../../../../pfb.cpp:139:26: note:   cannot convert ‘ch3_in’ (type ‘fft_complex_t [1024]’ {aka ‘std::complex<ap_fixed<16, 1, (ap_q_mode)5, (ap_o_mode)3> > [1024]’}) to type ‘hls::x_complex<ap_fixed<16, 1, (ap_q_mode)5, (ap_o_mode)3> >*’
     hls::fft<fft_config>(ch3_in, ch3_out, fft_status_val, fft_config_val);
                          ^~~~~~
In file included from /tools/Xilinx/Vitis_HLS/2023.2/include/hls_fft.h:865,
                 from ../../../../pfb.h:8,
                 from ../../../../pfb.cpp:1:
/tools/Xilinx/Vitis_HLS/2023.2/include/etc/hls_fft_x_complex.h:1034:8: note: candidate: ‘template<class CONFIG_T> void hls::fft(hls::x_complex<ap_fixed<(((CONFIG_T::input_width + 7) / 8) * 8), 1> > (*)[(1 << CONFIG_T::max_nfft)], hls::x_complex<ap_fixed<(((CONFIG_T::output_width + 7) / 8) * 8), (((((CONFIG_T::output_width + 7) / 8) * 8) - CONFIG_T::input_width) + 1)> > (*)[(1 << CONFIG_T::max_nfft)], hls::ip_fft::status_t<CONFIG_T>*, hls::ip_fft::config_t<CONFIG_T>*)’
   void fft(
        ^~~
/tools/Xilinx/Vitis_HLS/2023.2/include/etc/hls_fft_x_complex.h:1034:8: note:   template argument deduction/substitution failed:
../../../../pfb.cpp:139:26: note:   cannot convert ‘ch3_in’ (type ‘fft_complex_t [1024]’ {aka ‘std::complex<ap_fixed<16, 1, (ap_q_mode)5, (ap_o_mode)3> > [1024]’}) to type ‘hls::x_complex<ap_fixed<16, 1, (ap_q_mode)5, (ap_o_mode)3> > (*)[1024]’
     hls::fft<fft_config>(ch3_in, ch3_out, fft_status_val, fft_config_val);
                          ^~~~~~
In file included from /tools/Xilinx/Vitis_HLS/2023.2/include/hls_fft.h:865,
                 from ../../../../pfb.h:8,
                 from ../../../../pfb.cpp:1:
/tools/Xilinx/Vitis_HLS/2023.2/include/etc/hls_fft_x_complex.h:1067:8: note: candidate: ‘template<class CONFIG_T> void hls::fft(hls::x_complex<float>*, hls::x_complex<float>*, hls::ip_fft::status_t<CONFIG_T>*, hls::ip_fft::config_t<CONFIG_T>*)’
   void fft(
        ^~~
/tools/Xilinx/Vitis_HLS/2023.2/include/etc/hls_fft_x_complex.h:1067:8: note:   template argument deduction/substitution failed:
../../../../pfb.cpp:139:26: note:   cannot convert ‘ch3_in’ (type ‘fft_complex_t [1024]’ {aka ‘std::complex<ap_fixed<16, 1, (ap_q_mode)5, (ap_o_mode)3> > [1024]’}) to type ‘hls::x_complex<float>*’
     hls::fft<fft_config>(ch3_in, ch3_out, fft_status_val, fft_config_val);
                          ^~~~~~
../../../../pfb.cpp: In function ‘void pfb_multichannel_decimator(hls::stream<ap_fixed<16, 1, (ap_q_mode)5, (ap_o_mode)3> >&, hls::stream<ap_fixed<16, 1, (ap_q_mode)5, (ap_o_mode)3> >&, hls::stream<ap_fixed<16, 1, (ap_q_mode)5, (ap_o_mode)3> >&, hls::stream<ap_fixed<16, 1, (ap_q_mode)5, (ap_o_mode)3> >&, hls::stream<ap_fixed<16, 1, (ap_q_mode)5, (ap_o_mode)3> >&, hls::stream<ap_fixed<16, 1, (ap_q_mode)5, (ap_o_mode)3> >&, hls::stream<ap_fixed<16, 1, (ap_q_mode)5, (ap_o_mode)3> >&, hls::stream<ap_fixed<16, 1, (ap_q_mode)5, (ap_o_mode)3> >&, hls::stream<ap_fixed<32, 1, (ap_q_mode)5, (ap_o_mode)3> >&, hls::stream<ap_fixed<32, 1, (ap_q_mode)5, (ap_o_mode)3> >&, hls::stream<ap_fixed<32, 1, (ap_q_mode)5, (ap_o_mode)3> >&, hls::stream<ap_fixed<32, 1, (ap_q_mode)5, (ap_o_mode)3> >&, const coeff_t*, bool)’:
../../../../pfb.cpp:242:9: error: ‘stream_compute_to_write’ was not declared in this scope
         stream_compute_to_write,
         ^~~~~~~~~~~~~~~~~~~~~~~
../../../../pfb.cpp:242:9: note: suggested alternative: ‘stream_compute_to_fft’
         stream_compute_to_write,
         ^~~~~~~~~~~~~~~~~~~~~~~
         stream_compute_to_fft
../../../../pfb.cpp:253:28: error: expected ‘)’ before ‘dout_data_0’
         stream_fft_to_write
                            ^
                            )
         dout_data_0, dout_data_1, dout_data_2, dout_data_3
         ~~~~~~~~~~~         
../../../../pfb.cpp:252:18: note: to match this ‘(’
     write_outputs(
                  ^
../../../../pfb.cpp:255:5: error: too few arguments to function ‘void write_outputs(hls::stream<parallel_sample_t>&, hls::stream<ap_fixed<32, 1, (ap_q_mode)5, (ap_o_mode)3> >&, hls::stream<ap_fixed<32, 1, (ap_q_mode)5, (ap_o_mode)3> >&, hls::stream<ap_fixed<32, 1, (ap_q_mode)5, (ap_o_mode)3> >&, hls::stream<ap_fixed<32, 1, (ap_q_mode)5, (ap_o_mode)3> >&)’
     );
     ^
../../../../pfb.cpp:154:6: note: declared here
 void write_outputs(
      ^~~~~~~~~~~~~
make: *** [csim.mk:85: obj/pfb.o] Error 1
ERROR: [SIM 211-100] 'csim_design' failed: compilation error(s).
INFO: [SIM 211-3] *************** CSIM finish ***************
INFO: [HLS 200-111] Finished Command csim_design CPU user time: 1.42 seconds. CPU system time: 0.12 seconds. Elapsed time: 1.65 seconds; current allocated memory: 0.211 MB.
INFO: [HLS 200-1510] Running: close_project 
ERROR: 4
INFO: [HLS 200-112] Total CPU user time: 2.19 seconds. Total CPU system time: 0.18 seconds. Total elapsed time: 2.42 seconds; peak allocated memory: 274.414 MB.
INFO: [Common 17-206] Exiting vitis_hls at Thu Jan  8 19:16:21 2026...
