

================================================================
== Vitis HLS Report for 'write_outputs'
================================================================
* Date:           Fri Jan  9 19:34:44 2026

* Version:        2023.2 (Build 4023990 on Oct 11 2023)
* Project:        hls_pfb
* Solution:       hls (Vivado IP Flow Target)
* Product family: zynq
* Target device:  xc7z045-ffg900-2


================================================================
== Performance Estimates
================================================================
+ Timing: 
    * Summary: 
    +--------+----------+----------+------------+
    |  Clock |  Target  | Estimated| Uncertainty|
    +--------+----------+----------+------------+
    |ap_clk  |  10.00 ns|  4.418 ns|     2.70 ns|
    +--------+----------+----------+------------+

+ Latency: 
    * Summary: 
    +---------+---------+-----------+-----------+------+------+---------+
    |  Latency (cycles) |   Latency (absolute)  |   Interval  | Pipeline|
    |   min   |   max   |    min    |    max    |  min |  max |   Type  |
    +---------+---------+-----------+-----------+------+------+---------+
    |     1027|     1027|  10.270 us|  10.270 us|  1027|  1027|       no|
    +---------+---------+-----------+-----------+------+------+---------+

    + Detail: 
        * Instance: 
        N/A

        * Loop: 
        +--------------+---------+---------+----------+-----------+-----------+------+----------+
        |              |  Latency (cycles) | Iteration|  Initiation Interval  | Trip |          |
        |   Loop Name  |   min   |   max   |  Latency |  achieved |   target  | Count| Pipelined|
        +--------------+---------+---------+----------+-----------+-----------+------+----------+
        |- write_loop  |     1025|     1025|         3|          1|          1|  1024|       yes|
        +--------------+---------+---------+----------+-----------+-----------+------+----------+

============================================================
+ Verbose Summary: Synthesis Manager
============================================================
InlineROM: 1
ExposeGlobal: 0
============================================================
+ Verbose Summary: CDFG Model
============================================================
IsTopModel: 0
ResetActiveHigh: 1
IsCombinational: 2
IsDatapathOnly: 0
HasWiredReturn: 1
HasMFsm: 2
HasVarLatency: 1
IsPipeline: 0
IsRtlPipelined: 0
IsInstanceOverlapped: 0
IsDontTouch: 0
HasImplIP: 0
IsGatedGlobalClock: 0

+ Individual pipeline summary: 
  * Pipeline-0: initiation interval (II) = 1, depth = 3


============================================================
+ Verbose Summary: Schedule
============================================================
* Number of FSM states : 3
* Pipeline : 1
  Pipeline-0 : II = 1, D = 3, States = { 1 2 3 }
* Dataflow Pipeline: 0

* FSM state transitions: 
1 --> 2 
2 --> 3 
3 --> 

* FSM state operations: 

State 1 <SV = 0> <Delay = 4.07>
ST_1 : Operation 6 [1/1] (0.00ns)   --->   "%i = alloca i32 1" [/home/brett/Documents/FX_Correlator/pfb/hls_pfb/pfb_io.cpp:41]   --->   Operation 6 'alloca' 'i' <Predicate = true> <Delay = 0.00>
ST_1 : Operation 7 [1/1] (0.00ns)   --->   "%specinterface_ln0 = specinterface void @_ssdm_op_SpecInterface, i128 %stream_fft_to_write, void @empty_19, i32 0, i32 0, void @empty_1, i32 0, i32 0, void @empty_1, void @empty_1, void @empty_1, i32 0, i32 0, i32 0, i32 0, void @empty_1, void @empty_1, i32 4294967295, i32 0"   --->   Operation 7 'specinterface' 'specinterface_ln0' <Predicate = true> <Delay = 0.00>
ST_1 : Operation 8 [1/1] (0.00ns)   --->   "%specinterface_ln0 = specinterface void @_ssdm_op_SpecInterface, i32 %dout_data_3, void @empty_16, i32 1, i32 1, void @empty_15, i32 0, i32 0, void @empty_1, void @empty_1, void @empty_1, i32 0, i32 0, i32 0, i32 0, void @empty_1, void @empty_1, i32 4294967295, i32 0"   --->   Operation 8 'specinterface' 'specinterface_ln0' <Predicate = true> <Delay = 0.00>
ST_1 : Operation 9 [1/1] (0.00ns)   --->   "%specinterface_ln0 = specinterface void @_ssdm_op_SpecInterface, i32 %dout_data_2, void @empty_16, i32 1, i32 1, void @empty_15, i32 0, i32 0, void @empty_1, void @empty_1, void @empty_1, i32 0, i32 0, i32 0, i32 0, void @empty_1, void @empty_1, i32 4294967295, i32 0"   --->   Operation 9 'specinterface' 'specinterface_ln0' <Predicate = true> <Delay = 0.00>
ST_1 : Operation 10 [1/1] (0.00ns)   --->   "%specinterface_ln0 = specinterface void @_ssdm_op_SpecInterface, i32 %dout_data_1, void @empty_16, i32 1, i32 1, void @empty_15, i32 0, i32 0, void @empty_1, void @empty_1, void @empty_1, i32 0, i32 0, i32 0, i32 0, void @empty_1, void @empty_1, i32 4294967295, i32 0"   --->   Operation 10 'specinterface' 'specinterface_ln0' <Predicate = true> <Delay = 0.00>
ST_1 : Operation 11 [1/1] (0.00ns)   --->   "%specinterface_ln0 = specinterface void @_ssdm_op_SpecInterface, i32 %dout_data_0, void @empty_16, i32 1, i32 1, void @empty_15, i32 0, i32 0, void @empty_1, void @empty_1, void @empty_1, i32 0, i32 0, i32 0, i32 0, void @empty_1, void @empty_1, i32 4294967295, i32 0"   --->   Operation 11 'specinterface' 'specinterface_ln0' <Predicate = true> <Delay = 0.00>
ST_1 : Operation 12 [1/1] (0.00ns)   --->   "%specinterface_ln30 = specinterface void @_ssdm_op_SpecInterface, i32 0, void @empty_6, i32 0, i32 0, void @empty_1, i32 0, i32 0, void @empty_1, void @empty_1, void @empty_1, i32 0, i32 0, i32 0, i32 0, void @empty_1, void @empty_1, i32 4294967295, i32 0" [/home/brett/Documents/FX_Correlator/pfb/hls_pfb/pfb_io.cpp:30]   --->   Operation 12 'specinterface' 'specinterface_ln30' <Predicate = true> <Delay = 0.00>
ST_1 : Operation 13 [1/1] (1.29ns)   --->   "%store_ln41 = store i11 0, i11 %i" [/home/brett/Documents/FX_Correlator/pfb/hls_pfb/pfb_io.cpp:41]   --->   Operation 13 'store' 'store_ln41' <Predicate = true> <Delay = 1.29>
ST_1 : Operation 14 [1/1] (0.00ns)   --->   "%br_ln41 = br void %for.body" [/home/brett/Documents/FX_Correlator/pfb/hls_pfb/pfb_io.cpp:41]   --->   Operation 14 'br' 'br_ln41' <Predicate = true> <Delay = 0.00>
ST_1 : Operation 15 [1/1] (0.00ns)   --->   "%i_1 = load i11 %i" [/home/brett/Documents/FX_Correlator/pfb/hls_pfb/pfb_io.cpp:41]   --->   Operation 15 'load' 'i_1' <Predicate = true> <Delay = 0.00>
ST_1 : Operation 16 [1/1] (1.48ns)   --->   "%icmp_ln41 = icmp_eq  i11 %i_1, i11 1024" [/home/brett/Documents/FX_Correlator/pfb/hls_pfb/pfb_io.cpp:41]   --->   Operation 16 'icmp' 'icmp_ln41' <Predicate = true> <Delay = 1.48> <CoreInst = "Cmp">   --->   Core 9 'Cmp' <Latency = 0> <II = 1> <Delay = 1.48> <FuncUnit> <Opcode : 'icmp'> <InPorts = 2> <OutPorts = 1>
ST_1 : Operation 17 [1/1] (1.48ns)   --->   "%i_2 = add i11 %i_1, i11 1" [/home/brett/Documents/FX_Correlator/pfb/hls_pfb/pfb_io.cpp:41]   --->   Operation 17 'add' 'i_2' <Predicate = true> <Delay = 1.48> <CoreInst = "Adder">   --->   Core 1 'Adder' <Latency = 0> <II = 1> <Delay = 1.48> <FuncUnit> <Opcode : 'add' 'sub'> <InPorts = 2> <OutPorts = 1>
ST_1 : Operation 18 [1/1] (0.00ns)   --->   "%br_ln41 = br i1 %icmp_ln41, void %for.body.split, void %for.end" [/home/brett/Documents/FX_Correlator/pfb/hls_pfb/pfb_io.cpp:41]   --->   Operation 18 'br' 'br_ln41' <Predicate = true> <Delay = 0.00>
ST_1 : Operation 19 [1/1] (1.29ns)   --->   "%store_ln41 = store i11 %i_2, i11 %i" [/home/brett/Documents/FX_Correlator/pfb/hls_pfb/pfb_io.cpp:41]   --->   Operation 19 'store' 'store_ln41' <Predicate = (!icmp_ln41)> <Delay = 1.29>

State 2 <SV = 1> <Delay = 4.41>
ST_2 : Operation 20 [1/1] (3.41ns)   --->   "%stream_fft_to_write_read = read i128 @_ssdm_op_Read.ap_fifo.volatile.i128P0A, i128 %stream_fft_to_write" [/home/brett/Documents/FX_Correlator/pfb/hls_pfb/pfb_io.cpp:44]   --->   Operation 20 'read' 'stream_fft_to_write_read' <Predicate = true> <Delay = 3.41> <CoreInst = "FIFO">   --->   Core 78 'FIFO' <Latency = 0> <II = 1> <Delay = 3.41> <Storage> <Opcode : 'read' 'write' 'nbread' 'nbwrite'> <Ports = 0> <Width = 128> <Depth = 4096> <FIFO>
ST_2 : Operation 21 [1/1] (0.00ns)   --->   "%pack_i = trunc i128 %stream_fft_to_write_read" [/home/brett/Documents/FX_Correlator/pfb/hls_pfb/pfb_io.cpp:44]   --->   Operation 21 'trunc' 'pack_i' <Predicate = true> <Delay = 0.00>
ST_2 : Operation 22 [1/1] (0.00ns)   --->   "%trunc_ln44_2 = partselect i16 @_ssdm_op_PartSelect.i16.i128.i32.i32, i128 %stream_fft_to_write_read, i32 16, i32 31" [/home/brett/Documents/FX_Correlator/pfb/hls_pfb/pfb_io.cpp:44]   --->   Operation 22 'partselect' 'trunc_ln44_2' <Predicate = true> <Delay = 0.00>
ST_2 : Operation 23 [1/1] (0.00ns)   --->   "%trunc_ln44_3 = partselect i16 @_ssdm_op_PartSelect.i16.i128.i32.i32, i128 %stream_fft_to_write_read, i32 32, i32 47" [/home/brett/Documents/FX_Correlator/pfb/hls_pfb/pfb_io.cpp:44]   --->   Operation 23 'partselect' 'trunc_ln44_3' <Predicate = true> <Delay = 0.00>
ST_2 : Operation 24 [1/1] (0.00ns)   --->   "%trunc_ln44_4 = partselect i16 @_ssdm_op_PartSelect.i16.i128.i32.i32, i128 %stream_fft_to_write_read, i32 48, i32 63" [/home/brett/Documents/FX_Correlator/pfb/hls_pfb/pfb_io.cpp:44]   --->   Operation 24 'partselect' 'trunc_ln44_4' <Predicate = true> <Delay = 0.00>
ST_2 : Operation 25 [1/1] (0.00ns)   --->   "%trunc_ln44_5 = partselect i16 @_ssdm_op_PartSelect.i16.i128.i32.i32, i128 %stream_fft_to_write_read, i32 64, i32 79" [/home/brett/Documents/FX_Correlator/pfb/hls_pfb/pfb_io.cpp:44]   --->   Operation 25 'partselect' 'trunc_ln44_5' <Predicate = true> <Delay = 0.00>
ST_2 : Operation 26 [1/1] (0.00ns)   --->   "%trunc_ln44_6 = partselect i16 @_ssdm_op_PartSelect.i16.i128.i32.i32, i128 %stream_fft_to_write_read, i32 80, i32 95" [/home/brett/Documents/FX_Correlator/pfb/hls_pfb/pfb_io.cpp:44]   --->   Operation 26 'partselect' 'trunc_ln44_6' <Predicate = true> <Delay = 0.00>
ST_2 : Operation 27 [1/1] (0.00ns)   --->   "%trunc_ln44_7 = partselect i16 @_ssdm_op_PartSelect.i16.i128.i32.i32, i128 %stream_fft_to_write_read, i32 96, i32 111" [/home/brett/Documents/FX_Correlator/pfb/hls_pfb/pfb_io.cpp:44]   --->   Operation 27 'partselect' 'trunc_ln44_7' <Predicate = true> <Delay = 0.00>
ST_2 : Operation 28 [1/1] (0.00ns)   --->   "%trunc_ln44_8 = partselect i16 @_ssdm_op_PartSelect.i16.i128.i32.i32, i128 %stream_fft_to_write_read, i32 112, i32 127" [/home/brett/Documents/FX_Correlator/pfb/hls_pfb/pfb_io.cpp:44]   --->   Operation 28 'partselect' 'trunc_ln44_8' <Predicate = true> <Delay = 0.00>
ST_2 : Operation 29 [1/1] (0.00ns)   --->   "%packed_val = bitconcatenate i32 @_ssdm_op_BitConcatenate.i32.i16.i16, i16 %pack_i, i16 %trunc_ln44_2" [/home/brett/Documents/FX_Correlator/pfb/hls_pfb/pfb_io.cpp:46]   --->   Operation 29 'bitconcatenate' 'packed_val' <Predicate = true> <Delay = 0.00>
ST_2 : Operation 30 [2/2] (1.00ns)   --->   "%write_ln47 = write void @_ssdm_op_Write.axis.volatile.i32P128A, i32 %dout_data_0, i32 %packed_val" [/home/brett/Documents/FX_Correlator/pfb/hls_pfb/pfb_io.cpp:47]   --->   Operation 30 'write' 'write_ln47' <Predicate = true> <Delay = 1.00> <CoreInst = "axis">   --->   Core 115 'axis' <Latency = 0> <II = 1> <Delay = 1.00> <Adapter> <Opcode : >
ST_2 : Operation 31 [1/1] (0.00ns)   --->   "%packed_val_1 = bitconcatenate i32 @_ssdm_op_BitConcatenate.i32.i16.i16, i16 %trunc_ln44_3, i16 %trunc_ln44_4" [/home/brett/Documents/FX_Correlator/pfb/hls_pfb/pfb_io.cpp:49]   --->   Operation 31 'bitconcatenate' 'packed_val_1' <Predicate = true> <Delay = 0.00>
ST_2 : Operation 32 [2/2] (1.00ns)   --->   "%write_ln50 = write void @_ssdm_op_Write.axis.volatile.i32P128A, i32 %dout_data_1, i32 %packed_val_1" [/home/brett/Documents/FX_Correlator/pfb/hls_pfb/pfb_io.cpp:50]   --->   Operation 32 'write' 'write_ln50' <Predicate = true> <Delay = 1.00> <CoreInst = "axis">   --->   Core 115 'axis' <Latency = 0> <II = 1> <Delay = 1.00> <Adapter> <Opcode : >
ST_2 : Operation 33 [1/1] (0.00ns)   --->   "%packed_val_2 = bitconcatenate i32 @_ssdm_op_BitConcatenate.i32.i16.i16, i16 %trunc_ln44_5, i16 %trunc_ln44_6" [/home/brett/Documents/FX_Correlator/pfb/hls_pfb/pfb_io.cpp:52]   --->   Operation 33 'bitconcatenate' 'packed_val_2' <Predicate = true> <Delay = 0.00>
ST_2 : Operation 34 [2/2] (1.00ns)   --->   "%write_ln53 = write void @_ssdm_op_Write.axis.volatile.i32P128A, i32 %dout_data_2, i32 %packed_val_2" [/home/brett/Documents/FX_Correlator/pfb/hls_pfb/pfb_io.cpp:53]   --->   Operation 34 'write' 'write_ln53' <Predicate = true> <Delay = 1.00> <CoreInst = "axis">   --->   Core 115 'axis' <Latency = 0> <II = 1> <Delay = 1.00> <Adapter> <Opcode : >
ST_2 : Operation 35 [1/1] (0.00ns)   --->   "%packed_val_3 = bitconcatenate i32 @_ssdm_op_BitConcatenate.i32.i16.i16, i16 %trunc_ln44_7, i16 %trunc_ln44_8" [/home/brett/Documents/FX_Correlator/pfb/hls_pfb/pfb_io.cpp:55]   --->   Operation 35 'bitconcatenate' 'packed_val_3' <Predicate = true> <Delay = 0.00>
ST_2 : Operation 36 [2/2] (1.00ns)   --->   "%write_ln56 = write void @_ssdm_op_Write.axis.volatile.i32P128A, i32 %dout_data_3, i32 %packed_val_3" [/home/brett/Documents/FX_Correlator/pfb/hls_pfb/pfb_io.cpp:56]   --->   Operation 36 'write' 'write_ln56' <Predicate = true> <Delay = 1.00> <CoreInst = "axis">   --->   Core 115 'axis' <Latency = 0> <II = 1> <Delay = 1.00> <Adapter> <Opcode : >
ST_2 : Operation 45 [1/1] (0.00ns)   --->   "%ret_ln58 = ret" [/home/brett/Documents/FX_Correlator/pfb/hls_pfb/pfb_io.cpp:58]   --->   Operation 45 'ret' 'ret_ln58' <Predicate = (icmp_ln41)> <Delay = 0.00>

State 3 <SV = 2> <Delay = 1.00>
ST_3 : Operation 37 [1/1] (0.00ns)   --->   "%specpipeline_ln42 = specpipeline void @_ssdm_op_SpecPipeline, i32 1, i32 0, i32 0, i32 0, void @empty_1" [/home/brett/Documents/FX_Correlator/pfb/hls_pfb/pfb_io.cpp:42]   --->   Operation 37 'specpipeline' 'specpipeline_ln42' <Predicate = true> <Delay = 0.00>
ST_3 : Operation 38 [1/1] (0.00ns)   --->   "%speclooptripcount_ln41 = speclooptripcount void @_ssdm_op_SpecLoopTripCount, i64 1024, i64 1024, i64 1024" [/home/brett/Documents/FX_Correlator/pfb/hls_pfb/pfb_io.cpp:41]   --->   Operation 38 'speclooptripcount' 'speclooptripcount_ln41' <Predicate = true> <Delay = 0.00>
ST_3 : Operation 39 [1/1] (0.00ns)   --->   "%specloopname_ln41 = specloopname void @_ssdm_op_SpecLoopName, void @empty_3" [/home/brett/Documents/FX_Correlator/pfb/hls_pfb/pfb_io.cpp:41]   --->   Operation 39 'specloopname' 'specloopname_ln41' <Predicate = true> <Delay = 0.00>
ST_3 : Operation 40 [1/2] (1.00ns)   --->   "%write_ln47 = write void @_ssdm_op_Write.axis.volatile.i32P128A, i32 %dout_data_0, i32 %packed_val" [/home/brett/Documents/FX_Correlator/pfb/hls_pfb/pfb_io.cpp:47]   --->   Operation 40 'write' 'write_ln47' <Predicate = true> <Delay = 1.00> <CoreInst = "axis">   --->   Core 115 'axis' <Latency = 0> <II = 1> <Delay = 1.00> <Adapter> <Opcode : >
ST_3 : Operation 41 [1/2] (1.00ns)   --->   "%write_ln50 = write void @_ssdm_op_Write.axis.volatile.i32P128A, i32 %dout_data_1, i32 %packed_val_1" [/home/brett/Documents/FX_Correlator/pfb/hls_pfb/pfb_io.cpp:50]   --->   Operation 41 'write' 'write_ln50' <Predicate = true> <Delay = 1.00> <CoreInst = "axis">   --->   Core 115 'axis' <Latency = 0> <II = 1> <Delay = 1.00> <Adapter> <Opcode : >
ST_3 : Operation 42 [1/2] (1.00ns)   --->   "%write_ln53 = write void @_ssdm_op_Write.axis.volatile.i32P128A, i32 %dout_data_2, i32 %packed_val_2" [/home/brett/Documents/FX_Correlator/pfb/hls_pfb/pfb_io.cpp:53]   --->   Operation 42 'write' 'write_ln53' <Predicate = true> <Delay = 1.00> <CoreInst = "axis">   --->   Core 115 'axis' <Latency = 0> <II = 1> <Delay = 1.00> <Adapter> <Opcode : >
ST_3 : Operation 43 [1/2] (1.00ns)   --->   "%write_ln56 = write void @_ssdm_op_Write.axis.volatile.i32P128A, i32 %dout_data_3, i32 %packed_val_3" [/home/brett/Documents/FX_Correlator/pfb/hls_pfb/pfb_io.cpp:56]   --->   Operation 43 'write' 'write_ln56' <Predicate = true> <Delay = 1.00> <CoreInst = "axis">   --->   Core 115 'axis' <Latency = 0> <II = 1> <Delay = 1.00> <Adapter> <Opcode : >
ST_3 : Operation 44 [1/1] (0.00ns)   --->   "%br_ln41 = br void %for.body" [/home/brett/Documents/FX_Correlator/pfb/hls_pfb/pfb_io.cpp:41]   --->   Operation 44 'br' 'br_ln41' <Predicate = true> <Delay = 0.00>


============================================================
+ Verbose Summary: Binding
============================================================
STG Binding: 
---------------- STG Properties BEGIN ----------------
- Is combinational: 0
- Is one-state seq: 0
- Is datapath-only: 0
- Is pipelined: 0
- Is top level: 0
Port [ Return ] is wired: 1; IO mode=ap_ctrl_hs:ce=0
Port [ stream_fft_to_write]:  wired=1; compound=1; hidden=0; nouse=0; global=0; static=0; extern=0; dir=0; type=3; pingpong=0; private_global=0; IO mode=ap_fifo:ce=0
Port [ dout_data_0]:  wired=1; compound=1; hidden=0; nouse=0; global=0; static=0; extern=0; dir=1; type=0; pingpong=0; private_global=0; IO mode=axis:ce=0
Port [ dout_data_1]:  wired=1; compound=1; hidden=0; nouse=0; global=0; static=0; extern=0; dir=1; type=0; pingpong=0; private_global=0; IO mode=axis:ce=0
Port [ dout_data_2]:  wired=1; compound=1; hidden=0; nouse=0; global=0; static=0; extern=0; dir=1; type=0; pingpong=0; private_global=0; IO mode=axis:ce=0
Port [ dout_data_3]:  wired=1; compound=1; hidden=0; nouse=0; global=0; static=0; extern=0; dir=1; type=0; pingpong=0; private_global=0; IO mode=axis:ce=0
---------------- STG Properties END ------------------

---------------- Datapath Model BEGIN ----------------

<LifeTime>
<method=bitvector/>
i                        (alloca           ) [ 0100]
specinterface_ln0        (specinterface    ) [ 0000]
specinterface_ln0        (specinterface    ) [ 0000]
specinterface_ln0        (specinterface    ) [ 0000]
specinterface_ln0        (specinterface    ) [ 0000]
specinterface_ln0        (specinterface    ) [ 0000]
specinterface_ln30       (specinterface    ) [ 0000]
store_ln41               (store            ) [ 0000]
br_ln41                  (br               ) [ 0000]
i_1                      (load             ) [ 0000]
icmp_ln41                (icmp             ) [ 0110]
i_2                      (add              ) [ 0000]
br_ln41                  (br               ) [ 0000]
store_ln41               (store            ) [ 0000]
stream_fft_to_write_read (read             ) [ 0000]
pack_i                   (trunc            ) [ 0000]
trunc_ln44_2             (partselect       ) [ 0000]
trunc_ln44_3             (partselect       ) [ 0000]
trunc_ln44_4             (partselect       ) [ 0000]
trunc_ln44_5             (partselect       ) [ 0000]
trunc_ln44_6             (partselect       ) [ 0000]
trunc_ln44_7             (partselect       ) [ 0000]
trunc_ln44_8             (partselect       ) [ 0000]
packed_val               (bitconcatenate   ) [ 0101]
packed_val_1             (bitconcatenate   ) [ 0101]
packed_val_2             (bitconcatenate   ) [ 0101]
packed_val_3             (bitconcatenate   ) [ 0101]
specpipeline_ln42        (specpipeline     ) [ 0000]
speclooptripcount_ln41   (speclooptripcount) [ 0000]
specloopname_ln41        (specloopname     ) [ 0000]
write_ln47               (write            ) [ 0000]
write_ln50               (write            ) [ 0000]
write_ln53               (write            ) [ 0000]
write_ln56               (write            ) [ 0000]
br_ln41                  (br               ) [ 0000]
ret_ln58                 (ret              ) [ 0000]
</LifeTime>

<model>

<comp_list>
<comp id="0" class="1000" name="stream_fft_to_write">
<pin_list>
<pin id="1" dir="1" index="0" bw="1" slack="0"/>
</pin_list>
<bind>
<StgValue><ssdm name="stream_fft_to_write"/></StgValue>
</bind>
</comp>

<comp id="2" class="1000" name="dout_data_0">
<pin_list>
<pin id="3" dir="1" index="0" bw="1" slack="0"/>
</pin_list>
<bind>
<StgValue><ssdm name="dout_data_0"/></StgValue>
</bind>
</comp>

<comp id="4" class="1000" name="dout_data_1">
<pin_list>
<pin id="5" dir="1" index="0" bw="1" slack="0"/>
</pin_list>
<bind>
<StgValue><ssdm name="dout_data_1"/></StgValue>
</bind>
</comp>

<comp id="6" class="1000" name="dout_data_2">
<pin_list>
<pin id="7" dir="1" index="0" bw="1" slack="0"/>
</pin_list>
<bind>
<StgValue><ssdm name="dout_data_2"/></StgValue>
</bind>
</comp>

<comp id="8" class="1000" name="dout_data_3">
<pin_list>
<pin id="9" dir="1" index="0" bw="1" slack="0"/>
</pin_list>
<bind>
<StgValue><ssdm name="dout_data_3"/></StgValue>
</bind>
</comp>

<comp id="10" class="1001" name="const_10">
<pin_list>
<pin id="11" dir="1" index="0" bw="1" slack="0"/>
</pin_list>
<bind>
<StgValue><ssdm name=""/></StgValue>
</bind>
</comp>

<comp id="12" class="1001" name="const_12">
<pin_list>
<pin id="13" dir="1" index="0" bw="1" slack="2147483647"/>
</pin_list>
<bind>
<StgValue><ssdm name="_ssdm_op_SpecInterface"/></StgValue>
</bind>
</comp>

<comp id="14" class="1001" name="const_14">
<pin_list>
<pin id="15" dir="1" index="0" bw="1" slack="2147483647"/>
</pin_list>
<bind>
<StgValue><ssdm name="empty_19"/></StgValue>
</bind>
</comp>

<comp id="16" class="1001" name="const_16">
<pin_list>
<pin id="17" dir="1" index="0" bw="1" slack="2147483647"/>
</pin_list>
<bind>
<StgValue><ssdm name=""/></StgValue>
</bind>
</comp>

<comp id="18" class="1001" name="const_18">
<pin_list>
<pin id="19" dir="1" index="0" bw="1" slack="2147483647"/>
</pin_list>
<bind>
<StgValue><ssdm name="empty_1"/></StgValue>
</bind>
</comp>

<comp id="20" class="1001" name="const_20">
<pin_list>
<pin id="21" dir="1" index="0" bw="1" slack="2147483647"/>
</pin_list>
<bind>
<StgValue><ssdm name=""/></StgValue>
</bind>
</comp>

<comp id="22" class="1001" name="const_22">
<pin_list>
<pin id="23" dir="1" index="0" bw="1" slack="2147483647"/>
</pin_list>
<bind>
<StgValue><ssdm name="empty_16"/></StgValue>
</bind>
</comp>

<comp id="24" class="1001" name="const_24">
<pin_list>
<pin id="25" dir="1" index="0" bw="1" slack="2147483647"/>
</pin_list>
<bind>
<StgValue><ssdm name="empty_15"/></StgValue>
</bind>
</comp>

<comp id="26" class="1001" name="const_26">
<pin_list>
<pin id="27" dir="1" index="0" bw="1" slack="2147483647"/>
</pin_list>
<bind>
<StgValue><ssdm name="empty_6"/></StgValue>
</bind>
</comp>

<comp id="28" class="1001" name="const_28">
<pin_list>
<pin id="29" dir="1" index="0" bw="1" slack="0"/>
</pin_list>
<bind>
<StgValue><ssdm name=""/></StgValue>
</bind>
</comp>

<comp id="30" class="1001" name="const_30">
<pin_list>
<pin id="31" dir="1" index="0" bw="1" slack="0"/>
</pin_list>
<bind>
<StgValue><ssdm name=""/></StgValue>
</bind>
</comp>

<comp id="32" class="1001" name="const_32">
<pin_list>
<pin id="33" dir="1" index="0" bw="1" slack="0"/>
</pin_list>
<bind>
<StgValue><ssdm name=""/></StgValue>
</bind>
</comp>

<comp id="34" class="1001" name="const_34">
<pin_list>
<pin id="35" dir="1" index="0" bw="1" slack="0"/>
</pin_list>
<bind>
<StgValue><ssdm name="_ssdm_op_Read.ap_fifo.volatile.i128P0A"/></StgValue>
</bind>
</comp>

<comp id="36" class="1001" name="const_36">
<pin_list>
<pin id="37" dir="1" index="0" bw="1" slack="0"/>
</pin_list>
<bind>
<StgValue><ssdm name="_ssdm_op_PartSelect.i16.i128.i32.i32"/></StgValue>
</bind>
</comp>

<comp id="38" class="1001" name="const_38">
<pin_list>
<pin id="39" dir="1" index="0" bw="1" slack="0"/>
</pin_list>
<bind>
<StgValue><ssdm name=""/></StgValue>
</bind>
</comp>

<comp id="40" class="1001" name="const_40">
<pin_list>
<pin id="41" dir="1" index="0" bw="1" slack="0"/>
</pin_list>
<bind>
<StgValue><ssdm name=""/></StgValue>
</bind>
</comp>

<comp id="42" class="1001" name="const_42">
<pin_list>
<pin id="43" dir="1" index="0" bw="1" slack="0"/>
</pin_list>
<bind>
<StgValue><ssdm name=""/></StgValue>
</bind>
</comp>

<comp id="44" class="1001" name="const_44">
<pin_list>
<pin id="45" dir="1" index="0" bw="1" slack="0"/>
</pin_list>
<bind>
<StgValue><ssdm name=""/></StgValue>
</bind>
</comp>

<comp id="46" class="1001" name="const_46">
<pin_list>
<pin id="47" dir="1" index="0" bw="1" slack="0"/>
</pin_list>
<bind>
<StgValue><ssdm name=""/></StgValue>
</bind>
</comp>

<comp id="48" class="1001" name="const_48">
<pin_list>
<pin id="49" dir="1" index="0" bw="1" slack="0"/>
</pin_list>
<bind>
<StgValue><ssdm name=""/></StgValue>
</bind>
</comp>

<comp id="50" class="1001" name="const_50">
<pin_list>
<pin id="51" dir="1" index="0" bw="1" slack="0"/>
</pin_list>
<bind>
<StgValue><ssdm name=""/></StgValue>
</bind>
</comp>

<comp id="52" class="1001" name="const_52">
<pin_list>
<pin id="53" dir="1" index="0" bw="1" slack="0"/>
</pin_list>
<bind>
<StgValue><ssdm name=""/></StgValue>
</bind>
</comp>

<comp id="54" class="1001" name="const_54">
<pin_list>
<pin id="55" dir="1" index="0" bw="1" slack="0"/>
</pin_list>
<bind>
<StgValue><ssdm name=""/></StgValue>
</bind>
</comp>

<comp id="56" class="1001" name="const_56">
<pin_list>
<pin id="57" dir="1" index="0" bw="1" slack="0"/>
</pin_list>
<bind>
<StgValue><ssdm name=""/></StgValue>
</bind>
</comp>

<comp id="58" class="1001" name="const_58">
<pin_list>
<pin id="59" dir="1" index="0" bw="1" slack="0"/>
</pin_list>
<bind>
<StgValue><ssdm name=""/></StgValue>
</bind>
</comp>

<comp id="60" class="1001" name="const_60">
<pin_list>
<pin id="61" dir="1" index="0" bw="1" slack="0"/>
</pin_list>
<bind>
<StgValue><ssdm name=""/></StgValue>
</bind>
</comp>

<comp id="62" class="1001" name="const_62">
<pin_list>
<pin id="63" dir="1" index="0" bw="1" slack="0"/>
</pin_list>
<bind>
<StgValue><ssdm name=""/></StgValue>
</bind>
</comp>

<comp id="64" class="1001" name="const_64">
<pin_list>
<pin id="65" dir="1" index="0" bw="1" slack="0"/>
</pin_list>
<bind>
<StgValue><ssdm name=""/></StgValue>
</bind>
</comp>

<comp id="66" class="1001" name="const_66">
<pin_list>
<pin id="67" dir="1" index="0" bw="1" slack="0"/>
</pin_list>
<bind>
<StgValue><ssdm name="_ssdm_op_BitConcatenate.i32.i16.i16"/></StgValue>
</bind>
</comp>

<comp id="68" class="1001" name="const_68">
<pin_list>
<pin id="69" dir="1" index="0" bw="1" slack="0"/>
</pin_list>
<bind>
<StgValue><ssdm name="_ssdm_op_Write.axis.volatile.i32P128A"/></StgValue>
</bind>
</comp>

<comp id="70" class="1001" name="const_70">
<pin_list>
<pin id="71" dir="1" index="0" bw="1" slack="2147483647"/>
</pin_list>
<bind>
<StgValue><ssdm name="_ssdm_op_SpecPipeline"/></StgValue>
</bind>
</comp>

<comp id="72" class="1001" name="const_72">
<pin_list>
<pin id="73" dir="1" index="0" bw="1" slack="2147483647"/>
</pin_list>
<bind>
<StgValue><ssdm name="_ssdm_op_SpecLoopTripCount"/></StgValue>
</bind>
</comp>

<comp id="74" class="1001" name="const_74">
<pin_list>
<pin id="75" dir="1" index="0" bw="1" slack="2147483647"/>
</pin_list>
<bind>
<StgValue><ssdm name=""/></StgValue>
</bind>
</comp>

<comp id="76" class="1001" name="const_76">
<pin_list>
<pin id="77" dir="1" index="0" bw="1" slack="2147483647"/>
</pin_list>
<bind>
<StgValue><ssdm name="_ssdm_op_SpecLoopName"/></StgValue>
</bind>
</comp>

<comp id="78" class="1001" name="const_78">
<pin_list>
<pin id="79" dir="1" index="0" bw="1" slack="2147483647"/>
</pin_list>
<bind>
<StgValue><ssdm name="empty_3"/></StgValue>
</bind>
</comp>

<comp id="80" class="1004" name="i_fu_80">
<pin_list>
<pin id="81" dir="0" index="0" bw="1" slack="0"/>
<pin id="82" dir="1" index="1" bw="11" slack="0"/>
</pin_list>
<bind>
<opcode="alloca(26) " fcode="alloca"/>
<opset="i/1 "/>
</bind>
</comp>

<comp id="84" class="1004" name="stream_fft_to_write_read_read_fu_84">
<pin_list>
<pin id="85" dir="0" index="0" bw="128" slack="0"/>
<pin id="86" dir="0" index="1" bw="128" slack="0"/>
<pin id="87" dir="1" index="2" bw="128" slack="0"/>
</pin_list>
<bind>
<opcode="read(1150) " fcode="read"/>
<opset="stream_fft_to_write_read/2 "/>
</bind>
</comp>

<comp id="90" class="1004" name="grp_write_fu_90">
<pin_list>
<pin id="91" dir="0" index="0" bw="0" slack="0"/>
<pin id="92" dir="0" index="1" bw="32" slack="0"/>
<pin id="93" dir="0" index="2" bw="32" slack="0"/>
<pin id="94" dir="1" index="3" bw="0" slack="2147483647"/>
</pin_list>
<bind>
<opcode="write(1151) " fcode="write"/>
<opset="write_ln47/2 "/>
</bind>
</comp>

<comp id="97" class="1004" name="grp_write_fu_97">
<pin_list>
<pin id="98" dir="0" index="0" bw="0" slack="0"/>
<pin id="99" dir="0" index="1" bw="32" slack="0"/>
<pin id="100" dir="0" index="2" bw="32" slack="0"/>
<pin id="101" dir="1" index="3" bw="0" slack="2147483647"/>
</pin_list>
<bind>
<opcode="write(1151) " fcode="write"/>
<opset="write_ln50/2 "/>
</bind>
</comp>

<comp id="104" class="1004" name="grp_write_fu_104">
<pin_list>
<pin id="105" dir="0" index="0" bw="0" slack="0"/>
<pin id="106" dir="0" index="1" bw="32" slack="0"/>
<pin id="107" dir="0" index="2" bw="32" slack="0"/>
<pin id="108" dir="1" index="3" bw="0" slack="2147483647"/>
</pin_list>
<bind>
<opcode="write(1151) " fcode="write"/>
<opset="write_ln53/2 "/>
</bind>
</comp>

<comp id="111" class="1004" name="grp_write_fu_111">
<pin_list>
<pin id="112" dir="0" index="0" bw="0" slack="0"/>
<pin id="113" dir="0" index="1" bw="32" slack="0"/>
<pin id="114" dir="0" index="2" bw="32" slack="0"/>
<pin id="115" dir="1" index="3" bw="0" slack="2147483647"/>
</pin_list>
<bind>
<opcode="write(1151) " fcode="write"/>
<opset="write_ln56/2 "/>
</bind>
</comp>

<comp id="118" class="1004" name="store_ln41_store_fu_118">
<pin_list>
<pin id="119" dir="0" index="0" bw="1" slack="0"/>
<pin id="120" dir="0" index="1" bw="11" slack="0"/>
<pin id="121" dir="1" index="2" bw="0" slack="2147483647"/>
</pin_list>
<bind>
<opcode="store(28) " fcode="store"/>
<opset="store_ln41/1 "/>
</bind>
</comp>

<comp id="123" class="1004" name="i_1_load_fu_123">
<pin_list>
<pin id="124" dir="0" index="0" bw="11" slack="0"/>
<pin id="125" dir="1" index="1" bw="11" slack="0"/>
</pin_list>
<bind>
<opcode="load(27) " fcode="load"/>
<opset="i_1/1 "/>
</bind>
</comp>

<comp id="126" class="1004" name="icmp_ln41_fu_126">
<pin_list>
<pin id="127" dir="0" index="0" bw="11" slack="0"/>
<pin id="128" dir="0" index="1" bw="11" slack="0"/>
<pin id="129" dir="1" index="2" bw="1" slack="1"/>
</pin_list>
<bind>
<opcode="icmp(45) " fcode="icmp"/>
<opset="icmp_ln41/1 "/>
</bind>
</comp>

<comp id="132" class="1004" name="i_2_fu_132">
<pin_list>
<pin id="133" dir="0" index="0" bw="11" slack="0"/>
<pin id="134" dir="0" index="1" bw="1" slack="0"/>
<pin id="135" dir="1" index="2" bw="11" slack="0"/>
</pin_list>
<bind>
<opcode="add(8) " fcode="add"/>
<opset="i_2/1 "/>
</bind>
</comp>

<comp id="138" class="1004" name="store_ln41_store_fu_138">
<pin_list>
<pin id="139" dir="0" index="0" bw="11" slack="0"/>
<pin id="140" dir="0" index="1" bw="11" slack="0"/>
<pin id="141" dir="1" index="2" bw="0" slack="2147483647"/>
</pin_list>
<bind>
<opcode="store(28) " fcode="store"/>
<opset="store_ln41/1 "/>
</bind>
</comp>

<comp id="143" class="1004" name="pack_i_fu_143">
<pin_list>
<pin id="144" dir="0" index="0" bw="128" slack="0"/>
<pin id="145" dir="1" index="1" bw="16" slack="0"/>
</pin_list>
<bind>
<opcode="trunc(33) " fcode="trunc"/>
<opset="pack_i/2 "/>
</bind>
</comp>

<comp id="147" class="1004" name="trunc_ln44_2_fu_147">
<pin_list>
<pin id="148" dir="0" index="0" bw="16" slack="0"/>
<pin id="149" dir="0" index="1" bw="128" slack="0"/>
<pin id="150" dir="0" index="2" bw="6" slack="0"/>
<pin id="151" dir="0" index="3" bw="6" slack="0"/>
<pin id="152" dir="1" index="4" bw="16" slack="0"/>
</pin_list>
<bind>
<opcode="partselect(1002) " fcode="partselect"/>
<opset="trunc_ln44_2/2 "/>
</bind>
</comp>

<comp id="157" class="1004" name="trunc_ln44_3_fu_157">
<pin_list>
<pin id="158" dir="0" index="0" bw="16" slack="0"/>
<pin id="159" dir="0" index="1" bw="128" slack="0"/>
<pin id="160" dir="0" index="2" bw="7" slack="0"/>
<pin id="161" dir="0" index="3" bw="7" slack="0"/>
<pin id="162" dir="1" index="4" bw="16" slack="0"/>
</pin_list>
<bind>
<opcode="partselect(1002) " fcode="partselect"/>
<opset="trunc_ln44_3/2 "/>
</bind>
</comp>

<comp id="167" class="1004" name="trunc_ln44_4_fu_167">
<pin_list>
<pin id="168" dir="0" index="0" bw="16" slack="0"/>
<pin id="169" dir="0" index="1" bw="128" slack="0"/>
<pin id="170" dir="0" index="2" bw="7" slack="0"/>
<pin id="171" dir="0" index="3" bw="7" slack="0"/>
<pin id="172" dir="1" index="4" bw="16" slack="0"/>
</pin_list>
<bind>
<opcode="partselect(1002) " fcode="partselect"/>
<opset="trunc_ln44_4/2 "/>
</bind>
</comp>

<comp id="177" class="1004" name="trunc_ln44_5_fu_177">
<pin_list>
<pin id="178" dir="0" index="0" bw="16" slack="0"/>
<pin id="179" dir="0" index="1" bw="128" slack="0"/>
<pin id="180" dir="0" index="2" bw="8" slack="0"/>
<pin id="181" dir="0" index="3" bw="8" slack="0"/>
<pin id="182" dir="1" index="4" bw="16" slack="0"/>
</pin_list>
<bind>
<opcode="partselect(1002) " fcode="partselect"/>
<opset="trunc_ln44_5/2 "/>
</bind>
</comp>

<comp id="187" class="1004" name="trunc_ln44_6_fu_187">
<pin_list>
<pin id="188" dir="0" index="0" bw="16" slack="0"/>
<pin id="189" dir="0" index="1" bw="128" slack="0"/>
<pin id="190" dir="0" index="2" bw="8" slack="0"/>
<pin id="191" dir="0" index="3" bw="8" slack="0"/>
<pin id="192" dir="1" index="4" bw="16" slack="0"/>
</pin_list>
<bind>
<opcode="partselect(1002) " fcode="partselect"/>
<opset="trunc_ln44_6/2 "/>
</bind>
</comp>

<comp id="197" class="1004" name="trunc_ln44_7_fu_197">
<pin_list>
<pin id="198" dir="0" index="0" bw="16" slack="0"/>
<pin id="199" dir="0" index="1" bw="128" slack="0"/>
<pin id="200" dir="0" index="2" bw="8" slack="0"/>
<pin id="201" dir="0" index="3" bw="8" slack="0"/>
<pin id="202" dir="1" index="4" bw="16" slack="0"/>
</pin_list>
<bind>
<opcode="partselect(1002) " fcode="partselect"/>
<opset="trunc_ln44_7/2 "/>
</bind>
</comp>

<comp id="207" class="1004" name="trunc_ln44_8_fu_207">
<pin_list>
<pin id="208" dir="0" index="0" bw="16" slack="0"/>
<pin id="209" dir="0" index="1" bw="128" slack="0"/>
<pin id="210" dir="0" index="2" bw="8" slack="0"/>
<pin id="211" dir="0" index="3" bw="8" slack="0"/>
<pin id="212" dir="1" index="4" bw="16" slack="0"/>
</pin_list>
<bind>
<opcode="partselect(1002) " fcode="partselect"/>
<opset="trunc_ln44_8/2 "/>
</bind>
</comp>

<comp id="217" class="1004" name="packed_val_fu_217">
<pin_list>
<pin id="218" dir="0" index="0" bw="32" slack="0"/>
<pin id="219" dir="0" index="1" bw="16" slack="0"/>
<pin id="220" dir="0" index="2" bw="16" slack="0"/>
<pin id="221" dir="1" index="3" bw="32" slack="0"/>
</pin_list>
<bind>
<opcode="bitconcatenate(1004) " fcode="bitconcatenate"/>
<opset="packed_val/2 "/>
</bind>
</comp>

<comp id="226" class="1004" name="packed_val_1_fu_226">
<pin_list>
<pin id="227" dir="0" index="0" bw="32" slack="0"/>
<pin id="228" dir="0" index="1" bw="16" slack="0"/>
<pin id="229" dir="0" index="2" bw="16" slack="0"/>
<pin id="230" dir="1" index="3" bw="32" slack="0"/>
</pin_list>
<bind>
<opcode="bitconcatenate(1004) " fcode="bitconcatenate"/>
<opset="packed_val_1/2 "/>
</bind>
</comp>

<comp id="235" class="1004" name="packed_val_2_fu_235">
<pin_list>
<pin id="236" dir="0" index="0" bw="32" slack="0"/>
<pin id="237" dir="0" index="1" bw="16" slack="0"/>
<pin id="238" dir="0" index="2" bw="16" slack="0"/>
<pin id="239" dir="1" index="3" bw="32" slack="0"/>
</pin_list>
<bind>
<opcode="bitconcatenate(1004) " fcode="bitconcatenate"/>
<opset="packed_val_2/2 "/>
</bind>
</comp>

<comp id="244" class="1004" name="packed_val_3_fu_244">
<pin_list>
<pin id="245" dir="0" index="0" bw="32" slack="0"/>
<pin id="246" dir="0" index="1" bw="16" slack="0"/>
<pin id="247" dir="0" index="2" bw="16" slack="0"/>
<pin id="248" dir="1" index="3" bw="32" slack="0"/>
</pin_list>
<bind>
<opcode="bitconcatenate(1004) " fcode="bitconcatenate"/>
<opset="packed_val_3/2 "/>
</bind>
</comp>

<comp id="253" class="1005" name="i_reg_253">
<pin_list>
<pin id="254" dir="0" index="0" bw="11" slack="0"/>
<pin id="255" dir="1" index="1" bw="11" slack="0"/>
</pin_list>
<bind>
<opset="i "/>
</bind>
</comp>

<comp id="260" class="1005" name="icmp_ln41_reg_260">
<pin_list>
<pin id="261" dir="0" index="0" bw="1" slack="1"/>
<pin id="262" dir="1" index="1" bw="1" slack="2147483647"/>
</pin_list>
<bind>
<opset="icmp_ln41 "/>
</bind>
</comp>

<comp id="264" class="1005" name="packed_val_reg_264">
<pin_list>
<pin id="265" dir="0" index="0" bw="32" slack="1"/>
<pin id="266" dir="1" index="1" bw="32" slack="1"/>
</pin_list>
<bind>
<opset="packed_val "/>
</bind>
</comp>

<comp id="269" class="1005" name="packed_val_1_reg_269">
<pin_list>
<pin id="270" dir="0" index="0" bw="32" slack="1"/>
<pin id="271" dir="1" index="1" bw="32" slack="1"/>
</pin_list>
<bind>
<opset="packed_val_1 "/>
</bind>
</comp>

<comp id="274" class="1005" name="packed_val_2_reg_274">
<pin_list>
<pin id="275" dir="0" index="0" bw="32" slack="1"/>
<pin id="276" dir="1" index="1" bw="32" slack="1"/>
</pin_list>
<bind>
<opset="packed_val_2 "/>
</bind>
</comp>

<comp id="279" class="1005" name="packed_val_3_reg_279">
<pin_list>
<pin id="280" dir="0" index="0" bw="32" slack="1"/>
<pin id="281" dir="1" index="1" bw="32" slack="1"/>
</pin_list>
<bind>
<opset="packed_val_3 "/>
</bind>
</comp>

</comp_list>

<net_list>
<net id="83"><net_src comp="10" pin="0"/><net_sink comp="80" pin=0"/></net>

<net id="88"><net_src comp="34" pin="0"/><net_sink comp="84" pin=0"/></net>

<net id="89"><net_src comp="0" pin="0"/><net_sink comp="84" pin=1"/></net>

<net id="95"><net_src comp="68" pin="0"/><net_sink comp="90" pin=0"/></net>

<net id="96"><net_src comp="2" pin="0"/><net_sink comp="90" pin=1"/></net>

<net id="102"><net_src comp="68" pin="0"/><net_sink comp="97" pin=0"/></net>

<net id="103"><net_src comp="4" pin="0"/><net_sink comp="97" pin=1"/></net>

<net id="109"><net_src comp="68" pin="0"/><net_sink comp="104" pin=0"/></net>

<net id="110"><net_src comp="6" pin="0"/><net_sink comp="104" pin=1"/></net>

<net id="116"><net_src comp="68" pin="0"/><net_sink comp="111" pin=0"/></net>

<net id="117"><net_src comp="8" pin="0"/><net_sink comp="111" pin=1"/></net>

<net id="122"><net_src comp="28" pin="0"/><net_sink comp="118" pin=0"/></net>

<net id="130"><net_src comp="123" pin="1"/><net_sink comp="126" pin=0"/></net>

<net id="131"><net_src comp="30" pin="0"/><net_sink comp="126" pin=1"/></net>

<net id="136"><net_src comp="123" pin="1"/><net_sink comp="132" pin=0"/></net>

<net id="137"><net_src comp="32" pin="0"/><net_sink comp="132" pin=1"/></net>

<net id="142"><net_src comp="132" pin="2"/><net_sink comp="138" pin=0"/></net>

<net id="146"><net_src comp="84" pin="2"/><net_sink comp="143" pin=0"/></net>

<net id="153"><net_src comp="36" pin="0"/><net_sink comp="147" pin=0"/></net>

<net id="154"><net_src comp="84" pin="2"/><net_sink comp="147" pin=1"/></net>

<net id="155"><net_src comp="38" pin="0"/><net_sink comp="147" pin=2"/></net>

<net id="156"><net_src comp="40" pin="0"/><net_sink comp="147" pin=3"/></net>

<net id="163"><net_src comp="36" pin="0"/><net_sink comp="157" pin=0"/></net>

<net id="164"><net_src comp="84" pin="2"/><net_sink comp="157" pin=1"/></net>

<net id="165"><net_src comp="42" pin="0"/><net_sink comp="157" pin=2"/></net>

<net id="166"><net_src comp="44" pin="0"/><net_sink comp="157" pin=3"/></net>

<net id="173"><net_src comp="36" pin="0"/><net_sink comp="167" pin=0"/></net>

<net id="174"><net_src comp="84" pin="2"/><net_sink comp="167" pin=1"/></net>

<net id="175"><net_src comp="46" pin="0"/><net_sink comp="167" pin=2"/></net>

<net id="176"><net_src comp="48" pin="0"/><net_sink comp="167" pin=3"/></net>

<net id="183"><net_src comp="36" pin="0"/><net_sink comp="177" pin=0"/></net>

<net id="184"><net_src comp="84" pin="2"/><net_sink comp="177" pin=1"/></net>

<net id="185"><net_src comp="50" pin="0"/><net_sink comp="177" pin=2"/></net>

<net id="186"><net_src comp="52" pin="0"/><net_sink comp="177" pin=3"/></net>

<net id="193"><net_src comp="36" pin="0"/><net_sink comp="187" pin=0"/></net>

<net id="194"><net_src comp="84" pin="2"/><net_sink comp="187" pin=1"/></net>

<net id="195"><net_src comp="54" pin="0"/><net_sink comp="187" pin=2"/></net>

<net id="196"><net_src comp="56" pin="0"/><net_sink comp="187" pin=3"/></net>

<net id="203"><net_src comp="36" pin="0"/><net_sink comp="197" pin=0"/></net>

<net id="204"><net_src comp="84" pin="2"/><net_sink comp="197" pin=1"/></net>

<net id="205"><net_src comp="58" pin="0"/><net_sink comp="197" pin=2"/></net>

<net id="206"><net_src comp="60" pin="0"/><net_sink comp="197" pin=3"/></net>

<net id="213"><net_src comp="36" pin="0"/><net_sink comp="207" pin=0"/></net>

<net id="214"><net_src comp="84" pin="2"/><net_sink comp="207" pin=1"/></net>

<net id="215"><net_src comp="62" pin="0"/><net_sink comp="207" pin=2"/></net>

<net id="216"><net_src comp="64" pin="0"/><net_sink comp="207" pin=3"/></net>

<net id="222"><net_src comp="66" pin="0"/><net_sink comp="217" pin=0"/></net>

<net id="223"><net_src comp="143" pin="1"/><net_sink comp="217" pin=1"/></net>

<net id="224"><net_src comp="147" pin="4"/><net_sink comp="217" pin=2"/></net>

<net id="225"><net_src comp="217" pin="3"/><net_sink comp="90" pin=2"/></net>

<net id="231"><net_src comp="66" pin="0"/><net_sink comp="226" pin=0"/></net>

<net id="232"><net_src comp="157" pin="4"/><net_sink comp="226" pin=1"/></net>

<net id="233"><net_src comp="167" pin="4"/><net_sink comp="226" pin=2"/></net>

<net id="234"><net_src comp="226" pin="3"/><net_sink comp="97" pin=2"/></net>

<net id="240"><net_src comp="66" pin="0"/><net_sink comp="235" pin=0"/></net>

<net id="241"><net_src comp="177" pin="4"/><net_sink comp="235" pin=1"/></net>

<net id="242"><net_src comp="187" pin="4"/><net_sink comp="235" pin=2"/></net>

<net id="243"><net_src comp="235" pin="3"/><net_sink comp="104" pin=2"/></net>

<net id="249"><net_src comp="66" pin="0"/><net_sink comp="244" pin=0"/></net>

<net id="250"><net_src comp="197" pin="4"/><net_sink comp="244" pin=1"/></net>

<net id="251"><net_src comp="207" pin="4"/><net_sink comp="244" pin=2"/></net>

<net id="252"><net_src comp="244" pin="3"/><net_sink comp="111" pin=2"/></net>

<net id="256"><net_src comp="80" pin="1"/><net_sink comp="253" pin=0"/></net>

<net id="257"><net_src comp="253" pin="1"/><net_sink comp="118" pin=1"/></net>

<net id="258"><net_src comp="253" pin="1"/><net_sink comp="123" pin=0"/></net>

<net id="259"><net_src comp="253" pin="1"/><net_sink comp="138" pin=1"/></net>

<net id="263"><net_src comp="126" pin="2"/><net_sink comp="260" pin=0"/></net>

<net id="267"><net_src comp="217" pin="3"/><net_sink comp="264" pin=0"/></net>

<net id="268"><net_src comp="264" pin="1"/><net_sink comp="90" pin=2"/></net>

<net id="272"><net_src comp="226" pin="3"/><net_sink comp="269" pin=0"/></net>

<net id="273"><net_src comp="269" pin="1"/><net_sink comp="97" pin=2"/></net>

<net id="277"><net_src comp="235" pin="3"/><net_sink comp="274" pin=0"/></net>

<net id="278"><net_src comp="274" pin="1"/><net_sink comp="104" pin=2"/></net>

<net id="282"><net_src comp="244" pin="3"/><net_sink comp="279" pin=0"/></net>

<net id="283"><net_src comp="279" pin="1"/><net_sink comp="111" pin=2"/></net>

</net_list>

</model> 
---------------- Datapath Model END ------------------

* FSMD analyzer results:
  - Output states:
	Port: dout_data_0 | {3 }
	Port: dout_data_1 | {3 }
	Port: dout_data_2 | {3 }
	Port: dout_data_3 | {3 }
 - Input state : 
	Port: write_outputs : stream_fft_to_write | {2 }
  - Chain level:
	State 1
		store_ln41 : 1
		i_1 : 1
		icmp_ln41 : 2
		i_2 : 2
		br_ln41 : 3
		store_ln41 : 3
	State 2
		packed_val : 1
		write_ln47 : 2
		packed_val_1 : 1
		write_ln50 : 2
		packed_val_2 : 1
		write_ln53 : 2
		packed_val_3 : 1
		write_ln56 : 2
	State 3


============================================================
+ Verbose Summary: Datapath Resource usage 
============================================================

* Functional unit list:
|----------|-------------------------------------|---------|---------|
| Operation|           Functional Unit           |    FF   |   LUT   |
|----------|-------------------------------------|---------|---------|
|   icmp   |           icmp_ln41_fu_126          |    0    |    11   |
|----------|-------------------------------------|---------|---------|
|    add   |              i_2_fu_132             |    0    |    11   |
|----------|-------------------------------------|---------|---------|
|   read   | stream_fft_to_write_read_read_fu_84 |    0    |    0    |
|----------|-------------------------------------|---------|---------|
|          |           grp_write_fu_90           |    0    |    0    |
|   write  |           grp_write_fu_97           |    0    |    0    |
|          |           grp_write_fu_104          |    0    |    0    |
|          |           grp_write_fu_111          |    0    |    0    |
|----------|-------------------------------------|---------|---------|
|   trunc  |            pack_i_fu_143            |    0    |    0    |
|----------|-------------------------------------|---------|---------|
|          |         trunc_ln44_2_fu_147         |    0    |    0    |
|          |         trunc_ln44_3_fu_157         |    0    |    0    |
|          |         trunc_ln44_4_fu_167         |    0    |    0    |
|partselect|         trunc_ln44_5_fu_177         |    0    |    0    |
|          |         trunc_ln44_6_fu_187         |    0    |    0    |
|          |         trunc_ln44_7_fu_197         |    0    |    0    |
|          |         trunc_ln44_8_fu_207         |    0    |    0    |
|----------|-------------------------------------|---------|---------|
|          |          packed_val_fu_217          |    0    |    0    |
|bitconcatenate|         packed_val_1_fu_226         |    0    |    0    |
|          |         packed_val_2_fu_235         |    0    |    0    |
|          |         packed_val_3_fu_244         |    0    |    0    |
|----------|-------------------------------------|---------|---------|
|   Total  |                                     |    0    |    22   |
|----------|-------------------------------------|---------|---------|

Memories:
N/A

* Register list:
+--------------------+--------+
|                    |   FF   |
+--------------------+--------+
|      i_reg_253     |   11   |
|  icmp_ln41_reg_260 |    1   |
|packed_val_1_reg_269|   32   |
|packed_val_2_reg_274|   32   |
|packed_val_3_reg_279|   32   |
| packed_val_reg_264 |   32   |
+--------------------+--------+
|        Total       |   140  |
+--------------------+--------+

* Multiplexer (MUX) list: 
|------------------|------|------|------|--------||---------||---------|
|       Comp       |  Pin | Size |  BW  | S x BW ||  Delay  ||   LUT   |
|------------------|------|------|------|--------||---------||---------|
|  grp_write_fu_90 |  p2  |   2  |  32  |   64   ||    9    |
|  grp_write_fu_97 |  p2  |   2  |  32  |   64   ||    9    |
| grp_write_fu_104 |  p2  |   2  |  32  |   64   ||    9    |
| grp_write_fu_111 |  p2  |   2  |  32  |   64   ||    9    |
|------------------|------|------|------|--------||---------||---------|
|       Total      |      |      |      |   256  ||  5.192  ||    36   |
|------------------|------|------|------|--------||---------||---------|



* Summary:
+-----------+--------+--------+--------+
|           |  Delay |   FF   |   LUT  |
+-----------+--------+--------+--------+
|  Function |    -   |    0   |   22   |
|   Memory  |    -   |    -   |    -   |
|Multiplexer|    5   |    -   |   36   |
|  Register |    -   |   140  |    -   |
+-----------+--------+--------+--------+
|   Total   |    5   |   140  |   58   |
+-----------+--------+--------+--------+
