

================================================================
== Vitis HLS Report for 'write_outputs'
================================================================
* Date:           Fri Jan  9 19:34:44 2026

* Version:        2023.2 (Build 4023990 on Oct 11 2023)
* Project:        hls_pfb
* Solution:       hls (Vivado IP Flow Target)
* Product family: zynq
* Target device:  xc7z045-ffg900-2


================================================================
== Performance Estimates
================================================================
+ Timing: 
    * Summary: 
    +--------+----------+----------+------------+
    |  Clock |  Target  | Estimated| Uncertainty|
    +--------+----------+----------+------------+
    |ap_clk  |  10.00 ns|  4.418 ns|     2.70 ns|
    +--------+----------+----------+------------+

+ Latency: 
    * Summary: 
    +---------+---------+-----------+-----------+------+------+---------+
    |  Latency (cycles) |   Latency (absolute)  |   Interval  | Pipeline|
    |   min   |   max   |    min    |    max    |  min |  max |   Type  |
    +---------+---------+-----------+-----------+------+------+---------+
    |     1027|     1027|  10.270 us|  10.270 us|  1027|  1027|       no|
    +---------+---------+-----------+-----------+------+------+---------+

    + Detail: 
        * Instance: 
        N/A

        * Loop: 
        +--------------+---------+---------+----------+-----------+-----------+------+----------+
        |              |  Latency (cycles) | Iteration|  Initiation Interval  | Trip |          |
        |   Loop Name  |   min   |   max   |  Latency |  achieved |   target  | Count| Pipelined|
        +--------------+---------+---------+----------+-----------+-----------+------+----------+
        |- write_loop  |     1025|     1025|         3|          1|          1|  1024|       yes|
        +--------------+---------+---------+----------+-----------+-----------+------+----------+

============================================================
+ Verbose Summary: Synthesis Manager
============================================================
InlineROM: 1
ExposeGlobal: 0
============================================================
+ Verbose Summary: CDFG Model
============================================================
IsTopModel: 0
ResetActiveHigh: 1
IsCombinational: 2
IsDatapathOnly: 0
HasWiredReturn: 1
HasMFsm: 2
HasVarLatency: 1
IsPipeline: 0
IsRtlPipelined: 0
IsInstanceOverlapped: 0
IsDontTouch: 0
HasImplIP: 0
IsGatedGlobalClock: 0

+ Individual pipeline summary: 
  * Pipeline-0: initiation interval (II) = 1, depth = 3


============================================================
+ Verbose Summary: Schedule
============================================================
* Number of FSM states : 3
* Pipeline : 1
  Pipeline-0 : II = 1, D = 3, States = { 1 2 3 }
* Dataflow Pipeline: 0

* FSM state transitions: 
1 --> 2 
2 --> 3 
3 --> 

* FSM state operations: 

State 1 <SV = 0> <Delay = 4.07>
ST_1 : Operation 6 [1/1] (0.00ns)   --->   "%i = alloca i32 1" [/home/brett/Documents/FX_Correlator/pfb/hls_pfb/pfb_io.cpp:41]   --->   Operation 6 'alloca' 'i' <Predicate = true> <Delay = 0.00>
ST_1 : Operation 7 [1/1] (0.00ns)   --->   "%specinterface_ln0 = specinterface void @_ssdm_op_SpecInterface, i128 %stream_fft_to_write, void @empty_19, i32 0, i32 0, void @empty_1, i32 0, i32 0, void @empty_1, void @empty_1, void @empty_1, i32 0, i32 0, i32 0, i32 0, void @empty_1, void @empty_1, i32 4294967295, i32 0"   --->   Operation 7 'specinterface' 'specinterface_ln0' <Predicate = true> <Delay = 0.00>
ST_1 : Operation 8 [1/1] (0.00ns)   --->   "%specinterface_ln0 = specinterface void @_ssdm_op_SpecInterface, i32 %dout_data_3, void @empty_16, i32 1, i32 1, void @empty_15, i32 0, i32 0, void @empty_1, void @empty_1, void @empty_1, i32 0, i32 0, i32 0, i32 0, void @empty_1, void @empty_1, i32 4294967295, i32 0"   --->   Operation 8 'specinterface' 'specinterface_ln0' <Predicate = true> <Delay = 0.00>
ST_1 : Operation 9 [1/1] (0.00ns)   --->   "%specinterface_ln0 = specinterface void @_ssdm_op_SpecInterface, i32 %dout_data_2, void @empty_16, i32 1, i32 1, void @empty_15, i32 0, i32 0, void @empty_1, void @empty_1, void @empty_1, i32 0, i32 0, i32 0, i32 0, void @empty_1, void @empty_1, i32 4294967295, i32 0"   --->   Operation 9 'specinterface' 'specinterface_ln0' <Predicate = true> <Delay = 0.00>
ST_1 : Operation 10 [1/1] (0.00ns)   --->   "%specinterface_ln0 = specinterface void @_ssdm_op_SpecInterface, i32 %dout_data_1, void @empty_16, i32 1, i32 1, void @empty_15, i32 0, i32 0, void @empty_1, void @empty_1, void @empty_1, i32 0, i32 0, i32 0, i32 0, void @empty_1, void @empty_1, i32 4294967295, i32 0"   --->   Operation 10 'specinterface' 'specinterface_ln0' <Predicate = true> <Delay = 0.00>
ST_1 : Operation 11 [1/1] (0.00ns)   --->   "%specinterface_ln0 = specinterface void @_ssdm_op_SpecInterface, i32 %dout_data_0, void @empty_16, i32 1, i32 1, void @empty_15, i32 0, i32 0, void @empty_1, void @empty_1, void @empty_1, i32 0, i32 0, i32 0, i32 0, void @empty_1, void @empty_1, i32 4294967295, i32 0"   --->   Operation 11 'specinterface' 'specinterface_ln0' <Predicate = true> <Delay = 0.00>
ST_1 : Operation 12 [1/1] (0.00ns)   --->   "%specinterface_ln30 = specinterface void @_ssdm_op_SpecInterface, i32 0, void @empty_6, i32 0, i32 0, void @empty_1, i32 0, i32 0, void @empty_1, void @empty_1, void @empty_1, i32 0, i32 0, i32 0, i32 0, void @empty_1, void @empty_1, i32 4294967295, i32 0" [/home/brett/Documents/FX_Correlator/pfb/hls_pfb/pfb_io.cpp:30]   --->   Operation 12 'specinterface' 'specinterface_ln30' <Predicate = true> <Delay = 0.00>
ST_1 : Operation 13 [1/1] (1.29ns)   --->   "%store_ln41 = store i11 0, i11 %i" [/home/brett/Documents/FX_Correlator/pfb/hls_pfb/pfb_io.cpp:41]   --->   Operation 13 'store' 'store_ln41' <Predicate = true> <Delay = 1.29>
ST_1 : Operation 14 [1/1] (0.00ns)   --->   "%br_ln41 = br void %for.body" [/home/brett/Documents/FX_Correlator/pfb/hls_pfb/pfb_io.cpp:41]   --->   Operation 14 'br' 'br_ln41' <Predicate = true> <Delay = 0.00>
ST_1 : Operation 15 [1/1] (0.00ns)   --->   "%i_1 = load i11 %i" [/home/brett/Documents/FX_Correlator/pfb/hls_pfb/pfb_io.cpp:41]   --->   Operation 15 'load' 'i_1' <Predicate = true> <Delay = 0.00>
ST_1 : Operation 16 [1/1] (1.48ns)   --->   "%icmp_ln41 = icmp_eq  i11 %i_1, i11 1024" [/home/brett/Documents/FX_Correlator/pfb/hls_pfb/pfb_io.cpp:41]   --->   Operation 16 'icmp' 'icmp_ln41' <Predicate = true> <Delay = 1.48> <CoreInst = "Cmp">   --->   Core 9 'Cmp' <Latency = 0> <II = 1> <Delay = 1.48> <FuncUnit> <Opcode : 'icmp'> <InPorts = 2> <OutPorts = 1>
ST_1 : Operation 17 [1/1] (1.48ns)   --->   "%i_2 = add i11 %i_1, i11 1" [/home/brett/Documents/FX_Correlator/pfb/hls_pfb/pfb_io.cpp:41]   --->   Operation 17 'add' 'i_2' <Predicate = true> <Delay = 1.48> <CoreInst = "Adder">   --->   Core 1 'Adder' <Latency = 0> <II = 1> <Delay = 1.48> <FuncUnit> <Opcode : 'add' 'sub'> <InPorts = 2> <OutPorts = 1>
ST_1 : Operation 18 [1/1] (0.00ns)   --->   "%br_ln41 = br i1 %icmp_ln41, void %for.body.split, void %for.end" [/home/brett/Documents/FX_Correlator/pfb/hls_pfb/pfb_io.cpp:41]   --->   Operation 18 'br' 'br_ln41' <Predicate = true> <Delay = 0.00>
ST_1 : Operation 19 [1/1] (1.29ns)   --->   "%store_ln41 = store i11 %i_2, i11 %i" [/home/brett/Documents/FX_Correlator/pfb/hls_pfb/pfb_io.cpp:41]   --->   Operation 19 'store' 'store_ln41' <Predicate = (!icmp_ln41)> <Delay = 1.29>

State 2 <SV = 1> <Delay = 4.41>
ST_2 : Operation 20 [1/1] (3.41ns)   --->   "%stream_fft_to_write_read = read i128 @_ssdm_op_Read.ap_fifo.volatile.i128P0A, i128 %stream_fft_to_write" [/home/brett/Documents/FX_Correlator/pfb/hls_pfb/pfb_io.cpp:44]   --->   Operation 20 'read' 'stream_fft_to_write_read' <Predicate = true> <Delay = 3.41> <CoreInst = "FIFO">   --->   Core 78 'FIFO' <Latency = 0> <II = 1> <Delay = 3.41> <Storage> <Opcode : 'read' 'write' 'nbread' 'nbwrite'> <Ports = 0> <Width = 128> <Depth = 4096> <FIFO>
ST_2 : Operation 21 [1/1] (0.00ns)   --->   "%pack_i = trunc i128 %stream_fft_to_write_read" [/home/brett/Documents/FX_Correlator/pfb/hls_pfb/pfb_io.cpp:44]   --->   Operation 21 'trunc' 'pack_i' <Predicate = true> <Delay = 0.00>
ST_2 : Operation 22 [1/1] (0.00ns)   --->   "%trunc_ln44_2 = partselect i16 @_ssdm_op_PartSelect.i16.i128.i32.i32, i128 %stream_fft_to_write_read, i32 16, i32 31" [/home/brett/Documents/FX_Correlator/pfb/hls_pfb/pfb_io.cpp:44]   --->   Operation 22 'partselect' 'trunc_ln44_2' <Predicate = true> <Delay = 0.00>
ST_2 : Operation 23 [1/1] (0.00ns)   --->   "%trunc_ln44_3 = partselect i16 @_ssdm_op_PartSelect.i16.i128.i32.i32, i128 %stream_fft_to_write_read, i32 32, i32 47" [/home/brett/Documents/FX_Correlator/pfb/hls_pfb/pfb_io.cpp:44]   --->   Operation 23 'partselect' 'trunc_ln44_3' <Predicate = true> <Delay = 0.00>
ST_2 : Operation 24 [1/1] (0.00ns)   --->   "%trunc_ln44_4 = partselect i16 @_ssdm_op_PartSelect.i16.i128.i32.i32, i128 %stream_fft_to_write_read, i32 48, i32 63" [/home/brett/Documents/FX_Correlator/pfb/hls_pfb/pfb_io.cpp:44]   --->   Operation 24 'partselect' 'trunc_ln44_4' <Predicate = true> <Delay = 0.00>
ST_2 : Operation 25 [1/1] (0.00ns)   --->   "%trunc_ln44_5 = partselect i16 @_ssdm_op_PartSelect.i16.i128.i32.i32, i128 %stream_fft_to_write_read, i32 64, i32 79" [/home/brett/Documents/FX_Correlator/pfb/hls_pfb/pfb_io.cpp:44]   --->   Operation 25 'partselect' 'trunc_ln44_5' <Predicate = true> <Delay = 0.00>
ST_2 : Operation 26 [1/1] (0.00ns)   --->   "%trunc_ln44_6 = partselect i16 @_ssdm_op_PartSelect.i16.i128.i32.i32, i128 %stream_fft_to_write_read, i32 80, i32 95" [/home/brett/Documents/FX_Correlator/pfb/hls_pfb/pfb_io.cpp:44]   --->   Operation 26 'partselect' 'trunc_ln44_6' <Predicate = true> <Delay = 0.00>
ST_2 : Operation 27 [1/1] (0.00ns)   --->   "%trunc_ln44_7 = partselect i16 @_ssdm_op_PartSelect.i16.i128.i32.i32, i128 %stream_fft_to_write_read, i32 96, i32 111" [/home/brett/Documents/FX_Correlator/pfb/hls_pfb/pfb_io.cpp:44]   --->   Operation 27 'partselect' 'trunc_ln44_7' <Predicate = true> <Delay = 0.00>
ST_2 : Operation 28 [1/1] (0.00ns)   --->   "%trunc_ln44_8 = partselect i16 @_ssdm_op_PartSelect.i16.i128.i32.i32, i128 %stream_fft_to_write_read, i32 112, i32 127" [/home/brett/Documents/FX_Correlator/pfb/hls_pfb/pfb_io.cpp:44]   --->   Operation 28 'partselect' 'trunc_ln44_8' <Predicate = true> <Delay = 0.00>
ST_2 : Operation 29 [1/1] (0.00ns)   --->   "%packed_val = bitconcatenate i32 @_ssdm_op_BitConcatenate.i32.i16.i16, i16 %pack_i, i16 %trunc_ln44_2" [/home/brett/Documents/FX_Correlator/pfb/hls_pfb/pfb_io.cpp:46]   --->   Operation 29 'bitconcatenate' 'packed_val' <Predicate = true> <Delay = 0.00>
ST_2 : Operation 30 [2/2] (1.00ns)   --->   "%write_ln47 = write void @_ssdm_op_Write.axis.volatile.i32P128A, i32 %dout_data_0, i32 %packed_val" [/home/brett/Documents/FX_Correlator/pfb/hls_pfb/pfb_io.cpp:47]   --->   Operation 30 'write' 'write_ln47' <Predicate = true> <Delay = 1.00> <CoreInst = "axis">   --->   Core 115 'axis' <Latency = 0> <II = 1> <Delay = 1.00> <Adapter> <Opcode : >
ST_2 : Operation 31 [1/1] (0.00ns)   --->   "%packed_val_1 = bitconcatenate i32 @_ssdm_op_BitConcatenate.i32.i16.i16, i16 %trunc_ln44_3, i16 %trunc_ln44_4" [/home/brett/Documents/FX_Correlator/pfb/hls_pfb/pfb_io.cpp:49]   --->   Operation 31 'bitconcatenate' 'packed_val_1' <Predicate = true> <Delay = 0.00>
ST_2 : Operation 32 [2/2] (1.00ns)   --->   "%write_ln50 = write void @_ssdm_op_Write.axis.volatile.i32P128A, i32 %dout_data_1, i32 %packed_val_1" [/home/brett/Documents/FX_Correlator/pfb/hls_pfb/pfb_io.cpp:50]   --->   Operation 32 'write' 'write_ln50' <Predicate = true> <Delay = 1.00> <CoreInst = "axis">   --->   Core 115 'axis' <Latency = 0> <II = 1> <Delay = 1.00> <Adapter> <Opcode : >
ST_2 : Operation 33 [1/1] (0.00ns)   --->   "%packed_val_2 = bitconcatenate i32 @_ssdm_op_BitConcatenate.i32.i16.i16, i16 %trunc_ln44_5, i16 %trunc_ln44_6" [/home/brett/Documents/FX_Correlator/pfb/hls_pfb/pfb_io.cpp:52]   --->   Operation 33 'bitconcatenate' 'packed_val_2' <Predicate = true> <Delay = 0.00>
ST_2 : Operation 34 [2/2] (1.00ns)   --->   "%write_ln53 = write void @_ssdm_op_Write.axis.volatile.i32P128A, i32 %dout_data_2, i32 %packed_val_2" [/home/brett/Documents/FX_Correlator/pfb/hls_pfb/pfb_io.cpp:53]   --->   Operation 34 'write' 'write_ln53' <Predicate = true> <Delay = 1.00> <CoreInst = "axis">   --->   Core 115 'axis' <Latency = 0> <II = 1> <Delay = 1.00> <Adapter> <Opcode : >
ST_2 : Operation 35 [1/1] (0.00ns)   --->   "%packed_val_3 = bitconcatenate i32 @_ssdm_op_BitConcatenate.i32.i16.i16, i16 %trunc_ln44_7, i16 %trunc_ln44_8" [/home/brett/Documents/FX_Correlator/pfb/hls_pfb/pfb_io.cpp:55]   --->   Operation 35 'bitconcatenate' 'packed_val_3' <Predicate = true> <Delay = 0.00>
ST_2 : Operation 36 [2/2] (1.00ns)   --->   "%write_ln56 = write void @_ssdm_op_Write.axis.volatile.i32P128A, i32 %dout_data_3, i32 %packed_val_3" [/home/brett/Documents/FX_Correlator/pfb/hls_pfb/pfb_io.cpp:56]   --->   Operation 36 'write' 'write_ln56' <Predicate = true> <Delay = 1.00> <CoreInst = "axis">   --->   Core 115 'axis' <Latency = 0> <II = 1> <Delay = 1.00> <Adapter> <Opcode : >
ST_2 : Operation 45 [1/1] (0.00ns)   --->   "%ret_ln58 = ret" [/home/brett/Documents/FX_Correlator/pfb/hls_pfb/pfb_io.cpp:58]   --->   Operation 45 'ret' 'ret_ln58' <Predicate = (icmp_ln41)> <Delay = 0.00>

State 3 <SV = 2> <Delay = 1.00>
ST_3 : Operation 37 [1/1] (0.00ns)   --->   "%specpipeline_ln42 = specpipeline void @_ssdm_op_SpecPipeline, i32 1, i32 0, i32 0, i32 0, void @empty_1" [/home/brett/Documents/FX_Correlator/pfb/hls_pfb/pfb_io.cpp:42]   --->   Operation 37 'specpipeline' 'specpipeline_ln42' <Predicate = true> <Delay = 0.00>
ST_3 : Operation 38 [1/1] (0.00ns)   --->   "%speclooptripcount_ln41 = speclooptripcount void @_ssdm_op_SpecLoopTripCount, i64 1024, i64 1024, i64 1024" [/home/brett/Documents/FX_Correlator/pfb/hls_pfb/pfb_io.cpp:41]   --->   Operation 38 'speclooptripcount' 'speclooptripcount_ln41' <Predicate = true> <Delay = 0.00>
ST_3 : Operation 39 [1/1] (0.00ns)   --->   "%specloopname_ln41 = specloopname void @_ssdm_op_SpecLoopName, void @empty_3" [/home/brett/Documents/FX_Correlator/pfb/hls_pfb/pfb_io.cpp:41]   --->   Operation 39 'specloopname' 'specloopname_ln41' <Predicate = true> <Delay = 0.00>
ST_3 : Operation 40 [1/2] (1.00ns)   --->   "%write_ln47 = write void @_ssdm_op_Write.axis.volatile.i32P128A, i32 %dout_data_0, i32 %packed_val" [/home/brett/Documents/FX_Correlator/pfb/hls_pfb/pfb_io.cpp:47]   --->   Operation 40 'write' 'write_ln47' <Predicate = true> <Delay = 1.00> <CoreInst = "axis">   --->   Core 115 'axis' <Latency = 0> <II = 1> <Delay = 1.00> <Adapter> <Opcode : >
ST_3 : Operation 41 [1/2] (1.00ns)   --->   "%write_ln50 = write void @_ssdm_op_Write.axis.volatile.i32P128A, i32 %dout_data_1, i32 %packed_val_1" [/home/brett/Documents/FX_Correlator/pfb/hls_pfb/pfb_io.cpp:50]   --->   Operation 41 'write' 'write_ln50' <Predicate = true> <Delay = 1.00> <CoreInst = "axis">   --->   Core 115 'axis' <Latency = 0> <II = 1> <Delay = 1.00> <Adapter> <Opcode : >
ST_3 : Operation 42 [1/2] (1.00ns)   --->   "%write_ln53 = write void @_ssdm_op_Write.axis.volatile.i32P128A, i32 %dout_data_2, i32 %packed_val_2" [/home/brett/Documents/FX_Correlator/pfb/hls_pfb/pfb_io.cpp:53]   --->   Operation 42 'write' 'write_ln53' <Predicate = true> <Delay = 1.00> <CoreInst = "axis">   --->   Core 115 'axis' <Latency = 0> <II = 1> <Delay = 1.00> <Adapter> <Opcode : >
ST_3 : Operation 43 [1/2] (1.00ns)   --->   "%write_ln56 = write void @_ssdm_op_Write.axis.volatile.i32P128A, i32 %dout_data_3, i32 %packed_val_3" [/home/brett/Documents/FX_Correlator/pfb/hls_pfb/pfb_io.cpp:56]   --->   Operation 43 'write' 'write_ln56' <Predicate = true> <Delay = 1.00> <CoreInst = "axis">   --->   Core 115 'axis' <Latency = 0> <II = 1> <Delay = 1.00> <Adapter> <Opcode : >
ST_3 : Operation 44 [1/1] (0.00ns)   --->   "%br_ln41 = br void %for.body" [/home/brett/Documents/FX_Correlator/pfb/hls_pfb/pfb_io.cpp:41]   --->   Operation 44 'br' 'br_ln41' <Predicate = true> <Delay = 0.00>


============================================================
+ Verbose Summary: Timing violations
============================================================
Target clock period: 10.000ns, clock uncertainty: 2.700ns.

 <State 1>: 4.078ns
The critical path consists of the following:
	'store' operation 0 bit ('store_ln41', /home/brett/Documents/FX_Correlator/pfb/hls_pfb/pfb_io.cpp:41) of constant 0 on local variable 'i', /home/brett/Documents/FX_Correlator/pfb/hls_pfb/pfb_io.cpp:41 [13]  (1.298 ns)
	'load' operation 11 bit ('i', /home/brett/Documents/FX_Correlator/pfb/hls_pfb/pfb_io.cpp:41) on local variable 'i', /home/brett/Documents/FX_Correlator/pfb/hls_pfb/pfb_io.cpp:41 [16]  (0.000 ns)
	'add' operation 11 bit ('i', /home/brett/Documents/FX_Correlator/pfb/hls_pfb/pfb_io.cpp:41) [18]  (1.482 ns)
	'store' operation 0 bit ('store_ln41', /home/brett/Documents/FX_Correlator/pfb/hls_pfb/pfb_io.cpp:41) of variable 'i', /home/brett/Documents/FX_Correlator/pfb/hls_pfb/pfb_io.cpp:41 on local variable 'i', /home/brett/Documents/FX_Correlator/pfb/hls_pfb/pfb_io.cpp:41 [41]  (1.298 ns)

 <State 2>: 4.418ns
The critical path consists of the following:
	fifo read operation ('stream_fft_to_write_read', /home/brett/Documents/FX_Correlator/pfb/hls_pfb/pfb_io.cpp:44) on port 'stream_fft_to_write' (/home/brett/Documents/FX_Correlator/pfb/hls_pfb/pfb_io.cpp:44) [24]  (3.418 ns)
	axis write operation ('write_ln47', /home/brett/Documents/FX_Correlator/pfb/hls_pfb/pfb_io.cpp:47) on port 'dout_data_0' (/home/brett/Documents/FX_Correlator/pfb/hls_pfb/pfb_io.cpp:47) [34]  (1.000 ns)

 <State 3>: 1.000ns
The critical path consists of the following:
	axis write operation ('write_ln47', /home/brett/Documents/FX_Correlator/pfb/hls_pfb/pfb_io.cpp:47) on port 'dout_data_0' (/home/brett/Documents/FX_Correlator/pfb/hls_pfb/pfb_io.cpp:47) [34]  (1.000 ns)


============================================================
+ Verbose Summary: Binding
============================================================
N/A
* FSMD analyzer results:
  - Output states:
 - Input state : 
  - Chain level:
	State 1
	State 2
	State 3


============================================================
+ Verbose Summary: Datapath Resource usage 
============================================================
N/A
