

================================================================
== Vitis HLS Report for 'decimate_pfb'
================================================================
* Date:           Fri Jan  9 19:34:45 2026

* Version:        2023.2 (Build 4023990 on Oct 11 2023)
* Project:        hls_pfb
* Solution:       hls (Vivado IP Flow Target)
* Product family: zynq
* Target device:  xc7z045-ffg900-2


================================================================
== Performance Estimates
================================================================
+ Timing: 
    * Summary: 
    +--------+----------+----------+------------+
    |  Clock |  Target  | Estimated| Uncertainty|
    +--------+----------+----------+------------+
    |ap_clk  |  10.00 ns|  7.300 ns|     2.70 ns|
    +--------+----------+----------+------------+

+ Latency: 
    * Summary: 
    +---------+---------+-----------+-----------+------+------+---------+
    |  Latency (cycles) |   Latency (absolute)  |   Interval  | Pipeline|
    |   min   |   max   |    min    |    max    |  min |  max |   Type  |
    +---------+---------+-----------+-----------+------+------+---------+
    |     1032|     5199|  10.320 us|  51.990 us|  1032|  5199|       no|
    +---------+---------+-----------+-----------+------+------+---------+

    + Detail: 
        * Instance: 
        N/A

        * Loop: 
        +----------------+---------+---------+----------+-----------+-----------+------+----------+
        |                |  Latency (cycles) | Iteration|  Initiation Interval  | Trip |          |
        |    Loop Name   |   min   |   max   |  Latency |  achieved |   target  | Count| Pipelined|
        +----------------+---------+---------+----------+-----------+-----------+------+----------+
        |- load_coeffs   |     4096|     4096|         2|          1|          1|  4096|       yes|
        |- compute_loop  |     1029|     1029|         7|          1|          1|  1024|       yes|
        +----------------+---------+---------+----------+-----------+-----------+------+----------+



================================================================
== Utilization Estimates
================================================================
* Summary: 
+-----------------+---------+-----+--------+--------+-----+
|       Name      | BRAM_18K| DSP |   FF   |   LUT  | URAM|
+-----------------+---------+-----+--------+--------+-----+
|DSP              |        -|   14|       -|       -|    -|
|Expression       |        -|    -|       0|     486|    -|
|FIFO             |        -|    -|       -|       -|    -|
|Instance         |        -|   21|       0|     618|    -|
|Memory           |       37|    -|       0|       0|    0|
|Multiplexer      |        -|    -|       -|     672|    -|
|Register         |        -|    -|    2593|     640|    -|
+-----------------+---------+-----+--------+--------+-----+
|Total            |       37|   35|    2593|    2416|    0|
+-----------------+---------+-----+--------+--------+-----+
|Available        |     1090|  900|  437200|  218600|    0|
+-----------------+---------+-----+--------+--------+-----+
|Utilization (%)  |        3|    3|      ~0|       1|    0|
+-----------------+---------+-----+--------+--------+-----+

+ Detail: 
    * Instance: 
    +---------------------------+-----------------------+---------+----+---+----+-----+
    |          Instance         |         Module        | BRAM_18K| DSP| FF| LUT| URAM|
    +---------------------------+-----------------------+---------+----+---+----+-----+
    |mul_11ns_13ns_23_1_1_U18   |mul_11ns_13ns_23_1_1   |        0|   1|  0|   6|    0|
    |mul_12ns_14ns_25_1_1_U19   |mul_12ns_14ns_25_1_1   |        0|   1|  0|   6|    0|
    |mul_12ns_14ns_25_1_1_U20   |mul_12ns_14ns_25_1_1   |        0|   1|  0|   6|    0|
    |mul_16s_16s_31_1_1_U49     |mul_16s_16s_31_1_1     |        0|   1|  0|   6|    0|
    |mul_16s_16s_31_1_1_U50     |mul_16s_16s_31_1_1     |        0|   1|  0|   6|    0|
    |mul_16s_16s_31_1_1_U51     |mul_16s_16s_31_1_1     |        0|   1|  0|   6|    0|
    |mul_16s_16s_31_1_1_U52     |mul_16s_16s_31_1_1     |        0|   1|  0|   6|    0|
    |mul_16s_16s_31_1_1_U53     |mul_16s_16s_31_1_1     |        0|   1|  0|   6|    0|
    |mul_16s_16s_31_1_1_U54     |mul_16s_16s_31_1_1     |        0|   1|  0|   6|    0|
    |mul_16s_16s_31_1_1_U55     |mul_16s_16s_31_1_1     |        0|   1|  0|   6|    0|
    |mul_16s_16s_31_1_1_U56     |mul_16s_16s_31_1_1     |        0|   1|  0|   6|    0|
    |mul_16s_16s_31_1_1_U57     |mul_16s_16s_31_1_1     |        0|   1|  0|   6|    0|
    |mul_16s_16s_31_1_1_U58     |mul_16s_16s_31_1_1     |        0|   1|  0|   6|    0|
    |mul_16s_16s_31_1_1_U59     |mul_16s_16s_31_1_1     |        0|   1|  0|   6|    0|
    |mul_16s_16s_31_1_1_U60     |mul_16s_16s_31_1_1     |        0|   1|  0|   6|    0|
    |mul_16s_16s_31_1_1_U61     |mul_16s_16s_31_1_1     |        0|   1|  0|   6|    0|
    |mul_16s_16s_31_1_1_U62     |mul_16s_16s_31_1_1     |        0|   1|  0|   6|    0|
    |mul_16s_16s_31_1_1_U63     |mul_16s_16s_31_1_1     |        0|   1|  0|   6|    0|
    |mul_16s_16s_31_1_1_U64     |mul_16s_16s_31_1_1     |        0|   1|  0|   6|    0|
    |mul_16s_16s_31_1_1_U65     |mul_16s_16s_31_1_1     |        0|   1|  0|   6|    0|
    |mul_16s_16s_31_1_1_U66     |mul_16s_16s_31_1_1     |        0|   1|  0|   6|    0|
    |sparsemux_11_3_16_1_1_U45  |sparsemux_11_3_16_1_1  |        0|   0|  0|  21|    0|
    |sparsemux_11_3_16_1_1_U46  |sparsemux_11_3_16_1_1  |        0|   0|  0|  21|    0|
    |sparsemux_11_3_16_1_1_U47  |sparsemux_11_3_16_1_1  |        0|   0|  0|  21|    0|
    |sparsemux_11_3_16_1_1_U48  |sparsemux_11_3_16_1_1  |        0|   0|  0|  21|    0|
    |sparsemux_9_2_16_1_1_U21   |sparsemux_9_2_16_1_1   |        0|   0|  0|  17|    0|
    |sparsemux_9_2_16_1_1_U22   |sparsemux_9_2_16_1_1   |        0|   0|  0|  17|    0|
    |sparsemux_9_2_16_1_1_U23   |sparsemux_9_2_16_1_1   |        0|   0|  0|  17|    0|
    |sparsemux_9_2_16_1_1_U24   |sparsemux_9_2_16_1_1   |        0|   0|  0|  17|    0|
    |sparsemux_9_2_16_1_1_U25   |sparsemux_9_2_16_1_1   |        0|   0|  0|  17|    0|
    |sparsemux_9_2_16_1_1_U26   |sparsemux_9_2_16_1_1   |        0|   0|  0|  17|    0|
    |sparsemux_9_2_16_1_1_U27   |sparsemux_9_2_16_1_1   |        0|   0|  0|  17|    0|
    |sparsemux_9_2_16_1_1_U28   |sparsemux_9_2_16_1_1   |        0|   0|  0|  17|    0|
    |sparsemux_9_2_16_1_1_U29   |sparsemux_9_2_16_1_1   |        0|   0|  0|  17|    0|
    |sparsemux_9_2_16_1_1_U30   |sparsemux_9_2_16_1_1   |        0|   0|  0|  17|    0|
    |sparsemux_9_2_16_1_1_U31   |sparsemux_9_2_16_1_1   |        0|   0|  0|  17|    0|
    |sparsemux_9_2_16_1_1_U32   |sparsemux_9_2_16_1_1   |        0|   0|  0|  17|    0|
    |sparsemux_9_2_16_1_1_U33   |sparsemux_9_2_16_1_1   |        0|   0|  0|  17|    0|
    |sparsemux_9_2_16_1_1_U34   |sparsemux_9_2_16_1_1   |        0|   0|  0|  17|    0|
    |sparsemux_9_2_16_1_1_U35   |sparsemux_9_2_16_1_1   |        0|   0|  0|  17|    0|
    |sparsemux_9_2_16_1_1_U36   |sparsemux_9_2_16_1_1   |        0|   0|  0|  17|    0|
    |sparsemux_9_2_16_1_1_U37   |sparsemux_9_2_16_1_1   |        0|   0|  0|  17|    0|
    |sparsemux_9_2_16_1_1_U38   |sparsemux_9_2_16_1_1   |        0|   0|  0|  17|    0|
    |sparsemux_9_2_16_1_1_U39   |sparsemux_9_2_16_1_1   |        0|   0|  0|  17|    0|
    |sparsemux_9_2_16_1_1_U40   |sparsemux_9_2_16_1_1   |        0|   0|  0|  17|    0|
    |sparsemux_9_2_16_1_1_U41   |sparsemux_9_2_16_1_1   |        0|   0|  0|  17|    0|
    |sparsemux_9_2_16_1_1_U42   |sparsemux_9_2_16_1_1   |        0|   0|  0|  17|    0|
    |sparsemux_9_2_16_1_1_U43   |sparsemux_9_2_16_1_1   |        0|   0|  0|  17|    0|
    |sparsemux_9_2_16_1_1_U44   |sparsemux_9_2_16_1_1   |        0|   0|  0|  17|    0|
    +---------------------------+-----------------------+---------+----+---+----+-----+
    |Total                      |                       |        0|  21|  0| 618|    0|
    +---------------------------+-----------------------+---------+----+---+----+-----+

    * DSP: 
    +-----------------------------------+-------------------------------+--------------+
    |              Instance             |             Module            |  Expression  |
    +-----------------------------------+-------------------------------+--------------+
    |mac_muladd_16s_16s_31s_31_4_1_U67  |mac_muladd_16s_16s_31s_31_4_1  |  i0 + i1 * i2|
    |mac_muladd_16s_16s_31s_31_4_1_U68  |mac_muladd_16s_16s_31s_31_4_1  |  i0 + i1 * i2|
    |mac_muladd_16s_16s_31s_31_4_1_U69  |mac_muladd_16s_16s_31s_31_4_1  |  i0 + i1 * i2|
    |mac_muladd_16s_16s_31s_31_4_1_U70  |mac_muladd_16s_16s_31s_31_4_1  |  i0 + i1 * i2|
    |mac_muladd_16s_16s_31s_31_4_1_U71  |mac_muladd_16s_16s_31s_31_4_1  |  i0 + i1 * i2|
    |mac_muladd_16s_16s_31s_31_4_1_U72  |mac_muladd_16s_16s_31s_31_4_1  |  i0 + i1 * i2|
    |mac_muladd_16s_16s_31s_31_4_1_U73  |mac_muladd_16s_16s_31s_31_4_1  |  i0 + i1 * i2|
    |mac_muladd_16s_16s_31s_31_4_1_U74  |mac_muladd_16s_16s_31s_31_4_1  |  i0 + i1 * i2|
    |mac_muladd_16s_16s_31s_31_4_1_U75  |mac_muladd_16s_16s_31s_31_4_1  |  i0 + i1 * i2|
    |mac_muladd_16s_16s_31s_31_4_1_U76  |mac_muladd_16s_16s_31s_31_4_1  |  i0 + i1 * i2|
    |mac_muladd_16s_16s_31s_31_4_1_U77  |mac_muladd_16s_16s_31s_31_4_1  |  i0 + i1 * i2|
    |mac_muladd_16s_16s_31s_31_4_1_U78  |mac_muladd_16s_16s_31s_31_4_1  |  i0 + i1 * i2|
    |mac_muladd_16s_16s_31s_31_4_1_U79  |mac_muladd_16s_16s_31s_31_4_1  |  i0 + i1 * i2|
    |mac_muladd_16s_16s_31s_31_4_1_U80  |mac_muladd_16s_16s_31s_31_4_1  |  i0 + i1 * i2|
    +-----------------------------------+-------------------------------+--------------+

    * Memory: 
    +-------------------------------------------------------------------------+----------------------------------------------------------------------------------+---------+---+----+-----+------+-----+------+-------------+
    |                                  Memory                                 |                                      Module                                      | BRAM_18K| FF| LUT| URAM| Words| Bits| Banks| W*Bits*Banks|
    +-------------------------------------------------------------------------+----------------------------------------------------------------------------------+---------+---+----+-----+------+-----+------+-------------+
    |decimate_pfb_stream_stream_ap_fixed_16_1_5_3_0_const_branch_memory_31_U  |decimate_pfb_decimate_pfb_stream_stream_ap_fixed_16_1_5_3_0_const_branch_memog8j  |        1|  0|   0|    0|  1024|   16|     1|        16384|
    |decimate_pfb_stream_stream_ap_fixed_16_1_5_3_0_const_branch_memory_2_U   |decimate_pfb_decimate_pfb_stream_stream_ap_fixed_16_1_5_3_0_const_branch_memog8j  |        1|  0|   0|    0|  1024|   16|     1|        16384|
    |decimate_pfb_stream_stream_ap_fixed_16_1_5_3_0_const_branch_memory_1_U   |decimate_pfb_decimate_pfb_stream_stream_ap_fixed_16_1_5_3_0_const_branch_memog8j  |        1|  0|   0|    0|  1024|   16|     1|        16384|
    |decimate_pfb_stream_stream_ap_fixed_16_1_5_3_0_const_branch_memory_U     |decimate_pfb_decimate_pfb_stream_stream_ap_fixed_16_1_5_3_0_const_branch_memog8j  |        1|  0|   0|    0|  1024|   16|     1|        16384|
    |decimate_pfb_stream_stream_ap_fixed_16_1_5_3_0_const_branch_memory_30_U  |decimate_pfb_decimate_pfb_stream_stream_ap_fixed_16_1_5_3_0_const_branch_memog8j  |        1|  0|   0|    0|  1024|   16|     1|        16384|
    |decimate_pfb_stream_stream_ap_fixed_16_1_5_3_0_const_branch_memory_29_U  |decimate_pfb_decimate_pfb_stream_stream_ap_fixed_16_1_5_3_0_const_branch_memog8j  |        1|  0|   0|    0|  1024|   16|     1|        16384|
    |decimate_pfb_stream_stream_ap_fixed_16_1_5_3_0_const_branch_memory_28_U  |decimate_pfb_decimate_pfb_stream_stream_ap_fixed_16_1_5_3_0_const_branch_memog8j  |        1|  0|   0|    0|  1024|   16|     1|        16384|
    |decimate_pfb_stream_stream_ap_fixed_16_1_5_3_0_const_branch_memory_27_U  |decimate_pfb_decimate_pfb_stream_stream_ap_fixed_16_1_5_3_0_const_branch_memog8j  |        1|  0|   0|    0|  1024|   16|     1|        16384|
    |decimate_pfb_stream_stream_ap_fixed_16_1_5_3_0_const_branch_memory_26_U  |decimate_pfb_decimate_pfb_stream_stream_ap_fixed_16_1_5_3_0_const_branch_memog8j  |        1|  0|   0|    0|  1024|   16|     1|        16384|
    |decimate_pfb_stream_stream_ap_fixed_16_1_5_3_0_const_branch_memory_25_U  |decimate_pfb_decimate_pfb_stream_stream_ap_fixed_16_1_5_3_0_const_branch_memog8j  |        1|  0|   0|    0|  1024|   16|     1|        16384|
    |decimate_pfb_stream_stream_ap_fixed_16_1_5_3_0_const_branch_memory_24_U  |decimate_pfb_decimate_pfb_stream_stream_ap_fixed_16_1_5_3_0_const_branch_memog8j  |        1|  0|   0|    0|  1024|   16|     1|        16384|
    |decimate_pfb_stream_stream_ap_fixed_16_1_5_3_0_const_branch_memory_23_U  |decimate_pfb_decimate_pfb_stream_stream_ap_fixed_16_1_5_3_0_const_branch_memog8j  |        1|  0|   0|    0|  1024|   16|     1|        16384|
    |decimate_pfb_stream_stream_ap_fixed_16_1_5_3_0_const_branch_memory_22_U  |decimate_pfb_decimate_pfb_stream_stream_ap_fixed_16_1_5_3_0_const_branch_memog8j  |        1|  0|   0|    0|  1024|   16|     1|        16384|
    |decimate_pfb_stream_stream_ap_fixed_16_1_5_3_0_const_branch_memory_21_U  |decimate_pfb_decimate_pfb_stream_stream_ap_fixed_16_1_5_3_0_const_branch_memog8j  |        1|  0|   0|    0|  1024|   16|     1|        16384|
    |decimate_pfb_stream_stream_ap_fixed_16_1_5_3_0_const_branch_memory_20_U  |decimate_pfb_decimate_pfb_stream_stream_ap_fixed_16_1_5_3_0_const_branch_memog8j  |        1|  0|   0|    0|  1024|   16|     1|        16384|
    |decimate_pfb_stream_stream_ap_fixed_16_1_5_3_0_const_branch_memory_19_U  |decimate_pfb_decimate_pfb_stream_stream_ap_fixed_16_1_5_3_0_const_branch_memog8j  |        1|  0|   0|    0|  1024|   16|     1|        16384|
    |decimate_pfb_stream_stream_ap_fixed_16_1_5_3_0_const_branch_memory_18_U  |decimate_pfb_decimate_pfb_stream_stream_ap_fixed_16_1_5_3_0_const_branch_memog8j  |        1|  0|   0|    0|  1024|   16|     1|        16384|
    |decimate_pfb_stream_stream_ap_fixed_16_1_5_3_0_const_branch_memory_17_U  |decimate_pfb_decimate_pfb_stream_stream_ap_fixed_16_1_5_3_0_const_branch_memog8j  |        1|  0|   0|    0|  1024|   16|     1|        16384|
    |decimate_pfb_stream_stream_ap_fixed_16_1_5_3_0_const_branch_memory_16_U  |decimate_pfb_decimate_pfb_stream_stream_ap_fixed_16_1_5_3_0_const_branch_memog8j  |        1|  0|   0|    0|  1024|   16|     1|        16384|
    |decimate_pfb_stream_stream_ap_fixed_16_1_5_3_0_const_branch_memory_15_U  |decimate_pfb_decimate_pfb_stream_stream_ap_fixed_16_1_5_3_0_const_branch_memog8j  |        1|  0|   0|    0|  1024|   16|     1|        16384|
    |decimate_pfb_stream_stream_ap_fixed_16_1_5_3_0_const_branch_memory_14_U  |decimate_pfb_decimate_pfb_stream_stream_ap_fixed_16_1_5_3_0_const_branch_memog8j  |        1|  0|   0|    0|  1024|   16|     1|        16384|
    |decimate_pfb_stream_stream_ap_fixed_16_1_5_3_0_const_branch_memory_13_U  |decimate_pfb_decimate_pfb_stream_stream_ap_fixed_16_1_5_3_0_const_branch_memog8j  |        1|  0|   0|    0|  1024|   16|     1|        16384|
    |decimate_pfb_stream_stream_ap_fixed_16_1_5_3_0_const_branch_memory_12_U  |decimate_pfb_decimate_pfb_stream_stream_ap_fixed_16_1_5_3_0_const_branch_memog8j  |        1|  0|   0|    0|  1024|   16|     1|        16384|
    |decimate_pfb_stream_stream_ap_fixed_16_1_5_3_0_const_branch_memory_11_U  |decimate_pfb_decimate_pfb_stream_stream_ap_fixed_16_1_5_3_0_const_branch_memog8j  |        1|  0|   0|    0|  1024|   16|     1|        16384|
    |decimate_pfb_stream_stream_ap_fixed_16_1_5_3_0_const_branch_memory_10_U  |decimate_pfb_decimate_pfb_stream_stream_ap_fixed_16_1_5_3_0_const_branch_memog8j  |        1|  0|   0|    0|  1024|   16|     1|        16384|
    |decimate_pfb_stream_stream_ap_fixed_16_1_5_3_0_const_branch_memory_9_U   |decimate_pfb_decimate_pfb_stream_stream_ap_fixed_16_1_5_3_0_const_branch_memog8j  |        1|  0|   0|    0|  1024|   16|     1|        16384|
    |decimate_pfb_stream_stream_ap_fixed_16_1_5_3_0_const_branch_memory_8_U   |decimate_pfb_decimate_pfb_stream_stream_ap_fixed_16_1_5_3_0_const_branch_memog8j  |        1|  0|   0|    0|  1024|   16|     1|        16384|
    |decimate_pfb_stream_stream_ap_fixed_16_1_5_3_0_const_branch_memory_7_U   |decimate_pfb_decimate_pfb_stream_stream_ap_fixed_16_1_5_3_0_const_branch_memog8j  |        1|  0|   0|    0|  1024|   16|     1|        16384|
    |decimate_pfb_stream_stream_ap_fixed_16_1_5_3_0_const_branch_memory_6_U   |decimate_pfb_decimate_pfb_stream_stream_ap_fixed_16_1_5_3_0_const_branch_memog8j  |        1|  0|   0|    0|  1024|   16|     1|        16384|
    |decimate_pfb_stream_stream_ap_fixed_16_1_5_3_0_const_branch_memory_5_U   |decimate_pfb_decimate_pfb_stream_stream_ap_fixed_16_1_5_3_0_const_branch_memog8j  |        1|  0|   0|    0|  1024|   16|     1|        16384|
    |decimate_pfb_stream_stream_ap_fixed_16_1_5_3_0_const_branch_memory_4_U   |decimate_pfb_decimate_pfb_stream_stream_ap_fixed_16_1_5_3_0_const_branch_memog8j  |        1|  0|   0|    0|  1024|   16|     1|        16384|
    |decimate_pfb_stream_stream_ap_fixed_16_1_5_3_0_const_branch_memory_3_U   |decimate_pfb_decimate_pfb_stream_stream_ap_fixed_16_1_5_3_0_const_branch_memog8j  |        1|  0|   0|    0|  1024|   16|     1|        16384|
    |decimate_pfb_stream_stream_ap_fixed_16_1_5_3_0_const_local_coeffs_4_U    |decimate_pfb_decimate_pfb_stream_stream_ap_fixed_16_1_5_3_0_const_local_coeffbkb  |        1|  0|   0|    0|   820|   16|     1|        13120|
    |decimate_pfb_stream_stream_ap_fixed_16_1_5_3_0_const_local_coeffs_3_U    |decimate_pfb_decimate_pfb_stream_stream_ap_fixed_16_1_5_3_0_const_local_coeffbkb  |        1|  0|   0|    0|   820|   16|     1|        13120|
    |decimate_pfb_stream_stream_ap_fixed_16_1_5_3_0_const_local_coeffs_2_U    |decimate_pfb_decimate_pfb_stream_stream_ap_fixed_16_1_5_3_0_const_local_coeffbkb  |        1|  0|   0|    0|   820|   16|     1|        13120|
    |decimate_pfb_stream_stream_ap_fixed_16_1_5_3_0_const_local_coeffs_1_U    |decimate_pfb_decimate_pfb_stream_stream_ap_fixed_16_1_5_3_0_const_local_coeffbkb  |        1|  0|   0|    0|   820|   16|     1|        13120|
    |decimate_pfb_stream_stream_ap_fixed_16_1_5_3_0_const_local_coeffs_U      |decimate_pfb_decimate_pfb_stream_stream_ap_fixed_16_1_5_3_0_const_local_coeffbkb  |        1|  0|   0|    0|   820|   16|     1|        13120|
    +-------------------------------------------------------------------------+----------------------------------------------------------------------------------+---------+---+----+-----+------+-----+------+-------------+
    |Total                                                                    |                                                                                  |       37|  0|   0|    0| 36868|  592|    37|       589888|
    +-------------------------------------------------------------------------+----------------------------------------------------------------------------------+---------+---+----+-----+------+-----+------+-------------+

    * FIFO: 
    N/A

    * Expression: 
    +---------------------------+----------+----+---+----+------------+------------+
    |       Variable Name       | Operation| DSP| FF| LUT| Bitwidth P0| Bitwidth P1|
    +---------------------------+----------+----+---+----+------------+------------+
    |add_ln23_1_fu_1085_p2      |         +|   0|  0|  26|          26|          14|
    |add_ln23_2_fu_1059_p2      |         +|   0|  0|  13|          13|           1|
    |add_ln30_1_fu_1382_p2      |         +|   0|  0|  22|          22|          12|
    |add_ln51_fu_1356_p2        |         +|   0|  0|  11|          11|           1|
    |add_ln64_fu_2442_p2        |         +|   0|  0|   3|           2|           1|
    |i_fu_1053_p2               |         +|   0|  0|  12|          12|           1|
    |k_fu_1350_p2               |         +|   0|  0|  10|          10|           1|
    |tmp10_fu_2335_p2           |         +|   0|  0|  31|          31|          31|
    |tmp14_fu_2349_p2           |         +|   0|  0|  31|          31|          31|
    |tmp18_fu_2363_p2           |         +|   0|  0|  31|          31|          31|
    |tmp22_fu_2377_p2           |         +|   0|  0|  31|          31|          31|
    |tmp26_fu_2395_p2           |         +|   0|  0|  31|          31|          31|
    |tmp2_fu_2307_p2            |         +|   0|  0|  31|          31|          31|
    |tmp30_fu_2404_p2           |         +|   0|  0|  31|          31|          31|
    |tmp36_fu_2391_p2           |         +|   0|  0|  31|          31|          31|
    |tmp38_fu_2400_p2           |         +|   0|  0|  31|          31|          31|
    |tmp6_fu_2321_p2            |         +|   0|  0|  31|          31|          31|
    |ap_block_pp0_stage0_11001  |       and|   0|  0|   1|           1|           1|
    |ap_block_state1_io         |       and|   0|  0|   1|           1|           1|
    |ap_condition_1024          |       and|   0|  0|   1|           1|           1|
    |icmp_ln23_1_fu_1065_p2     |      icmp|   0|  0|  13|          13|           3|
    |icmp_ln23_fu_1079_p2       |      icmp|   0|  0|  12|          12|           2|
    |icmp_ln30_fu_1376_p2       |      icmp|   0|  0|  10|          10|           2|
    |icmp_ln51_fu_1362_p2       |      icmp|   0|  0|  11|          11|           3|
    |ap_block_pp1_stage0_01001  |        or|   0|  0|   1|           1|           1|
    |ap_block_state1            |        or|   0|  0|   1|           1|           1|
    |select_ln23_fu_1071_p3     |    select|   0|  0|  13|           1|          13|
    |select_ln51_fu_1368_p3     |    select|   0|  0|  11|           1|          11|
    |ap_enable_pp0              |       xor|   0|  0|   2|           1|           2|
    |ap_enable_pp1              |       xor|   0|  0|   2|           1|           2|
    +---------------------------+----------+----+---+----+------------+------------+
    |Total                      |          |   0|  0| 486|         461|         384|
    +---------------------------+----------+----+---+----+------------+------------+

    * Multiplexer: 
    +------------------------------------------------------------------------------+-----+-----------+-----+-----------+
    |                                     Name                                     | LUT | Input Size| Bits| Total Bits|
    +------------------------------------------------------------------------------+-----+-----------+-----+-----------+
    |ap_NS_fsm                                                                     |  351|         76|    1|         76|
    |ap_done                                                                       |    9|          2|    1|          2|
    |ap_enable_reg_pp0_iter1                                                       |    9|          2|    1|          2|
    |ap_enable_reg_pp1_iter6                                                       |    9|          2|    1|          2|
    |ap_phi_mux_i353_phi_fu_962_p4                                                 |    9|          2|   12|         24|
    |ap_phi_mux_k354_phi_fu_995_p4                                                 |    9|          2|   10|         20|
    |ap_phi_mux_phi_mul355_phi_fu_1017_p4                                          |    9|          2|   22|         44|
    |ap_phi_mux_phi_urem357_phi_fu_1006_p4                                         |    9|          2|   11|         22|
    |ap_phi_mux_phi_urem_phi_fu_973_p4                                             |    9|          2|   13|         26|
    |decimate_pfb_stream_stream_ap_fixed_16_1_5_3_0_const_local_coeffs_1_address0  |   17|          4|   10|         40|
    |decimate_pfb_stream_stream_ap_fixed_16_1_5_3_0_const_local_coeffs_1_address1  |   13|          3|   10|         30|
    |decimate_pfb_stream_stream_ap_fixed_16_1_5_3_0_const_local_coeffs_2_address0  |   17|          4|   10|         40|
    |decimate_pfb_stream_stream_ap_fixed_16_1_5_3_0_const_local_coeffs_2_address1  |   13|          3|   10|         30|
    |decimate_pfb_stream_stream_ap_fixed_16_1_5_3_0_const_local_coeffs_3_address0  |   17|          4|   10|         40|
    |decimate_pfb_stream_stream_ap_fixed_16_1_5_3_0_const_local_coeffs_3_address1  |   13|          3|   10|         30|
    |decimate_pfb_stream_stream_ap_fixed_16_1_5_3_0_const_local_coeffs_4_address0  |   17|          4|   10|         40|
    |decimate_pfb_stream_stream_ap_fixed_16_1_5_3_0_const_local_coeffs_4_address1  |   13|          3|   10|         30|
    |decimate_pfb_stream_stream_ap_fixed_16_1_5_3_0_const_local_coeffs_address0    |   17|          4|   10|         40|
    |decimate_pfb_stream_stream_ap_fixed_16_1_5_3_0_const_local_coeffs_address1    |   13|          3|   10|         30|
    |gmem_blk_n_AR                                                                 |    9|          2|    1|          2|
    |gmem_blk_n_R                                                                  |    9|          2|    1|          2|
    |i353_reg_958                                                                  |    9|          2|   12|         24|
    |k354_reg_991                                                                  |    9|          2|   10|         20|
    |phi_mul355_reg_1013                                                           |    9|          2|   22|         44|
    |phi_mul_reg_980                                                               |    9|          2|   26|         52|
    |phi_urem357_reg_1002                                                          |    9|          2|   11|         22|
    |phi_urem_reg_969                                                              |    9|          2|   13|         26|
    |real_start                                                                    |    9|          2|    1|          2|
    |stream_compute_to_fft_blk_n                                                   |    9|          2|    1|          2|
    |stream_read_to_compute_blk_n                                                  |    9|          2|    1|          2|
    +------------------------------------------------------------------------------+-----+-----------+-----+-----------+
    |Total                                                                         |  672|        149|  271|        766|
    +------------------------------------------------------------------------------+-----+-----------+-----+-----------+

    * Register: 
    +---------------------------------------+----+----+-----+-----------+
    |                  Name                 | FF | LUT| Bits| Const Bits|
    +---------------------------------------+----+----+-----+-----------+
    |add_ln30_1_reg_2886                    |  22|   0|   22|          0|
    |ap_CS_fsm                              |  75|   0|   75|          0|
    |ap_done_reg                            |   1|   0|    1|          0|
    |ap_enable_reg_pp0_iter0                |   1|   0|    1|          0|
    |ap_enable_reg_pp0_iter1                |   1|   0|    1|          0|
    |ap_enable_reg_pp1_iter0                |   1|   0|    1|          0|
    |ap_enable_reg_pp1_iter1                |   1|   0|    1|          0|
    |ap_enable_reg_pp1_iter2                |   1|   0|    1|          0|
    |ap_enable_reg_pp1_iter3                |   1|   0|    1|          0|
    |ap_enable_reg_pp1_iter4                |   1|   0|    1|          0|
    |ap_enable_reg_pp1_iter5                |   1|   0|    1|          0|
    |ap_enable_reg_pp1_iter6                |   1|   0|    1|          0|
    |coeff_loaded                           |   1|   0|    1|          0|
    |coeff_loaded_load_reg_2579             |   1|   0|    1|          0|
    |gmem_addr_read_reg_2593                |  16|   0|   16|          0|
    |i353_reg_958                           |  12|   0|   12|          0|
    |i_reg_2602                             |  12|   0|   12|          0|
    |icmp_ln23_reg_2612                     |   1|   0|    1|          0|
    |icmp_ln30_reg_2882                     |   1|   0|    1|          0|
    |input_pack_i_4_reg_2667                |  16|   0|   16|          0|
    |input_pack_i_4_reg_2667_pp1_iter1_reg  |  16|   0|   16|          0|
    |input_pack_i_5_reg_2677                |  16|   0|   16|          0|
    |input_pack_i_5_reg_2677_pp1_iter1_reg  |  16|   0|   16|          0|
    |input_pack_i_6_reg_2687                |  16|   0|   16|          0|
    |input_pack_i_reg_2657                  |  16|   0|   16|          0|
    |input_pack_i_reg_2657_pp1_iter1_reg    |  16|   0|   16|          0|
    |input_pack_q_4_reg_2672                |  16|   0|   16|          0|
    |input_pack_q_4_reg_2672_pp1_iter1_reg  |  16|   0|   16|          0|
    |input_pack_q_5_reg_2682                |  16|   0|   16|          0|
    |input_pack_q_5_reg_2682_pp1_iter1_reg  |  16|   0|   16|          0|
    |input_pack_q_6_reg_2692                |  16|   0|   16|          0|
    |input_pack_q_reg_2662                  |  16|   0|   16|          0|
    |input_pack_q_reg_2662_pp1_iter1_reg    |  16|   0|   16|          0|
    |k354_reg_991                           |  10|   0|   10|          0|
    |k_reg_2872                             |  10|   0|   10|          0|
    |mul_ln51_10_reg_3255                   |  31|   0|   31|          0|
    |mul_ln51_18_reg_3295                   |  31|   0|   31|          0|
    |mul_ln51_3_reg_3220                    |  31|   0|   31|          0|
    |mul_ln51_3_reg_3220_pp1_iter4_reg      |  31|   0|   31|          0|
    |mul_ln55_3_reg_3215                    |  31|   0|   31|          0|
    |mul_ln55_3_reg_3215_pp1_iter4_reg      |  31|   0|   31|          0|
    |phi_mul355_reg_1013                    |  22|   0|   22|          0|
    |phi_mul_reg_980                        |  26|   0|   26|          0|
    |phi_urem357_reg_1002                   |  11|   0|   11|          0|
    |phi_urem_reg_969                       |  13|   0|   13|          0|
    |result_pack_i_1_reg_3305               |  16|   0|   16|          0|
    |result_pack_i_2_reg_3310               |  16|   0|   16|          0|
    |result_pack_i_3_reg_3315               |  16|   0|   16|          0|
    |result_pack_i_reg_3335                 |  16|   0|   16|          0|
    |result_pack_q_1_reg_3320               |  16|   0|   16|          0|
    |result_pack_q_2_reg_3325               |  16|   0|   16|          0|
    |result_pack_q_3_reg_3330               |  16|   0|   16|          0|
    |result_pack_q_reg_3340                 |  16|   0|   16|          0|
    |sample_i_10_reg_2986                   |  16|   0|   16|          0|
    |sample_i_11_reg_2991                   |  16|   0|   16|          0|
    |sample_i_13_reg_2996                   |  16|   0|   16|          0|
    |sample_i_16_reg_2981                   |  16|   0|   16|          0|
    |sample_i_1_reg_2941                    |  16|   0|   16|          0|
    |sample_i_2_reg_2946                    |  16|   0|   16|          0|
    |sample_i_3_reg_2951                    |  16|   0|   16|          0|
    |sample_i_5_reg_2956                    |  16|   0|   16|          0|
    |sample_i_6_reg_2961                    |  16|   0|   16|          0|
    |sample_i_7_reg_2966                    |  16|   0|   16|          0|
    |sample_i_9_reg_2971                    |  16|   0|   16|          0|
    |sample_i_reg_2976                      |  16|   0|   16|          0|
    |sample_q_10_reg_3046                   |  16|   0|   16|          0|
    |sample_q_11_reg_3051                   |  16|   0|   16|          0|
    |sample_q_13_reg_3056                   |  16|   0|   16|          0|
    |sample_q_16_reg_3041                   |  16|   0|   16|          0|
    |sample_q_1_reg_3001                    |  16|   0|   16|          0|
    |sample_q_2_reg_3006                    |  16|   0|   16|          0|
    |sample_q_3_reg_3011                    |  16|   0|   16|          0|
    |sample_q_5_reg_3016                    |  16|   0|   16|          0|
    |sample_q_6_reg_3021                    |  16|   0|   16|          0|
    |sample_q_7_reg_3026                    |  16|   0|   16|          0|
    |sample_q_9_reg_3031                    |  16|   0|   16|          0|
    |sample_q_reg_3036                      |  16|   0|   16|          0|
    |select_ln23_reg_2607                   |  13|   0|   13|          0|
    |select_ln51_reg_2877                   |  11|   0|   11|          0|
    |sext_ln54_reg_3061                     |  31|   0|   31|          0|
    |start_once_reg                         |   1|   0|    1|          0|
    |tmp_2_reg_2857                         |   9|   0|    9|          0|
    |tmp_2_reg_2857_pp1_iter1_reg           |   9|   0|    9|          0|
    |tmp_3_reg_2862                         |  10|   0|   10|          0|
    |tmp_3_reg_2862_pp1_iter1_reg           |  10|   0|   10|          0|
    |tmp_4_reg_2867                         |  10|   0|   10|          0|
    |trunc_ln23_reg_2589                    |   3|   0|    3|          0|
    |trunc_ln30_reg_2649                    |   3|   0|    3|          0|
    |w_1_reg_3205                           |  16|   0|   16|          0|
    |w_2_reg_3210                           |  16|   0|   16|          0|
    |write_bank_idx                         |   2|   0|    2|          0|
    |write_bank_idx_load_load_fu_1116_p1    |   2|   0|    2|          0|
    |write_bank_idx_load_reg_2621           |   2|   0|    2|          0|
    |icmp_ln30_reg_2882                     |  64|  32|    1|          0|
    |input_pack_i_6_reg_2687                |  64|  32|   16|          0|
    |input_pack_q_6_reg_2692                |  64|  32|   16|          0|
    |sample_i_10_reg_2986                   |  64|  32|   16|          0|
    |sample_i_11_reg_2991                   |  64|  32|   16|          0|
    |sample_i_1_reg_2941                    |  64|  32|   16|          0|
    |sample_i_2_reg_2946                    |  64|  32|   16|          0|
    |sample_i_5_reg_2956                    |  64|  32|   16|          0|
    |sample_i_6_reg_2961                    |  64|  32|   16|          0|
    |sample_i_9_reg_2971                    |  64|  32|   16|          0|
    |sample_i_reg_2976                      |  64|  32|   16|          0|
    |sample_q_10_reg_3046                   |  64|  32|   16|          0|
    |sample_q_11_reg_3051                   |  64|  32|   16|          0|
    |sample_q_1_reg_3001                    |  64|  32|   16|          0|
    |sample_q_2_reg_3006                    |  64|  32|   16|          0|
    |sample_q_5_reg_3016                    |  64|  32|   16|          0|
    |sample_q_6_reg_3021                    |  64|  32|   16|          0|
    |sample_q_9_reg_3031                    |  64|  32|   16|          0|
    |sample_q_reg_3036                      |  64|  32|   16|          0|
    |trunc_ln30_reg_2649                    |  64|  32|    3|          0|
    +---------------------------------------+----+----+-----+-----------+
    |Total                                  |2593| 640| 1605|          0|
    +---------------------------------------+----+----+-----+-----------+



================================================================
== Interface
================================================================
* Summary: 
+---------------------------------------+-----+-----+------------+------------------------+--------------+
|               RTL Ports               | Dir | Bits|  Protocol  |      Source Object     |    C Type    |
+---------------------------------------+-----+-----+------------+------------------------+--------------+
|ap_clk                                 |   in|    1|  ap_ctrl_hs|            decimate_pfb|  return value|
|ap_rst                                 |   in|    1|  ap_ctrl_hs|            decimate_pfb|  return value|
|ap_start                               |   in|    1|  ap_ctrl_hs|            decimate_pfb|  return value|
|start_full_n                           |   in|    1|  ap_ctrl_hs|            decimate_pfb|  return value|
|ap_done                                |  out|    1|  ap_ctrl_hs|            decimate_pfb|  return value|
|ap_continue                            |   in|    1|  ap_ctrl_hs|            decimate_pfb|  return value|
|ap_idle                                |  out|    1|  ap_ctrl_hs|            decimate_pfb|  return value|
|ap_ready                               |  out|    1|  ap_ctrl_hs|            decimate_pfb|  return value|
|start_out                              |  out|    1|  ap_ctrl_hs|            decimate_pfb|  return value|
|start_write                            |  out|    1|  ap_ctrl_hs|            decimate_pfb|  return value|
|stream_read_to_compute_dout            |   in|  128|     ap_fifo|  stream_read_to_compute|       pointer|
|stream_read_to_compute_num_data_valid  |   in|   13|     ap_fifo|  stream_read_to_compute|       pointer|
|stream_read_to_compute_fifo_cap        |   in|   13|     ap_fifo|  stream_read_to_compute|       pointer|
|stream_read_to_compute_empty_n         |   in|    1|     ap_fifo|  stream_read_to_compute|       pointer|
|stream_read_to_compute_read            |  out|    1|     ap_fifo|  stream_read_to_compute|       pointer|
|stream_compute_to_fft_din              |  out|  128|     ap_fifo|   stream_compute_to_fft|       pointer|
|stream_compute_to_fft_num_data_valid   |   in|   13|     ap_fifo|   stream_compute_to_fft|       pointer|
|stream_compute_to_fft_fifo_cap         |   in|   13|     ap_fifo|   stream_compute_to_fft|       pointer|
|stream_compute_to_fft_full_n           |   in|    1|     ap_fifo|   stream_compute_to_fft|       pointer|
|stream_compute_to_fft_write            |  out|    1|     ap_fifo|   stream_compute_to_fft|       pointer|
|m_axi_gmem_AWVALID                     |  out|    1|       m_axi|                    gmem|       pointer|
|m_axi_gmem_AWREADY                     |   in|    1|       m_axi|                    gmem|       pointer|
|m_axi_gmem_AWADDR                      |  out|   64|       m_axi|                    gmem|       pointer|
|m_axi_gmem_AWID                        |  out|    1|       m_axi|                    gmem|       pointer|
|m_axi_gmem_AWLEN                       |  out|   32|       m_axi|                    gmem|       pointer|
|m_axi_gmem_AWSIZE                      |  out|    3|       m_axi|                    gmem|       pointer|
|m_axi_gmem_AWBURST                     |  out|    2|       m_axi|                    gmem|       pointer|
|m_axi_gmem_AWLOCK                      |  out|    2|       m_axi|                    gmem|       pointer|
|m_axi_gmem_AWCACHE                     |  out|    4|       m_axi|                    gmem|       pointer|
|m_axi_gmem_AWPROT                      |  out|    3|       m_axi|                    gmem|       pointer|
|m_axi_gmem_AWQOS                       |  out|    4|       m_axi|                    gmem|       pointer|
|m_axi_gmem_AWREGION                    |  out|    4|       m_axi|                    gmem|       pointer|
|m_axi_gmem_AWUSER                      |  out|    1|       m_axi|                    gmem|       pointer|
|m_axi_gmem_WVALID                      |  out|    1|       m_axi|                    gmem|       pointer|
|m_axi_gmem_WREADY                      |   in|    1|       m_axi|                    gmem|       pointer|
|m_axi_gmem_WDATA                       |  out|   16|       m_axi|                    gmem|       pointer|
|m_axi_gmem_WSTRB                       |  out|    2|       m_axi|                    gmem|       pointer|
|m_axi_gmem_WLAST                       |  out|    1|       m_axi|                    gmem|       pointer|
|m_axi_gmem_WID                         |  out|    1|       m_axi|                    gmem|       pointer|
|m_axi_gmem_WUSER                       |  out|    1|       m_axi|                    gmem|       pointer|
|m_axi_gmem_ARVALID                     |  out|    1|       m_axi|                    gmem|       pointer|
|m_axi_gmem_ARREADY                     |   in|    1|       m_axi|                    gmem|       pointer|
|m_axi_gmem_ARADDR                      |  out|   64|       m_axi|                    gmem|       pointer|
|m_axi_gmem_ARID                        |  out|    1|       m_axi|                    gmem|       pointer|
|m_axi_gmem_ARLEN                       |  out|   32|       m_axi|                    gmem|       pointer|
|m_axi_gmem_ARSIZE                      |  out|    3|       m_axi|                    gmem|       pointer|
|m_axi_gmem_ARBURST                     |  out|    2|       m_axi|                    gmem|       pointer|
|m_axi_gmem_ARLOCK                      |  out|    2|       m_axi|                    gmem|       pointer|
|m_axi_gmem_ARCACHE                     |  out|    4|       m_axi|                    gmem|       pointer|
|m_axi_gmem_ARPROT                      |  out|    3|       m_axi|                    gmem|       pointer|
|m_axi_gmem_ARQOS                       |  out|    4|       m_axi|                    gmem|       pointer|
|m_axi_gmem_ARREGION                    |  out|    4|       m_axi|                    gmem|       pointer|
|m_axi_gmem_ARUSER                      |  out|    1|       m_axi|                    gmem|       pointer|
|m_axi_gmem_RVALID                      |   in|    1|       m_axi|                    gmem|       pointer|
|m_axi_gmem_RREADY                      |  out|    1|       m_axi|                    gmem|       pointer|
|m_axi_gmem_RDATA                       |   in|   16|       m_axi|                    gmem|       pointer|
|m_axi_gmem_RLAST                       |   in|    1|       m_axi|                    gmem|       pointer|
|m_axi_gmem_RID                         |   in|    1|       m_axi|                    gmem|       pointer|
|m_axi_gmem_RFIFONUM                    |   in|   10|       m_axi|                    gmem|       pointer|
|m_axi_gmem_RUSER                       |   in|    1|       m_axi|                    gmem|       pointer|
|m_axi_gmem_RRESP                       |   in|    2|       m_axi|                    gmem|       pointer|
|m_axi_gmem_BVALID                      |   in|    1|       m_axi|                    gmem|       pointer|
|m_axi_gmem_BREADY                      |  out|    1|       m_axi|                    gmem|       pointer|
|m_axi_gmem_BRESP                       |   in|    2|       m_axi|                    gmem|       pointer|
|m_axi_gmem_BID                         |   in|    1|       m_axi|                    gmem|       pointer|
|m_axi_gmem_BUSER                       |   in|    1|       m_axi|                    gmem|       pointer|
|coeff                                  |   in|   64|     ap_none|                   coeff|        scalar|
+---------------------------------------+-----+-----+------------+------------------------+--------------+

