INFO: [SIM 2] *************** CSIM start ***************
INFO: [SIM 4] CSIM will launch GCC as the compiler.
   Compiling ../../../../pfb_tb.cpp in debug mode
   Compiling ../../../../pfb.cpp in debug mode
   Generating csim.exe
Starting Multichannel PFB Test...
Processing Block 0...
Processing Block 1...
Processing Block 2...
Processing Block 3...
Processing Block 4...
Processing Block 5...
Processing Block 6...
Processing Block 7...
---------------------------------------------
PASS: All 4 Channels Matched.
---------------------------------------------
INFO [HLS SIM]: The maximum depth reached by any hls::stream() instance in the design is 1024
INFO: [SIM 1] CSim done with 0 errors.
INFO: [SIM 3] *************** CSIM finish ***************
